[2022-11-25 16:16:21,246] {processor.py:162} INFO - Started process (PID=264) to work on /home/airflow/.local/lib/python3.6/site-packages/airflow/example_dags/example_python_operator.py
[2022-11-25 16:16:21,249] {processor.py:613} INFO - Processing file /home/airflow/.local/lib/python3.6/site-packages/airflow/example_dags/example_python_operator.py for tasks to queue
[2022-11-25 16:16:21,252] {logging_mixin.py:109} INFO - [2022-11-25 16:16:21,251] {dagbag.py:496} INFO - Filling up the DagBag from /home/airflow/.local/lib/python3.6/site-packages/airflow/example_dags/example_python_operator.py
[2022-11-25 16:16:21,300] {processor.py:623} INFO - DAG(s) dict_keys(['example_python_operator']) retrieved from /home/airflow/.local/lib/python3.6/site-packages/airflow/example_dags/example_python_operator.py
[2022-11-25 16:16:31,954] {logging_mixin.py:109} INFO - [2022-11-25 16:16:31,950] {dag.py:1833} INFO - Sync 1 DAGs
[2022-11-25 16:16:31,988] {logging_mixin.py:109} INFO - [2022-11-25 16:16:31,984] {dag.py:1852} INFO - Creating ORM DAG for example_python_operator
[2022-11-25 16:16:32,000] {logging_mixin.py:109} INFO - [2022-11-25 16:16:31,999] {dag.py:2306} INFO - Setting next_dagrun for example_python_operator to None
[2022-11-25 16:16:32,024] {processor.py:170} INFO - Processing /home/airflow/.local/lib/python3.6/site-packages/airflow/example_dags/example_python_operator.py took 10.786 seconds
[2022-11-25 16:19:11,709] {processor.py:162} INFO - Started process (PID=583) to work on /home/airflow/.local/lib/python3.6/site-packages/airflow/example_dags/example_python_operator.py
[2022-11-25 16:19:11,714] {processor.py:613} INFO - Processing file /home/airflow/.local/lib/python3.6/site-packages/airflow/example_dags/example_python_operator.py for tasks to queue
[2022-11-25 16:19:11,717] {logging_mixin.py:109} INFO - [2022-11-25 16:19:11,717] {dagbag.py:496} INFO - Filling up the DagBag from /home/airflow/.local/lib/python3.6/site-packages/airflow/example_dags/example_python_operator.py
[2022-11-25 16:19:11,779] {processor.py:623} INFO - DAG(s) dict_keys(['example_python_operator']) retrieved from /home/airflow/.local/lib/python3.6/site-packages/airflow/example_dags/example_python_operator.py
[2022-11-25 16:19:11,871] {logging_mixin.py:109} INFO - [2022-11-25 16:19:11,870] {dag.py:1833} INFO - Sync 1 DAGs
[2022-11-25 16:19:11,928] {logging_mixin.py:109} INFO - [2022-11-25 16:19:11,927] {dag.py:2306} INFO - Setting next_dagrun for example_python_operator to None
[2022-11-25 16:19:11,971] {processor.py:170} INFO - Processing /home/airflow/.local/lib/python3.6/site-packages/airflow/example_dags/example_python_operator.py took 0.273 seconds
[2022-11-25 16:19:42,163] {processor.py:162} INFO - Started process (PID=681) to work on /home/airflow/.local/lib/python3.6/site-packages/airflow/example_dags/example_python_operator.py
[2022-11-25 16:19:42,166] {processor.py:613} INFO - Processing file /home/airflow/.local/lib/python3.6/site-packages/airflow/example_dags/example_python_operator.py for tasks to queue
[2022-11-25 16:19:42,169] {logging_mixin.py:109} INFO - [2022-11-25 16:19:42,168] {dagbag.py:496} INFO - Filling up the DagBag from /home/airflow/.local/lib/python3.6/site-packages/airflow/example_dags/example_python_operator.py
[2022-11-25 16:19:42,216] {processor.py:623} INFO - DAG(s) dict_keys(['example_python_operator']) retrieved from /home/airflow/.local/lib/python3.6/site-packages/airflow/example_dags/example_python_operator.py
[2022-11-25 16:19:42,286] {logging_mixin.py:109} INFO - [2022-11-25 16:19:42,285] {dag.py:1833} INFO - Sync 1 DAGs
[2022-11-25 16:19:42,378] {logging_mixin.py:109} INFO - [2022-11-25 16:19:42,378] {dag.py:2306} INFO - Setting next_dagrun for example_python_operator to None
[2022-11-25 16:19:42,421] {processor.py:170} INFO - Processing /home/airflow/.local/lib/python3.6/site-packages/airflow/example_dags/example_python_operator.py took 0.266 seconds
[2022-11-25 16:20:12,684] {processor.py:162} INFO - Started process (PID=778) to work on /home/airflow/.local/lib/python3.6/site-packages/airflow/example_dags/example_python_operator.py
[2022-11-25 16:20:12,687] {processor.py:613} INFO - Processing file /home/airflow/.local/lib/python3.6/site-packages/airflow/example_dags/example_python_operator.py for tasks to queue
[2022-11-25 16:20:12,688] {logging_mixin.py:109} INFO - [2022-11-25 16:20:12,688] {dagbag.py:496} INFO - Filling up the DagBag from /home/airflow/.local/lib/python3.6/site-packages/airflow/example_dags/example_python_operator.py
[2022-11-25 16:20:12,720] {processor.py:623} INFO - DAG(s) dict_keys(['example_python_operator']) retrieved from /home/airflow/.local/lib/python3.6/site-packages/airflow/example_dags/example_python_operator.py
[2022-11-25 16:20:12,780] {logging_mixin.py:109} INFO - [2022-11-25 16:20:12,780] {dag.py:1833} INFO - Sync 1 DAGs
[2022-11-25 16:20:12,806] {logging_mixin.py:109} INFO - [2022-11-25 16:20:12,806] {dag.py:2306} INFO - Setting next_dagrun for example_python_operator to None
[2022-11-25 16:20:12,824] {processor.py:170} INFO - Processing /home/airflow/.local/lib/python3.6/site-packages/airflow/example_dags/example_python_operator.py took 0.145 seconds
[2022-11-25 16:20:42,880] {processor.py:162} INFO - Started process (PID=860) to work on /home/airflow/.local/lib/python3.6/site-packages/airflow/example_dags/example_python_operator.py
[2022-11-25 16:20:42,883] {processor.py:613} INFO - Processing file /home/airflow/.local/lib/python3.6/site-packages/airflow/example_dags/example_python_operator.py for tasks to queue
[2022-11-25 16:20:42,885] {logging_mixin.py:109} INFO - [2022-11-25 16:20:42,884] {dagbag.py:496} INFO - Filling up the DagBag from /home/airflow/.local/lib/python3.6/site-packages/airflow/example_dags/example_python_operator.py
[2022-11-25 16:20:42,913] {processor.py:623} INFO - DAG(s) dict_keys(['example_python_operator']) retrieved from /home/airflow/.local/lib/python3.6/site-packages/airflow/example_dags/example_python_operator.py
[2022-11-25 16:20:42,954] {logging_mixin.py:109} INFO - [2022-11-25 16:20:42,954] {dag.py:1833} INFO - Sync 1 DAGs
[2022-11-25 16:20:42,978] {logging_mixin.py:109} INFO - [2022-11-25 16:20:42,977] {dag.py:2306} INFO - Setting next_dagrun for example_python_operator to None
[2022-11-25 16:20:42,994] {processor.py:170} INFO - Processing /home/airflow/.local/lib/python3.6/site-packages/airflow/example_dags/example_python_operator.py took 0.119 seconds
[2022-11-25 16:21:13,107] {processor.py:162} INFO - Started process (PID=960) to work on /home/airflow/.local/lib/python3.6/site-packages/airflow/example_dags/example_python_operator.py
[2022-11-25 16:21:13,110] {processor.py:613} INFO - Processing file /home/airflow/.local/lib/python3.6/site-packages/airflow/example_dags/example_python_operator.py for tasks to queue
[2022-11-25 16:21:13,111] {logging_mixin.py:109} INFO - [2022-11-25 16:21:13,111] {dagbag.py:496} INFO - Filling up the DagBag from /home/airflow/.local/lib/python3.6/site-packages/airflow/example_dags/example_python_operator.py
[2022-11-25 16:21:13,141] {processor.py:623} INFO - DAG(s) dict_keys(['example_python_operator']) retrieved from /home/airflow/.local/lib/python3.6/site-packages/airflow/example_dags/example_python_operator.py
[2022-11-25 16:21:13,183] {logging_mixin.py:109} INFO - [2022-11-25 16:21:13,182] {dag.py:1833} INFO - Sync 1 DAGs
[2022-11-25 16:21:13,206] {logging_mixin.py:109} INFO - [2022-11-25 16:21:13,205] {dag.py:2306} INFO - Setting next_dagrun for example_python_operator to None
[2022-11-25 16:21:13,223] {processor.py:170} INFO - Processing /home/airflow/.local/lib/python3.6/site-packages/airflow/example_dags/example_python_operator.py took 0.121 seconds
[2022-11-25 16:21:43,291] {processor.py:162} INFO - Started process (PID=1060) to work on /home/airflow/.local/lib/python3.6/site-packages/airflow/example_dags/example_python_operator.py
[2022-11-25 16:21:43,294] {processor.py:613} INFO - Processing file /home/airflow/.local/lib/python3.6/site-packages/airflow/example_dags/example_python_operator.py for tasks to queue
[2022-11-25 16:21:43,295] {logging_mixin.py:109} INFO - [2022-11-25 16:21:43,295] {dagbag.py:496} INFO - Filling up the DagBag from /home/airflow/.local/lib/python3.6/site-packages/airflow/example_dags/example_python_operator.py
[2022-11-25 16:21:43,325] {processor.py:623} INFO - DAG(s) dict_keys(['example_python_operator']) retrieved from /home/airflow/.local/lib/python3.6/site-packages/airflow/example_dags/example_python_operator.py
[2022-11-25 16:21:43,368] {logging_mixin.py:109} INFO - [2022-11-25 16:21:43,367] {dag.py:1833} INFO - Sync 1 DAGs
[2022-11-25 16:21:43,393] {logging_mixin.py:109} INFO - [2022-11-25 16:21:43,393] {dag.py:2306} INFO - Setting next_dagrun for example_python_operator to None
[2022-11-25 16:21:43,410] {processor.py:170} INFO - Processing /home/airflow/.local/lib/python3.6/site-packages/airflow/example_dags/example_python_operator.py took 0.124 seconds
[2022-11-25 16:22:14,151] {processor.py:162} INFO - Started process (PID=1161) to work on /home/airflow/.local/lib/python3.6/site-packages/airflow/example_dags/example_python_operator.py
[2022-11-25 16:22:14,155] {processor.py:613} INFO - Processing file /home/airflow/.local/lib/python3.6/site-packages/airflow/example_dags/example_python_operator.py for tasks to queue
[2022-11-25 16:22:14,156] {logging_mixin.py:109} INFO - [2022-11-25 16:22:14,156] {dagbag.py:496} INFO - Filling up the DagBag from /home/airflow/.local/lib/python3.6/site-packages/airflow/example_dags/example_python_operator.py
[2022-11-25 16:22:14,188] {processor.py:623} INFO - DAG(s) dict_keys(['example_python_operator']) retrieved from /home/airflow/.local/lib/python3.6/site-packages/airflow/example_dags/example_python_operator.py
[2022-11-25 16:22:14,234] {logging_mixin.py:109} INFO - [2022-11-25 16:22:14,234] {dag.py:1833} INFO - Sync 1 DAGs
[2022-11-25 16:22:14,259] {logging_mixin.py:109} INFO - [2022-11-25 16:22:14,259] {dag.py:2306} INFO - Setting next_dagrun for example_python_operator to None
[2022-11-25 16:22:14,277] {processor.py:170} INFO - Processing /home/airflow/.local/lib/python3.6/site-packages/airflow/example_dags/example_python_operator.py took 0.132 seconds
[2022-11-25 16:22:45,295] {processor.py:162} INFO - Started process (PID=1261) to work on /home/airflow/.local/lib/python3.6/site-packages/airflow/example_dags/example_python_operator.py
[2022-11-25 16:22:45,297] {processor.py:613} INFO - Processing file /home/airflow/.local/lib/python3.6/site-packages/airflow/example_dags/example_python_operator.py for tasks to queue
[2022-11-25 16:22:45,299] {logging_mixin.py:109} INFO - [2022-11-25 16:22:45,298] {dagbag.py:496} INFO - Filling up the DagBag from /home/airflow/.local/lib/python3.6/site-packages/airflow/example_dags/example_python_operator.py
[2022-11-25 16:22:45,332] {processor.py:623} INFO - DAG(s) dict_keys(['example_python_operator']) retrieved from /home/airflow/.local/lib/python3.6/site-packages/airflow/example_dags/example_python_operator.py
[2022-11-25 16:22:45,380] {logging_mixin.py:109} INFO - [2022-11-25 16:22:45,380] {dag.py:1833} INFO - Sync 1 DAGs
[2022-11-25 16:22:45,406] {logging_mixin.py:109} INFO - [2022-11-25 16:22:45,406] {dag.py:2306} INFO - Setting next_dagrun for example_python_operator to None
[2022-11-25 16:22:45,432] {processor.py:170} INFO - Processing /home/airflow/.local/lib/python3.6/site-packages/airflow/example_dags/example_python_operator.py took 0.142 seconds
[2022-11-25 16:23:15,635] {processor.py:162} INFO - Started process (PID=1358) to work on /home/airflow/.local/lib/python3.6/site-packages/airflow/example_dags/example_python_operator.py
[2022-11-25 16:23:15,638] {processor.py:613} INFO - Processing file /home/airflow/.local/lib/python3.6/site-packages/airflow/example_dags/example_python_operator.py for tasks to queue
[2022-11-25 16:23:15,639] {logging_mixin.py:109} INFO - [2022-11-25 16:23:15,639] {dagbag.py:496} INFO - Filling up the DagBag from /home/airflow/.local/lib/python3.6/site-packages/airflow/example_dags/example_python_operator.py
[2022-11-25 16:23:15,672] {processor.py:623} INFO - DAG(s) dict_keys(['example_python_operator']) retrieved from /home/airflow/.local/lib/python3.6/site-packages/airflow/example_dags/example_python_operator.py
[2022-11-25 16:23:15,721] {logging_mixin.py:109} INFO - [2022-11-25 16:23:15,720] {dag.py:1833} INFO - Sync 1 DAGs
[2022-11-25 16:23:15,747] {logging_mixin.py:109} INFO - [2022-11-25 16:23:15,747] {dag.py:2306} INFO - Setting next_dagrun for example_python_operator to None
[2022-11-25 16:23:15,767] {processor.py:170} INFO - Processing /home/airflow/.local/lib/python3.6/site-packages/airflow/example_dags/example_python_operator.py took 0.138 seconds
[2022-11-25 16:23:45,813] {processor.py:162} INFO - Started process (PID=1442) to work on /home/airflow/.local/lib/python3.6/site-packages/airflow/example_dags/example_python_operator.py
[2022-11-25 16:23:45,815] {processor.py:613} INFO - Processing file /home/airflow/.local/lib/python3.6/site-packages/airflow/example_dags/example_python_operator.py for tasks to queue
[2022-11-25 16:23:45,816] {logging_mixin.py:109} INFO - [2022-11-25 16:23:45,816] {dagbag.py:496} INFO - Filling up the DagBag from /home/airflow/.local/lib/python3.6/site-packages/airflow/example_dags/example_python_operator.py
[2022-11-25 16:23:45,846] {processor.py:623} INFO - DAG(s) dict_keys(['example_python_operator']) retrieved from /home/airflow/.local/lib/python3.6/site-packages/airflow/example_dags/example_python_operator.py
[2022-11-25 16:23:45,888] {logging_mixin.py:109} INFO - [2022-11-25 16:23:45,887] {dag.py:1833} INFO - Sync 1 DAGs
[2022-11-25 16:23:45,911] {logging_mixin.py:109} INFO - [2022-11-25 16:23:45,911] {dag.py:2306} INFO - Setting next_dagrun for example_python_operator to None
[2022-11-25 16:23:45,928] {processor.py:170} INFO - Processing /home/airflow/.local/lib/python3.6/site-packages/airflow/example_dags/example_python_operator.py took 0.121 seconds
[2022-11-25 16:24:17,146] {processor.py:162} INFO - Started process (PID=1542) to work on /home/airflow/.local/lib/python3.6/site-packages/airflow/example_dags/example_python_operator.py
[2022-11-25 16:24:17,162] {processor.py:613} INFO - Processing file /home/airflow/.local/lib/python3.6/site-packages/airflow/example_dags/example_python_operator.py for tasks to queue
[2022-11-25 16:24:17,170] {logging_mixin.py:109} INFO - [2022-11-25 16:24:17,169] {dagbag.py:496} INFO - Filling up the DagBag from /home/airflow/.local/lib/python3.6/site-packages/airflow/example_dags/example_python_operator.py
[2022-11-25 16:24:17,313] {processor.py:623} INFO - DAG(s) dict_keys(['example_python_operator']) retrieved from /home/airflow/.local/lib/python3.6/site-packages/airflow/example_dags/example_python_operator.py
[2022-11-25 16:24:17,442] {logging_mixin.py:109} INFO - [2022-11-25 16:24:17,442] {dag.py:1833} INFO - Sync 1 DAGs
[2022-11-25 16:24:17,505] {logging_mixin.py:109} INFO - [2022-11-25 16:24:17,504] {dag.py:2306} INFO - Setting next_dagrun for example_python_operator to None
[2022-11-25 16:24:17,553] {processor.py:170} INFO - Processing /home/airflow/.local/lib/python3.6/site-packages/airflow/example_dags/example_python_operator.py took 0.432 seconds
[2022-11-25 16:24:48,174] {processor.py:162} INFO - Started process (PID=1639) to work on /home/airflow/.local/lib/python3.6/site-packages/airflow/example_dags/example_python_operator.py
[2022-11-25 16:24:48,179] {processor.py:613} INFO - Processing file /home/airflow/.local/lib/python3.6/site-packages/airflow/example_dags/example_python_operator.py for tasks to queue
[2022-11-25 16:24:48,183] {logging_mixin.py:109} INFO - [2022-11-25 16:24:48,182] {dagbag.py:496} INFO - Filling up the DagBag from /home/airflow/.local/lib/python3.6/site-packages/airflow/example_dags/example_python_operator.py
[2022-11-25 16:24:48,342] {processor.py:623} INFO - DAG(s) dict_keys(['example_python_operator']) retrieved from /home/airflow/.local/lib/python3.6/site-packages/airflow/example_dags/example_python_operator.py
[2022-11-25 16:24:48,503] {logging_mixin.py:109} INFO - [2022-11-25 16:24:48,502] {dag.py:1833} INFO - Sync 1 DAGs
[2022-11-25 16:24:48,553] {logging_mixin.py:109} INFO - [2022-11-25 16:24:48,552] {dag.py:2306} INFO - Setting next_dagrun for example_python_operator to None
[2022-11-25 16:24:48,585] {processor.py:170} INFO - Processing /home/airflow/.local/lib/python3.6/site-packages/airflow/example_dags/example_python_operator.py took 0.432 seconds
