[2022-11-25 16:17:54,455] {processor.py:162} INFO - Started process (PID=426) to work on /home/airflow/.local/lib/python3.6/site-packages/airflow/example_dags/example_skip_dag.py
[2022-11-25 16:17:54,458] {processor.py:613} INFO - Processing file /home/airflow/.local/lib/python3.6/site-packages/airflow/example_dags/example_skip_dag.py for tasks to queue
[2022-11-25 16:17:54,460] {logging_mixin.py:109} INFO - [2022-11-25 16:17:54,460] {dagbag.py:496} INFO - Filling up the DagBag from /home/airflow/.local/lib/python3.6/site-packages/airflow/example_dags/example_skip_dag.py
[2022-11-25 16:17:54,501] {processor.py:623} INFO - DAG(s) dict_keys(['example_skip_dag']) retrieved from /home/airflow/.local/lib/python3.6/site-packages/airflow/example_dags/example_skip_dag.py
[2022-11-25 16:18:10,584] {logging_mixin.py:109} INFO - [2022-11-25 16:18:10,577] {dag.py:1833} INFO - Sync 1 DAGs
[2022-11-25 16:18:10,688] {logging_mixin.py:109} INFO - [2022-11-25 16:18:10,679] {dag.py:1852} INFO - Creating ORM DAG for example_skip_dag
[2022-11-25 16:18:10,711] {logging_mixin.py:109} INFO - [2022-11-25 16:18:10,710] {dag.py:2306} INFO - Setting next_dagrun for example_skip_dag to 2022-11-23 00:00:00+00:00
[2022-11-25 16:18:10,773] {processor.py:170} INFO - Processing /home/airflow/.local/lib/python3.6/site-packages/airflow/example_dags/example_skip_dag.py took 16.325 seconds
[2022-11-25 16:19:15,286] {processor.py:162} INFO - Started process (PID=621) to work on /home/airflow/.local/lib/python3.6/site-packages/airflow/example_dags/example_skip_dag.py
[2022-11-25 16:19:15,295] {processor.py:613} INFO - Processing file /home/airflow/.local/lib/python3.6/site-packages/airflow/example_dags/example_skip_dag.py for tasks to queue
[2022-11-25 16:19:15,304] {logging_mixin.py:109} INFO - [2022-11-25 16:19:15,303] {dagbag.py:496} INFO - Filling up the DagBag from /home/airflow/.local/lib/python3.6/site-packages/airflow/example_dags/example_skip_dag.py
[2022-11-25 16:19:15,373] {processor.py:623} INFO - DAG(s) dict_keys(['example_skip_dag']) retrieved from /home/airflow/.local/lib/python3.6/site-packages/airflow/example_dags/example_skip_dag.py
[2022-11-25 16:19:15,463] {logging_mixin.py:109} INFO - [2022-11-25 16:19:15,463] {dag.py:1833} INFO - Sync 1 DAGs
[2022-11-25 16:19:15,552] {logging_mixin.py:109} INFO - [2022-11-25 16:19:15,550] {dag.py:2306} INFO - Setting next_dagrun for example_skip_dag to 2022-11-23 00:00:00+00:00
[2022-11-25 16:19:15,590] {processor.py:170} INFO - Processing /home/airflow/.local/lib/python3.6/site-packages/airflow/example_dags/example_skip_dag.py took 0.312 seconds
[2022-11-25 16:19:45,952] {processor.py:162} INFO - Started process (PID=711) to work on /home/airflow/.local/lib/python3.6/site-packages/airflow/example_dags/example_skip_dag.py
[2022-11-25 16:19:45,954] {processor.py:613} INFO - Processing file /home/airflow/.local/lib/python3.6/site-packages/airflow/example_dags/example_skip_dag.py for tasks to queue
[2022-11-25 16:19:45,956] {logging_mixin.py:109} INFO - [2022-11-25 16:19:45,956] {dagbag.py:496} INFO - Filling up the DagBag from /home/airflow/.local/lib/python3.6/site-packages/airflow/example_dags/example_skip_dag.py
[2022-11-25 16:19:45,986] {processor.py:623} INFO - DAG(s) dict_keys(['example_skip_dag']) retrieved from /home/airflow/.local/lib/python3.6/site-packages/airflow/example_dags/example_skip_dag.py
[2022-11-25 16:19:46,033] {logging_mixin.py:109} INFO - [2022-11-25 16:19:46,033] {dag.py:1833} INFO - Sync 1 DAGs
[2022-11-25 16:19:46,059] {logging_mixin.py:109} INFO - [2022-11-25 16:19:46,059] {dag.py:2306} INFO - Setting next_dagrun for example_skip_dag to 2022-11-23 00:00:00+00:00
[2022-11-25 16:19:46,077] {processor.py:170} INFO - Processing /home/airflow/.local/lib/python3.6/site-packages/airflow/example_dags/example_skip_dag.py took 0.131 seconds
[2022-11-25 16:20:16,919] {processor.py:162} INFO - Started process (PID=811) to work on /home/airflow/.local/lib/python3.6/site-packages/airflow/example_dags/example_skip_dag.py
[2022-11-25 16:20:16,921] {processor.py:613} INFO - Processing file /home/airflow/.local/lib/python3.6/site-packages/airflow/example_dags/example_skip_dag.py for tasks to queue
[2022-11-25 16:20:16,923] {logging_mixin.py:109} INFO - [2022-11-25 16:20:16,923] {dagbag.py:496} INFO - Filling up the DagBag from /home/airflow/.local/lib/python3.6/site-packages/airflow/example_dags/example_skip_dag.py
[2022-11-25 16:20:16,951] {processor.py:623} INFO - DAG(s) dict_keys(['example_skip_dag']) retrieved from /home/airflow/.local/lib/python3.6/site-packages/airflow/example_dags/example_skip_dag.py
[2022-11-25 16:20:16,996] {logging_mixin.py:109} INFO - [2022-11-25 16:20:16,996] {dag.py:1833} INFO - Sync 1 DAGs
[2022-11-25 16:20:17,021] {logging_mixin.py:109} INFO - [2022-11-25 16:20:17,021] {dag.py:2306} INFO - Setting next_dagrun for example_skip_dag to 2022-11-23 00:00:00+00:00
[2022-11-25 16:20:17,039] {processor.py:170} INFO - Processing /home/airflow/.local/lib/python3.6/site-packages/airflow/example_dags/example_skip_dag.py took 0.125 seconds
