[2022-11-25 16:18:33,815] {processor.py:162} INFO - Started process (PID=500) to work on /home/airflow/.local/lib/python3.6/site-packages/airflow/example_dags/example_branch_operator.py
[2022-11-25 16:18:33,818] {processor.py:613} INFO - Processing file /home/airflow/.local/lib/python3.6/site-packages/airflow/example_dags/example_branch_operator.py for tasks to queue
[2022-11-25 16:18:33,820] {logging_mixin.py:109} INFO - [2022-11-25 16:18:33,819] {dagbag.py:496} INFO - Filling up the DagBag from /home/airflow/.local/lib/python3.6/site-packages/airflow/example_dags/example_branch_operator.py
[2022-11-25 16:18:33,867] {processor.py:623} INFO - DAG(s) dict_keys(['example_branch_operator']) retrieved from /home/airflow/.local/lib/python3.6/site-packages/airflow/example_dags/example_branch_operator.py
[2022-11-25 16:18:45,191] {logging_mixin.py:109} INFO - [2022-11-25 16:18:45,184] {dag.py:1833} INFO - Sync 1 DAGs
[2022-11-25 16:18:45,262] {logging_mixin.py:109} INFO - [2022-11-25 16:18:45,253] {dag.py:1852} INFO - Creating ORM DAG for example_branch_operator
[2022-11-25 16:18:45,303] {logging_mixin.py:109} INFO - [2022-11-25 16:18:45,302] {dag.py:2306} INFO - Setting next_dagrun for example_branch_operator to 2022-11-23 00:00:00+00:00
[2022-11-25 16:18:45,337] {processor.py:170} INFO - Processing /home/airflow/.local/lib/python3.6/site-packages/airflow/example_dags/example_branch_operator.py took 11.528 seconds
[2022-11-25 16:19:16,995] {processor.py:162} INFO - Started process (PID=633) to work on /home/airflow/.local/lib/python3.6/site-packages/airflow/example_dags/example_branch_operator.py
[2022-11-25 16:19:17,014] {processor.py:613} INFO - Processing file /home/airflow/.local/lib/python3.6/site-packages/airflow/example_dags/example_branch_operator.py for tasks to queue
[2022-11-25 16:19:17,019] {logging_mixin.py:109} INFO - [2022-11-25 16:19:17,019] {dagbag.py:496} INFO - Filling up the DagBag from /home/airflow/.local/lib/python3.6/site-packages/airflow/example_dags/example_branch_operator.py
[2022-11-25 16:19:17,121] {processor.py:623} INFO - DAG(s) dict_keys(['example_branch_operator']) retrieved from /home/airflow/.local/lib/python3.6/site-packages/airflow/example_dags/example_branch_operator.py
[2022-11-25 16:19:17,220] {logging_mixin.py:109} INFO - [2022-11-25 16:19:17,219] {dag.py:1833} INFO - Sync 1 DAGs
[2022-11-25 16:19:17,311] {logging_mixin.py:109} INFO - [2022-11-25 16:19:17,310] {dag.py:2306} INFO - Setting next_dagrun for example_branch_operator to 2022-11-23 00:00:00+00:00
[2022-11-25 16:19:17,360] {processor.py:170} INFO - Processing /home/airflow/.local/lib/python3.6/site-packages/airflow/example_dags/example_branch_operator.py took 0.377 seconds
[2022-11-25 16:19:47,481] {processor.py:162} INFO - Started process (PID=721) to work on /home/airflow/.local/lib/python3.6/site-packages/airflow/example_dags/example_branch_operator.py
[2022-11-25 16:19:47,483] {processor.py:613} INFO - Processing file /home/airflow/.local/lib/python3.6/site-packages/airflow/example_dags/example_branch_operator.py for tasks to queue
[2022-11-25 16:19:47,485] {logging_mixin.py:109} INFO - [2022-11-25 16:19:47,485] {dagbag.py:496} INFO - Filling up the DagBag from /home/airflow/.local/lib/python3.6/site-packages/airflow/example_dags/example_branch_operator.py
[2022-11-25 16:19:47,524] {processor.py:623} INFO - DAG(s) dict_keys(['example_branch_operator']) retrieved from /home/airflow/.local/lib/python3.6/site-packages/airflow/example_dags/example_branch_operator.py
[2022-11-25 16:19:47,569] {logging_mixin.py:109} INFO - [2022-11-25 16:19:47,568] {dag.py:1833} INFO - Sync 1 DAGs
[2022-11-25 16:19:47,604] {logging_mixin.py:109} INFO - [2022-11-25 16:19:47,604] {dag.py:2306} INFO - Setting next_dagrun for example_branch_operator to 2022-11-23 00:00:00+00:00
[2022-11-25 16:19:47,622] {processor.py:170} INFO - Processing /home/airflow/.local/lib/python3.6/site-packages/airflow/example_dags/example_branch_operator.py took 0.147 seconds
[2022-11-25 16:20:18,347] {processor.py:162} INFO - Started process (PID=821) to work on /home/airflow/.local/lib/python3.6/site-packages/airflow/example_dags/example_branch_operator.py
[2022-11-25 16:20:18,349] {processor.py:613} INFO - Processing file /home/airflow/.local/lib/python3.6/site-packages/airflow/example_dags/example_branch_operator.py for tasks to queue
[2022-11-25 16:20:18,351] {logging_mixin.py:109} INFO - [2022-11-25 16:20:18,351] {dagbag.py:496} INFO - Filling up the DagBag from /home/airflow/.local/lib/python3.6/site-packages/airflow/example_dags/example_branch_operator.py
[2022-11-25 16:20:18,390] {processor.py:623} INFO - DAG(s) dict_keys(['example_branch_operator']) retrieved from /home/airflow/.local/lib/python3.6/site-packages/airflow/example_dags/example_branch_operator.py
[2022-11-25 16:20:18,435] {logging_mixin.py:109} INFO - [2022-11-25 16:20:18,435] {dag.py:1833} INFO - Sync 1 DAGs
[2022-11-25 16:20:18,472] {logging_mixin.py:109} INFO - [2022-11-25 16:20:18,471] {dag.py:2306} INFO - Setting next_dagrun for example_branch_operator to 2022-11-23 00:00:00+00:00
[2022-11-25 16:20:18,490] {processor.py:170} INFO - Processing /home/airflow/.local/lib/python3.6/site-packages/airflow/example_dags/example_branch_operator.py took 0.149 seconds
