[2022-11-25 16:18:54,231] {processor.py:162} INFO - Started process (PID=543) to work on /home/airflow/.local/lib/python3.6/site-packages/airflow/example_dags/example_trigger_controller_dag.py
[2022-11-25 16:18:54,234] {processor.py:613} INFO - Processing file /home/airflow/.local/lib/python3.6/site-packages/airflow/example_dags/example_trigger_controller_dag.py for tasks to queue
[2022-11-25 16:18:54,235] {logging_mixin.py:109} INFO - [2022-11-25 16:18:54,235] {dagbag.py:496} INFO - Filling up the DagBag from /home/airflow/.local/lib/python3.6/site-packages/airflow/example_dags/example_trigger_controller_dag.py
[2022-11-25 16:18:54,269] {processor.py:623} INFO - DAG(s) dict_keys(['example_trigger_controller_dag']) retrieved from /home/airflow/.local/lib/python3.6/site-packages/airflow/example_dags/example_trigger_controller_dag.py
[2022-11-25 16:19:08,397] {logging_mixin.py:109} INFO - [2022-11-25 16:19:08,377] {dag.py:1833} INFO - Sync 1 DAGs
[2022-11-25 16:19:08,492] {logging_mixin.py:109} INFO - [2022-11-25 16:19:08,482] {dag.py:1852} INFO - Creating ORM DAG for example_trigger_controller_dag
[2022-11-25 16:19:08,532] {logging_mixin.py:109} INFO - [2022-11-25 16:19:08,531] {dag.py:2306} INFO - Setting next_dagrun for example_trigger_controller_dag to 2022-11-23 00:00:00+00:00
[2022-11-25 16:19:08,596] {processor.py:170} INFO - Processing /home/airflow/.local/lib/python3.6/site-packages/airflow/example_dags/example_trigger_controller_dag.py took 14.362 seconds
[2022-11-25 16:19:38,862] {processor.py:162} INFO - Started process (PID=669) to work on /home/airflow/.local/lib/python3.6/site-packages/airflow/example_dags/example_trigger_controller_dag.py
[2022-11-25 16:19:38,866] {processor.py:613} INFO - Processing file /home/airflow/.local/lib/python3.6/site-packages/airflow/example_dags/example_trigger_controller_dag.py for tasks to queue
[2022-11-25 16:19:38,868] {logging_mixin.py:109} INFO - [2022-11-25 16:19:38,867] {dagbag.py:496} INFO - Filling up the DagBag from /home/airflow/.local/lib/python3.6/site-packages/airflow/example_dags/example_trigger_controller_dag.py
[2022-11-25 16:19:38,900] {processor.py:623} INFO - DAG(s) dict_keys(['example_trigger_controller_dag']) retrieved from /home/airflow/.local/lib/python3.6/site-packages/airflow/example_dags/example_trigger_controller_dag.py
[2022-11-25 16:19:38,949] {logging_mixin.py:109} INFO - [2022-11-25 16:19:38,949] {dag.py:1833} INFO - Sync 1 DAGs
[2022-11-25 16:19:38,981] {logging_mixin.py:109} INFO - [2022-11-25 16:19:38,981] {dag.py:2306} INFO - Setting next_dagrun for example_trigger_controller_dag to 2022-11-23 00:00:00+00:00
[2022-11-25 16:19:39,003] {processor.py:170} INFO - Processing /home/airflow/.local/lib/python3.6/site-packages/airflow/example_dags/example_trigger_controller_dag.py took 0.148 seconds
[2022-11-25 16:20:09,226] {processor.py:162} INFO - Started process (PID=750) to work on /home/airflow/.local/lib/python3.6/site-packages/airflow/example_dags/example_trigger_controller_dag.py
[2022-11-25 16:20:09,230] {processor.py:613} INFO - Processing file /home/airflow/.local/lib/python3.6/site-packages/airflow/example_dags/example_trigger_controller_dag.py for tasks to queue
[2022-11-25 16:20:09,232] {logging_mixin.py:109} INFO - [2022-11-25 16:20:09,232] {dagbag.py:496} INFO - Filling up the DagBag from /home/airflow/.local/lib/python3.6/site-packages/airflow/example_dags/example_trigger_controller_dag.py
[2022-11-25 16:20:09,262] {processor.py:623} INFO - DAG(s) dict_keys(['example_trigger_controller_dag']) retrieved from /home/airflow/.local/lib/python3.6/site-packages/airflow/example_dags/example_trigger_controller_dag.py
[2022-11-25 16:20:09,298] {logging_mixin.py:109} INFO - [2022-11-25 16:20:09,298] {dag.py:1833} INFO - Sync 1 DAGs
[2022-11-25 16:20:09,322] {logging_mixin.py:109} INFO - [2022-11-25 16:20:09,322] {dag.py:2306} INFO - Setting next_dagrun for example_trigger_controller_dag to 2022-11-23 00:00:00+00:00
[2022-11-25 16:20:09,338] {processor.py:170} INFO - Processing /home/airflow/.local/lib/python3.6/site-packages/airflow/example_dags/example_trigger_controller_dag.py took 0.122 seconds
[2022-11-25 16:20:39,393] {processor.py:162} INFO - Started process (PID=850) to work on /home/airflow/.local/lib/python3.6/site-packages/airflow/example_dags/example_trigger_controller_dag.py
[2022-11-25 16:20:39,397] {processor.py:613} INFO - Processing file /home/airflow/.local/lib/python3.6/site-packages/airflow/example_dags/example_trigger_controller_dag.py for tasks to queue
[2022-11-25 16:20:39,399] {logging_mixin.py:109} INFO - [2022-11-25 16:20:39,398] {dagbag.py:496} INFO - Filling up the DagBag from /home/airflow/.local/lib/python3.6/site-packages/airflow/example_dags/example_trigger_controller_dag.py
[2022-11-25 16:20:39,424] {processor.py:623} INFO - DAG(s) dict_keys(['example_trigger_controller_dag']) retrieved from /home/airflow/.local/lib/python3.6/site-packages/airflow/example_dags/example_trigger_controller_dag.py
[2022-11-25 16:20:39,465] {logging_mixin.py:109} INFO - [2022-11-25 16:20:39,465] {dag.py:1833} INFO - Sync 1 DAGs
[2022-11-25 16:20:39,489] {logging_mixin.py:109} INFO - [2022-11-25 16:20:39,489] {dag.py:2306} INFO - Setting next_dagrun for example_trigger_controller_dag to 2022-11-23 00:00:00+00:00
[2022-11-25 16:20:39,507] {processor.py:170} INFO - Processing /home/airflow/.local/lib/python3.6/site-packages/airflow/example_dags/example_trigger_controller_dag.py took 0.120 seconds
