[2022-11-25 16:18:36,389] {processor.py:162} INFO - Started process (PID=515) to work on /home/airflow/.local/lib/python3.6/site-packages/airflow/example_dags/example_trigger_target_dag.py
[2022-11-25 16:18:36,394] {processor.py:613} INFO - Processing file /home/airflow/.local/lib/python3.6/site-packages/airflow/example_dags/example_trigger_target_dag.py for tasks to queue
[2022-11-25 16:18:36,396] {logging_mixin.py:109} INFO - [2022-11-25 16:18:36,396] {dagbag.py:496} INFO - Filling up the DagBag from /home/airflow/.local/lib/python3.6/site-packages/airflow/example_dags/example_trigger_target_dag.py
[2022-11-25 16:18:36,449] {processor.py:623} INFO - DAG(s) dict_keys(['example_trigger_target_dag']) retrieved from /home/airflow/.local/lib/python3.6/site-packages/airflow/example_dags/example_trigger_target_dag.py
[2022-11-25 16:18:47,723] {logging_mixin.py:109} INFO - [2022-11-25 16:18:47,717] {dag.py:1833} INFO - Sync 1 DAGs
[2022-11-25 16:18:47,764] {logging_mixin.py:109} INFO - [2022-11-25 16:18:47,759] {dag.py:1852} INFO - Creating ORM DAG for example_trigger_target_dag
[2022-11-25 16:18:47,778] {logging_mixin.py:109} INFO - [2022-11-25 16:18:47,777] {dag.py:2306} INFO - Setting next_dagrun for example_trigger_target_dag to None
[2022-11-25 16:18:47,806] {processor.py:170} INFO - Processing /home/airflow/.local/lib/python3.6/site-packages/airflow/example_dags/example_trigger_target_dag.py took 11.424 seconds
[2022-11-25 16:19:18,015] {processor.py:162} INFO - Started process (PID=641) to work on /home/airflow/.local/lib/python3.6/site-packages/airflow/example_dags/example_trigger_target_dag.py
[2022-11-25 16:19:18,019] {processor.py:613} INFO - Processing file /home/airflow/.local/lib/python3.6/site-packages/airflow/example_dags/example_trigger_target_dag.py for tasks to queue
[2022-11-25 16:19:18,023] {logging_mixin.py:109} INFO - [2022-11-25 16:19:18,022] {dagbag.py:496} INFO - Filling up the DagBag from /home/airflow/.local/lib/python3.6/site-packages/airflow/example_dags/example_trigger_target_dag.py
[2022-11-25 16:19:18,078] {processor.py:623} INFO - DAG(s) dict_keys(['example_trigger_target_dag']) retrieved from /home/airflow/.local/lib/python3.6/site-packages/airflow/example_dags/example_trigger_target_dag.py
[2022-11-25 16:19:18,154] {logging_mixin.py:109} INFO - [2022-11-25 16:19:18,154] {dag.py:1833} INFO - Sync 1 DAGs
[2022-11-25 16:19:18,201] {logging_mixin.py:109} INFO - [2022-11-25 16:19:18,200] {dag.py:2306} INFO - Setting next_dagrun for example_trigger_target_dag to None
[2022-11-25 16:19:18,240] {processor.py:170} INFO - Processing /home/airflow/.local/lib/python3.6/site-packages/airflow/example_dags/example_trigger_target_dag.py took 0.234 seconds
[2022-11-25 16:19:48,654] {processor.py:162} INFO - Started process (PID=725) to work on /home/airflow/.local/lib/python3.6/site-packages/airflow/example_dags/example_trigger_target_dag.py
[2022-11-25 16:19:48,657] {processor.py:613} INFO - Processing file /home/airflow/.local/lib/python3.6/site-packages/airflow/example_dags/example_trigger_target_dag.py for tasks to queue
[2022-11-25 16:19:48,658] {logging_mixin.py:109} INFO - [2022-11-25 16:19:48,658] {dagbag.py:496} INFO - Filling up the DagBag from /home/airflow/.local/lib/python3.6/site-packages/airflow/example_dags/example_trigger_target_dag.py
[2022-11-25 16:19:48,690] {processor.py:623} INFO - DAG(s) dict_keys(['example_trigger_target_dag']) retrieved from /home/airflow/.local/lib/python3.6/site-packages/airflow/example_dags/example_trigger_target_dag.py
[2022-11-25 16:19:48,728] {logging_mixin.py:109} INFO - [2022-11-25 16:19:48,728] {dag.py:1833} INFO - Sync 1 DAGs
[2022-11-25 16:19:48,752] {logging_mixin.py:109} INFO - [2022-11-25 16:19:48,751] {dag.py:2306} INFO - Setting next_dagrun for example_trigger_target_dag to None
[2022-11-25 16:19:48,768] {processor.py:170} INFO - Processing /home/airflow/.local/lib/python3.6/site-packages/airflow/example_dags/example_trigger_target_dag.py took 0.118 seconds
[2022-11-25 16:20:18,920] {processor.py:162} INFO - Started process (PID=825) to work on /home/airflow/.local/lib/python3.6/site-packages/airflow/example_dags/example_trigger_target_dag.py
[2022-11-25 16:20:18,923] {processor.py:613} INFO - Processing file /home/airflow/.local/lib/python3.6/site-packages/airflow/example_dags/example_trigger_target_dag.py for tasks to queue
[2022-11-25 16:20:18,925] {logging_mixin.py:109} INFO - [2022-11-25 16:20:18,925] {dagbag.py:496} INFO - Filling up the DagBag from /home/airflow/.local/lib/python3.6/site-packages/airflow/example_dags/example_trigger_target_dag.py
[2022-11-25 16:20:18,957] {processor.py:623} INFO - DAG(s) dict_keys(['example_trigger_target_dag']) retrieved from /home/airflow/.local/lib/python3.6/site-packages/airflow/example_dags/example_trigger_target_dag.py
[2022-11-25 16:20:18,997] {logging_mixin.py:109} INFO - [2022-11-25 16:20:18,997] {dag.py:1833} INFO - Sync 1 DAGs
[2022-11-25 16:20:19,022] {logging_mixin.py:109} INFO - [2022-11-25 16:20:19,021] {dag.py:2306} INFO - Setting next_dagrun for example_trigger_target_dag to None
[2022-11-25 16:20:19,041] {processor.py:170} INFO - Processing /home/airflow/.local/lib/python3.6/site-packages/airflow/example_dags/example_trigger_target_dag.py took 0.126 seconds
[2022-11-25 16:20:49,542] {processor.py:162} INFO - Started process (PID=923) to work on /home/airflow/.local/lib/python3.6/site-packages/airflow/example_dags/example_trigger_target_dag.py
[2022-11-25 16:20:49,545] {processor.py:613} INFO - Processing file /home/airflow/.local/lib/python3.6/site-packages/airflow/example_dags/example_trigger_target_dag.py for tasks to queue
[2022-11-25 16:20:49,547] {logging_mixin.py:109} INFO - [2022-11-25 16:20:49,546] {dagbag.py:496} INFO - Filling up the DagBag from /home/airflow/.local/lib/python3.6/site-packages/airflow/example_dags/example_trigger_target_dag.py
[2022-11-25 16:20:49,579] {processor.py:623} INFO - DAG(s) dict_keys(['example_trigger_target_dag']) retrieved from /home/airflow/.local/lib/python3.6/site-packages/airflow/example_dags/example_trigger_target_dag.py
[2022-11-25 16:20:49,619] {logging_mixin.py:109} INFO - [2022-11-25 16:20:49,619] {dag.py:1833} INFO - Sync 1 DAGs
[2022-11-25 16:20:49,645] {logging_mixin.py:109} INFO - [2022-11-25 16:20:49,644] {dag.py:2306} INFO - Setting next_dagrun for example_trigger_target_dag to None
[2022-11-25 16:20:49,671] {processor.py:170} INFO - Processing /home/airflow/.local/lib/python3.6/site-packages/airflow/example_dags/example_trigger_target_dag.py took 0.134 seconds
[2022-11-25 16:21:20,019] {processor.py:162} INFO - Started process (PID=1021) to work on /home/airflow/.local/lib/python3.6/site-packages/airflow/example_dags/example_trigger_target_dag.py
[2022-11-25 16:21:20,022] {processor.py:613} INFO - Processing file /home/airflow/.local/lib/python3.6/site-packages/airflow/example_dags/example_trigger_target_dag.py for tasks to queue
[2022-11-25 16:21:20,024] {logging_mixin.py:109} INFO - [2022-11-25 16:21:20,024] {dagbag.py:496} INFO - Filling up the DagBag from /home/airflow/.local/lib/python3.6/site-packages/airflow/example_dags/example_trigger_target_dag.py
[2022-11-25 16:21:20,058] {processor.py:623} INFO - DAG(s) dict_keys(['example_trigger_target_dag']) retrieved from /home/airflow/.local/lib/python3.6/site-packages/airflow/example_dags/example_trigger_target_dag.py
[2022-11-25 16:21:20,096] {logging_mixin.py:109} INFO - [2022-11-25 16:21:20,096] {dag.py:1833} INFO - Sync 1 DAGs
[2022-11-25 16:21:20,119] {logging_mixin.py:109} INFO - [2022-11-25 16:21:20,119] {dag.py:2306} INFO - Setting next_dagrun for example_trigger_target_dag to None
[2022-11-25 16:21:20,136] {processor.py:170} INFO - Processing /home/airflow/.local/lib/python3.6/site-packages/airflow/example_dags/example_trigger_target_dag.py took 0.122 seconds
[2022-11-25 16:21:50,315] {processor.py:162} INFO - Started process (PID=1112) to work on /home/airflow/.local/lib/python3.6/site-packages/airflow/example_dags/example_trigger_target_dag.py
[2022-11-25 16:21:50,318] {processor.py:613} INFO - Processing file /home/airflow/.local/lib/python3.6/site-packages/airflow/example_dags/example_trigger_target_dag.py for tasks to queue
[2022-11-25 16:21:50,320] {logging_mixin.py:109} INFO - [2022-11-25 16:21:50,320] {dagbag.py:496} INFO - Filling up the DagBag from /home/airflow/.local/lib/python3.6/site-packages/airflow/example_dags/example_trigger_target_dag.py
[2022-11-25 16:21:50,354] {processor.py:623} INFO - DAG(s) dict_keys(['example_trigger_target_dag']) retrieved from /home/airflow/.local/lib/python3.6/site-packages/airflow/example_dags/example_trigger_target_dag.py
[2022-11-25 16:21:50,394] {logging_mixin.py:109} INFO - [2022-11-25 16:21:50,393] {dag.py:1833} INFO - Sync 1 DAGs
[2022-11-25 16:21:50,418] {logging_mixin.py:109} INFO - [2022-11-25 16:21:50,418] {dag.py:2306} INFO - Setting next_dagrun for example_trigger_target_dag to None
[2022-11-25 16:21:50,436] {processor.py:170} INFO - Processing /home/airflow/.local/lib/python3.6/site-packages/airflow/example_dags/example_trigger_target_dag.py took 0.129 seconds
[2022-11-25 16:22:20,832] {processor.py:162} INFO - Started process (PID=1203) to work on /home/airflow/.local/lib/python3.6/site-packages/airflow/example_dags/example_trigger_target_dag.py
[2022-11-25 16:22:20,835] {processor.py:613} INFO - Processing file /home/airflow/.local/lib/python3.6/site-packages/airflow/example_dags/example_trigger_target_dag.py for tasks to queue
[2022-11-25 16:22:20,837] {logging_mixin.py:109} INFO - [2022-11-25 16:22:20,837] {dagbag.py:496} INFO - Filling up the DagBag from /home/airflow/.local/lib/python3.6/site-packages/airflow/example_dags/example_trigger_target_dag.py
[2022-11-25 16:22:20,870] {processor.py:623} INFO - DAG(s) dict_keys(['example_trigger_target_dag']) retrieved from /home/airflow/.local/lib/python3.6/site-packages/airflow/example_dags/example_trigger_target_dag.py
[2022-11-25 16:22:20,908] {logging_mixin.py:109} INFO - [2022-11-25 16:22:20,908] {dag.py:1833} INFO - Sync 1 DAGs
[2022-11-25 16:22:20,931] {logging_mixin.py:109} INFO - [2022-11-25 16:22:20,931] {dag.py:2306} INFO - Setting next_dagrun for example_trigger_target_dag to None
[2022-11-25 16:22:20,949] {processor.py:170} INFO - Processing /home/airflow/.local/lib/python3.6/site-packages/airflow/example_dags/example_trigger_target_dag.py took 0.122 seconds
[2022-11-25 16:22:52,211] {processor.py:162} INFO - Started process (PID=1303) to work on /home/airflow/.local/lib/python3.6/site-packages/airflow/example_dags/example_trigger_target_dag.py
[2022-11-25 16:22:52,213] {processor.py:613} INFO - Processing file /home/airflow/.local/lib/python3.6/site-packages/airflow/example_dags/example_trigger_target_dag.py for tasks to queue
[2022-11-25 16:22:52,215] {logging_mixin.py:109} INFO - [2022-11-25 16:22:52,214] {dagbag.py:496} INFO - Filling up the DagBag from /home/airflow/.local/lib/python3.6/site-packages/airflow/example_dags/example_trigger_target_dag.py
[2022-11-25 16:22:52,248] {processor.py:623} INFO - DAG(s) dict_keys(['example_trigger_target_dag']) retrieved from /home/airflow/.local/lib/python3.6/site-packages/airflow/example_dags/example_trigger_target_dag.py
[2022-11-25 16:22:52,289] {logging_mixin.py:109} INFO - [2022-11-25 16:22:52,289] {dag.py:1833} INFO - Sync 1 DAGs
[2022-11-25 16:22:52,315] {logging_mixin.py:109} INFO - [2022-11-25 16:22:52,315] {dag.py:2306} INFO - Setting next_dagrun for example_trigger_target_dag to None
[2022-11-25 16:22:52,333] {processor.py:170} INFO - Processing /home/airflow/.local/lib/python3.6/site-packages/airflow/example_dags/example_trigger_target_dag.py took 0.128 seconds
[2022-11-25 16:23:22,944] {processor.py:162} INFO - Started process (PID=1403) to work on /home/airflow/.local/lib/python3.6/site-packages/airflow/example_dags/example_trigger_target_dag.py
[2022-11-25 16:23:22,947] {processor.py:613} INFO - Processing file /home/airflow/.local/lib/python3.6/site-packages/airflow/example_dags/example_trigger_target_dag.py for tasks to queue
[2022-11-25 16:23:22,949] {logging_mixin.py:109} INFO - [2022-11-25 16:23:22,948] {dagbag.py:496} INFO - Filling up the DagBag from /home/airflow/.local/lib/python3.6/site-packages/airflow/example_dags/example_trigger_target_dag.py
[2022-11-25 16:23:22,986] {processor.py:623} INFO - DAG(s) dict_keys(['example_trigger_target_dag']) retrieved from /home/airflow/.local/lib/python3.6/site-packages/airflow/example_dags/example_trigger_target_dag.py
[2022-11-25 16:23:23,030] {logging_mixin.py:109} INFO - [2022-11-25 16:23:23,030] {dag.py:1833} INFO - Sync 1 DAGs
[2022-11-25 16:23:23,056] {logging_mixin.py:109} INFO - [2022-11-25 16:23:23,056] {dag.py:2306} INFO - Setting next_dagrun for example_trigger_target_dag to None
[2022-11-25 16:23:23,075] {processor.py:170} INFO - Processing /home/airflow/.local/lib/python3.6/site-packages/airflow/example_dags/example_trigger_target_dag.py took 0.137 seconds
[2022-11-25 16:23:54,017] {processor.py:162} INFO - Started process (PID=1503) to work on /home/airflow/.local/lib/python3.6/site-packages/airflow/example_dags/example_trigger_target_dag.py
[2022-11-25 16:23:54,019] {processor.py:613} INFO - Processing file /home/airflow/.local/lib/python3.6/site-packages/airflow/example_dags/example_trigger_target_dag.py for tasks to queue
[2022-11-25 16:23:54,021] {logging_mixin.py:109} INFO - [2022-11-25 16:23:54,021] {dagbag.py:496} INFO - Filling up the DagBag from /home/airflow/.local/lib/python3.6/site-packages/airflow/example_dags/example_trigger_target_dag.py
[2022-11-25 16:23:54,057] {processor.py:623} INFO - DAG(s) dict_keys(['example_trigger_target_dag']) retrieved from /home/airflow/.local/lib/python3.6/site-packages/airflow/example_dags/example_trigger_target_dag.py
[2022-11-25 16:23:54,101] {logging_mixin.py:109} INFO - [2022-11-25 16:23:54,100] {dag.py:1833} INFO - Sync 1 DAGs
[2022-11-25 16:23:54,127] {logging_mixin.py:109} INFO - [2022-11-25 16:23:54,127] {dag.py:2306} INFO - Setting next_dagrun for example_trigger_target_dag to None
[2022-11-25 16:23:54,145] {processor.py:170} INFO - Processing /home/airflow/.local/lib/python3.6/site-packages/airflow/example_dags/example_trigger_target_dag.py took 0.134 seconds
[2022-11-25 16:24:35,533] {processor.py:162} INFO - Started process (PID=1604) to work on /home/airflow/.local/lib/python3.6/site-packages/airflow/example_dags/example_trigger_target_dag.py
[2022-11-25 16:24:35,543] {processor.py:613} INFO - Processing file /home/airflow/.local/lib/python3.6/site-packages/airflow/example_dags/example_trigger_target_dag.py for tasks to queue
[2022-11-25 16:24:35,550] {logging_mixin.py:109} INFO - [2022-11-25 16:24:35,548] {dagbag.py:496} INFO - Filling up the DagBag from /home/airflow/.local/lib/python3.6/site-packages/airflow/example_dags/example_trigger_target_dag.py
[2022-11-25 16:24:35,653] {processor.py:623} INFO - DAG(s) dict_keys(['example_trigger_target_dag']) retrieved from /home/airflow/.local/lib/python3.6/site-packages/airflow/example_dags/example_trigger_target_dag.py
[2022-11-25 16:24:35,774] {logging_mixin.py:109} INFO - [2022-11-25 16:24:35,773] {dag.py:1833} INFO - Sync 1 DAGs
[2022-11-25 16:24:35,856] {logging_mixin.py:109} INFO - [2022-11-25 16:24:35,855] {dag.py:2306} INFO - Setting next_dagrun for example_trigger_target_dag to None
[2022-11-25 16:24:35,912] {processor.py:170} INFO - Processing /home/airflow/.local/lib/python3.6/site-packages/airflow/example_dags/example_trigger_target_dag.py took 0.393 seconds
[2022-11-25 16:25:06,865] {processor.py:162} INFO - Started process (PID=1699) to work on /home/airflow/.local/lib/python3.6/site-packages/airflow/example_dags/example_trigger_target_dag.py
[2022-11-25 16:25:06,870] {processor.py:613} INFO - Processing file /home/airflow/.local/lib/python3.6/site-packages/airflow/example_dags/example_trigger_target_dag.py for tasks to queue
[2022-11-25 16:25:06,874] {logging_mixin.py:109} INFO - [2022-11-25 16:25:06,874] {dagbag.py:496} INFO - Filling up the DagBag from /home/airflow/.local/lib/python3.6/site-packages/airflow/example_dags/example_trigger_target_dag.py
[2022-11-25 16:25:06,932] {processor.py:623} INFO - DAG(s) dict_keys(['example_trigger_target_dag']) retrieved from /home/airflow/.local/lib/python3.6/site-packages/airflow/example_dags/example_trigger_target_dag.py
[2022-11-25 16:25:07,002] {logging_mixin.py:109} INFO - [2022-11-25 16:25:07,001] {dag.py:1833} INFO - Sync 1 DAGs
[2022-11-25 16:25:07,049] {logging_mixin.py:109} INFO - [2022-11-25 16:25:07,049] {dag.py:2306} INFO - Setting next_dagrun for example_trigger_target_dag to None
[2022-11-25 16:25:07,082] {processor.py:170} INFO - Processing /home/airflow/.local/lib/python3.6/site-packages/airflow/example_dags/example_trigger_target_dag.py took 0.225 seconds
