[2022-11-25 16:16:22,466] {processor.py:162} INFO - Started process (PID=266) to work on /home/airflow/.local/lib/python3.6/site-packages/airflow/example_dags/example_bash_operator.py
[2022-11-25 16:16:22,475] {processor.py:613} INFO - Processing file /home/airflow/.local/lib/python3.6/site-packages/airflow/example_dags/example_bash_operator.py for tasks to queue
[2022-11-25 16:16:22,479] {logging_mixin.py:109} INFO - [2022-11-25 16:16:22,479] {dagbag.py:496} INFO - Filling up the DagBag from /home/airflow/.local/lib/python3.6/site-packages/airflow/example_dags/example_bash_operator.py
[2022-11-25 16:16:22,608] {processor.py:623} INFO - DAG(s) dict_keys(['example_bash_operator']) retrieved from /home/airflow/.local/lib/python3.6/site-packages/airflow/example_dags/example_bash_operator.py
[2022-11-25 16:16:32,885] {logging_mixin.py:109} INFO - [2022-11-25 16:16:32,881] {dag.py:1833} INFO - Sync 1 DAGs
[2022-11-25 16:16:32,917] {logging_mixin.py:109} INFO - [2022-11-25 16:16:32,912] {dag.py:1852} INFO - Creating ORM DAG for example_bash_operator
[2022-11-25 16:16:32,951] {logging_mixin.py:109} INFO - [2022-11-25 16:16:32,950] {dag.py:2306} INFO - Setting next_dagrun for example_bash_operator to 2022-11-23 00:00:00+00:00
[2022-11-25 16:16:32,978] {processor.py:170} INFO - Processing /home/airflow/.local/lib/python3.6/site-packages/airflow/example_dags/example_bash_operator.py took 10.521 seconds
[2022-11-25 16:19:12,022] {processor.py:162} INFO - Started process (PID=585) to work on /home/airflow/.local/lib/python3.6/site-packages/airflow/example_dags/example_bash_operator.py
[2022-11-25 16:19:12,027] {processor.py:613} INFO - Processing file /home/airflow/.local/lib/python3.6/site-packages/airflow/example_dags/example_bash_operator.py for tasks to queue
[2022-11-25 16:19:12,030] {logging_mixin.py:109} INFO - [2022-11-25 16:19:12,030] {dagbag.py:496} INFO - Filling up the DagBag from /home/airflow/.local/lib/python3.6/site-packages/airflow/example_dags/example_bash_operator.py
[2022-11-25 16:19:12,149] {processor.py:623} INFO - DAG(s) dict_keys(['example_bash_operator']) retrieved from /home/airflow/.local/lib/python3.6/site-packages/airflow/example_dags/example_bash_operator.py
[2022-11-25 16:19:12,425] {logging_mixin.py:109} INFO - [2022-11-25 16:19:12,424] {dag.py:1833} INFO - Sync 1 DAGs
[2022-11-25 16:19:12,550] {logging_mixin.py:109} INFO - [2022-11-25 16:19:12,549] {dag.py:2306} INFO - Setting next_dagrun for example_bash_operator to 2022-11-23 00:00:00+00:00
[2022-11-25 16:19:12,599] {processor.py:170} INFO - Processing /home/airflow/.local/lib/python3.6/site-packages/airflow/example_dags/example_bash_operator.py took 0.587 seconds
[2022-11-25 16:19:42,720] {processor.py:162} INFO - Started process (PID=685) to work on /home/airflow/.local/lib/python3.6/site-packages/airflow/example_dags/example_bash_operator.py
[2022-11-25 16:19:42,724] {processor.py:613} INFO - Processing file /home/airflow/.local/lib/python3.6/site-packages/airflow/example_dags/example_bash_operator.py for tasks to queue
[2022-11-25 16:19:42,726] {logging_mixin.py:109} INFO - [2022-11-25 16:19:42,726] {dagbag.py:496} INFO - Filling up the DagBag from /home/airflow/.local/lib/python3.6/site-packages/airflow/example_dags/example_bash_operator.py
[2022-11-25 16:19:42,778] {processor.py:623} INFO - DAG(s) dict_keys(['example_bash_operator']) retrieved from /home/airflow/.local/lib/python3.6/site-packages/airflow/example_dags/example_bash_operator.py
[2022-11-25 16:19:42,836] {logging_mixin.py:109} INFO - [2022-11-25 16:19:42,835] {dag.py:1833} INFO - Sync 1 DAGs
[2022-11-25 16:19:42,897] {logging_mixin.py:109} INFO - [2022-11-25 16:19:42,896] {dag.py:2306} INFO - Setting next_dagrun for example_bash_operator to 2022-11-23 00:00:00+00:00
[2022-11-25 16:19:42,936] {processor.py:170} INFO - Processing /home/airflow/.local/lib/python3.6/site-packages/airflow/example_dags/example_bash_operator.py took 0.223 seconds
[2022-11-25 16:20:13,050] {processor.py:162} INFO - Started process (PID=782) to work on /home/airflow/.local/lib/python3.6/site-packages/airflow/example_dags/example_bash_operator.py
[2022-11-25 16:20:13,053] {processor.py:613} INFO - Processing file /home/airflow/.local/lib/python3.6/site-packages/airflow/example_dags/example_bash_operator.py for tasks to queue
[2022-11-25 16:20:13,054] {logging_mixin.py:109} INFO - [2022-11-25 16:20:13,054] {dagbag.py:496} INFO - Filling up the DagBag from /home/airflow/.local/lib/python3.6/site-packages/airflow/example_dags/example_bash_operator.py
[2022-11-25 16:20:13,092] {processor.py:623} INFO - DAG(s) dict_keys(['example_bash_operator']) retrieved from /home/airflow/.local/lib/python3.6/site-packages/airflow/example_dags/example_bash_operator.py
[2022-11-25 16:20:13,137] {logging_mixin.py:109} INFO - [2022-11-25 16:20:13,137] {dag.py:1833} INFO - Sync 1 DAGs
[2022-11-25 16:20:13,172] {logging_mixin.py:109} INFO - [2022-11-25 16:20:13,172] {dag.py:2306} INFO - Setting next_dagrun for example_bash_operator to 2022-11-23 00:00:00+00:00
[2022-11-25 16:20:13,190] {processor.py:170} INFO - Processing /home/airflow/.local/lib/python3.6/site-packages/airflow/example_dags/example_bash_operator.py took 0.145 seconds
