[2022-11-25 16:16:06,895] {processor.py:162} INFO - Started process (PID=239) to work on /home/airflow/.local/lib/python3.6/site-packages/airflow/example_dags/example_latest_only_with_trigger.py
[2022-11-25 16:16:06,901] {processor.py:613} INFO - Processing file /home/airflow/.local/lib/python3.6/site-packages/airflow/example_dags/example_latest_only_with_trigger.py for tasks to queue
[2022-11-25 16:16:06,907] {logging_mixin.py:109} INFO - [2022-11-25 16:16:06,906] {dagbag.py:496} INFO - Filling up the DagBag from /home/airflow/.local/lib/python3.6/site-packages/airflow/example_dags/example_latest_only_with_trigger.py
[2022-11-25 16:16:07,007] {processor.py:623} INFO - DAG(s) dict_keys(['latest_only_with_trigger']) retrieved from /home/airflow/.local/lib/python3.6/site-packages/airflow/example_dags/example_latest_only_with_trigger.py
[2022-11-25 16:16:22,254] {logging_mixin.py:109} INFO - [2022-11-25 16:16:22,248] {dag.py:1833} INFO - Sync 1 DAGs
[2022-11-25 16:16:22,297] {logging_mixin.py:109} INFO - [2022-11-25 16:16:22,292] {dag.py:1852} INFO - Creating ORM DAG for latest_only_with_trigger
[2022-11-25 16:16:22,313] {logging_mixin.py:109} INFO - [2022-11-25 16:16:22,313] {dag.py:2306} INFO - Setting next_dagrun for latest_only_with_trigger to 2022-11-23 00:00:00+00:00
[2022-11-25 16:16:22,353] {processor.py:170} INFO - Processing /home/airflow/.local/lib/python3.6/site-packages/airflow/example_dags/example_latest_only_with_trigger.py took 15.472 seconds
[2022-11-25 16:19:11,343] {processor.py:162} INFO - Started process (PID=581) to work on /home/airflow/.local/lib/python3.6/site-packages/airflow/example_dags/example_latest_only_with_trigger.py
[2022-11-25 16:19:11,358] {processor.py:613} INFO - Processing file /home/airflow/.local/lib/python3.6/site-packages/airflow/example_dags/example_latest_only_with_trigger.py for tasks to queue
[2022-11-25 16:19:11,373] {logging_mixin.py:109} INFO - [2022-11-25 16:19:11,368] {dagbag.py:496} INFO - Filling up the DagBag from /home/airflow/.local/lib/python3.6/site-packages/airflow/example_dags/example_latest_only_with_trigger.py
[2022-11-25 16:19:11,475] {processor.py:623} INFO - DAG(s) dict_keys(['latest_only_with_trigger']) retrieved from /home/airflow/.local/lib/python3.6/site-packages/airflow/example_dags/example_latest_only_with_trigger.py
[2022-11-25 16:19:11,565] {logging_mixin.py:109} INFO - [2022-11-25 16:19:11,565] {dag.py:1833} INFO - Sync 1 DAGs
[2022-11-25 16:19:11,619] {logging_mixin.py:109} INFO - [2022-11-25 16:19:11,618] {dag.py:2306} INFO - Setting next_dagrun for latest_only_with_trigger to 2022-11-23 00:00:00+00:00
[2022-11-25 16:19:11,657] {processor.py:170} INFO - Processing /home/airflow/.local/lib/python3.6/site-packages/airflow/example_dags/example_latest_only_with_trigger.py took 0.332 seconds
[2022-11-25 16:19:42,156] {processor.py:162} INFO - Started process (PID=679) to work on /home/airflow/.local/lib/python3.6/site-packages/airflow/example_dags/example_latest_only_with_trigger.py
[2022-11-25 16:19:42,163] {processor.py:613} INFO - Processing file /home/airflow/.local/lib/python3.6/site-packages/airflow/example_dags/example_latest_only_with_trigger.py for tasks to queue
[2022-11-25 16:19:42,165] {logging_mixin.py:109} INFO - [2022-11-25 16:19:42,165] {dagbag.py:496} INFO - Filling up the DagBag from /home/airflow/.local/lib/python3.6/site-packages/airflow/example_dags/example_latest_only_with_trigger.py
[2022-11-25 16:19:42,211] {processor.py:623} INFO - DAG(s) dict_keys(['latest_only_with_trigger']) retrieved from /home/airflow/.local/lib/python3.6/site-packages/airflow/example_dags/example_latest_only_with_trigger.py
[2022-11-25 16:19:42,281] {logging_mixin.py:109} INFO - [2022-11-25 16:19:42,281] {dag.py:1833} INFO - Sync 1 DAGs
[2022-11-25 16:19:42,327] {logging_mixin.py:109} INFO - [2022-11-25 16:19:42,326] {dag.py:2306} INFO - Setting next_dagrun for latest_only_with_trigger to 2022-11-23 00:00:00+00:00
[2022-11-25 16:19:42,365] {processor.py:170} INFO - Processing /home/airflow/.local/lib/python3.6/site-packages/airflow/example_dags/example_latest_only_with_trigger.py took 0.218 seconds
[2022-11-25 16:20:12,543] {processor.py:162} INFO - Started process (PID=776) to work on /home/airflow/.local/lib/python3.6/site-packages/airflow/example_dags/example_latest_only_with_trigger.py
[2022-11-25 16:20:12,545] {processor.py:613} INFO - Processing file /home/airflow/.local/lib/python3.6/site-packages/airflow/example_dags/example_latest_only_with_trigger.py for tasks to queue
[2022-11-25 16:20:12,547] {logging_mixin.py:109} INFO - [2022-11-25 16:20:12,547] {dagbag.py:496} INFO - Filling up the DagBag from /home/airflow/.local/lib/python3.6/site-packages/airflow/example_dags/example_latest_only_with_trigger.py
[2022-11-25 16:20:12,575] {processor.py:623} INFO - DAG(s) dict_keys(['latest_only_with_trigger']) retrieved from /home/airflow/.local/lib/python3.6/site-packages/airflow/example_dags/example_latest_only_with_trigger.py
[2022-11-25 16:20:12,616] {logging_mixin.py:109} INFO - [2022-11-25 16:20:12,616] {dag.py:1833} INFO - Sync 1 DAGs
[2022-11-25 16:20:12,642] {logging_mixin.py:109} INFO - [2022-11-25 16:20:12,641] {dag.py:2306} INFO - Setting next_dagrun for latest_only_with_trigger to 2022-11-23 00:00:00+00:00
[2022-11-25 16:20:12,659] {processor.py:170} INFO - Processing /home/airflow/.local/lib/python3.6/site-packages/airflow/example_dags/example_latest_only_with_trigger.py took 0.121 seconds
[2022-11-25 16:20:42,736] {processor.py:162} INFO - Started process (PID=858) to work on /home/airflow/.local/lib/python3.6/site-packages/airflow/example_dags/example_latest_only_with_trigger.py
[2022-11-25 16:20:42,739] {processor.py:613} INFO - Processing file /home/airflow/.local/lib/python3.6/site-packages/airflow/example_dags/example_latest_only_with_trigger.py for tasks to queue
[2022-11-25 16:20:42,740] {logging_mixin.py:109} INFO - [2022-11-25 16:20:42,740] {dagbag.py:496} INFO - Filling up the DagBag from /home/airflow/.local/lib/python3.6/site-packages/airflow/example_dags/example_latest_only_with_trigger.py
[2022-11-25 16:20:42,770] {processor.py:623} INFO - DAG(s) dict_keys(['latest_only_with_trigger']) retrieved from /home/airflow/.local/lib/python3.6/site-packages/airflow/example_dags/example_latest_only_with_trigger.py
[2022-11-25 16:20:42,812] {logging_mixin.py:109} INFO - [2022-11-25 16:20:42,812] {dag.py:1833} INFO - Sync 1 DAGs
[2022-11-25 16:20:42,835] {logging_mixin.py:109} INFO - [2022-11-25 16:20:42,835] {dag.py:2306} INFO - Setting next_dagrun for latest_only_with_trigger to 2022-11-23 00:00:00+00:00
[2022-11-25 16:20:42,853] {processor.py:170} INFO - Processing /home/airflow/.local/lib/python3.6/site-packages/airflow/example_dags/example_latest_only_with_trigger.py took 0.122 seconds
[2022-11-25 16:21:12,969] {processor.py:162} INFO - Started process (PID=958) to work on /home/airflow/.local/lib/python3.6/site-packages/airflow/example_dags/example_latest_only_with_trigger.py
[2022-11-25 16:21:12,972] {processor.py:613} INFO - Processing file /home/airflow/.local/lib/python3.6/site-packages/airflow/example_dags/example_latest_only_with_trigger.py for tasks to queue
[2022-11-25 16:21:12,973] {logging_mixin.py:109} INFO - [2022-11-25 16:21:12,973] {dagbag.py:496} INFO - Filling up the DagBag from /home/airflow/.local/lib/python3.6/site-packages/airflow/example_dags/example_latest_only_with_trigger.py
[2022-11-25 16:21:13,001] {processor.py:623} INFO - DAG(s) dict_keys(['latest_only_with_trigger']) retrieved from /home/airflow/.local/lib/python3.6/site-packages/airflow/example_dags/example_latest_only_with_trigger.py
[2022-11-25 16:21:13,042] {logging_mixin.py:109} INFO - [2022-11-25 16:21:13,041] {dag.py:1833} INFO - Sync 1 DAGs
[2022-11-25 16:21:13,066] {logging_mixin.py:109} INFO - [2022-11-25 16:21:13,066] {dag.py:2306} INFO - Setting next_dagrun for latest_only_with_trigger to 2022-11-23 00:00:00+00:00
[2022-11-25 16:21:13,083] {processor.py:170} INFO - Processing /home/airflow/.local/lib/python3.6/site-packages/airflow/example_dags/example_latest_only_with_trigger.py took 0.118 seconds
[2022-11-25 16:21:43,151] {processor.py:162} INFO - Started process (PID=1058) to work on /home/airflow/.local/lib/python3.6/site-packages/airflow/example_dags/example_latest_only_with_trigger.py
[2022-11-25 16:21:43,154] {processor.py:613} INFO - Processing file /home/airflow/.local/lib/python3.6/site-packages/airflow/example_dags/example_latest_only_with_trigger.py for tasks to queue
[2022-11-25 16:21:43,156] {logging_mixin.py:109} INFO - [2022-11-25 16:21:43,156] {dagbag.py:496} INFO - Filling up the DagBag from /home/airflow/.local/lib/python3.6/site-packages/airflow/example_dags/example_latest_only_with_trigger.py
[2022-11-25 16:21:43,184] {processor.py:623} INFO - DAG(s) dict_keys(['latest_only_with_trigger']) retrieved from /home/airflow/.local/lib/python3.6/site-packages/airflow/example_dags/example_latest_only_with_trigger.py
[2022-11-25 16:21:43,223] {logging_mixin.py:109} INFO - [2022-11-25 16:21:43,223] {dag.py:1833} INFO - Sync 1 DAGs
[2022-11-25 16:21:43,247] {logging_mixin.py:109} INFO - [2022-11-25 16:21:43,247] {dag.py:2306} INFO - Setting next_dagrun for latest_only_with_trigger to 2022-11-23 00:00:00+00:00
[2022-11-25 16:21:43,264] {processor.py:170} INFO - Processing /home/airflow/.local/lib/python3.6/site-packages/airflow/example_dags/example_latest_only_with_trigger.py took 0.118 seconds
[2022-11-25 16:22:13,969] {processor.py:162} INFO - Started process (PID=1159) to work on /home/airflow/.local/lib/python3.6/site-packages/airflow/example_dags/example_latest_only_with_trigger.py
[2022-11-25 16:22:13,974] {processor.py:613} INFO - Processing file /home/airflow/.local/lib/python3.6/site-packages/airflow/example_dags/example_latest_only_with_trigger.py for tasks to queue
[2022-11-25 16:22:13,978] {logging_mixin.py:109} INFO - [2022-11-25 16:22:13,977] {dagbag.py:496} INFO - Filling up the DagBag from /home/airflow/.local/lib/python3.6/site-packages/airflow/example_dags/example_latest_only_with_trigger.py
[2022-11-25 16:22:14,010] {processor.py:623} INFO - DAG(s) dict_keys(['latest_only_with_trigger']) retrieved from /home/airflow/.local/lib/python3.6/site-packages/airflow/example_dags/example_latest_only_with_trigger.py
[2022-11-25 16:22:14,058] {logging_mixin.py:109} INFO - [2022-11-25 16:22:14,058] {dag.py:1833} INFO - Sync 1 DAGs
[2022-11-25 16:22:14,085] {logging_mixin.py:109} INFO - [2022-11-25 16:22:14,084] {dag.py:2306} INFO - Setting next_dagrun for latest_only_with_trigger to 2022-11-23 00:00:00+00:00
[2022-11-25 16:22:14,118] {processor.py:170} INFO - Processing /home/airflow/.local/lib/python3.6/site-packages/airflow/example_dags/example_latest_only_with_trigger.py took 0.159 seconds
[2022-11-25 16:22:45,118] {processor.py:162} INFO - Started process (PID=1259) to work on /home/airflow/.local/lib/python3.6/site-packages/airflow/example_dags/example_latest_only_with_trigger.py
[2022-11-25 16:22:45,127] {processor.py:613} INFO - Processing file /home/airflow/.local/lib/python3.6/site-packages/airflow/example_dags/example_latest_only_with_trigger.py for tasks to queue
[2022-11-25 16:22:45,129] {logging_mixin.py:109} INFO - [2022-11-25 16:22:45,128] {dagbag.py:496} INFO - Filling up the DagBag from /home/airflow/.local/lib/python3.6/site-packages/airflow/example_dags/example_latest_only_with_trigger.py
[2022-11-25 16:22:45,160] {processor.py:623} INFO - DAG(s) dict_keys(['latest_only_with_trigger']) retrieved from /home/airflow/.local/lib/python3.6/site-packages/airflow/example_dags/example_latest_only_with_trigger.py
[2022-11-25 16:22:45,213] {logging_mixin.py:109} INFO - [2022-11-25 16:22:45,212] {dag.py:1833} INFO - Sync 1 DAGs
[2022-11-25 16:22:45,248] {logging_mixin.py:109} INFO - [2022-11-25 16:22:45,247] {dag.py:2306} INFO - Setting next_dagrun for latest_only_with_trigger to 2022-11-23 00:00:00+00:00
[2022-11-25 16:22:45,271] {processor.py:170} INFO - Processing /home/airflow/.local/lib/python3.6/site-packages/airflow/example_dags/example_latest_only_with_trigger.py took 0.159 seconds
[2022-11-25 16:23:15,488] {processor.py:162} INFO - Started process (PID=1356) to work on /home/airflow/.local/lib/python3.6/site-packages/airflow/example_dags/example_latest_only_with_trigger.py
[2022-11-25 16:23:15,491] {processor.py:613} INFO - Processing file /home/airflow/.local/lib/python3.6/site-packages/airflow/example_dags/example_latest_only_with_trigger.py for tasks to queue
[2022-11-25 16:23:15,493] {logging_mixin.py:109} INFO - [2022-11-25 16:23:15,492] {dagbag.py:496} INFO - Filling up the DagBag from /home/airflow/.local/lib/python3.6/site-packages/airflow/example_dags/example_latest_only_with_trigger.py
[2022-11-25 16:23:15,522] {processor.py:623} INFO - DAG(s) dict_keys(['latest_only_with_trigger']) retrieved from /home/airflow/.local/lib/python3.6/site-packages/airflow/example_dags/example_latest_only_with_trigger.py
[2022-11-25 16:23:15,568] {logging_mixin.py:109} INFO - [2022-11-25 16:23:15,568] {dag.py:1833} INFO - Sync 1 DAGs
[2022-11-25 16:23:15,593] {logging_mixin.py:109} INFO - [2022-11-25 16:23:15,593] {dag.py:2306} INFO - Setting next_dagrun for latest_only_with_trigger to 2022-11-23 00:00:00+00:00
[2022-11-25 16:23:15,610] {processor.py:170} INFO - Processing /home/airflow/.local/lib/python3.6/site-packages/airflow/example_dags/example_latest_only_with_trigger.py took 0.128 seconds
[2022-11-25 16:23:45,671] {processor.py:162} INFO - Started process (PID=1440) to work on /home/airflow/.local/lib/python3.6/site-packages/airflow/example_dags/example_latest_only_with_trigger.py
[2022-11-25 16:23:45,673] {processor.py:613} INFO - Processing file /home/airflow/.local/lib/python3.6/site-packages/airflow/example_dags/example_latest_only_with_trigger.py for tasks to queue
[2022-11-25 16:23:45,675] {logging_mixin.py:109} INFO - [2022-11-25 16:23:45,674] {dagbag.py:496} INFO - Filling up the DagBag from /home/airflow/.local/lib/python3.6/site-packages/airflow/example_dags/example_latest_only_with_trigger.py
[2022-11-25 16:23:45,702] {processor.py:623} INFO - DAG(s) dict_keys(['latest_only_with_trigger']) retrieved from /home/airflow/.local/lib/python3.6/site-packages/airflow/example_dags/example_latest_only_with_trigger.py
[2022-11-25 16:23:45,748] {logging_mixin.py:109} INFO - [2022-11-25 16:23:45,748] {dag.py:1833} INFO - Sync 1 DAGs
[2022-11-25 16:23:45,773] {logging_mixin.py:109} INFO - [2022-11-25 16:23:45,772] {dag.py:2306} INFO - Setting next_dagrun for latest_only_with_trigger to 2022-11-23 00:00:00+00:00
[2022-11-25 16:23:45,791] {processor.py:170} INFO - Processing /home/airflow/.local/lib/python3.6/site-packages/airflow/example_dags/example_latest_only_with_trigger.py took 0.125 seconds
[2022-11-25 16:24:16,678] {processor.py:162} INFO - Started process (PID=1539) to work on /home/airflow/.local/lib/python3.6/site-packages/airflow/example_dags/example_latest_only_with_trigger.py
[2022-11-25 16:24:16,685] {processor.py:613} INFO - Processing file /home/airflow/.local/lib/python3.6/site-packages/airflow/example_dags/example_latest_only_with_trigger.py for tasks to queue
[2022-11-25 16:24:16,690] {logging_mixin.py:109} INFO - [2022-11-25 16:24:16,689] {dagbag.py:496} INFO - Filling up the DagBag from /home/airflow/.local/lib/python3.6/site-packages/airflow/example_dags/example_latest_only_with_trigger.py
[2022-11-25 16:24:16,775] {processor.py:623} INFO - DAG(s) dict_keys(['latest_only_with_trigger']) retrieved from /home/airflow/.local/lib/python3.6/site-packages/airflow/example_dags/example_latest_only_with_trigger.py
[2022-11-25 16:24:16,908] {logging_mixin.py:109} INFO - [2022-11-25 16:24:16,908] {dag.py:1833} INFO - Sync 1 DAGs
[2022-11-25 16:24:16,980] {logging_mixin.py:109} INFO - [2022-11-25 16:24:16,979] {dag.py:2306} INFO - Setting next_dagrun for latest_only_with_trigger to 2022-11-23 00:00:00+00:00
[2022-11-25 16:24:17,037] {processor.py:170} INFO - Processing /home/airflow/.local/lib/python3.6/site-packages/airflow/example_dags/example_latest_only_with_trigger.py took 0.375 seconds
[2022-11-25 16:24:47,134] {processor.py:162} INFO - Started process (PID=1631) to work on /home/airflow/.local/lib/python3.6/site-packages/airflow/example_dags/example_latest_only_with_trigger.py
[2022-11-25 16:24:47,139] {processor.py:613} INFO - Processing file /home/airflow/.local/lib/python3.6/site-packages/airflow/example_dags/example_latest_only_with_trigger.py for tasks to queue
[2022-11-25 16:24:47,143] {logging_mixin.py:109} INFO - [2022-11-25 16:24:47,142] {dagbag.py:496} INFO - Filling up the DagBag from /home/airflow/.local/lib/python3.6/site-packages/airflow/example_dags/example_latest_only_with_trigger.py
[2022-11-25 16:24:47,197] {processor.py:623} INFO - DAG(s) dict_keys(['latest_only_with_trigger']) retrieved from /home/airflow/.local/lib/python3.6/site-packages/airflow/example_dags/example_latest_only_with_trigger.py
[2022-11-25 16:24:47,276] {logging_mixin.py:109} INFO - [2022-11-25 16:24:47,275] {dag.py:1833} INFO - Sync 1 DAGs
[2022-11-25 16:24:47,330] {logging_mixin.py:109} INFO - [2022-11-25 16:24:47,329] {dag.py:2306} INFO - Setting next_dagrun for latest_only_with_trigger to 2022-11-23 00:00:00+00:00
[2022-11-25 16:24:47,368] {processor.py:170} INFO - Processing /home/airflow/.local/lib/python3.6/site-packages/airflow/example_dags/example_latest_only_with_trigger.py took 0.243 seconds
