[2022-11-25 16:16:55,706] {processor.py:162} INFO - Started process (PID=332) to work on /home/airflow/.local/lib/python3.6/site-packages/airflow/example_dags/example_branch_datetime_operator.py
[2022-11-25 16:16:55,710] {processor.py:613} INFO - Processing file /home/airflow/.local/lib/python3.6/site-packages/airflow/example_dags/example_branch_datetime_operator.py for tasks to queue
[2022-11-25 16:16:55,713] {logging_mixin.py:109} INFO - [2022-11-25 16:16:55,712] {dagbag.py:496} INFO - Filling up the DagBag from /home/airflow/.local/lib/python3.6/site-packages/airflow/example_dags/example_branch_datetime_operator.py
[2022-11-25 16:16:55,771] {processor.py:623} INFO - DAG(s) dict_keys(['example_branch_datetime_operator_2']) retrieved from /home/airflow/.local/lib/python3.6/site-packages/airflow/example_dags/example_branch_datetime_operator.py
[2022-11-25 16:17:11,883] {logging_mixin.py:109} INFO - [2022-11-25 16:17:11,869] {dag.py:1833} INFO - Sync 1 DAGs
[2022-11-25 16:17:12,081] {logging_mixin.py:109} INFO - [2022-11-25 16:17:12,071] {dag.py:1852} INFO - Creating ORM DAG for example_branch_datetime_operator_2
[2022-11-25 16:17:12,133] {logging_mixin.py:109} INFO - [2022-11-25 16:17:12,132] {dag.py:2306} INFO - Setting next_dagrun for example_branch_datetime_operator_2 to 2022-11-23 00:00:00+00:00
[2022-11-25 16:17:12,178] {processor.py:170} INFO - Processing /home/airflow/.local/lib/python3.6/site-packages/airflow/example_dags/example_branch_datetime_operator.py took 16.480 seconds
[2022-11-25 16:19:13,154] {processor.py:162} INFO - Started process (PID=595) to work on /home/airflow/.local/lib/python3.6/site-packages/airflow/example_dags/example_branch_datetime_operator.py
[2022-11-25 16:19:13,160] {processor.py:613} INFO - Processing file /home/airflow/.local/lib/python3.6/site-packages/airflow/example_dags/example_branch_datetime_operator.py for tasks to queue
[2022-11-25 16:19:13,163] {logging_mixin.py:109} INFO - [2022-11-25 16:19:13,162] {dagbag.py:496} INFO - Filling up the DagBag from /home/airflow/.local/lib/python3.6/site-packages/airflow/example_dags/example_branch_datetime_operator.py
[2022-11-25 16:19:13,220] {processor.py:623} INFO - DAG(s) dict_keys(['example_branch_datetime_operator_2']) retrieved from /home/airflow/.local/lib/python3.6/site-packages/airflow/example_dags/example_branch_datetime_operator.py
[2022-11-25 16:19:13,306] {logging_mixin.py:109} INFO - [2022-11-25 16:19:13,306] {dag.py:1833} INFO - Sync 1 DAGs
[2022-11-25 16:19:13,390] {logging_mixin.py:109} INFO - [2022-11-25 16:19:13,389] {dag.py:2306} INFO - Setting next_dagrun for example_branch_datetime_operator_2 to 2022-11-23 00:00:00+00:00
[2022-11-25 16:19:13,417] {processor.py:170} INFO - Processing /home/airflow/.local/lib/python3.6/site-packages/airflow/example_dags/example_branch_datetime_operator.py took 0.272 seconds
[2022-11-25 16:19:43,698] {processor.py:162} INFO - Started process (PID=695) to work on /home/airflow/.local/lib/python3.6/site-packages/airflow/example_dags/example_branch_datetime_operator.py
[2022-11-25 16:19:43,701] {processor.py:613} INFO - Processing file /home/airflow/.local/lib/python3.6/site-packages/airflow/example_dags/example_branch_datetime_operator.py for tasks to queue
[2022-11-25 16:19:43,703] {logging_mixin.py:109} INFO - [2022-11-25 16:19:43,703] {dagbag.py:496} INFO - Filling up the DagBag from /home/airflow/.local/lib/python3.6/site-packages/airflow/example_dags/example_branch_datetime_operator.py
[2022-11-25 16:19:43,740] {processor.py:623} INFO - DAG(s) dict_keys(['example_branch_datetime_operator_2']) retrieved from /home/airflow/.local/lib/python3.6/site-packages/airflow/example_dags/example_branch_datetime_operator.py
[2022-11-25 16:19:43,787] {logging_mixin.py:109} INFO - [2022-11-25 16:19:43,787] {dag.py:1833} INFO - Sync 1 DAGs
[2022-11-25 16:19:43,829] {logging_mixin.py:109} INFO - [2022-11-25 16:19:43,829] {dag.py:2306} INFO - Setting next_dagrun for example_branch_datetime_operator_2 to 2022-11-23 00:00:00+00:00
[2022-11-25 16:19:43,850] {processor.py:170} INFO - Processing /home/airflow/.local/lib/python3.6/site-packages/airflow/example_dags/example_branch_datetime_operator.py took 0.158 seconds
[2022-11-25 16:20:14,481] {processor.py:162} INFO - Started process (PID=795) to work on /home/airflow/.local/lib/python3.6/site-packages/airflow/example_dags/example_branch_datetime_operator.py
[2022-11-25 16:20:14,484] {processor.py:613} INFO - Processing file /home/airflow/.local/lib/python3.6/site-packages/airflow/example_dags/example_branch_datetime_operator.py for tasks to queue
[2022-11-25 16:20:14,490] {logging_mixin.py:109} INFO - [2022-11-25 16:20:14,490] {dagbag.py:496} INFO - Filling up the DagBag from /home/airflow/.local/lib/python3.6/site-packages/airflow/example_dags/example_branch_datetime_operator.py
[2022-11-25 16:20:14,522] {processor.py:623} INFO - DAG(s) dict_keys(['example_branch_datetime_operator_2']) retrieved from /home/airflow/.local/lib/python3.6/site-packages/airflow/example_dags/example_branch_datetime_operator.py
[2022-11-25 16:20:14,561] {logging_mixin.py:109} INFO - [2022-11-25 16:20:14,561] {dag.py:1833} INFO - Sync 1 DAGs
[2022-11-25 16:20:14,599] {logging_mixin.py:109} INFO - [2022-11-25 16:20:14,598] {dag.py:2306} INFO - Setting next_dagrun for example_branch_datetime_operator_2 to 2022-11-23 00:00:00+00:00
[2022-11-25 16:20:14,639] {processor.py:170} INFO - Processing /home/airflow/.local/lib/python3.6/site-packages/airflow/example_dags/example_branch_datetime_operator.py took 0.164 seconds
