[2022-11-25 16:18:57,408] {processor.py:162} INFO - Started process (PID=557) to work on /home/airflow/.local/lib/python3.6/site-packages/airflow/example_dags/example_complex.py
[2022-11-25 16:18:57,414] {processor.py:613} INFO - Processing file /home/airflow/.local/lib/python3.6/site-packages/airflow/example_dags/example_complex.py for tasks to queue
[2022-11-25 16:18:57,417] {logging_mixin.py:109} INFO - [2022-11-25 16:18:57,417] {dagbag.py:496} INFO - Filling up the DagBag from /home/airflow/.local/lib/python3.6/site-packages/airflow/example_dags/example_complex.py
[2022-11-25 16:18:57,548] {processor.py:623} INFO - DAG(s) dict_keys(['example_complex']) retrieved from /home/airflow/.local/lib/python3.6/site-packages/airflow/example_dags/example_complex.py
[2022-11-25 16:19:11,927] {logging_mixin.py:109} INFO - [2022-11-25 16:19:11,917] {dag.py:1833} INFO - Sync 1 DAGs
[2022-11-25 16:19:11,990] {logging_mixin.py:109} INFO - [2022-11-25 16:19:11,983] {dag.py:1852} INFO - Creating ORM DAG for example_complex
[2022-11-25 16:19:12,013] {logging_mixin.py:109} INFO - [2022-11-25 16:19:12,012] {dag.py:2306} INFO - Setting next_dagrun for example_complex to None
[2022-11-25 16:19:12,089] {processor.py:170} INFO - Processing /home/airflow/.local/lib/python3.6/site-packages/airflow/example_dags/example_complex.py took 14.690 seconds
[2022-11-25 16:19:42,434] {processor.py:162} INFO - Started process (PID=683) to work on /home/airflow/.local/lib/python3.6/site-packages/airflow/example_dags/example_complex.py
[2022-11-25 16:19:42,448] {processor.py:613} INFO - Processing file /home/airflow/.local/lib/python3.6/site-packages/airflow/example_dags/example_complex.py for tasks to queue
[2022-11-25 16:19:42,452] {logging_mixin.py:109} INFO - [2022-11-25 16:19:42,452] {dagbag.py:496} INFO - Filling up the DagBag from /home/airflow/.local/lib/python3.6/site-packages/airflow/example_dags/example_complex.py
[2022-11-25 16:19:42,539] {processor.py:623} INFO - DAG(s) dict_keys(['example_complex']) retrieved from /home/airflow/.local/lib/python3.6/site-packages/airflow/example_dags/example_complex.py
[2022-11-25 16:19:42,623] {logging_mixin.py:109} INFO - [2022-11-25 16:19:42,622] {dag.py:1833} INFO - Sync 1 DAGs
[2022-11-25 16:19:42,655] {logging_mixin.py:109} INFO - [2022-11-25 16:19:42,655] {dag.py:2306} INFO - Setting next_dagrun for example_complex to None
[2022-11-25 16:19:42,682] {processor.py:170} INFO - Processing /home/airflow/.local/lib/python3.6/site-packages/airflow/example_dags/example_complex.py took 0.262 seconds
[2022-11-25 16:20:12,853] {processor.py:162} INFO - Started process (PID=780) to work on /home/airflow/.local/lib/python3.6/site-packages/airflow/example_dags/example_complex.py
[2022-11-25 16:20:12,855] {processor.py:613} INFO - Processing file /home/airflow/.local/lib/python3.6/site-packages/airflow/example_dags/example_complex.py for tasks to queue
[2022-11-25 16:20:12,857] {logging_mixin.py:109} INFO - [2022-11-25 16:20:12,857] {dagbag.py:496} INFO - Filling up the DagBag from /home/airflow/.local/lib/python3.6/site-packages/airflow/example_dags/example_complex.py
[2022-11-25 16:20:12,917] {processor.py:623} INFO - DAG(s) dict_keys(['example_complex']) retrieved from /home/airflow/.local/lib/python3.6/site-packages/airflow/example_dags/example_complex.py
[2022-11-25 16:20:12,978] {logging_mixin.py:109} INFO - [2022-11-25 16:20:12,978] {dag.py:1833} INFO - Sync 1 DAGs
[2022-11-25 16:20:13,002] {logging_mixin.py:109} INFO - [2022-11-25 16:20:13,002] {dag.py:2306} INFO - Setting next_dagrun for example_complex to None
[2022-11-25 16:20:13,022] {processor.py:170} INFO - Processing /home/airflow/.local/lib/python3.6/site-packages/airflow/example_dags/example_complex.py took 0.174 seconds
