[2022-11-25 16:18:26,861] {processor.py:162} INFO - Started process (PID=493) to work on /home/airflow/.local/lib/python3.6/site-packages/airflow/example_dags/example_xcomargs.py
[2022-11-25 16:18:26,865] {processor.py:613} INFO - Processing file /home/airflow/.local/lib/python3.6/site-packages/airflow/example_dags/example_xcomargs.py for tasks to queue
[2022-11-25 16:18:26,868] {logging_mixin.py:109} INFO - [2022-11-25 16:18:26,867] {dagbag.py:496} INFO - Filling up the DagBag from /home/airflow/.local/lib/python3.6/site-packages/airflow/example_dags/example_xcomargs.py
[2022-11-25 16:18:26,951] {processor.py:623} INFO - DAG(s) dict_keys(['example_xcom_args', 'example_xcom_args_with_operators']) retrieved from /home/airflow/.local/lib/python3.6/site-packages/airflow/example_dags/example_xcomargs.py
[2022-11-25 16:18:36,203] {logging_mixin.py:109} INFO - [2022-11-25 16:18:36,197] {dag.py:1833} INFO - Sync 2 DAGs
[2022-11-25 16:18:36,251] {logging_mixin.py:109} INFO - [2022-11-25 16:18:36,245] {dag.py:1852} INFO - Creating ORM DAG for example_xcom_args
[2022-11-25 16:18:36,255] {logging_mixin.py:109} INFO - [2022-11-25 16:18:36,254] {dag.py:1852} INFO - Creating ORM DAG for example_xcom_args_with_operators
[2022-11-25 16:18:36,270] {logging_mixin.py:109} INFO - [2022-11-25 16:18:36,269] {dag.py:2306} INFO - Setting next_dagrun for example_xcom_args to None
[2022-11-25 16:18:36,273] {logging_mixin.py:109} INFO - [2022-11-25 16:18:36,272] {dag.py:2306} INFO - Setting next_dagrun for example_xcom_args_with_operators to None
[2022-11-25 16:18:36,309] {processor.py:170} INFO - Processing /home/airflow/.local/lib/python3.6/site-packages/airflow/example_dags/example_xcomargs.py took 9.456 seconds
[2022-11-25 16:19:16,537] {processor.py:162} INFO - Started process (PID=631) to work on /home/airflow/.local/lib/python3.6/site-packages/airflow/example_dags/example_xcomargs.py
[2022-11-25 16:19:16,546] {processor.py:613} INFO - Processing file /home/airflow/.local/lib/python3.6/site-packages/airflow/example_dags/example_xcomargs.py for tasks to queue
[2022-11-25 16:19:16,550] {logging_mixin.py:109} INFO - [2022-11-25 16:19:16,549] {dagbag.py:496} INFO - Filling up the DagBag from /home/airflow/.local/lib/python3.6/site-packages/airflow/example_dags/example_xcomargs.py
[2022-11-25 16:19:16,653] {processor.py:623} INFO - DAG(s) dict_keys(['example_xcom_args', 'example_xcom_args_with_operators']) retrieved from /home/airflow/.local/lib/python3.6/site-packages/airflow/example_dags/example_xcomargs.py
[2022-11-25 16:19:16,787] {logging_mixin.py:109} INFO - [2022-11-25 16:19:16,786] {dag.py:1833} INFO - Sync 2 DAGs
[2022-11-25 16:19:16,863] {logging_mixin.py:109} INFO - [2022-11-25 16:19:16,863] {dag.py:2306} INFO - Setting next_dagrun for example_xcom_args to None
[2022-11-25 16:19:16,870] {logging_mixin.py:109} INFO - [2022-11-25 16:19:16,869] {dag.py:2306} INFO - Setting next_dagrun for example_xcom_args_with_operators to None
[2022-11-25 16:19:16,921] {processor.py:170} INFO - Processing /home/airflow/.local/lib/python3.6/site-packages/airflow/example_dags/example_xcomargs.py took 0.401 seconds
[2022-11-25 16:19:47,293] {processor.py:162} INFO - Started process (PID=719) to work on /home/airflow/.local/lib/python3.6/site-packages/airflow/example_dags/example_xcomargs.py
[2022-11-25 16:19:47,297] {processor.py:613} INFO - Processing file /home/airflow/.local/lib/python3.6/site-packages/airflow/example_dags/example_xcomargs.py for tasks to queue
[2022-11-25 16:19:47,300] {logging_mixin.py:109} INFO - [2022-11-25 16:19:47,299] {dagbag.py:496} INFO - Filling up the DagBag from /home/airflow/.local/lib/python3.6/site-packages/airflow/example_dags/example_xcomargs.py
[2022-11-25 16:19:47,359] {processor.py:623} INFO - DAG(s) dict_keys(['example_xcom_args', 'example_xcom_args_with_operators']) retrieved from /home/airflow/.local/lib/python3.6/site-packages/airflow/example_dags/example_xcomargs.py
[2022-11-25 16:19:47,954] {logging_mixin.py:109} INFO - [2022-11-25 16:19:47,954] {dag.py:1833} INFO - Sync 2 DAGs
[2022-11-25 16:19:47,978] {logging_mixin.py:109} INFO - [2022-11-25 16:19:47,978] {dag.py:2306} INFO - Setting next_dagrun for example_xcom_args to None
[2022-11-25 16:19:47,981] {logging_mixin.py:109} INFO - [2022-11-25 16:19:47,981] {dag.py:2306} INFO - Setting next_dagrun for example_xcom_args_with_operators to None
[2022-11-25 16:19:48,001] {processor.py:170} INFO - Processing /home/airflow/.local/lib/python3.6/site-packages/airflow/example_dags/example_xcomargs.py took 0.716 seconds
[2022-11-25 16:20:18,191] {processor.py:162} INFO - Started process (PID=819) to work on /home/airflow/.local/lib/python3.6/site-packages/airflow/example_dags/example_xcomargs.py
[2022-11-25 16:20:18,194] {processor.py:613} INFO - Processing file /home/airflow/.local/lib/python3.6/site-packages/airflow/example_dags/example_xcomargs.py for tasks to queue
[2022-11-25 16:20:18,195] {logging_mixin.py:109} INFO - [2022-11-25 16:20:18,195] {dagbag.py:496} INFO - Filling up the DagBag from /home/airflow/.local/lib/python3.6/site-packages/airflow/example_dags/example_xcomargs.py
[2022-11-25 16:20:18,247] {processor.py:623} INFO - DAG(s) dict_keys(['example_xcom_args', 'example_xcom_args_with_operators']) retrieved from /home/airflow/.local/lib/python3.6/site-packages/airflow/example_dags/example_xcomargs.py
[2022-11-25 16:20:18,840] {logging_mixin.py:109} INFO - [2022-11-25 16:20:18,840] {dag.py:1833} INFO - Sync 2 DAGs
[2022-11-25 16:20:18,865] {logging_mixin.py:109} INFO - [2022-11-25 16:20:18,865] {dag.py:2306} INFO - Setting next_dagrun for example_xcom_args to None
[2022-11-25 16:20:18,867] {logging_mixin.py:109} INFO - [2022-11-25 16:20:18,867] {dag.py:2306} INFO - Setting next_dagrun for example_xcom_args_with_operators to None
[2022-11-25 16:20:18,888] {processor.py:170} INFO - Processing /home/airflow/.local/lib/python3.6/site-packages/airflow/example_dags/example_xcomargs.py took 0.702 seconds
