[2022-11-25 16:17:25,467] {processor.py:162} INFO - Started process (PID=384) to work on /home/airflow/.local/lib/python3.6/site-packages/airflow/example_dags/example_nested_branch_dag.py
[2022-11-25 16:17:25,474] {processor.py:613} INFO - Processing file /home/airflow/.local/lib/python3.6/site-packages/airflow/example_dags/example_nested_branch_dag.py for tasks to queue
[2022-11-25 16:17:25,477] {logging_mixin.py:109} INFO - [2022-11-25 16:17:25,476] {dagbag.py:496} INFO - Filling up the DagBag from /home/airflow/.local/lib/python3.6/site-packages/airflow/example_dags/example_nested_branch_dag.py
[2022-11-25 16:17:25,542] {processor.py:623} INFO - DAG(s) dict_keys(['example_nested_branch_dag']) retrieved from /home/airflow/.local/lib/python3.6/site-packages/airflow/example_dags/example_nested_branch_dag.py
[2022-11-25 16:17:40,137] {logging_mixin.py:109} INFO - [2022-11-25 16:17:40,129] {dag.py:1833} INFO - Sync 1 DAGs
[2022-11-25 16:17:40,206] {logging_mixin.py:109} INFO - [2022-11-25 16:17:40,190] {dag.py:1852} INFO - Creating ORM DAG for example_nested_branch_dag
[2022-11-25 16:17:40,279] {logging_mixin.py:109} INFO - [2022-11-25 16:17:40,279] {dag.py:2306} INFO - Setting next_dagrun for example_nested_branch_dag to 2022-11-23 00:00:00+00:00
[2022-11-25 16:17:40,330] {processor.py:170} INFO - Processing /home/airflow/.local/lib/python3.6/site-packages/airflow/example_dags/example_nested_branch_dag.py took 14.873 seconds
[2022-11-25 16:19:14,684] {processor.py:162} INFO - Started process (PID=603) to work on /home/airflow/.local/lib/python3.6/site-packages/airflow/example_dags/example_nested_branch_dag.py
[2022-11-25 16:19:14,689] {processor.py:613} INFO - Processing file /home/airflow/.local/lib/python3.6/site-packages/airflow/example_dags/example_nested_branch_dag.py for tasks to queue
[2022-11-25 16:19:14,694] {logging_mixin.py:109} INFO - [2022-11-25 16:19:14,694] {dagbag.py:496} INFO - Filling up the DagBag from /home/airflow/.local/lib/python3.6/site-packages/airflow/example_dags/example_nested_branch_dag.py
[2022-11-25 16:19:14,751] {processor.py:623} INFO - DAG(s) dict_keys(['example_nested_branch_dag']) retrieved from /home/airflow/.local/lib/python3.6/site-packages/airflow/example_dags/example_nested_branch_dag.py
[2022-11-25 16:19:14,825] {logging_mixin.py:109} INFO - [2022-11-25 16:19:14,824] {dag.py:1833} INFO - Sync 1 DAGs
[2022-11-25 16:19:14,889] {logging_mixin.py:109} INFO - [2022-11-25 16:19:14,889] {dag.py:2306} INFO - Setting next_dagrun for example_nested_branch_dag to 2022-11-23 00:00:00+00:00
[2022-11-25 16:19:14,928] {processor.py:170} INFO - Processing /home/airflow/.local/lib/python3.6/site-packages/airflow/example_dags/example_nested_branch_dag.py took 0.252 seconds
[2022-11-25 16:19:45,371] {processor.py:162} INFO - Started process (PID=703) to work on /home/airflow/.local/lib/python3.6/site-packages/airflow/example_dags/example_nested_branch_dag.py
[2022-11-25 16:19:45,374] {processor.py:613} INFO - Processing file /home/airflow/.local/lib/python3.6/site-packages/airflow/example_dags/example_nested_branch_dag.py for tasks to queue
[2022-11-25 16:19:45,376] {logging_mixin.py:109} INFO - [2022-11-25 16:19:45,376] {dagbag.py:496} INFO - Filling up the DagBag from /home/airflow/.local/lib/python3.6/site-packages/airflow/example_dags/example_nested_branch_dag.py
[2022-11-25 16:19:45,423] {processor.py:623} INFO - DAG(s) dict_keys(['example_nested_branch_dag']) retrieved from /home/airflow/.local/lib/python3.6/site-packages/airflow/example_dags/example_nested_branch_dag.py
[2022-11-25 16:19:45,485] {logging_mixin.py:109} INFO - [2022-11-25 16:19:45,484] {dag.py:1833} INFO - Sync 1 DAGs
[2022-11-25 16:19:45,535] {logging_mixin.py:109} INFO - [2022-11-25 16:19:45,534] {dag.py:2306} INFO - Setting next_dagrun for example_nested_branch_dag to 2022-11-23 00:00:00+00:00
[2022-11-25 16:19:45,558] {processor.py:170} INFO - Processing /home/airflow/.local/lib/python3.6/site-packages/airflow/example_dags/example_nested_branch_dag.py took 0.194 seconds
[2022-11-25 16:20:15,745] {processor.py:162} INFO - Started process (PID=800) to work on /home/airflow/.local/lib/python3.6/site-packages/airflow/example_dags/example_nested_branch_dag.py
[2022-11-25 16:20:15,748] {processor.py:613} INFO - Processing file /home/airflow/.local/lib/python3.6/site-packages/airflow/example_dags/example_nested_branch_dag.py for tasks to queue
[2022-11-25 16:20:15,750] {logging_mixin.py:109} INFO - [2022-11-25 16:20:15,750] {dagbag.py:496} INFO - Filling up the DagBag from /home/airflow/.local/lib/python3.6/site-packages/airflow/example_dags/example_nested_branch_dag.py
[2022-11-25 16:20:15,797] {processor.py:623} INFO - DAG(s) dict_keys(['example_nested_branch_dag']) retrieved from /home/airflow/.local/lib/python3.6/site-packages/airflow/example_dags/example_nested_branch_dag.py
[2022-11-25 16:20:15,847] {logging_mixin.py:109} INFO - [2022-11-25 16:20:15,847] {dag.py:1833} INFO - Sync 1 DAGs
[2022-11-25 16:20:15,889] {logging_mixin.py:109} INFO - [2022-11-25 16:20:15,888] {dag.py:2306} INFO - Setting next_dagrun for example_nested_branch_dag to 2022-11-23 00:00:00+00:00
[2022-11-25 16:20:15,909] {processor.py:170} INFO - Processing /home/airflow/.local/lib/python3.6/site-packages/airflow/example_dags/example_nested_branch_dag.py took 0.177 seconds
[2022-11-25 16:20:45,978] {processor.py:162} INFO - Started process (PID=896) to work on /home/airflow/.local/lib/python3.6/site-packages/airflow/example_dags/example_nested_branch_dag.py
[2022-11-25 16:20:45,980] {processor.py:613} INFO - Processing file /home/airflow/.local/lib/python3.6/site-packages/airflow/example_dags/example_nested_branch_dag.py for tasks to queue
[2022-11-25 16:20:45,982] {logging_mixin.py:109} INFO - [2022-11-25 16:20:45,981] {dagbag.py:496} INFO - Filling up the DagBag from /home/airflow/.local/lib/python3.6/site-packages/airflow/example_dags/example_nested_branch_dag.py
[2022-11-25 16:20:46,017] {processor.py:623} INFO - DAG(s) dict_keys(['example_nested_branch_dag']) retrieved from /home/airflow/.local/lib/python3.6/site-packages/airflow/example_dags/example_nested_branch_dag.py
[2022-11-25 16:20:46,059] {logging_mixin.py:109} INFO - [2022-11-25 16:20:46,058] {dag.py:1833} INFO - Sync 1 DAGs
[2022-11-25 16:20:46,095] {logging_mixin.py:109} INFO - [2022-11-25 16:20:46,095] {dag.py:2306} INFO - Setting next_dagrun for example_nested_branch_dag to 2022-11-23 00:00:00+00:00
[2022-11-25 16:20:46,112] {processor.py:170} INFO - Processing /home/airflow/.local/lib/python3.6/site-packages/airflow/example_dags/example_nested_branch_dag.py took 0.140 seconds
[2022-11-25 16:21:16,469] {processor.py:162} INFO - Started process (PID=990) to work on /home/airflow/.local/lib/python3.6/site-packages/airflow/example_dags/example_nested_branch_dag.py
[2022-11-25 16:21:16,472] {processor.py:613} INFO - Processing file /home/airflow/.local/lib/python3.6/site-packages/airflow/example_dags/example_nested_branch_dag.py for tasks to queue
[2022-11-25 16:21:16,473] {logging_mixin.py:109} INFO - [2022-11-25 16:21:16,473] {dagbag.py:496} INFO - Filling up the DagBag from /home/airflow/.local/lib/python3.6/site-packages/airflow/example_dags/example_nested_branch_dag.py
[2022-11-25 16:21:16,511] {processor.py:623} INFO - DAG(s) dict_keys(['example_nested_branch_dag']) retrieved from /home/airflow/.local/lib/python3.6/site-packages/airflow/example_dags/example_nested_branch_dag.py
[2022-11-25 16:21:16,562] {logging_mixin.py:109} INFO - [2022-11-25 16:21:16,561] {dag.py:1833} INFO - Sync 1 DAGs
[2022-11-25 16:21:16,599] {logging_mixin.py:109} INFO - [2022-11-25 16:21:16,598] {dag.py:2306} INFO - Setting next_dagrun for example_nested_branch_dag to 2022-11-23 00:00:00+00:00
[2022-11-25 16:21:16,617] {processor.py:170} INFO - Processing /home/airflow/.local/lib/python3.6/site-packages/airflow/example_dags/example_nested_branch_dag.py took 0.153 seconds
[2022-11-25 16:21:47,367] {processor.py:162} INFO - Started process (PID=1080) to work on /home/airflow/.local/lib/python3.6/site-packages/airflow/example_dags/example_nested_branch_dag.py
[2022-11-25 16:21:47,371] {processor.py:613} INFO - Processing file /home/airflow/.local/lib/python3.6/site-packages/airflow/example_dags/example_nested_branch_dag.py for tasks to queue
[2022-11-25 16:21:47,373] {logging_mixin.py:109} INFO - [2022-11-25 16:21:47,373] {dagbag.py:496} INFO - Filling up the DagBag from /home/airflow/.local/lib/python3.6/site-packages/airflow/example_dags/example_nested_branch_dag.py
[2022-11-25 16:21:47,416] {processor.py:623} INFO - DAG(s) dict_keys(['example_nested_branch_dag']) retrieved from /home/airflow/.local/lib/python3.6/site-packages/airflow/example_dags/example_nested_branch_dag.py
[2022-11-25 16:21:47,461] {logging_mixin.py:109} INFO - [2022-11-25 16:21:47,460] {dag.py:1833} INFO - Sync 1 DAGs
[2022-11-25 16:21:47,498] {logging_mixin.py:109} INFO - [2022-11-25 16:21:47,498] {dag.py:2306} INFO - Setting next_dagrun for example_nested_branch_dag to 2022-11-23 00:00:00+00:00
[2022-11-25 16:21:47,516] {processor.py:170} INFO - Processing /home/airflow/.local/lib/python3.6/site-packages/airflow/example_dags/example_nested_branch_dag.py took 0.154 seconds
[2022-11-25 16:22:17,970] {processor.py:162} INFO - Started process (PID=1181) to work on /home/airflow/.local/lib/python3.6/site-packages/airflow/example_dags/example_nested_branch_dag.py
[2022-11-25 16:22:17,977] {processor.py:613} INFO - Processing file /home/airflow/.local/lib/python3.6/site-packages/airflow/example_dags/example_nested_branch_dag.py for tasks to queue
[2022-11-25 16:22:17,980] {logging_mixin.py:109} INFO - [2022-11-25 16:22:17,980] {dagbag.py:496} INFO - Filling up the DagBag from /home/airflow/.local/lib/python3.6/site-packages/airflow/example_dags/example_nested_branch_dag.py
[2022-11-25 16:22:18,029] {processor.py:623} INFO - DAG(s) dict_keys(['example_nested_branch_dag']) retrieved from /home/airflow/.local/lib/python3.6/site-packages/airflow/example_dags/example_nested_branch_dag.py
[2022-11-25 16:22:18,089] {logging_mixin.py:109} INFO - [2022-11-25 16:22:18,089] {dag.py:1833} INFO - Sync 1 DAGs
[2022-11-25 16:22:18,135] {logging_mixin.py:109} INFO - [2022-11-25 16:22:18,135] {dag.py:2306} INFO - Setting next_dagrun for example_nested_branch_dag to 2022-11-23 00:00:00+00:00
[2022-11-25 16:22:18,159] {processor.py:170} INFO - Processing /home/airflow/.local/lib/python3.6/site-packages/airflow/example_dags/example_nested_branch_dag.py took 0.200 seconds
[2022-11-25 16:22:48,581] {processor.py:162} INFO - Started process (PID=1281) to work on /home/airflow/.local/lib/python3.6/site-packages/airflow/example_dags/example_nested_branch_dag.py
[2022-11-25 16:22:48,584] {processor.py:613} INFO - Processing file /home/airflow/.local/lib/python3.6/site-packages/airflow/example_dags/example_nested_branch_dag.py for tasks to queue
[2022-11-25 16:22:48,586] {logging_mixin.py:109} INFO - [2022-11-25 16:22:48,585] {dagbag.py:496} INFO - Filling up the DagBag from /home/airflow/.local/lib/python3.6/site-packages/airflow/example_dags/example_nested_branch_dag.py
[2022-11-25 16:22:48,623] {processor.py:623} INFO - DAG(s) dict_keys(['example_nested_branch_dag']) retrieved from /home/airflow/.local/lib/python3.6/site-packages/airflow/example_dags/example_nested_branch_dag.py
[2022-11-25 16:22:48,668] {logging_mixin.py:109} INFO - [2022-11-25 16:22:48,667] {dag.py:1833} INFO - Sync 1 DAGs
[2022-11-25 16:22:48,705] {logging_mixin.py:109} INFO - [2022-11-25 16:22:48,704] {dag.py:2306} INFO - Setting next_dagrun for example_nested_branch_dag to 2022-11-23 00:00:00+00:00
[2022-11-25 16:22:48,723] {processor.py:170} INFO - Processing /home/airflow/.local/lib/python3.6/site-packages/airflow/example_dags/example_nested_branch_dag.py took 0.147 seconds
[2022-11-25 16:23:18,808] {processor.py:162} INFO - Started process (PID=1381) to work on /home/airflow/.local/lib/python3.6/site-packages/airflow/example_dags/example_nested_branch_dag.py
[2022-11-25 16:23:18,810] {processor.py:613} INFO - Processing file /home/airflow/.local/lib/python3.6/site-packages/airflow/example_dags/example_nested_branch_dag.py for tasks to queue
[2022-11-25 16:23:18,812] {logging_mixin.py:109} INFO - [2022-11-25 16:23:18,812] {dagbag.py:496} INFO - Filling up the DagBag from /home/airflow/.local/lib/python3.6/site-packages/airflow/example_dags/example_nested_branch_dag.py
[2022-11-25 16:23:18,850] {processor.py:623} INFO - DAG(s) dict_keys(['example_nested_branch_dag']) retrieved from /home/airflow/.local/lib/python3.6/site-packages/airflow/example_dags/example_nested_branch_dag.py
[2022-11-25 16:23:18,893] {logging_mixin.py:109} INFO - [2022-11-25 16:23:18,893] {dag.py:1833} INFO - Sync 1 DAGs
[2022-11-25 16:23:18,931] {logging_mixin.py:109} INFO - [2022-11-25 16:23:18,931] {dag.py:2306} INFO - Setting next_dagrun for example_nested_branch_dag to 2022-11-23 00:00:00+00:00
[2022-11-25 16:23:18,950] {processor.py:170} INFO - Processing /home/airflow/.local/lib/python3.6/site-packages/airflow/example_dags/example_nested_branch_dag.py took 0.148 seconds
[2022-11-25 16:23:49,416] {processor.py:162} INFO - Started process (PID=1478) to work on /home/airflow/.local/lib/python3.6/site-packages/airflow/example_dags/example_nested_branch_dag.py
[2022-11-25 16:23:49,419] {processor.py:613} INFO - Processing file /home/airflow/.local/lib/python3.6/site-packages/airflow/example_dags/example_nested_branch_dag.py for tasks to queue
[2022-11-25 16:23:49,421] {logging_mixin.py:109} INFO - [2022-11-25 16:23:49,421] {dagbag.py:496} INFO - Filling up the DagBag from /home/airflow/.local/lib/python3.6/site-packages/airflow/example_dags/example_nested_branch_dag.py
[2022-11-25 16:23:49,462] {processor.py:623} INFO - DAG(s) dict_keys(['example_nested_branch_dag']) retrieved from /home/airflow/.local/lib/python3.6/site-packages/airflow/example_dags/example_nested_branch_dag.py
[2022-11-25 16:23:49,509] {logging_mixin.py:109} INFO - [2022-11-25 16:23:49,508] {dag.py:1833} INFO - Sync 1 DAGs
[2022-11-25 16:23:49,547] {logging_mixin.py:109} INFO - [2022-11-25 16:23:49,546] {dag.py:2306} INFO - Setting next_dagrun for example_nested_branch_dag to 2022-11-23 00:00:00+00:00
[2022-11-25 16:23:49,566] {processor.py:170} INFO - Processing /home/airflow/.local/lib/python3.6/site-packages/airflow/example_dags/example_nested_branch_dag.py took 0.156 seconds
[2022-11-25 16:24:27,836] {processor.py:162} INFO - Started process (PID=1572) to work on /home/airflow/.local/lib/python3.6/site-packages/airflow/example_dags/example_nested_branch_dag.py
[2022-11-25 16:24:27,845] {processor.py:613} INFO - Processing file /home/airflow/.local/lib/python3.6/site-packages/airflow/example_dags/example_nested_branch_dag.py for tasks to queue
[2022-11-25 16:24:27,857] {logging_mixin.py:109} INFO - [2022-11-25 16:24:27,848] {dagbag.py:496} INFO - Filling up the DagBag from /home/airflow/.local/lib/python3.6/site-packages/airflow/example_dags/example_nested_branch_dag.py
[2022-11-25 16:24:27,995] {processor.py:623} INFO - DAG(s) dict_keys(['example_nested_branch_dag']) retrieved from /home/airflow/.local/lib/python3.6/site-packages/airflow/example_dags/example_nested_branch_dag.py
[2022-11-25 16:24:28,143] {logging_mixin.py:109} INFO - [2022-11-25 16:24:28,142] {dag.py:1833} INFO - Sync 1 DAGs
[2022-11-25 16:24:28,402] {logging_mixin.py:109} INFO - [2022-11-25 16:24:28,401] {dag.py:2306} INFO - Setting next_dagrun for example_nested_branch_dag to 2022-11-23 00:00:00+00:00
[2022-11-25 16:24:28,471] {processor.py:170} INFO - Processing /home/airflow/.local/lib/python3.6/site-packages/airflow/example_dags/example_nested_branch_dag.py took 0.673 seconds
[2022-11-25 16:24:58,781] {processor.py:162} INFO - Started process (PID=1662) to work on /home/airflow/.local/lib/python3.6/site-packages/airflow/example_dags/example_nested_branch_dag.py
[2022-11-25 16:24:58,784] {processor.py:613} INFO - Processing file /home/airflow/.local/lib/python3.6/site-packages/airflow/example_dags/example_nested_branch_dag.py for tasks to queue
[2022-11-25 16:24:58,786] {logging_mixin.py:109} INFO - [2022-11-25 16:24:58,785] {dagbag.py:496} INFO - Filling up the DagBag from /home/airflow/.local/lib/python3.6/site-packages/airflow/example_dags/example_nested_branch_dag.py
[2022-11-25 16:24:58,825] {processor.py:623} INFO - DAG(s) dict_keys(['example_nested_branch_dag']) retrieved from /home/airflow/.local/lib/python3.6/site-packages/airflow/example_dags/example_nested_branch_dag.py
[2022-11-25 16:24:58,874] {logging_mixin.py:109} INFO - [2022-11-25 16:24:58,873] {dag.py:1833} INFO - Sync 1 DAGs
[2022-11-25 16:24:58,915] {logging_mixin.py:109} INFO - [2022-11-25 16:24:58,914] {dag.py:2306} INFO - Setting next_dagrun for example_nested_branch_dag to 2022-11-23 00:00:00+00:00
[2022-11-25 16:24:58,934] {processor.py:170} INFO - Processing /home/airflow/.local/lib/python3.6/site-packages/airflow/example_dags/example_nested_branch_dag.py took 0.158 seconds
