[2022-11-25 16:16:45,509] {processor.py:162} INFO - Started process (PID=315) to work on /home/airflow/.local/lib/python3.6/site-packages/airflow/example_dags/example_subdag_operator.py
[2022-11-25 16:16:45,514] {processor.py:613} INFO - Processing file /home/airflow/.local/lib/python3.6/site-packages/airflow/example_dags/example_subdag_operator.py for tasks to queue
[2022-11-25 16:16:45,516] {logging_mixin.py:109} INFO - [2022-11-25 16:16:45,516] {dagbag.py:496} INFO - Filling up the DagBag from /home/airflow/.local/lib/python3.6/site-packages/airflow/example_dags/example_subdag_operator.py
[2022-11-25 16:16:45,643] {processor.py:623} INFO - DAG(s) dict_keys(['example_subdag_operator.section-1', 'example_subdag_operator.section-2', 'example_subdag_operator']) retrieved from /home/airflow/.local/lib/python3.6/site-packages/airflow/example_dags/example_subdag_operator.py
[2022-11-25 16:16:57,329] {logging_mixin.py:109} INFO - [2022-11-25 16:16:57,323] {dag.py:1833} INFO - Sync 3 DAGs
[2022-11-25 16:16:57,424] {logging_mixin.py:109} INFO - [2022-11-25 16:16:57,407] {dag.py:1852} INFO - Creating ORM DAG for example_subdag_operator.section-1
[2022-11-25 16:16:57,428] {logging_mixin.py:109} INFO - [2022-11-25 16:16:57,428] {dag.py:1852} INFO - Creating ORM DAG for example_subdag_operator.section-2
[2022-11-25 16:16:57,432] {logging_mixin.py:109} INFO - [2022-11-25 16:16:57,431] {dag.py:1852} INFO - Creating ORM DAG for example_subdag_operator
[2022-11-25 16:16:57,450] {logging_mixin.py:109} INFO - [2022-11-25 16:16:57,449] {dag.py:2306} INFO - Setting next_dagrun for example_subdag_operator to 2022-11-23 00:00:00+00:00
[2022-11-25 16:16:57,453] {logging_mixin.py:109} INFO - [2022-11-25 16:16:57,452] {dag.py:2306} INFO - Setting next_dagrun for example_subdag_operator.section-1 to None
[2022-11-25 16:16:57,455] {logging_mixin.py:109} INFO - [2022-11-25 16:16:57,454] {dag.py:2306} INFO - Setting next_dagrun for example_subdag_operator.section-2 to None
[2022-11-25 16:16:57,486] {logging_mixin.py:109} INFO - [2022-11-25 16:16:57,486] {dag.py:1833} INFO - Sync 2 DAGs
[2022-11-25 16:16:57,520] {logging_mixin.py:109} INFO - [2022-11-25 16:16:57,514] {dag.py:2306} INFO - Setting next_dagrun for example_subdag_operator.section-1 to None
[2022-11-25 16:16:57,522] {logging_mixin.py:109} INFO - [2022-11-25 16:16:57,522] {dag.py:2306} INFO - Setting next_dagrun for example_subdag_operator.section-2 to None
[2022-11-25 16:16:57,542] {processor.py:170} INFO - Processing /home/airflow/.local/lib/python3.6/site-packages/airflow/example_dags/example_subdag_operator.py took 12.041 seconds
[2022-11-25 16:19:13,025] {processor.py:162} INFO - Started process (PID=593) to work on /home/airflow/.local/lib/python3.6/site-packages/airflow/example_dags/example_subdag_operator.py
[2022-11-25 16:19:13,030] {processor.py:613} INFO - Processing file /home/airflow/.local/lib/python3.6/site-packages/airflow/example_dags/example_subdag_operator.py for tasks to queue
[2022-11-25 16:19:13,035] {logging_mixin.py:109} INFO - [2022-11-25 16:19:13,035] {dagbag.py:496} INFO - Filling up the DagBag from /home/airflow/.local/lib/python3.6/site-packages/airflow/example_dags/example_subdag_operator.py
[2022-11-25 16:19:13,148] {processor.py:623} INFO - DAG(s) dict_keys(['example_subdag_operator.section-1', 'example_subdag_operator.section-2', 'example_subdag_operator']) retrieved from /home/airflow/.local/lib/python3.6/site-packages/airflow/example_dags/example_subdag_operator.py
[2022-11-25 16:19:13,206] {logging_mixin.py:109} INFO - [2022-11-25 16:19:13,205] {dag.py:1833} INFO - Sync 3 DAGs
[2022-11-25 16:19:13,260] {logging_mixin.py:109} INFO - [2022-11-25 16:19:13,260] {dag.py:2306} INFO - Setting next_dagrun for example_subdag_operator to 2022-11-23 00:00:00+00:00
[2022-11-25 16:19:13,264] {logging_mixin.py:109} INFO - [2022-11-25 16:19:13,264] {dag.py:2306} INFO - Setting next_dagrun for example_subdag_operator.section-1 to None
[2022-11-25 16:19:13,268] {logging_mixin.py:109} INFO - [2022-11-25 16:19:13,267] {dag.py:2306} INFO - Setting next_dagrun for example_subdag_operator.section-2 to None
[2022-11-25 16:19:13,305] {logging_mixin.py:109} INFO - [2022-11-25 16:19:13,304] {dag.py:1833} INFO - Sync 2 DAGs
[2022-11-25 16:19:13,350] {logging_mixin.py:109} INFO - [2022-11-25 16:19:13,349] {dag.py:2306} INFO - Setting next_dagrun for example_subdag_operator.section-1 to None
[2022-11-25 16:19:13,352] {logging_mixin.py:109} INFO - [2022-11-25 16:19:13,352] {dag.py:2306} INFO - Setting next_dagrun for example_subdag_operator.section-2 to None
[2022-11-25 16:19:13,369] {processor.py:170} INFO - Processing /home/airflow/.local/lib/python3.6/site-packages/airflow/example_dags/example_subdag_operator.py took 0.354 seconds
[2022-11-25 16:19:43,462] {processor.py:162} INFO - Started process (PID=693) to work on /home/airflow/.local/lib/python3.6/site-packages/airflow/example_dags/example_subdag_operator.py
[2022-11-25 16:19:43,465] {processor.py:613} INFO - Processing file /home/airflow/.local/lib/python3.6/site-packages/airflow/example_dags/example_subdag_operator.py for tasks to queue
[2022-11-25 16:19:43,467] {logging_mixin.py:109} INFO - [2022-11-25 16:19:43,467] {dagbag.py:496} INFO - Filling up the DagBag from /home/airflow/.local/lib/python3.6/site-packages/airflow/example_dags/example_subdag_operator.py
[2022-11-25 16:19:43,541] {processor.py:623} INFO - DAG(s) dict_keys(['example_subdag_operator.section-1', 'example_subdag_operator.section-2', 'example_subdag_operator']) retrieved from /home/airflow/.local/lib/python3.6/site-packages/airflow/example_dags/example_subdag_operator.py
[2022-11-25 16:19:43,583] {logging_mixin.py:109} INFO - [2022-11-25 16:19:43,582] {dag.py:1833} INFO - Sync 3 DAGs
[2022-11-25 16:19:43,613] {logging_mixin.py:109} INFO - [2022-11-25 16:19:43,612] {dag.py:2306} INFO - Setting next_dagrun for example_subdag_operator to 2022-11-23 00:00:00+00:00
[2022-11-25 16:19:43,616] {logging_mixin.py:109} INFO - [2022-11-25 16:19:43,615] {dag.py:2306} INFO - Setting next_dagrun for example_subdag_operator.section-1 to None
[2022-11-25 16:19:43,617] {logging_mixin.py:109} INFO - [2022-11-25 16:19:43,617] {dag.py:2306} INFO - Setting next_dagrun for example_subdag_operator.section-2 to None
[2022-11-25 16:19:43,635] {logging_mixin.py:109} INFO - [2022-11-25 16:19:43,634] {dag.py:1833} INFO - Sync 2 DAGs
[2022-11-25 16:19:43,655] {logging_mixin.py:109} INFO - [2022-11-25 16:19:43,655] {dag.py:2306} INFO - Setting next_dagrun for example_subdag_operator.section-1 to None
[2022-11-25 16:19:43,656] {logging_mixin.py:109} INFO - [2022-11-25 16:19:43,656] {dag.py:2306} INFO - Setting next_dagrun for example_subdag_operator.section-2 to None
[2022-11-25 16:19:43,669] {processor.py:170} INFO - Processing /home/airflow/.local/lib/python3.6/site-packages/airflow/example_dags/example_subdag_operator.py took 0.213 seconds
[2022-11-25 16:20:14,477] {processor.py:162} INFO - Started process (PID=793) to work on /home/airflow/.local/lib/python3.6/site-packages/airflow/example_dags/example_subdag_operator.py
[2022-11-25 16:20:14,480] {processor.py:613} INFO - Processing file /home/airflow/.local/lib/python3.6/site-packages/airflow/example_dags/example_subdag_operator.py for tasks to queue
[2022-11-25 16:20:14,481] {logging_mixin.py:109} INFO - [2022-11-25 16:20:14,481] {dagbag.py:496} INFO - Filling up the DagBag from /home/airflow/.local/lib/python3.6/site-packages/airflow/example_dags/example_subdag_operator.py
[2022-11-25 16:20:14,548] {processor.py:623} INFO - DAG(s) dict_keys(['example_subdag_operator.section-1', 'example_subdag_operator.section-2', 'example_subdag_operator']) retrieved from /home/airflow/.local/lib/python3.6/site-packages/airflow/example_dags/example_subdag_operator.py
[2022-11-25 16:20:14,583] {logging_mixin.py:109} INFO - [2022-11-25 16:20:14,583] {dag.py:1833} INFO - Sync 3 DAGs
[2022-11-25 16:20:14,615] {logging_mixin.py:109} INFO - [2022-11-25 16:20:14,615] {dag.py:2306} INFO - Setting next_dagrun for example_subdag_operator to 2022-11-23 00:00:00+00:00
[2022-11-25 16:20:14,621] {logging_mixin.py:109} INFO - [2022-11-25 16:20:14,621] {dag.py:2306} INFO - Setting next_dagrun for example_subdag_operator.section-1 to None
[2022-11-25 16:20:14,623] {logging_mixin.py:109} INFO - [2022-11-25 16:20:14,623] {dag.py:2306} INFO - Setting next_dagrun for example_subdag_operator.section-2 to None
[2022-11-25 16:20:14,650] {logging_mixin.py:109} INFO - [2022-11-25 16:20:14,649] {dag.py:1833} INFO - Sync 2 DAGs
[2022-11-25 16:20:14,674] {logging_mixin.py:109} INFO - [2022-11-25 16:20:14,674] {dag.py:2306} INFO - Setting next_dagrun for example_subdag_operator.section-1 to None
[2022-11-25 16:20:14,676] {logging_mixin.py:109} INFO - [2022-11-25 16:20:14,675] {dag.py:2306} INFO - Setting next_dagrun for example_subdag_operator.section-2 to None
[2022-11-25 16:20:14,687] {processor.py:170} INFO - Processing /home/airflow/.local/lib/python3.6/site-packages/airflow/example_dags/example_subdag_operator.py took 0.216 seconds
[2022-11-25 16:20:44,775] {processor.py:162} INFO - Started process (PID=890) to work on /home/airflow/.local/lib/python3.6/site-packages/airflow/example_dags/example_subdag_operator.py
[2022-11-25 16:20:44,778] {processor.py:613} INFO - Processing file /home/airflow/.local/lib/python3.6/site-packages/airflow/example_dags/example_subdag_operator.py for tasks to queue
[2022-11-25 16:20:44,779] {logging_mixin.py:109} INFO - [2022-11-25 16:20:44,779] {dagbag.py:496} INFO - Filling up the DagBag from /home/airflow/.local/lib/python3.6/site-packages/airflow/example_dags/example_subdag_operator.py
[2022-11-25 16:20:44,836] {processor.py:623} INFO - DAG(s) dict_keys(['example_subdag_operator.section-1', 'example_subdag_operator.section-2', 'example_subdag_operator']) retrieved from /home/airflow/.local/lib/python3.6/site-packages/airflow/example_dags/example_subdag_operator.py
[2022-11-25 16:20:44,870] {logging_mixin.py:109} INFO - [2022-11-25 16:20:44,869] {dag.py:1833} INFO - Sync 3 DAGs
[2022-11-25 16:20:44,895] {logging_mixin.py:109} INFO - [2022-11-25 16:20:44,895] {dag.py:2306} INFO - Setting next_dagrun for example_subdag_operator to 2022-11-23 00:00:00+00:00
[2022-11-25 16:20:44,897] {logging_mixin.py:109} INFO - [2022-11-25 16:20:44,897] {dag.py:2306} INFO - Setting next_dagrun for example_subdag_operator.section-1 to None
[2022-11-25 16:20:44,898] {logging_mixin.py:109} INFO - [2022-11-25 16:20:44,898] {dag.py:2306} INFO - Setting next_dagrun for example_subdag_operator.section-2 to None
[2022-11-25 16:20:44,913] {logging_mixin.py:109} INFO - [2022-11-25 16:20:44,912] {dag.py:1833} INFO - Sync 2 DAGs
[2022-11-25 16:20:44,931] {logging_mixin.py:109} INFO - [2022-11-25 16:20:44,931] {dag.py:2306} INFO - Setting next_dagrun for example_subdag_operator.section-1 to None
[2022-11-25 16:20:44,932] {logging_mixin.py:109} INFO - [2022-11-25 16:20:44,932] {dag.py:2306} INFO - Setting next_dagrun for example_subdag_operator.section-2 to None
[2022-11-25 16:20:44,943] {processor.py:170} INFO - Processing /home/airflow/.local/lib/python3.6/site-packages/airflow/example_dags/example_subdag_operator.py took 0.173 seconds
[2022-11-25 16:21:15,018] {processor.py:162} INFO - Started process (PID=974) to work on /home/airflow/.local/lib/python3.6/site-packages/airflow/example_dags/example_subdag_operator.py
[2022-11-25 16:21:15,020] {processor.py:613} INFO - Processing file /home/airflow/.local/lib/python3.6/site-packages/airflow/example_dags/example_subdag_operator.py for tasks to queue
[2022-11-25 16:21:15,022] {logging_mixin.py:109} INFO - [2022-11-25 16:21:15,021] {dagbag.py:496} INFO - Filling up the DagBag from /home/airflow/.local/lib/python3.6/site-packages/airflow/example_dags/example_subdag_operator.py
[2022-11-25 16:21:15,078] {processor.py:623} INFO - DAG(s) dict_keys(['example_subdag_operator.section-1', 'example_subdag_operator.section-2', 'example_subdag_operator']) retrieved from /home/airflow/.local/lib/python3.6/site-packages/airflow/example_dags/example_subdag_operator.py
[2022-11-25 16:21:15,112] {logging_mixin.py:109} INFO - [2022-11-25 16:21:15,112] {dag.py:1833} INFO - Sync 3 DAGs
[2022-11-25 16:21:15,137] {logging_mixin.py:109} INFO - [2022-11-25 16:21:15,137] {dag.py:2306} INFO - Setting next_dagrun for example_subdag_operator to 2022-11-23 00:00:00+00:00
[2022-11-25 16:21:15,140] {logging_mixin.py:109} INFO - [2022-11-25 16:21:15,140] {dag.py:2306} INFO - Setting next_dagrun for example_subdag_operator.section-1 to None
[2022-11-25 16:21:15,141] {logging_mixin.py:109} INFO - [2022-11-25 16:21:15,141] {dag.py:2306} INFO - Setting next_dagrun for example_subdag_operator.section-2 to None
[2022-11-25 16:21:15,155] {logging_mixin.py:109} INFO - [2022-11-25 16:21:15,155] {dag.py:1833} INFO - Sync 2 DAGs
[2022-11-25 16:21:15,171] {logging_mixin.py:109} INFO - [2022-11-25 16:21:15,171] {dag.py:2306} INFO - Setting next_dagrun for example_subdag_operator.section-1 to None
[2022-11-25 16:21:15,172] {logging_mixin.py:109} INFO - [2022-11-25 16:21:15,172] {dag.py:2306} INFO - Setting next_dagrun for example_subdag_operator.section-2 to None
[2022-11-25 16:21:15,182] {processor.py:170} INFO - Processing /home/airflow/.local/lib/python3.6/site-packages/airflow/example_dags/example_subdag_operator.py took 0.170 seconds
[2022-11-25 16:21:46,053] {processor.py:162} INFO - Started process (PID=1074) to work on /home/airflow/.local/lib/python3.6/site-packages/airflow/example_dags/example_subdag_operator.py
[2022-11-25 16:21:46,057] {processor.py:613} INFO - Processing file /home/airflow/.local/lib/python3.6/site-packages/airflow/example_dags/example_subdag_operator.py for tasks to queue
[2022-11-25 16:21:46,058] {logging_mixin.py:109} INFO - [2022-11-25 16:21:46,058] {dagbag.py:496} INFO - Filling up the DagBag from /home/airflow/.local/lib/python3.6/site-packages/airflow/example_dags/example_subdag_operator.py
[2022-11-25 16:21:46,115] {processor.py:623} INFO - DAG(s) dict_keys(['example_subdag_operator.section-1', 'example_subdag_operator.section-2', 'example_subdag_operator']) retrieved from /home/airflow/.local/lib/python3.6/site-packages/airflow/example_dags/example_subdag_operator.py
[2022-11-25 16:21:46,148] {logging_mixin.py:109} INFO - [2022-11-25 16:21:46,148] {dag.py:1833} INFO - Sync 3 DAGs
[2022-11-25 16:21:46,172] {logging_mixin.py:109} INFO - [2022-11-25 16:21:46,171] {dag.py:2306} INFO - Setting next_dagrun for example_subdag_operator to 2022-11-23 00:00:00+00:00
[2022-11-25 16:21:46,174] {logging_mixin.py:109} INFO - [2022-11-25 16:21:46,173] {dag.py:2306} INFO - Setting next_dagrun for example_subdag_operator.section-1 to None
[2022-11-25 16:21:46,175] {logging_mixin.py:109} INFO - [2022-11-25 16:21:46,174] {dag.py:2306} INFO - Setting next_dagrun for example_subdag_operator.section-2 to None
[2022-11-25 16:21:46,189] {logging_mixin.py:109} INFO - [2022-11-25 16:21:46,189] {dag.py:1833} INFO - Sync 2 DAGs
[2022-11-25 16:21:46,207] {logging_mixin.py:109} INFO - [2022-11-25 16:21:46,207] {dag.py:2306} INFO - Setting next_dagrun for example_subdag_operator.section-1 to None
[2022-11-25 16:21:46,208] {logging_mixin.py:109} INFO - [2022-11-25 16:21:46,208] {dag.py:2306} INFO - Setting next_dagrun for example_subdag_operator.section-2 to None
[2022-11-25 16:21:46,218] {processor.py:170} INFO - Processing /home/airflow/.local/lib/python3.6/site-packages/airflow/example_dags/example_subdag_operator.py took 0.171 seconds
[2022-11-25 16:22:16,600] {processor.py:162} INFO - Started process (PID=1175) to work on /home/airflow/.local/lib/python3.6/site-packages/airflow/example_dags/example_subdag_operator.py
[2022-11-25 16:22:16,608] {processor.py:613} INFO - Processing file /home/airflow/.local/lib/python3.6/site-packages/airflow/example_dags/example_subdag_operator.py for tasks to queue
[2022-11-25 16:22:16,611] {logging_mixin.py:109} INFO - [2022-11-25 16:22:16,611] {dagbag.py:496} INFO - Filling up the DagBag from /home/airflow/.local/lib/python3.6/site-packages/airflow/example_dags/example_subdag_operator.py
[2022-11-25 16:22:16,671] {processor.py:623} INFO - DAG(s) dict_keys(['example_subdag_operator.section-1', 'example_subdag_operator.section-2', 'example_subdag_operator']) retrieved from /home/airflow/.local/lib/python3.6/site-packages/airflow/example_dags/example_subdag_operator.py
[2022-11-25 16:22:16,705] {logging_mixin.py:109} INFO - [2022-11-25 16:22:16,705] {dag.py:1833} INFO - Sync 3 DAGs
[2022-11-25 16:22:16,731] {logging_mixin.py:109} INFO - [2022-11-25 16:22:16,730] {dag.py:2306} INFO - Setting next_dagrun for example_subdag_operator to 2022-11-23 00:00:00+00:00
[2022-11-25 16:22:16,733] {logging_mixin.py:109} INFO - [2022-11-25 16:22:16,733] {dag.py:2306} INFO - Setting next_dagrun for example_subdag_operator.section-1 to None
[2022-11-25 16:22:16,734] {logging_mixin.py:109} INFO - [2022-11-25 16:22:16,734] {dag.py:2306} INFO - Setting next_dagrun for example_subdag_operator.section-2 to None
[2022-11-25 16:22:16,749] {logging_mixin.py:109} INFO - [2022-11-25 16:22:16,749] {dag.py:1833} INFO - Sync 2 DAGs
[2022-11-25 16:22:16,767] {logging_mixin.py:109} INFO - [2022-11-25 16:22:16,767] {dag.py:2306} INFO - Setting next_dagrun for example_subdag_operator.section-1 to None
[2022-11-25 16:22:16,768] {logging_mixin.py:109} INFO - [2022-11-25 16:22:16,768] {dag.py:2306} INFO - Setting next_dagrun for example_subdag_operator.section-2 to None
[2022-11-25 16:22:16,778] {processor.py:170} INFO - Processing /home/airflow/.local/lib/python3.6/site-packages/airflow/example_dags/example_subdag_operator.py took 0.185 seconds
[2022-11-25 16:22:46,959] {processor.py:162} INFO - Started process (PID=1275) to work on /home/airflow/.local/lib/python3.6/site-packages/airflow/example_dags/example_subdag_operator.py
[2022-11-25 16:22:46,961] {processor.py:613} INFO - Processing file /home/airflow/.local/lib/python3.6/site-packages/airflow/example_dags/example_subdag_operator.py for tasks to queue
[2022-11-25 16:22:46,963] {logging_mixin.py:109} INFO - [2022-11-25 16:22:46,962] {dagbag.py:496} INFO - Filling up the DagBag from /home/airflow/.local/lib/python3.6/site-packages/airflow/example_dags/example_subdag_operator.py
[2022-11-25 16:22:47,023] {processor.py:623} INFO - DAG(s) dict_keys(['example_subdag_operator.section-1', 'example_subdag_operator.section-2', 'example_subdag_operator']) retrieved from /home/airflow/.local/lib/python3.6/site-packages/airflow/example_dags/example_subdag_operator.py
[2022-11-25 16:22:47,059] {logging_mixin.py:109} INFO - [2022-11-25 16:22:47,059] {dag.py:1833} INFO - Sync 3 DAGs
[2022-11-25 16:22:47,088] {logging_mixin.py:109} INFO - [2022-11-25 16:22:47,087] {dag.py:2306} INFO - Setting next_dagrun for example_subdag_operator to 2022-11-23 00:00:00+00:00
[2022-11-25 16:22:47,091] {logging_mixin.py:109} INFO - [2022-11-25 16:22:47,090] {dag.py:2306} INFO - Setting next_dagrun for example_subdag_operator.section-1 to None
[2022-11-25 16:22:47,092] {logging_mixin.py:109} INFO - [2022-11-25 16:22:47,092] {dag.py:2306} INFO - Setting next_dagrun for example_subdag_operator.section-2 to None
[2022-11-25 16:22:47,111] {logging_mixin.py:109} INFO - [2022-11-25 16:22:47,111] {dag.py:1833} INFO - Sync 2 DAGs
[2022-11-25 16:22:47,138] {logging_mixin.py:109} INFO - [2022-11-25 16:22:47,138] {dag.py:2306} INFO - Setting next_dagrun for example_subdag_operator.section-1 to None
[2022-11-25 16:22:47,140] {logging_mixin.py:109} INFO - [2022-11-25 16:22:47,140] {dag.py:2306} INFO - Setting next_dagrun for example_subdag_operator.section-2 to None
[2022-11-25 16:22:47,152] {processor.py:170} INFO - Processing /home/airflow/.local/lib/python3.6/site-packages/airflow/example_dags/example_subdag_operator.py took 0.198 seconds
[2022-11-25 16:23:17,243] {processor.py:162} INFO - Started process (PID=1370) to work on /home/airflow/.local/lib/python3.6/site-packages/airflow/example_dags/example_subdag_operator.py
[2022-11-25 16:23:17,246] {processor.py:613} INFO - Processing file /home/airflow/.local/lib/python3.6/site-packages/airflow/example_dags/example_subdag_operator.py for tasks to queue
[2022-11-25 16:23:17,247] {logging_mixin.py:109} INFO - [2022-11-25 16:23:17,247] {dagbag.py:496} INFO - Filling up the DagBag from /home/airflow/.local/lib/python3.6/site-packages/airflow/example_dags/example_subdag_operator.py
[2022-11-25 16:23:17,308] {processor.py:623} INFO - DAG(s) dict_keys(['example_subdag_operator.section-1', 'example_subdag_operator.section-2', 'example_subdag_operator']) retrieved from /home/airflow/.local/lib/python3.6/site-packages/airflow/example_dags/example_subdag_operator.py
[2022-11-25 16:23:17,344] {logging_mixin.py:109} INFO - [2022-11-25 16:23:17,344] {dag.py:1833} INFO - Sync 3 DAGs
[2022-11-25 16:23:17,370] {logging_mixin.py:109} INFO - [2022-11-25 16:23:17,369] {dag.py:2306} INFO - Setting next_dagrun for example_subdag_operator to 2022-11-23 00:00:00+00:00
[2022-11-25 16:23:17,372] {logging_mixin.py:109} INFO - [2022-11-25 16:23:17,372] {dag.py:2306} INFO - Setting next_dagrun for example_subdag_operator.section-1 to None
[2022-11-25 16:23:17,373] {logging_mixin.py:109} INFO - [2022-11-25 16:23:17,373] {dag.py:2306} INFO - Setting next_dagrun for example_subdag_operator.section-2 to None
[2022-11-25 16:23:17,388] {logging_mixin.py:109} INFO - [2022-11-25 16:23:17,388] {dag.py:1833} INFO - Sync 2 DAGs
[2022-11-25 16:23:17,406] {logging_mixin.py:109} INFO - [2022-11-25 16:23:17,406] {dag.py:2306} INFO - Setting next_dagrun for example_subdag_operator.section-1 to None
[2022-11-25 16:23:17,407] {logging_mixin.py:109} INFO - [2022-11-25 16:23:17,407] {dag.py:2306} INFO - Setting next_dagrun for example_subdag_operator.section-2 to None
[2022-11-25 16:23:17,419] {processor.py:170} INFO - Processing /home/airflow/.local/lib/python3.6/site-packages/airflow/example_dags/example_subdag_operator.py took 0.182 seconds
[2022-11-25 16:23:48,164] {processor.py:162} INFO - Started process (PID=1464) to work on /home/airflow/.local/lib/python3.6/site-packages/airflow/example_dags/example_subdag_operator.py
[2022-11-25 16:23:48,167] {processor.py:613} INFO - Processing file /home/airflow/.local/lib/python3.6/site-packages/airflow/example_dags/example_subdag_operator.py for tasks to queue
[2022-11-25 16:23:48,169] {logging_mixin.py:109} INFO - [2022-11-25 16:23:48,169] {dagbag.py:496} INFO - Filling up the DagBag from /home/airflow/.local/lib/python3.6/site-packages/airflow/example_dags/example_subdag_operator.py
[2022-11-25 16:23:48,233] {processor.py:623} INFO - DAG(s) dict_keys(['example_subdag_operator.section-1', 'example_subdag_operator.section-2', 'example_subdag_operator']) retrieved from /home/airflow/.local/lib/python3.6/site-packages/airflow/example_dags/example_subdag_operator.py
[2022-11-25 16:23:48,283] {logging_mixin.py:109} INFO - [2022-11-25 16:23:48,283] {dag.py:1833} INFO - Sync 3 DAGs
[2022-11-25 16:23:48,328] {logging_mixin.py:109} INFO - [2022-11-25 16:23:48,328] {dag.py:2306} INFO - Setting next_dagrun for example_subdag_operator to 2022-11-23 00:00:00+00:00
[2022-11-25 16:23:48,331] {logging_mixin.py:109} INFO - [2022-11-25 16:23:48,331] {dag.py:2306} INFO - Setting next_dagrun for example_subdag_operator.section-1 to None
[2022-11-25 16:23:48,333] {logging_mixin.py:109} INFO - [2022-11-25 16:23:48,333] {dag.py:2306} INFO - Setting next_dagrun for example_subdag_operator.section-2 to None
[2022-11-25 16:23:48,360] {logging_mixin.py:109} INFO - [2022-11-25 16:23:48,360] {dag.py:1833} INFO - Sync 2 DAGs
[2022-11-25 16:23:48,390] {logging_mixin.py:109} INFO - [2022-11-25 16:23:48,389] {dag.py:2306} INFO - Setting next_dagrun for example_subdag_operator.section-1 to None
[2022-11-25 16:23:48,391] {logging_mixin.py:109} INFO - [2022-11-25 16:23:48,391] {dag.py:2306} INFO - Setting next_dagrun for example_subdag_operator.section-2 to None
[2022-11-25 16:23:48,407] {processor.py:170} INFO - Processing /home/airflow/.local/lib/python3.6/site-packages/airflow/example_dags/example_subdag_operator.py took 0.248 seconds
[2022-11-25 16:24:24,824] {processor.py:162} INFO - Started process (PID=1556) to work on /home/airflow/.local/lib/python3.6/site-packages/airflow/example_dags/example_subdag_operator.py
[2022-11-25 16:24:24,897] {processor.py:613} INFO - Processing file /home/airflow/.local/lib/python3.6/site-packages/airflow/example_dags/example_subdag_operator.py for tasks to queue
[2022-11-25 16:24:24,922] {logging_mixin.py:109} INFO - [2022-11-25 16:24:24,920] {dagbag.py:496} INFO - Filling up the DagBag from /home/airflow/.local/lib/python3.6/site-packages/airflow/example_dags/example_subdag_operator.py
[2022-11-25 16:24:25,319] {processor.py:623} INFO - DAG(s) dict_keys(['example_subdag_operator.section-1', 'example_subdag_operator.section-2', 'example_subdag_operator']) retrieved from /home/airflow/.local/lib/python3.6/site-packages/airflow/example_dags/example_subdag_operator.py
[2022-11-25 16:24:25,529] {logging_mixin.py:109} INFO - [2022-11-25 16:24:25,523] {dag.py:1833} INFO - Sync 3 DAGs
[2022-11-25 16:24:25,775] {logging_mixin.py:109} INFO - [2022-11-25 16:24:25,773] {dag.py:2306} INFO - Setting next_dagrun for example_subdag_operator to 2022-11-23 00:00:00+00:00
[2022-11-25 16:24:25,785] {logging_mixin.py:109} INFO - [2022-11-25 16:24:25,784] {dag.py:2306} INFO - Setting next_dagrun for example_subdag_operator.section-1 to None
[2022-11-25 16:24:25,801] {logging_mixin.py:109} INFO - [2022-11-25 16:24:25,799] {dag.py:2306} INFO - Setting next_dagrun for example_subdag_operator.section-2 to None
[2022-11-25 16:24:25,892] {logging_mixin.py:109} INFO - [2022-11-25 16:24:25,891] {dag.py:1833} INFO - Sync 2 DAGs
[2022-11-25 16:24:26,077] {logging_mixin.py:109} INFO - [2022-11-25 16:24:26,076] {dag.py:2306} INFO - Setting next_dagrun for example_subdag_operator.section-1 to None
[2022-11-25 16:24:26,088] {logging_mixin.py:109} INFO - [2022-11-25 16:24:26,085] {dag.py:2306} INFO - Setting next_dagrun for example_subdag_operator.section-2 to None
[2022-11-25 16:24:26,217] {processor.py:170} INFO - Processing /home/airflow/.local/lib/python3.6/site-packages/airflow/example_dags/example_subdag_operator.py took 1.450 seconds
[2022-11-25 16:24:56,974] {processor.py:162} INFO - Started process (PID=1654) to work on /home/airflow/.local/lib/python3.6/site-packages/airflow/example_dags/example_subdag_operator.py
[2022-11-25 16:24:56,977] {processor.py:613} INFO - Processing file /home/airflow/.local/lib/python3.6/site-packages/airflow/example_dags/example_subdag_operator.py for tasks to queue
[2022-11-25 16:24:56,979] {logging_mixin.py:109} INFO - [2022-11-25 16:24:56,978] {dagbag.py:496} INFO - Filling up the DagBag from /home/airflow/.local/lib/python3.6/site-packages/airflow/example_dags/example_subdag_operator.py
[2022-11-25 16:24:57,044] {processor.py:623} INFO - DAG(s) dict_keys(['example_subdag_operator.section-1', 'example_subdag_operator.section-2', 'example_subdag_operator']) retrieved from /home/airflow/.local/lib/python3.6/site-packages/airflow/example_dags/example_subdag_operator.py
[2022-11-25 16:24:57,082] {logging_mixin.py:109} INFO - [2022-11-25 16:24:57,082] {dag.py:1833} INFO - Sync 3 DAGs
[2022-11-25 16:24:57,111] {logging_mixin.py:109} INFO - [2022-11-25 16:24:57,110] {dag.py:2306} INFO - Setting next_dagrun for example_subdag_operator to 2022-11-23 00:00:00+00:00
[2022-11-25 16:24:57,113] {logging_mixin.py:109} INFO - [2022-11-25 16:24:57,113] {dag.py:2306} INFO - Setting next_dagrun for example_subdag_operator.section-1 to None
[2022-11-25 16:24:57,114] {logging_mixin.py:109} INFO - [2022-11-25 16:24:57,114] {dag.py:2306} INFO - Setting next_dagrun for example_subdag_operator.section-2 to None
[2022-11-25 16:24:57,131] {logging_mixin.py:109} INFO - [2022-11-25 16:24:57,131] {dag.py:1833} INFO - Sync 2 DAGs
[2022-11-25 16:24:57,149] {logging_mixin.py:109} INFO - [2022-11-25 16:24:57,149] {dag.py:2306} INFO - Setting next_dagrun for example_subdag_operator.section-1 to None
[2022-11-25 16:24:57,150] {logging_mixin.py:109} INFO - [2022-11-25 16:24:57,150] {dag.py:2306} INFO - Setting next_dagrun for example_subdag_operator.section-2 to None
[2022-11-25 16:24:57,162] {processor.py:170} INFO - Processing /home/airflow/.local/lib/python3.6/site-packages/airflow/example_dags/example_subdag_operator.py took 0.194 seconds
