[2022-11-25 16:16:33,049] {processor.py:162} INFO - Started process (PID=281) to work on /home/airflow/.local/lib/python3.6/site-packages/airflow/example_dags/example_short_circuit_operator.py
[2022-11-25 16:16:33,052] {processor.py:613} INFO - Processing file /home/airflow/.local/lib/python3.6/site-packages/airflow/example_dags/example_short_circuit_operator.py for tasks to queue
[2022-11-25 16:16:33,054] {logging_mixin.py:109} INFO - [2022-11-25 16:16:33,054] {dagbag.py:496} INFO - Filling up the DagBag from /home/airflow/.local/lib/python3.6/site-packages/airflow/example_dags/example_short_circuit_operator.py
[2022-11-25 16:16:33,094] {processor.py:623} INFO - DAG(s) dict_keys(['example_short_circuit_operator']) retrieved from /home/airflow/.local/lib/python3.6/site-packages/airflow/example_dags/example_short_circuit_operator.py
[2022-11-25 16:16:45,131] {logging_mixin.py:109} INFO - [2022-11-25 16:16:45,114] {dag.py:1833} INFO - Sync 1 DAGs
[2022-11-25 16:16:45,284] {logging_mixin.py:109} INFO - [2022-11-25 16:16:45,277] {dag.py:1852} INFO - Creating ORM DAG for example_short_circuit_operator
[2022-11-25 16:16:45,326] {logging_mixin.py:109} INFO - [2022-11-25 16:16:45,325] {dag.py:2306} INFO - Setting next_dagrun for example_short_circuit_operator to 2022-11-23 00:00:00+00:00
[2022-11-25 16:16:45,394] {processor.py:170} INFO - Processing /home/airflow/.local/lib/python3.6/site-packages/airflow/example_dags/example_short_circuit_operator.py took 12.351 seconds
[2022-11-25 16:19:12,688] {processor.py:162} INFO - Started process (PID=589) to work on /home/airflow/.local/lib/python3.6/site-packages/airflow/example_dags/example_short_circuit_operator.py
[2022-11-25 16:19:12,694] {processor.py:613} INFO - Processing file /home/airflow/.local/lib/python3.6/site-packages/airflow/example_dags/example_short_circuit_operator.py for tasks to queue
[2022-11-25 16:19:12,699] {logging_mixin.py:109} INFO - [2022-11-25 16:19:12,698] {dagbag.py:496} INFO - Filling up the DagBag from /home/airflow/.local/lib/python3.6/site-packages/airflow/example_dags/example_short_circuit_operator.py
[2022-11-25 16:19:12,778] {processor.py:623} INFO - DAG(s) dict_keys(['example_short_circuit_operator']) retrieved from /home/airflow/.local/lib/python3.6/site-packages/airflow/example_dags/example_short_circuit_operator.py
[2022-11-25 16:19:12,876] {logging_mixin.py:109} INFO - [2022-11-25 16:19:12,875] {dag.py:1833} INFO - Sync 1 DAGs
[2022-11-25 16:19:12,934] {logging_mixin.py:109} INFO - [2022-11-25 16:19:12,933] {dag.py:2306} INFO - Setting next_dagrun for example_short_circuit_operator to 2022-11-23 00:00:00+00:00
[2022-11-25 16:19:12,965] {processor.py:170} INFO - Processing /home/airflow/.local/lib/python3.6/site-packages/airflow/example_dags/example_short_circuit_operator.py took 0.291 seconds
[2022-11-25 16:19:43,265] {processor.py:162} INFO - Started process (PID=689) to work on /home/airflow/.local/lib/python3.6/site-packages/airflow/example_dags/example_short_circuit_operator.py
[2022-11-25 16:19:43,268] {processor.py:613} INFO - Processing file /home/airflow/.local/lib/python3.6/site-packages/airflow/example_dags/example_short_circuit_operator.py for tasks to queue
[2022-11-25 16:19:43,270] {logging_mixin.py:109} INFO - [2022-11-25 16:19:43,270] {dagbag.py:496} INFO - Filling up the DagBag from /home/airflow/.local/lib/python3.6/site-packages/airflow/example_dags/example_short_circuit_operator.py
[2022-11-25 16:19:43,313] {processor.py:623} INFO - DAG(s) dict_keys(['example_short_circuit_operator']) retrieved from /home/airflow/.local/lib/python3.6/site-packages/airflow/example_dags/example_short_circuit_operator.py
[2022-11-25 16:19:43,368] {logging_mixin.py:109} INFO - [2022-11-25 16:19:43,367] {dag.py:1833} INFO - Sync 1 DAGs
[2022-11-25 16:19:43,400] {logging_mixin.py:109} INFO - [2022-11-25 16:19:43,399] {dag.py:2306} INFO - Setting next_dagrun for example_short_circuit_operator to 2022-11-23 00:00:00+00:00
[2022-11-25 16:19:43,423] {processor.py:170} INFO - Processing /home/airflow/.local/lib/python3.6/site-packages/airflow/example_dags/example_short_circuit_operator.py took 0.165 seconds
[2022-11-25 16:20:14,161] {processor.py:162} INFO - Started process (PID=789) to work on /home/airflow/.local/lib/python3.6/site-packages/airflow/example_dags/example_short_circuit_operator.py
[2022-11-25 16:20:14,168] {processor.py:613} INFO - Processing file /home/airflow/.local/lib/python3.6/site-packages/airflow/example_dags/example_short_circuit_operator.py for tasks to queue
[2022-11-25 16:20:14,170] {logging_mixin.py:109} INFO - [2022-11-25 16:20:14,170] {dagbag.py:496} INFO - Filling up the DagBag from /home/airflow/.local/lib/python3.6/site-packages/airflow/example_dags/example_short_circuit_operator.py
[2022-11-25 16:20:14,202] {processor.py:623} INFO - DAG(s) dict_keys(['example_short_circuit_operator']) retrieved from /home/airflow/.local/lib/python3.6/site-packages/airflow/example_dags/example_short_circuit_operator.py
[2022-11-25 16:20:14,244] {logging_mixin.py:109} INFO - [2022-11-25 16:20:14,244] {dag.py:1833} INFO - Sync 1 DAGs
[2022-11-25 16:20:14,270] {logging_mixin.py:109} INFO - [2022-11-25 16:20:14,270] {dag.py:2306} INFO - Setting next_dagrun for example_short_circuit_operator to 2022-11-23 00:00:00+00:00
[2022-11-25 16:20:14,288] {processor.py:170} INFO - Processing /home/airflow/.local/lib/python3.6/site-packages/airflow/example_dags/example_short_circuit_operator.py took 0.132 seconds
[2022-11-25 16:20:44,477] {processor.py:162} INFO - Started process (PID=886) to work on /home/airflow/.local/lib/python3.6/site-packages/airflow/example_dags/example_short_circuit_operator.py
[2022-11-25 16:20:44,479] {processor.py:613} INFO - Processing file /home/airflow/.local/lib/python3.6/site-packages/airflow/example_dags/example_short_circuit_operator.py for tasks to queue
[2022-11-25 16:20:44,481] {logging_mixin.py:109} INFO - [2022-11-25 16:20:44,481] {dagbag.py:496} INFO - Filling up the DagBag from /home/airflow/.local/lib/python3.6/site-packages/airflow/example_dags/example_short_circuit_operator.py
[2022-11-25 16:20:44,511] {processor.py:623} INFO - DAG(s) dict_keys(['example_short_circuit_operator']) retrieved from /home/airflow/.local/lib/python3.6/site-packages/airflow/example_dags/example_short_circuit_operator.py
[2022-11-25 16:20:44,553] {logging_mixin.py:109} INFO - [2022-11-25 16:20:44,553] {dag.py:1833} INFO - Sync 1 DAGs
[2022-11-25 16:20:44,578] {logging_mixin.py:109} INFO - [2022-11-25 16:20:44,577] {dag.py:2306} INFO - Setting next_dagrun for example_short_circuit_operator to 2022-11-23 00:00:00+00:00
[2022-11-25 16:20:44,594] {processor.py:170} INFO - Processing /home/airflow/.local/lib/python3.6/site-packages/airflow/example_dags/example_short_circuit_operator.py took 0.123 seconds
[2022-11-25 16:21:14,720] {processor.py:162} INFO - Started process (PID=970) to work on /home/airflow/.local/lib/python3.6/site-packages/airflow/example_dags/example_short_circuit_operator.py
[2022-11-25 16:21:14,722] {processor.py:613} INFO - Processing file /home/airflow/.local/lib/python3.6/site-packages/airflow/example_dags/example_short_circuit_operator.py for tasks to queue
[2022-11-25 16:21:14,724] {logging_mixin.py:109} INFO - [2022-11-25 16:21:14,724] {dagbag.py:496} INFO - Filling up the DagBag from /home/airflow/.local/lib/python3.6/site-packages/airflow/example_dags/example_short_circuit_operator.py
[2022-11-25 16:21:14,753] {processor.py:623} INFO - DAG(s) dict_keys(['example_short_circuit_operator']) retrieved from /home/airflow/.local/lib/python3.6/site-packages/airflow/example_dags/example_short_circuit_operator.py
[2022-11-25 16:21:14,797] {logging_mixin.py:109} INFO - [2022-11-25 16:21:14,796] {dag.py:1833} INFO - Sync 1 DAGs
[2022-11-25 16:21:14,821] {logging_mixin.py:109} INFO - [2022-11-25 16:21:14,820] {dag.py:2306} INFO - Setting next_dagrun for example_short_circuit_operator to 2022-11-23 00:00:00+00:00
[2022-11-25 16:21:14,838] {processor.py:170} INFO - Processing /home/airflow/.local/lib/python3.6/site-packages/airflow/example_dags/example_short_circuit_operator.py took 0.123 seconds
[2022-11-25 16:21:44,871] {processor.py:162} INFO - Started process (PID=1068) to work on /home/airflow/.local/lib/python3.6/site-packages/airflow/example_dags/example_short_circuit_operator.py
[2022-11-25 16:21:44,874] {processor.py:613} INFO - Processing file /home/airflow/.local/lib/python3.6/site-packages/airflow/example_dags/example_short_circuit_operator.py for tasks to queue
[2022-11-25 16:21:44,875] {logging_mixin.py:109} INFO - [2022-11-25 16:21:44,875] {dagbag.py:496} INFO - Filling up the DagBag from /home/airflow/.local/lib/python3.6/site-packages/airflow/example_dags/example_short_circuit_operator.py
[2022-11-25 16:21:44,905] {processor.py:623} INFO - DAG(s) dict_keys(['example_short_circuit_operator']) retrieved from /home/airflow/.local/lib/python3.6/site-packages/airflow/example_dags/example_short_circuit_operator.py
[2022-11-25 16:21:44,948] {logging_mixin.py:109} INFO - [2022-11-25 16:21:44,947] {dag.py:1833} INFO - Sync 1 DAGs
[2022-11-25 16:21:44,973] {logging_mixin.py:109} INFO - [2022-11-25 16:21:44,972] {dag.py:2306} INFO - Setting next_dagrun for example_short_circuit_operator to 2022-11-23 00:00:00+00:00
[2022-11-25 16:21:44,990] {processor.py:170} INFO - Processing /home/airflow/.local/lib/python3.6/site-packages/airflow/example_dags/example_short_circuit_operator.py took 0.124 seconds
[2022-11-25 16:22:15,331] {processor.py:162} INFO - Started process (PID=1167) to work on /home/airflow/.local/lib/python3.6/site-packages/airflow/example_dags/example_short_circuit_operator.py
[2022-11-25 16:22:15,335] {processor.py:613} INFO - Processing file /home/airflow/.local/lib/python3.6/site-packages/airflow/example_dags/example_short_circuit_operator.py for tasks to queue
[2022-11-25 16:22:15,336] {logging_mixin.py:109} INFO - [2022-11-25 16:22:15,336] {dagbag.py:496} INFO - Filling up the DagBag from /home/airflow/.local/lib/python3.6/site-packages/airflow/example_dags/example_short_circuit_operator.py
[2022-11-25 16:22:15,368] {processor.py:623} INFO - DAG(s) dict_keys(['example_short_circuit_operator']) retrieved from /home/airflow/.local/lib/python3.6/site-packages/airflow/example_dags/example_short_circuit_operator.py
[2022-11-25 16:22:15,409] {logging_mixin.py:109} INFO - [2022-11-25 16:22:15,408] {dag.py:1833} INFO - Sync 1 DAGs
[2022-11-25 16:22:15,434] {logging_mixin.py:109} INFO - [2022-11-25 16:22:15,434] {dag.py:2306} INFO - Setting next_dagrun for example_short_circuit_operator to 2022-11-23 00:00:00+00:00
[2022-11-25 16:22:15,452] {processor.py:170} INFO - Processing /home/airflow/.local/lib/python3.6/site-packages/airflow/example_dags/example_short_circuit_operator.py took 0.126 seconds
[2022-11-25 16:22:45,711] {processor.py:162} INFO - Started process (PID=1267) to work on /home/airflow/.local/lib/python3.6/site-packages/airflow/example_dags/example_short_circuit_operator.py
[2022-11-25 16:22:45,715] {processor.py:613} INFO - Processing file /home/airflow/.local/lib/python3.6/site-packages/airflow/example_dags/example_short_circuit_operator.py for tasks to queue
[2022-11-25 16:22:45,727] {logging_mixin.py:109} INFO - [2022-11-25 16:22:45,726] {dagbag.py:496} INFO - Filling up the DagBag from /home/airflow/.local/lib/python3.6/site-packages/airflow/example_dags/example_short_circuit_operator.py
[2022-11-25 16:22:45,775] {processor.py:623} INFO - DAG(s) dict_keys(['example_short_circuit_operator']) retrieved from /home/airflow/.local/lib/python3.6/site-packages/airflow/example_dags/example_short_circuit_operator.py
[2022-11-25 16:22:45,822] {logging_mixin.py:109} INFO - [2022-11-25 16:22:45,822] {dag.py:1833} INFO - Sync 1 DAGs
[2022-11-25 16:22:45,850] {logging_mixin.py:109} INFO - [2022-11-25 16:22:45,850] {dag.py:2306} INFO - Setting next_dagrun for example_short_circuit_operator to 2022-11-23 00:00:00+00:00
[2022-11-25 16:22:45,870] {processor.py:170} INFO - Processing /home/airflow/.local/lib/python3.6/site-packages/airflow/example_dags/example_short_circuit_operator.py took 0.165 seconds
[2022-11-25 16:23:16,011] {processor.py:162} INFO - Started process (PID=1364) to work on /home/airflow/.local/lib/python3.6/site-packages/airflow/example_dags/example_short_circuit_operator.py
[2022-11-25 16:23:16,021] {processor.py:613} INFO - Processing file /home/airflow/.local/lib/python3.6/site-packages/airflow/example_dags/example_short_circuit_operator.py for tasks to queue
[2022-11-25 16:23:16,024] {logging_mixin.py:109} INFO - [2022-11-25 16:23:16,024] {dagbag.py:496} INFO - Filling up the DagBag from /home/airflow/.local/lib/python3.6/site-packages/airflow/example_dags/example_short_circuit_operator.py
[2022-11-25 16:23:16,061] {processor.py:623} INFO - DAG(s) dict_keys(['example_short_circuit_operator']) retrieved from /home/airflow/.local/lib/python3.6/site-packages/airflow/example_dags/example_short_circuit_operator.py
[2022-11-25 16:23:16,120] {logging_mixin.py:109} INFO - [2022-11-25 16:23:16,120] {dag.py:1833} INFO - Sync 1 DAGs
[2022-11-25 16:23:16,146] {logging_mixin.py:109} INFO - [2022-11-25 16:23:16,145] {dag.py:2306} INFO - Setting next_dagrun for example_short_circuit_operator to 2022-11-23 00:00:00+00:00
[2022-11-25 16:23:16,164] {processor.py:170} INFO - Processing /home/airflow/.local/lib/python3.6/site-packages/airflow/example_dags/example_short_circuit_operator.py took 0.158 seconds
[2022-11-25 16:23:46,995] {processor.py:162} INFO - Started process (PID=1448) to work on /home/airflow/.local/lib/python3.6/site-packages/airflow/example_dags/example_short_circuit_operator.py
[2022-11-25 16:23:46,998] {processor.py:613} INFO - Processing file /home/airflow/.local/lib/python3.6/site-packages/airflow/example_dags/example_short_circuit_operator.py for tasks to queue
[2022-11-25 16:23:47,000] {logging_mixin.py:109} INFO - [2022-11-25 16:23:46,999] {dagbag.py:496} INFO - Filling up the DagBag from /home/airflow/.local/lib/python3.6/site-packages/airflow/example_dags/example_short_circuit_operator.py
[2022-11-25 16:23:47,031] {processor.py:623} INFO - DAG(s) dict_keys(['example_short_circuit_operator']) retrieved from /home/airflow/.local/lib/python3.6/site-packages/airflow/example_dags/example_short_circuit_operator.py
[2022-11-25 16:23:47,074] {logging_mixin.py:109} INFO - [2022-11-25 16:23:47,074] {dag.py:1833} INFO - Sync 1 DAGs
[2022-11-25 16:23:47,100] {logging_mixin.py:109} INFO - [2022-11-25 16:23:47,099] {dag.py:2306} INFO - Setting next_dagrun for example_short_circuit_operator to 2022-11-23 00:00:00+00:00
[2022-11-25 16:23:47,119] {processor.py:170} INFO - Processing /home/airflow/.local/lib/python3.6/site-packages/airflow/example_dags/example_short_circuit_operator.py took 0.129 seconds
[2022-11-25 16:24:18,109] {processor.py:162} INFO - Started process (PID=1548) to work on /home/airflow/.local/lib/python3.6/site-packages/airflow/example_dags/example_short_circuit_operator.py
[2022-11-25 16:24:18,118] {processor.py:613} INFO - Processing file /home/airflow/.local/lib/python3.6/site-packages/airflow/example_dags/example_short_circuit_operator.py for tasks to queue
[2022-11-25 16:24:18,125] {logging_mixin.py:109} INFO - [2022-11-25 16:24:18,123] {dagbag.py:496} INFO - Filling up the DagBag from /home/airflow/.local/lib/python3.6/site-packages/airflow/example_dags/example_short_circuit_operator.py
[2022-11-25 16:24:18,447] {processor.py:623} INFO - DAG(s) dict_keys(['example_short_circuit_operator']) retrieved from /home/airflow/.local/lib/python3.6/site-packages/airflow/example_dags/example_short_circuit_operator.py
[2022-11-25 16:24:20,171] {logging_mixin.py:109} INFO - [2022-11-25 16:24:20,157] {dag.py:1833} INFO - Sync 1 DAGs
[2022-11-25 16:24:21,147] {logging_mixin.py:109} INFO - [2022-11-25 16:24:21,117] {dag.py:2306} INFO - Setting next_dagrun for example_short_circuit_operator to 2022-11-23 00:00:00+00:00
[2022-11-25 16:24:21,809] {processor.py:170} INFO - Processing /home/airflow/.local/lib/python3.6/site-packages/airflow/example_dags/example_short_circuit_operator.py took 3.714 seconds
[2022-11-25 16:24:52,681] {processor.py:162} INFO - Started process (PID=1648) to work on /home/airflow/.local/lib/python3.6/site-packages/airflow/example_dags/example_short_circuit_operator.py
[2022-11-25 16:24:52,685] {processor.py:613} INFO - Processing file /home/airflow/.local/lib/python3.6/site-packages/airflow/example_dags/example_short_circuit_operator.py for tasks to queue
[2022-11-25 16:24:52,688] {logging_mixin.py:109} INFO - [2022-11-25 16:24:52,688] {dagbag.py:496} INFO - Filling up the DagBag from /home/airflow/.local/lib/python3.6/site-packages/airflow/example_dags/example_short_circuit_operator.py
[2022-11-25 16:24:52,732] {processor.py:623} INFO - DAG(s) dict_keys(['example_short_circuit_operator']) retrieved from /home/airflow/.local/lib/python3.6/site-packages/airflow/example_dags/example_short_circuit_operator.py
[2022-11-25 16:24:52,791] {logging_mixin.py:109} INFO - [2022-11-25 16:24:52,791] {dag.py:1833} INFO - Sync 1 DAGs
[2022-11-25 16:24:52,826] {logging_mixin.py:109} INFO - [2022-11-25 16:24:52,826] {dag.py:2306} INFO - Setting next_dagrun for example_short_circuit_operator to 2022-11-23 00:00:00+00:00
[2022-11-25 16:24:52,852] {processor.py:170} INFO - Processing /home/airflow/.local/lib/python3.6/site-packages/airflow/example_dags/example_short_circuit_operator.py took 0.179 seconds
