[2022-11-25 16:17:58,059] {processor.py:162} INFO - Started process (PID=447) to work on /home/airflow/.local/lib/python3.6/site-packages/airflow/example_dags/example_branch_python_dop_operator_3.py
[2022-11-25 16:17:58,064] {processor.py:613} INFO - Processing file /home/airflow/.local/lib/python3.6/site-packages/airflow/example_dags/example_branch_python_dop_operator_3.py for tasks to queue
[2022-11-25 16:17:58,067] {logging_mixin.py:109} INFO - [2022-11-25 16:17:58,066] {dagbag.py:496} INFO - Filling up the DagBag from /home/airflow/.local/lib/python3.6/site-packages/airflow/example_dags/example_branch_python_dop_operator_3.py
[2022-11-25 16:17:58,145] {processor.py:623} INFO - DAG(s) dict_keys(['example_branch_dop_operator_v3']) retrieved from /home/airflow/.local/lib/python3.6/site-packages/airflow/example_dags/example_branch_python_dop_operator_3.py
[2022-11-25 16:18:13,548] {logging_mixin.py:109} INFO - [2022-11-25 16:18:13,542] {dag.py:1833} INFO - Sync 1 DAGs
[2022-11-25 16:18:13,596] {logging_mixin.py:109} INFO - [2022-11-25 16:18:13,588] {dag.py:1852} INFO - Creating ORM DAG for example_branch_dop_operator_v3
[2022-11-25 16:18:13,897] {logging_mixin.py:109} INFO - [2022-11-25 16:18:13,894] {dag.py:2306} INFO - Setting next_dagrun for example_branch_dop_operator_v3 to 2022-11-23 00:00:00+00:00
[2022-11-25 16:18:13,991] {processor.py:170} INFO - Processing /home/airflow/.local/lib/python3.6/site-packages/airflow/example_dags/example_branch_python_dop_operator_3.py took 15.941 seconds
[2022-11-25 16:19:15,647] {processor.py:162} INFO - Started process (PID=623) to work on /home/airflow/.local/lib/python3.6/site-packages/airflow/example_dags/example_branch_python_dop_operator_3.py
[2022-11-25 16:19:15,655] {processor.py:613} INFO - Processing file /home/airflow/.local/lib/python3.6/site-packages/airflow/example_dags/example_branch_python_dop_operator_3.py for tasks to queue
[2022-11-25 16:19:15,660] {logging_mixin.py:109} INFO - [2022-11-25 16:19:15,659] {dagbag.py:496} INFO - Filling up the DagBag from /home/airflow/.local/lib/python3.6/site-packages/airflow/example_dags/example_branch_python_dop_operator_3.py
[2022-11-25 16:19:15,721] {processor.py:623} INFO - DAG(s) dict_keys(['example_branch_dop_operator_v3']) retrieved from /home/airflow/.local/lib/python3.6/site-packages/airflow/example_dags/example_branch_python_dop_operator_3.py
[2022-11-25 16:19:15,827] {logging_mixin.py:109} INFO - [2022-11-25 16:19:15,827] {dag.py:1833} INFO - Sync 1 DAGs
[2022-11-25 16:19:16,021] {logging_mixin.py:109} INFO - [2022-11-25 16:19:16,020] {dag.py:2306} INFO - Setting next_dagrun for example_branch_dop_operator_v3 to 2022-11-23 00:00:00+00:00
[2022-11-25 16:19:16,070] {processor.py:170} INFO - Processing /home/airflow/.local/lib/python3.6/site-packages/airflow/example_dags/example_branch_python_dop_operator_3.py took 0.433 seconds
[2022-11-25 16:19:46,244] {processor.py:162} INFO - Started process (PID=715) to work on /home/airflow/.local/lib/python3.6/site-packages/airflow/example_dags/example_branch_python_dop_operator_3.py
[2022-11-25 16:19:46,247] {processor.py:613} INFO - Processing file /home/airflow/.local/lib/python3.6/site-packages/airflow/example_dags/example_branch_python_dop_operator_3.py for tasks to queue
[2022-11-25 16:19:46,248] {logging_mixin.py:109} INFO - [2022-11-25 16:19:46,248] {dagbag.py:496} INFO - Filling up the DagBag from /home/airflow/.local/lib/python3.6/site-packages/airflow/example_dags/example_branch_python_dop_operator_3.py
[2022-11-25 16:19:46,284] {processor.py:623} INFO - DAG(s) dict_keys(['example_branch_dop_operator_v3']) retrieved from /home/airflow/.local/lib/python3.6/site-packages/airflow/example_dags/example_branch_python_dop_operator_3.py
[2022-11-25 16:19:46,324] {logging_mixin.py:109} INFO - [2022-11-25 16:19:46,324] {dag.py:1833} INFO - Sync 1 DAGs
[2022-11-25 16:19:46,401] {logging_mixin.py:109} INFO - [2022-11-25 16:19:46,401] {dag.py:2306} INFO - Setting next_dagrun for example_branch_dop_operator_v3 to 2022-11-23 00:00:00+00:00
[2022-11-25 16:19:46,419] {processor.py:170} INFO - Processing /home/airflow/.local/lib/python3.6/site-packages/airflow/example_dags/example_branch_python_dop_operator_3.py took 0.180 seconds
[2022-11-25 16:20:16,982] {processor.py:162} INFO - Started process (PID=813) to work on /home/airflow/.local/lib/python3.6/site-packages/airflow/example_dags/example_branch_python_dop_operator_3.py
[2022-11-25 16:20:16,984] {processor.py:613} INFO - Processing file /home/airflow/.local/lib/python3.6/site-packages/airflow/example_dags/example_branch_python_dop_operator_3.py for tasks to queue
[2022-11-25 16:20:16,986] {logging_mixin.py:109} INFO - [2022-11-25 16:20:16,986] {dagbag.py:496} INFO - Filling up the DagBag from /home/airflow/.local/lib/python3.6/site-packages/airflow/example_dags/example_branch_python_dop_operator_3.py
[2022-11-25 16:20:17,021] {processor.py:623} INFO - DAG(s) dict_keys(['example_branch_dop_operator_v3']) retrieved from /home/airflow/.local/lib/python3.6/site-packages/airflow/example_dags/example_branch_python_dop_operator_3.py
[2022-11-25 16:20:17,069] {logging_mixin.py:109} INFO - [2022-11-25 16:20:17,069] {dag.py:1833} INFO - Sync 1 DAGs
[2022-11-25 16:20:17,136] {logging_mixin.py:109} INFO - [2022-11-25 16:20:17,136] {dag.py:2306} INFO - Setting next_dagrun for example_branch_dop_operator_v3 to 2022-11-23 00:00:00+00:00
[2022-11-25 16:20:17,154] {processor.py:170} INFO - Processing /home/airflow/.local/lib/python3.6/site-packages/airflow/example_dags/example_branch_python_dop_operator_3.py took 0.177 seconds
