[2022-11-25 16:17:44,058] {processor.py:162} INFO - Started process (PID=419) to work on /home/airflow/.local/lib/python3.6/site-packages/airflow/example_dags/tutorial.py
[2022-11-25 16:17:44,063] {processor.py:613} INFO - Processing file /home/airflow/.local/lib/python3.6/site-packages/airflow/example_dags/tutorial.py for tasks to queue
[2022-11-25 16:17:44,066] {logging_mixin.py:109} INFO - [2022-11-25 16:17:44,066] {dagbag.py:496} INFO - Filling up the DagBag from /home/airflow/.local/lib/python3.6/site-packages/airflow/example_dags/tutorial.py
[2022-11-25 16:17:44,127] {processor.py:623} INFO - DAG(s) dict_keys(['tutorial']) retrieved from /home/airflow/.local/lib/python3.6/site-packages/airflow/example_dags/tutorial.py
[2022-11-25 16:17:57,789] {logging_mixin.py:109} INFO - [2022-11-25 16:17:57,782] {dag.py:1833} INFO - Sync 1 DAGs
[2022-11-25 16:17:57,847] {logging_mixin.py:109} INFO - [2022-11-25 16:17:57,840] {dag.py:1852} INFO - Creating ORM DAG for tutorial
[2022-11-25 16:17:57,873] {logging_mixin.py:109} INFO - [2022-11-25 16:17:57,872] {dag.py:2306} INFO - Setting next_dagrun for tutorial to 2022-11-23 00:00:00+00:00
[2022-11-25 16:17:57,912] {processor.py:170} INFO - Processing /home/airflow/.local/lib/python3.6/site-packages/airflow/example_dags/tutorial.py took 13.866 seconds
[2022-11-25 16:19:15,274] {processor.py:162} INFO - Started process (PID=619) to work on /home/airflow/.local/lib/python3.6/site-packages/airflow/example_dags/tutorial.py
[2022-11-25 16:19:15,279] {processor.py:613} INFO - Processing file /home/airflow/.local/lib/python3.6/site-packages/airflow/example_dags/tutorial.py for tasks to queue
[2022-11-25 16:19:15,285] {logging_mixin.py:109} INFO - [2022-11-25 16:19:15,285] {dagbag.py:496} INFO - Filling up the DagBag from /home/airflow/.local/lib/python3.6/site-packages/airflow/example_dags/tutorial.py
[2022-11-25 16:19:15,344] {processor.py:623} INFO - DAG(s) dict_keys(['tutorial']) retrieved from /home/airflow/.local/lib/python3.6/site-packages/airflow/example_dags/tutorial.py
[2022-11-25 16:19:15,441] {logging_mixin.py:109} INFO - [2022-11-25 16:19:15,441] {dag.py:1833} INFO - Sync 1 DAGs
[2022-11-25 16:19:15,523] {logging_mixin.py:109} INFO - [2022-11-25 16:19:15,521] {dag.py:2306} INFO - Setting next_dagrun for tutorial to 2022-11-23 00:00:00+00:00
[2022-11-25 16:19:15,570] {processor.py:170} INFO - Processing /home/airflow/.local/lib/python3.6/site-packages/airflow/example_dags/tutorial.py took 0.305 seconds
[2022-11-25 16:19:45,800] {processor.py:162} INFO - Started process (PID=709) to work on /home/airflow/.local/lib/python3.6/site-packages/airflow/example_dags/tutorial.py
[2022-11-25 16:19:45,803] {processor.py:613} INFO - Processing file /home/airflow/.local/lib/python3.6/site-packages/airflow/example_dags/tutorial.py for tasks to queue
[2022-11-25 16:19:45,805] {logging_mixin.py:109} INFO - [2022-11-25 16:19:45,804] {dagbag.py:496} INFO - Filling up the DagBag from /home/airflow/.local/lib/python3.6/site-packages/airflow/example_dags/tutorial.py
[2022-11-25 16:19:45,841] {processor.py:623} INFO - DAG(s) dict_keys(['tutorial']) retrieved from /home/airflow/.local/lib/python3.6/site-packages/airflow/example_dags/tutorial.py
[2022-11-25 16:19:45,886] {logging_mixin.py:109} INFO - [2022-11-25 16:19:45,886] {dag.py:1833} INFO - Sync 1 DAGs
[2022-11-25 16:19:45,914] {logging_mixin.py:109} INFO - [2022-11-25 16:19:45,913] {dag.py:2306} INFO - Setting next_dagrun for tutorial to 2022-11-23 00:00:00+00:00
[2022-11-25 16:19:45,933] {processor.py:170} INFO - Processing /home/airflow/.local/lib/python3.6/site-packages/airflow/example_dags/tutorial.py took 0.139 seconds
[2022-11-25 16:20:16,828] {processor.py:162} INFO - Started process (PID=809) to work on /home/airflow/.local/lib/python3.6/site-packages/airflow/example_dags/tutorial.py
[2022-11-25 16:20:16,830] {processor.py:613} INFO - Processing file /home/airflow/.local/lib/python3.6/site-packages/airflow/example_dags/tutorial.py for tasks to queue
[2022-11-25 16:20:16,832] {logging_mixin.py:109} INFO - [2022-11-25 16:20:16,832] {dagbag.py:496} INFO - Filling up the DagBag from /home/airflow/.local/lib/python3.6/site-packages/airflow/example_dags/tutorial.py
[2022-11-25 16:20:16,864] {processor.py:623} INFO - DAG(s) dict_keys(['tutorial']) retrieved from /home/airflow/.local/lib/python3.6/site-packages/airflow/example_dags/tutorial.py
[2022-11-25 16:20:16,908] {logging_mixin.py:109} INFO - [2022-11-25 16:20:16,908] {dag.py:1833} INFO - Sync 1 DAGs
[2022-11-25 16:20:16,935] {logging_mixin.py:109} INFO - [2022-11-25 16:20:16,935] {dag.py:2306} INFO - Setting next_dagrun for tutorial to 2022-11-23 00:00:00+00:00
[2022-11-25 16:20:16,954] {processor.py:170} INFO - Processing /home/airflow/.local/lib/python3.6/site-packages/airflow/example_dags/tutorial.py took 0.132 seconds
