[2022-11-26 01:37:41,606] {processor.py:162} INFO - Started process (PID=155) to work on /home/airflow/.local/lib/python3.6/site-packages/airflow/example_dags/example_external_task_marker_dag.py
[2022-11-26 01:37:41,613] {processor.py:613} INFO - Processing file /home/airflow/.local/lib/python3.6/site-packages/airflow/example_dags/example_external_task_marker_dag.py for tasks to queue
[2022-11-26 01:37:41,618] {logging_mixin.py:109} INFO - [2022-11-26 01:37:41,617] {dagbag.py:496} INFO - Filling up the DagBag from /home/airflow/.local/lib/python3.6/site-packages/airflow/example_dags/example_external_task_marker_dag.py
[2022-11-26 01:37:41,725] {processor.py:623} INFO - DAG(s) dict_keys(['example_external_task_marker_parent', 'example_external_task_marker_child']) retrieved from /home/airflow/.local/lib/python3.6/site-packages/airflow/example_dags/example_external_task_marker_dag.py
[2022-11-26 01:37:41,926] {logging_mixin.py:109} INFO - [2022-11-26 01:37:41,926] {dag.py:1833} INFO - Sync 2 DAGs
[2022-11-26 01:37:42,080] {logging_mixin.py:109} INFO - [2022-11-26 01:37:42,080] {dag.py:2306} INFO - Setting next_dagrun for example_external_task_marker_child to None
[2022-11-26 01:37:42,087] {logging_mixin.py:109} INFO - [2022-11-26 01:37:42,087] {dag.py:2306} INFO - Setting next_dagrun for example_external_task_marker_parent to None
[2022-11-26 01:37:42,168] {processor.py:170} INFO - Processing /home/airflow/.local/lib/python3.6/site-packages/airflow/example_dags/example_external_task_marker_dag.py took 0.581 seconds
[2022-11-26 01:38:12,442] {processor.py:162} INFO - Started process (PID=253) to work on /home/airflow/.local/lib/python3.6/site-packages/airflow/example_dags/example_external_task_marker_dag.py
[2022-11-26 01:38:12,447] {processor.py:613} INFO - Processing file /home/airflow/.local/lib/python3.6/site-packages/airflow/example_dags/example_external_task_marker_dag.py for tasks to queue
[2022-11-26 01:38:12,449] {logging_mixin.py:109} INFO - [2022-11-26 01:38:12,449] {dagbag.py:496} INFO - Filling up the DagBag from /home/airflow/.local/lib/python3.6/site-packages/airflow/example_dags/example_external_task_marker_dag.py
[2022-11-26 01:38:12,503] {processor.py:623} INFO - DAG(s) dict_keys(['example_external_task_marker_parent', 'example_external_task_marker_child']) retrieved from /home/airflow/.local/lib/python3.6/site-packages/airflow/example_dags/example_external_task_marker_dag.py
[2022-11-26 01:38:12,587] {logging_mixin.py:109} INFO - [2022-11-26 01:38:12,586] {dag.py:1833} INFO - Sync 2 DAGs
[2022-11-26 01:38:12,626] {logging_mixin.py:109} INFO - [2022-11-26 01:38:12,626] {dag.py:2306} INFO - Setting next_dagrun for example_external_task_marker_child to None
[2022-11-26 01:38:12,630] {logging_mixin.py:109} INFO - [2022-11-26 01:38:12,629] {dag.py:2306} INFO - Setting next_dagrun for example_external_task_marker_parent to None
[2022-11-26 01:38:12,655] {processor.py:170} INFO - Processing /home/airflow/.local/lib/python3.6/site-packages/airflow/example_dags/example_external_task_marker_dag.py took 0.225 seconds
[2022-11-26 01:38:43,606] {processor.py:162} INFO - Started process (PID=339) to work on /home/airflow/.local/lib/python3.6/site-packages/airflow/example_dags/example_external_task_marker_dag.py
[2022-11-26 01:38:43,609] {processor.py:613} INFO - Processing file /home/airflow/.local/lib/python3.6/site-packages/airflow/example_dags/example_external_task_marker_dag.py for tasks to queue
[2022-11-26 01:38:43,611] {logging_mixin.py:109} INFO - [2022-11-26 01:38:43,611] {dagbag.py:496} INFO - Filling up the DagBag from /home/airflow/.local/lib/python3.6/site-packages/airflow/example_dags/example_external_task_marker_dag.py
[2022-11-26 01:38:43,638] {processor.py:623} INFO - DAG(s) dict_keys(['example_external_task_marker_parent', 'example_external_task_marker_child']) retrieved from /home/airflow/.local/lib/python3.6/site-packages/airflow/example_dags/example_external_task_marker_dag.py
[2022-11-26 01:38:43,684] {logging_mixin.py:109} INFO - [2022-11-26 01:38:43,684] {dag.py:1833} INFO - Sync 2 DAGs
[2022-11-26 01:38:43,717] {logging_mixin.py:109} INFO - [2022-11-26 01:38:43,716] {dag.py:2306} INFO - Setting next_dagrun for example_external_task_marker_child to None
[2022-11-26 01:38:43,719] {logging_mixin.py:109} INFO - [2022-11-26 01:38:43,719] {dag.py:2306} INFO - Setting next_dagrun for example_external_task_marker_parent to None
[2022-11-26 01:38:43,738] {processor.py:170} INFO - Processing /home/airflow/.local/lib/python3.6/site-packages/airflow/example_dags/example_external_task_marker_dag.py took 0.137 seconds
[2022-11-26 01:39:13,802] {processor.py:162} INFO - Started process (PID=439) to work on /home/airflow/.local/lib/python3.6/site-packages/airflow/example_dags/example_external_task_marker_dag.py
[2022-11-26 01:39:13,805] {processor.py:613} INFO - Processing file /home/airflow/.local/lib/python3.6/site-packages/airflow/example_dags/example_external_task_marker_dag.py for tasks to queue
[2022-11-26 01:39:13,806] {logging_mixin.py:109} INFO - [2022-11-26 01:39:13,806] {dagbag.py:496} INFO - Filling up the DagBag from /home/airflow/.local/lib/python3.6/site-packages/airflow/example_dags/example_external_task_marker_dag.py
[2022-11-26 01:39:13,833] {processor.py:623} INFO - DAG(s) dict_keys(['example_external_task_marker_parent', 'example_external_task_marker_child']) retrieved from /home/airflow/.local/lib/python3.6/site-packages/airflow/example_dags/example_external_task_marker_dag.py
[2022-11-26 01:39:13,879] {logging_mixin.py:109} INFO - [2022-11-26 01:39:13,879] {dag.py:1833} INFO - Sync 2 DAGs
[2022-11-26 01:39:13,912] {logging_mixin.py:109} INFO - [2022-11-26 01:39:13,912] {dag.py:2306} INFO - Setting next_dagrun for example_external_task_marker_child to None
[2022-11-26 01:39:13,914] {logging_mixin.py:109} INFO - [2022-11-26 01:39:13,914] {dag.py:2306} INFO - Setting next_dagrun for example_external_task_marker_parent to None
[2022-11-26 01:39:13,932] {processor.py:170} INFO - Processing /home/airflow/.local/lib/python3.6/site-packages/airflow/example_dags/example_external_task_marker_dag.py took 0.135 seconds
[2022-11-26 01:39:44,096] {processor.py:162} INFO - Started process (PID=539) to work on /home/airflow/.local/lib/python3.6/site-packages/airflow/example_dags/example_external_task_marker_dag.py
[2022-11-26 01:39:44,100] {processor.py:613} INFO - Processing file /home/airflow/.local/lib/python3.6/site-packages/airflow/example_dags/example_external_task_marker_dag.py for tasks to queue
[2022-11-26 01:39:44,102] {logging_mixin.py:109} INFO - [2022-11-26 01:39:44,102] {dagbag.py:496} INFO - Filling up the DagBag from /home/airflow/.local/lib/python3.6/site-packages/airflow/example_dags/example_external_task_marker_dag.py
[2022-11-26 01:39:44,134] {processor.py:623} INFO - DAG(s) dict_keys(['example_external_task_marker_parent', 'example_external_task_marker_child']) retrieved from /home/airflow/.local/lib/python3.6/site-packages/airflow/example_dags/example_external_task_marker_dag.py
[2022-11-26 01:39:44,181] {logging_mixin.py:109} INFO - [2022-11-26 01:39:44,180] {dag.py:1833} INFO - Sync 2 DAGs
[2022-11-26 01:39:44,212] {logging_mixin.py:109} INFO - [2022-11-26 01:39:44,212] {dag.py:2306} INFO - Setting next_dagrun for example_external_task_marker_child to None
[2022-11-26 01:39:44,215] {logging_mixin.py:109} INFO - [2022-11-26 01:39:44,214] {dag.py:2306} INFO - Setting next_dagrun for example_external_task_marker_parent to None
[2022-11-26 01:39:44,233] {processor.py:170} INFO - Processing /home/airflow/.local/lib/python3.6/site-packages/airflow/example_dags/example_external_task_marker_dag.py took 0.144 seconds
[2022-11-26 01:40:14,759] {processor.py:162} INFO - Started process (PID=638) to work on /home/airflow/.local/lib/python3.6/site-packages/airflow/example_dags/example_external_task_marker_dag.py
[2022-11-26 01:40:14,762] {processor.py:613} INFO - Processing file /home/airflow/.local/lib/python3.6/site-packages/airflow/example_dags/example_external_task_marker_dag.py for tasks to queue
[2022-11-26 01:40:14,765] {logging_mixin.py:109} INFO - [2022-11-26 01:40:14,764] {dagbag.py:496} INFO - Filling up the DagBag from /home/airflow/.local/lib/python3.6/site-packages/airflow/example_dags/example_external_task_marker_dag.py
[2022-11-26 01:40:14,795] {processor.py:623} INFO - DAG(s) dict_keys(['example_external_task_marker_parent', 'example_external_task_marker_child']) retrieved from /home/airflow/.local/lib/python3.6/site-packages/airflow/example_dags/example_external_task_marker_dag.py
[2022-11-26 01:40:14,847] {logging_mixin.py:109} INFO - [2022-11-26 01:40:14,847] {dag.py:1833} INFO - Sync 2 DAGs
[2022-11-26 01:40:14,926] {logging_mixin.py:109} INFO - [2022-11-26 01:40:14,926] {dag.py:2306} INFO - Setting next_dagrun for example_external_task_marker_child to None
[2022-11-26 01:40:14,931] {logging_mixin.py:109} INFO - [2022-11-26 01:40:14,930] {dag.py:2306} INFO - Setting next_dagrun for example_external_task_marker_parent to None
[2022-11-26 01:40:14,963] {processor.py:170} INFO - Processing /home/airflow/.local/lib/python3.6/site-packages/airflow/example_dags/example_external_task_marker_dag.py took 0.210 seconds
[2022-11-26 01:40:45,191] {processor.py:162} INFO - Started process (PID=728) to work on /home/airflow/.local/lib/python3.6/site-packages/airflow/example_dags/example_external_task_marker_dag.py
[2022-11-26 01:40:45,194] {processor.py:613} INFO - Processing file /home/airflow/.local/lib/python3.6/site-packages/airflow/example_dags/example_external_task_marker_dag.py for tasks to queue
[2022-11-26 01:40:45,195] {logging_mixin.py:109} INFO - [2022-11-26 01:40:45,195] {dagbag.py:496} INFO - Filling up the DagBag from /home/airflow/.local/lib/python3.6/site-packages/airflow/example_dags/example_external_task_marker_dag.py
[2022-11-26 01:40:45,222] {processor.py:623} INFO - DAG(s) dict_keys(['example_external_task_marker_parent', 'example_external_task_marker_child']) retrieved from /home/airflow/.local/lib/python3.6/site-packages/airflow/example_dags/example_external_task_marker_dag.py
[2022-11-26 01:40:45,277] {logging_mixin.py:109} INFO - [2022-11-26 01:40:45,276] {dag.py:1833} INFO - Sync 2 DAGs
[2022-11-26 01:40:45,312] {logging_mixin.py:109} INFO - [2022-11-26 01:40:45,311] {dag.py:2306} INFO - Setting next_dagrun for example_external_task_marker_child to None
[2022-11-26 01:40:45,314] {logging_mixin.py:109} INFO - [2022-11-26 01:40:45,314] {dag.py:2306} INFO - Setting next_dagrun for example_external_task_marker_parent to None
[2022-11-26 01:40:45,332] {processor.py:170} INFO - Processing /home/airflow/.local/lib/python3.6/site-packages/airflow/example_dags/example_external_task_marker_dag.py took 0.146 seconds
[2022-11-26 01:41:15,752] {processor.py:162} INFO - Started process (PID=819) to work on /home/airflow/.local/lib/python3.6/site-packages/airflow/example_dags/example_external_task_marker_dag.py
[2022-11-26 01:41:15,754] {processor.py:613} INFO - Processing file /home/airflow/.local/lib/python3.6/site-packages/airflow/example_dags/example_external_task_marker_dag.py for tasks to queue
[2022-11-26 01:41:15,756] {logging_mixin.py:109} INFO - [2022-11-26 01:41:15,755] {dagbag.py:496} INFO - Filling up the DagBag from /home/airflow/.local/lib/python3.6/site-packages/airflow/example_dags/example_external_task_marker_dag.py
[2022-11-26 01:41:15,782] {processor.py:623} INFO - DAG(s) dict_keys(['example_external_task_marker_parent', 'example_external_task_marker_child']) retrieved from /home/airflow/.local/lib/python3.6/site-packages/airflow/example_dags/example_external_task_marker_dag.py
[2022-11-26 01:41:15,827] {logging_mixin.py:109} INFO - [2022-11-26 01:41:15,826] {dag.py:1833} INFO - Sync 2 DAGs
[2022-11-26 01:41:15,858] {logging_mixin.py:109} INFO - [2022-11-26 01:41:15,858] {dag.py:2306} INFO - Setting next_dagrun for example_external_task_marker_child to None
[2022-11-26 01:41:15,860] {logging_mixin.py:109} INFO - [2022-11-26 01:41:15,860] {dag.py:2306} INFO - Setting next_dagrun for example_external_task_marker_parent to None
[2022-11-26 01:41:15,878] {processor.py:170} INFO - Processing /home/airflow/.local/lib/python3.6/site-packages/airflow/example_dags/example_external_task_marker_dag.py took 0.131 seconds
[2022-11-26 01:41:45,914] {processor.py:162} INFO - Started process (PID=917) to work on /home/airflow/.local/lib/python3.6/site-packages/airflow/example_dags/example_external_task_marker_dag.py
[2022-11-26 01:41:45,917] {processor.py:613} INFO - Processing file /home/airflow/.local/lib/python3.6/site-packages/airflow/example_dags/example_external_task_marker_dag.py for tasks to queue
[2022-11-26 01:41:45,919] {logging_mixin.py:109} INFO - [2022-11-26 01:41:45,919] {dagbag.py:496} INFO - Filling up the DagBag from /home/airflow/.local/lib/python3.6/site-packages/airflow/example_dags/example_external_task_marker_dag.py
[2022-11-26 01:41:45,962] {processor.py:623} INFO - DAG(s) dict_keys(['example_external_task_marker_parent', 'example_external_task_marker_child']) retrieved from /home/airflow/.local/lib/python3.6/site-packages/airflow/example_dags/example_external_task_marker_dag.py
[2022-11-26 01:41:46,011] {logging_mixin.py:109} INFO - [2022-11-26 01:41:46,011] {dag.py:1833} INFO - Sync 2 DAGs
[2022-11-26 01:41:46,051] {logging_mixin.py:109} INFO - [2022-11-26 01:41:46,051] {dag.py:2306} INFO - Setting next_dagrun for example_external_task_marker_child to None
[2022-11-26 01:41:46,056] {logging_mixin.py:109} INFO - [2022-11-26 01:41:46,055] {dag.py:2306} INFO - Setting next_dagrun for example_external_task_marker_parent to None
[2022-11-26 01:41:46,094] {processor.py:170} INFO - Processing /home/airflow/.local/lib/python3.6/site-packages/airflow/example_dags/example_external_task_marker_dag.py took 0.185 seconds
[2022-11-26 01:42:16,617] {processor.py:162} INFO - Started process (PID=1015) to work on /home/airflow/.local/lib/python3.6/site-packages/airflow/example_dags/example_external_task_marker_dag.py
[2022-11-26 01:42:16,619] {processor.py:613} INFO - Processing file /home/airflow/.local/lib/python3.6/site-packages/airflow/example_dags/example_external_task_marker_dag.py for tasks to queue
[2022-11-26 01:42:16,621] {logging_mixin.py:109} INFO - [2022-11-26 01:42:16,621] {dagbag.py:496} INFO - Filling up the DagBag from /home/airflow/.local/lib/python3.6/site-packages/airflow/example_dags/example_external_task_marker_dag.py
[2022-11-26 01:42:16,649] {processor.py:623} INFO - DAG(s) dict_keys(['example_external_task_marker_parent', 'example_external_task_marker_child']) retrieved from /home/airflow/.local/lib/python3.6/site-packages/airflow/example_dags/example_external_task_marker_dag.py
[2022-11-26 01:42:16,695] {logging_mixin.py:109} INFO - [2022-11-26 01:42:16,694] {dag.py:1833} INFO - Sync 2 DAGs
[2022-11-26 01:42:16,727] {logging_mixin.py:109} INFO - [2022-11-26 01:42:16,727] {dag.py:2306} INFO - Setting next_dagrun for example_external_task_marker_child to None
[2022-11-26 01:42:16,730] {logging_mixin.py:109} INFO - [2022-11-26 01:42:16,729] {dag.py:2306} INFO - Setting next_dagrun for example_external_task_marker_parent to None
[2022-11-26 01:42:16,748] {processor.py:170} INFO - Processing /home/airflow/.local/lib/python3.6/site-packages/airflow/example_dags/example_external_task_marker_dag.py took 0.136 seconds
[2022-11-26 01:42:47,042] {processor.py:162} INFO - Started process (PID=1115) to work on /home/airflow/.local/lib/python3.6/site-packages/airflow/example_dags/example_external_task_marker_dag.py
[2022-11-26 01:42:47,045] {processor.py:613} INFO - Processing file /home/airflow/.local/lib/python3.6/site-packages/airflow/example_dags/example_external_task_marker_dag.py for tasks to queue
[2022-11-26 01:42:47,046] {logging_mixin.py:109} INFO - [2022-11-26 01:42:47,046] {dagbag.py:496} INFO - Filling up the DagBag from /home/airflow/.local/lib/python3.6/site-packages/airflow/example_dags/example_external_task_marker_dag.py
[2022-11-26 01:42:47,073] {processor.py:623} INFO - DAG(s) dict_keys(['example_external_task_marker_parent', 'example_external_task_marker_child']) retrieved from /home/airflow/.local/lib/python3.6/site-packages/airflow/example_dags/example_external_task_marker_dag.py
[2022-11-26 01:42:47,119] {logging_mixin.py:109} INFO - [2022-11-26 01:42:47,118] {dag.py:1833} INFO - Sync 2 DAGs
[2022-11-26 01:42:47,150] {logging_mixin.py:109} INFO - [2022-11-26 01:42:47,150] {dag.py:2306} INFO - Setting next_dagrun for example_external_task_marker_child to None
[2022-11-26 01:42:47,153] {logging_mixin.py:109} INFO - [2022-11-26 01:42:47,152] {dag.py:2306} INFO - Setting next_dagrun for example_external_task_marker_parent to None
[2022-11-26 01:42:47,172] {processor.py:170} INFO - Processing /home/airflow/.local/lib/python3.6/site-packages/airflow/example_dags/example_external_task_marker_dag.py took 0.134 seconds
[2022-11-26 01:43:17,869] {processor.py:162} INFO - Started process (PID=1216) to work on /home/airflow/.local/lib/python3.6/site-packages/airflow/example_dags/example_external_task_marker_dag.py
[2022-11-26 01:43:17,872] {processor.py:613} INFO - Processing file /home/airflow/.local/lib/python3.6/site-packages/airflow/example_dags/example_external_task_marker_dag.py for tasks to queue
[2022-11-26 01:43:17,874] {logging_mixin.py:109} INFO - [2022-11-26 01:43:17,874] {dagbag.py:496} INFO - Filling up the DagBag from /home/airflow/.local/lib/python3.6/site-packages/airflow/example_dags/example_external_task_marker_dag.py
[2022-11-26 01:43:17,903] {processor.py:623} INFO - DAG(s) dict_keys(['example_external_task_marker_parent', 'example_external_task_marker_child']) retrieved from /home/airflow/.local/lib/python3.6/site-packages/airflow/example_dags/example_external_task_marker_dag.py
[2022-11-26 01:43:17,956] {logging_mixin.py:109} INFO - [2022-11-26 01:43:17,955] {dag.py:1833} INFO - Sync 2 DAGs
[2022-11-26 01:43:17,990] {logging_mixin.py:109} INFO - [2022-11-26 01:43:17,990] {dag.py:2306} INFO - Setting next_dagrun for example_external_task_marker_child to None
[2022-11-26 01:43:17,992] {logging_mixin.py:109} INFO - [2022-11-26 01:43:17,992] {dag.py:2306} INFO - Setting next_dagrun for example_external_task_marker_parent to None
[2022-11-26 01:43:18,011] {processor.py:170} INFO - Processing /home/airflow/.local/lib/python3.6/site-packages/airflow/example_dags/example_external_task_marker_dag.py took 0.147 seconds
[2022-11-26 01:43:48,255] {processor.py:162} INFO - Started process (PID=1307) to work on /home/airflow/.local/lib/python3.6/site-packages/airflow/example_dags/example_external_task_marker_dag.py
[2022-11-26 01:43:48,257] {processor.py:613} INFO - Processing file /home/airflow/.local/lib/python3.6/site-packages/airflow/example_dags/example_external_task_marker_dag.py for tasks to queue
[2022-11-26 01:43:48,259] {logging_mixin.py:109} INFO - [2022-11-26 01:43:48,258] {dagbag.py:496} INFO - Filling up the DagBag from /home/airflow/.local/lib/python3.6/site-packages/airflow/example_dags/example_external_task_marker_dag.py
[2022-11-26 01:43:48,285] {processor.py:623} INFO - DAG(s) dict_keys(['example_external_task_marker_parent', 'example_external_task_marker_child']) retrieved from /home/airflow/.local/lib/python3.6/site-packages/airflow/example_dags/example_external_task_marker_dag.py
[2022-11-26 01:43:48,335] {logging_mixin.py:109} INFO - [2022-11-26 01:43:48,335] {dag.py:1833} INFO - Sync 2 DAGs
[2022-11-26 01:43:48,369] {logging_mixin.py:109} INFO - [2022-11-26 01:43:48,369] {dag.py:2306} INFO - Setting next_dagrun for example_external_task_marker_child to None
[2022-11-26 01:43:48,372] {logging_mixin.py:109} INFO - [2022-11-26 01:43:48,372] {dag.py:2306} INFO - Setting next_dagrun for example_external_task_marker_parent to None
[2022-11-26 01:43:48,392] {processor.py:170} INFO - Processing /home/airflow/.local/lib/python3.6/site-packages/airflow/example_dags/example_external_task_marker_dag.py took 0.142 seconds
[2022-11-26 01:44:18,830] {processor.py:162} INFO - Started process (PID=1397) to work on /home/airflow/.local/lib/python3.6/site-packages/airflow/example_dags/example_external_task_marker_dag.py
[2022-11-26 01:44:18,833] {processor.py:613} INFO - Processing file /home/airflow/.local/lib/python3.6/site-packages/airflow/example_dags/example_external_task_marker_dag.py for tasks to queue
[2022-11-26 01:44:18,834] {logging_mixin.py:109} INFO - [2022-11-26 01:44:18,834] {dagbag.py:496} INFO - Filling up the DagBag from /home/airflow/.local/lib/python3.6/site-packages/airflow/example_dags/example_external_task_marker_dag.py
[2022-11-26 01:44:18,861] {processor.py:623} INFO - DAG(s) dict_keys(['example_external_task_marker_parent', 'example_external_task_marker_child']) retrieved from /home/airflow/.local/lib/python3.6/site-packages/airflow/example_dags/example_external_task_marker_dag.py
[2022-11-26 01:44:18,905] {logging_mixin.py:109} INFO - [2022-11-26 01:44:18,904] {dag.py:1833} INFO - Sync 2 DAGs
[2022-11-26 01:44:18,936] {logging_mixin.py:109} INFO - [2022-11-26 01:44:18,936] {dag.py:2306} INFO - Setting next_dagrun for example_external_task_marker_child to None
[2022-11-26 01:44:18,938] {logging_mixin.py:109} INFO - [2022-11-26 01:44:18,938] {dag.py:2306} INFO - Setting next_dagrun for example_external_task_marker_parent to None
[2022-11-26 01:44:18,955] {processor.py:170} INFO - Processing /home/airflow/.local/lib/python3.6/site-packages/airflow/example_dags/example_external_task_marker_dag.py took 0.130 seconds
[2022-11-26 01:44:49,351] {processor.py:162} INFO - Started process (PID=1497) to work on /home/airflow/.local/lib/python3.6/site-packages/airflow/example_dags/example_external_task_marker_dag.py
[2022-11-26 01:44:49,353] {processor.py:613} INFO - Processing file /home/airflow/.local/lib/python3.6/site-packages/airflow/example_dags/example_external_task_marker_dag.py for tasks to queue
[2022-11-26 01:44:49,355] {logging_mixin.py:109} INFO - [2022-11-26 01:44:49,354] {dagbag.py:496} INFO - Filling up the DagBag from /home/airflow/.local/lib/python3.6/site-packages/airflow/example_dags/example_external_task_marker_dag.py
[2022-11-26 01:44:49,381] {processor.py:623} INFO - DAG(s) dict_keys(['example_external_task_marker_parent', 'example_external_task_marker_child']) retrieved from /home/airflow/.local/lib/python3.6/site-packages/airflow/example_dags/example_external_task_marker_dag.py
[2022-11-26 01:44:49,428] {logging_mixin.py:109} INFO - [2022-11-26 01:44:49,428] {dag.py:1833} INFO - Sync 2 DAGs
[2022-11-26 01:44:49,461] {logging_mixin.py:109} INFO - [2022-11-26 01:44:49,461] {dag.py:2306} INFO - Setting next_dagrun for example_external_task_marker_child to None
[2022-11-26 01:44:49,463] {logging_mixin.py:109} INFO - [2022-11-26 01:44:49,463] {dag.py:2306} INFO - Setting next_dagrun for example_external_task_marker_parent to None
[2022-11-26 01:44:49,482] {processor.py:170} INFO - Processing /home/airflow/.local/lib/python3.6/site-packages/airflow/example_dags/example_external_task_marker_dag.py took 0.136 seconds
[2022-11-26 01:45:20,038] {processor.py:162} INFO - Started process (PID=1599) to work on /home/airflow/.local/lib/python3.6/site-packages/airflow/example_dags/example_external_task_marker_dag.py
[2022-11-26 01:45:20,040] {processor.py:613} INFO - Processing file /home/airflow/.local/lib/python3.6/site-packages/airflow/example_dags/example_external_task_marker_dag.py for tasks to queue
[2022-11-26 01:45:20,042] {logging_mixin.py:109} INFO - [2022-11-26 01:45:20,042] {dagbag.py:496} INFO - Filling up the DagBag from /home/airflow/.local/lib/python3.6/site-packages/airflow/example_dags/example_external_task_marker_dag.py
[2022-11-26 01:45:20,068] {processor.py:623} INFO - DAG(s) dict_keys(['example_external_task_marker_parent', 'example_external_task_marker_child']) retrieved from /home/airflow/.local/lib/python3.6/site-packages/airflow/example_dags/example_external_task_marker_dag.py
[2022-11-26 01:45:20,115] {logging_mixin.py:109} INFO - [2022-11-26 01:45:20,115] {dag.py:1833} INFO - Sync 2 DAGs
[2022-11-26 01:45:20,148] {logging_mixin.py:109} INFO - [2022-11-26 01:45:20,148] {dag.py:2306} INFO - Setting next_dagrun for example_external_task_marker_child to None
[2022-11-26 01:45:20,151] {logging_mixin.py:109} INFO - [2022-11-26 01:45:20,151] {dag.py:2306} INFO - Setting next_dagrun for example_external_task_marker_parent to None
[2022-11-26 01:45:20,169] {processor.py:170} INFO - Processing /home/airflow/.local/lib/python3.6/site-packages/airflow/example_dags/example_external_task_marker_dag.py took 0.136 seconds
[2022-11-26 01:45:50,580] {processor.py:162} INFO - Started process (PID=1700) to work on /home/airflow/.local/lib/python3.6/site-packages/airflow/example_dags/example_external_task_marker_dag.py
[2022-11-26 01:45:50,583] {processor.py:613} INFO - Processing file /home/airflow/.local/lib/python3.6/site-packages/airflow/example_dags/example_external_task_marker_dag.py for tasks to queue
[2022-11-26 01:45:50,584] {logging_mixin.py:109} INFO - [2022-11-26 01:45:50,584] {dagbag.py:496} INFO - Filling up the DagBag from /home/airflow/.local/lib/python3.6/site-packages/airflow/example_dags/example_external_task_marker_dag.py
[2022-11-26 01:45:50,642] {processor.py:623} INFO - DAG(s) dict_keys(['example_external_task_marker_parent', 'example_external_task_marker_child']) retrieved from /home/airflow/.local/lib/python3.6/site-packages/airflow/example_dags/example_external_task_marker_dag.py
[2022-11-26 01:45:50,752] {logging_mixin.py:109} INFO - [2022-11-26 01:45:50,751] {dag.py:1833} INFO - Sync 2 DAGs
[2022-11-26 01:45:50,795] {logging_mixin.py:109} INFO - [2022-11-26 01:45:50,795] {dag.py:2306} INFO - Setting next_dagrun for example_external_task_marker_child to None
[2022-11-26 01:45:50,798] {logging_mixin.py:109} INFO - [2022-11-26 01:45:50,798] {dag.py:2306} INFO - Setting next_dagrun for example_external_task_marker_parent to None
[2022-11-26 01:45:50,819] {processor.py:170} INFO - Processing /home/airflow/.local/lib/python3.6/site-packages/airflow/example_dags/example_external_task_marker_dag.py took 0.248 seconds
[2022-11-26 01:46:21,447] {processor.py:162} INFO - Started process (PID=1800) to work on /home/airflow/.local/lib/python3.6/site-packages/airflow/example_dags/example_external_task_marker_dag.py
[2022-11-26 01:46:21,455] {processor.py:613} INFO - Processing file /home/airflow/.local/lib/python3.6/site-packages/airflow/example_dags/example_external_task_marker_dag.py for tasks to queue
[2022-11-26 01:46:21,457] {logging_mixin.py:109} INFO - [2022-11-26 01:46:21,457] {dagbag.py:496} INFO - Filling up the DagBag from /home/airflow/.local/lib/python3.6/site-packages/airflow/example_dags/example_external_task_marker_dag.py
[2022-11-26 01:46:21,485] {processor.py:623} INFO - DAG(s) dict_keys(['example_external_task_marker_parent', 'example_external_task_marker_child']) retrieved from /home/airflow/.local/lib/python3.6/site-packages/airflow/example_dags/example_external_task_marker_dag.py
[2022-11-26 01:46:21,533] {logging_mixin.py:109} INFO - [2022-11-26 01:46:21,533] {dag.py:1833} INFO - Sync 2 DAGs
[2022-11-26 01:46:21,567] {logging_mixin.py:109} INFO - [2022-11-26 01:46:21,567] {dag.py:2306} INFO - Setting next_dagrun for example_external_task_marker_child to None
[2022-11-26 01:46:21,569] {logging_mixin.py:109} INFO - [2022-11-26 01:46:21,569] {dag.py:2306} INFO - Setting next_dagrun for example_external_task_marker_parent to None
[2022-11-26 01:46:21,588] {processor.py:170} INFO - Processing /home/airflow/.local/lib/python3.6/site-packages/airflow/example_dags/example_external_task_marker_dag.py took 0.147 seconds
[2022-11-26 01:46:51,702] {processor.py:162} INFO - Started process (PID=1881) to work on /home/airflow/.local/lib/python3.6/site-packages/airflow/example_dags/example_external_task_marker_dag.py
[2022-11-26 01:46:51,704] {processor.py:613} INFO - Processing file /home/airflow/.local/lib/python3.6/site-packages/airflow/example_dags/example_external_task_marker_dag.py for tasks to queue
[2022-11-26 01:46:51,706] {logging_mixin.py:109} INFO - [2022-11-26 01:46:51,705] {dagbag.py:496} INFO - Filling up the DagBag from /home/airflow/.local/lib/python3.6/site-packages/airflow/example_dags/example_external_task_marker_dag.py
[2022-11-26 01:46:51,731] {processor.py:623} INFO - DAG(s) dict_keys(['example_external_task_marker_parent', 'example_external_task_marker_child']) retrieved from /home/airflow/.local/lib/python3.6/site-packages/airflow/example_dags/example_external_task_marker_dag.py
[2022-11-26 01:46:51,780] {logging_mixin.py:109} INFO - [2022-11-26 01:46:51,779] {dag.py:1833} INFO - Sync 2 DAGs
[2022-11-26 01:46:51,812] {logging_mixin.py:109} INFO - [2022-11-26 01:46:51,812] {dag.py:2306} INFO - Setting next_dagrun for example_external_task_marker_child to None
[2022-11-26 01:46:51,814] {logging_mixin.py:109} INFO - [2022-11-26 01:46:51,814] {dag.py:2306} INFO - Setting next_dagrun for example_external_task_marker_parent to None
[2022-11-26 01:46:51,833] {processor.py:170} INFO - Processing /home/airflow/.local/lib/python3.6/site-packages/airflow/example_dags/example_external_task_marker_dag.py took 0.136 seconds
[2022-11-26 01:47:22,344] {processor.py:162} INFO - Started process (PID=1981) to work on /home/airflow/.local/lib/python3.6/site-packages/airflow/example_dags/example_external_task_marker_dag.py
[2022-11-26 01:47:22,347] {processor.py:613} INFO - Processing file /home/airflow/.local/lib/python3.6/site-packages/airflow/example_dags/example_external_task_marker_dag.py for tasks to queue
[2022-11-26 01:47:22,349] {logging_mixin.py:109} INFO - [2022-11-26 01:47:22,349] {dagbag.py:496} INFO - Filling up the DagBag from /home/airflow/.local/lib/python3.6/site-packages/airflow/example_dags/example_external_task_marker_dag.py
[2022-11-26 01:47:22,378] {processor.py:623} INFO - DAG(s) dict_keys(['example_external_task_marker_parent', 'example_external_task_marker_child']) retrieved from /home/airflow/.local/lib/python3.6/site-packages/airflow/example_dags/example_external_task_marker_dag.py
[2022-11-26 01:47:22,431] {logging_mixin.py:109} INFO - [2022-11-26 01:47:22,431] {dag.py:1833} INFO - Sync 2 DAGs
[2022-11-26 01:47:22,466] {logging_mixin.py:109} INFO - [2022-11-26 01:47:22,466] {dag.py:2306} INFO - Setting next_dagrun for example_external_task_marker_child to None
[2022-11-26 01:47:22,468] {logging_mixin.py:109} INFO - [2022-11-26 01:47:22,468] {dag.py:2306} INFO - Setting next_dagrun for example_external_task_marker_parent to None
[2022-11-26 01:47:22,488] {processor.py:170} INFO - Processing /home/airflow/.local/lib/python3.6/site-packages/airflow/example_dags/example_external_task_marker_dag.py took 0.149 seconds
[2022-11-26 01:47:52,983] {processor.py:162} INFO - Started process (PID=2080) to work on /home/airflow/.local/lib/python3.6/site-packages/airflow/example_dags/example_external_task_marker_dag.py
[2022-11-26 01:47:52,986] {processor.py:613} INFO - Processing file /home/airflow/.local/lib/python3.6/site-packages/airflow/example_dags/example_external_task_marker_dag.py for tasks to queue
[2022-11-26 01:47:52,987] {logging_mixin.py:109} INFO - [2022-11-26 01:47:52,987] {dagbag.py:496} INFO - Filling up the DagBag from /home/airflow/.local/lib/python3.6/site-packages/airflow/example_dags/example_external_task_marker_dag.py
[2022-11-26 01:47:53,015] {processor.py:623} INFO - DAG(s) dict_keys(['example_external_task_marker_parent', 'example_external_task_marker_child']) retrieved from /home/airflow/.local/lib/python3.6/site-packages/airflow/example_dags/example_external_task_marker_dag.py
[2022-11-26 01:47:53,060] {logging_mixin.py:109} INFO - [2022-11-26 01:47:53,060] {dag.py:1833} INFO - Sync 2 DAGs
[2022-11-26 01:47:53,093] {logging_mixin.py:109} INFO - [2022-11-26 01:47:53,093] {dag.py:2306} INFO - Setting next_dagrun for example_external_task_marker_child to None
[2022-11-26 01:47:53,095] {logging_mixin.py:109} INFO - [2022-11-26 01:47:53,095] {dag.py:2306} INFO - Setting next_dagrun for example_external_task_marker_parent to None
[2022-11-26 01:47:53,113] {processor.py:170} INFO - Processing /home/airflow/.local/lib/python3.6/site-packages/airflow/example_dags/example_external_task_marker_dag.py took 0.134 seconds
[2022-11-26 01:48:23,444] {processor.py:162} INFO - Started process (PID=2178) to work on /home/airflow/.local/lib/python3.6/site-packages/airflow/example_dags/example_external_task_marker_dag.py
[2022-11-26 01:48:23,448] {processor.py:613} INFO - Processing file /home/airflow/.local/lib/python3.6/site-packages/airflow/example_dags/example_external_task_marker_dag.py for tasks to queue
[2022-11-26 01:48:23,449] {logging_mixin.py:109} INFO - [2022-11-26 01:48:23,449] {dagbag.py:496} INFO - Filling up the DagBag from /home/airflow/.local/lib/python3.6/site-packages/airflow/example_dags/example_external_task_marker_dag.py
[2022-11-26 01:48:23,477] {processor.py:623} INFO - DAG(s) dict_keys(['example_external_task_marker_parent', 'example_external_task_marker_child']) retrieved from /home/airflow/.local/lib/python3.6/site-packages/airflow/example_dags/example_external_task_marker_dag.py
[2022-11-26 01:48:23,525] {logging_mixin.py:109} INFO - [2022-11-26 01:48:23,524] {dag.py:1833} INFO - Sync 2 DAGs
[2022-11-26 01:48:23,558] {logging_mixin.py:109} INFO - [2022-11-26 01:48:23,558] {dag.py:2306} INFO - Setting next_dagrun for example_external_task_marker_child to None
[2022-11-26 01:48:23,561] {logging_mixin.py:109} INFO - [2022-11-26 01:48:23,560] {dag.py:2306} INFO - Setting next_dagrun for example_external_task_marker_parent to None
[2022-11-26 01:48:23,583] {processor.py:170} INFO - Processing /home/airflow/.local/lib/python3.6/site-packages/airflow/example_dags/example_external_task_marker_dag.py took 0.143 seconds
[2022-11-26 01:48:54,038] {processor.py:162} INFO - Started process (PID=2276) to work on /home/airflow/.local/lib/python3.6/site-packages/airflow/example_dags/example_external_task_marker_dag.py
[2022-11-26 01:48:54,041] {processor.py:613} INFO - Processing file /home/airflow/.local/lib/python3.6/site-packages/airflow/example_dags/example_external_task_marker_dag.py for tasks to queue
[2022-11-26 01:48:54,043] {logging_mixin.py:109} INFO - [2022-11-26 01:48:54,042] {dagbag.py:496} INFO - Filling up the DagBag from /home/airflow/.local/lib/python3.6/site-packages/airflow/example_dags/example_external_task_marker_dag.py
[2022-11-26 01:48:54,071] {processor.py:623} INFO - DAG(s) dict_keys(['example_external_task_marker_parent', 'example_external_task_marker_child']) retrieved from /home/airflow/.local/lib/python3.6/site-packages/airflow/example_dags/example_external_task_marker_dag.py
[2022-11-26 01:48:54,121] {logging_mixin.py:109} INFO - [2022-11-26 01:48:54,121] {dag.py:1833} INFO - Sync 2 DAGs
[2022-11-26 01:48:54,156] {logging_mixin.py:109} INFO - [2022-11-26 01:48:54,155] {dag.py:2306} INFO - Setting next_dagrun for example_external_task_marker_child to None
[2022-11-26 01:48:54,158] {logging_mixin.py:109} INFO - [2022-11-26 01:48:54,158] {dag.py:2306} INFO - Setting next_dagrun for example_external_task_marker_parent to None
[2022-11-26 01:48:54,178] {processor.py:170} INFO - Processing /home/airflow/.local/lib/python3.6/site-packages/airflow/example_dags/example_external_task_marker_dag.py took 0.146 seconds
[2022-11-26 01:49:24,381] {processor.py:162} INFO - Started process (PID=2373) to work on /home/airflow/.local/lib/python3.6/site-packages/airflow/example_dags/example_external_task_marker_dag.py
[2022-11-26 01:49:24,383] {processor.py:613} INFO - Processing file /home/airflow/.local/lib/python3.6/site-packages/airflow/example_dags/example_external_task_marker_dag.py for tasks to queue
[2022-11-26 01:49:24,385] {logging_mixin.py:109} INFO - [2022-11-26 01:49:24,384] {dagbag.py:496} INFO - Filling up the DagBag from /home/airflow/.local/lib/python3.6/site-packages/airflow/example_dags/example_external_task_marker_dag.py
[2022-11-26 01:49:24,411] {processor.py:623} INFO - DAG(s) dict_keys(['example_external_task_marker_parent', 'example_external_task_marker_child']) retrieved from /home/airflow/.local/lib/python3.6/site-packages/airflow/example_dags/example_external_task_marker_dag.py
[2022-11-26 01:49:24,456] {logging_mixin.py:109} INFO - [2022-11-26 01:49:24,456] {dag.py:1833} INFO - Sync 2 DAGs
[2022-11-26 01:49:24,488] {logging_mixin.py:109} INFO - [2022-11-26 01:49:24,487] {dag.py:2306} INFO - Setting next_dagrun for example_external_task_marker_child to None
[2022-11-26 01:49:24,490] {logging_mixin.py:109} INFO - [2022-11-26 01:49:24,490] {dag.py:2306} INFO - Setting next_dagrun for example_external_task_marker_parent to None
[2022-11-26 01:49:24,508] {processor.py:170} INFO - Processing /home/airflow/.local/lib/python3.6/site-packages/airflow/example_dags/example_external_task_marker_dag.py took 0.132 seconds
[2022-11-26 01:49:54,700] {processor.py:162} INFO - Started process (PID=2457) to work on /home/airflow/.local/lib/python3.6/site-packages/airflow/example_dags/example_external_task_marker_dag.py
[2022-11-26 01:49:54,703] {processor.py:613} INFO - Processing file /home/airflow/.local/lib/python3.6/site-packages/airflow/example_dags/example_external_task_marker_dag.py for tasks to queue
[2022-11-26 01:49:54,704] {logging_mixin.py:109} INFO - [2022-11-26 01:49:54,704] {dagbag.py:496} INFO - Filling up the DagBag from /home/airflow/.local/lib/python3.6/site-packages/airflow/example_dags/example_external_task_marker_dag.py
[2022-11-26 01:49:54,731] {processor.py:623} INFO - DAG(s) dict_keys(['example_external_task_marker_parent', 'example_external_task_marker_child']) retrieved from /home/airflow/.local/lib/python3.6/site-packages/airflow/example_dags/example_external_task_marker_dag.py
[2022-11-26 01:49:54,779] {logging_mixin.py:109} INFO - [2022-11-26 01:49:54,779] {dag.py:1833} INFO - Sync 2 DAGs
[2022-11-26 01:49:54,811] {logging_mixin.py:109} INFO - [2022-11-26 01:49:54,811] {dag.py:2306} INFO - Setting next_dagrun for example_external_task_marker_child to None
[2022-11-26 01:49:54,813] {logging_mixin.py:109} INFO - [2022-11-26 01:49:54,813] {dag.py:2306} INFO - Setting next_dagrun for example_external_task_marker_parent to None
[2022-11-26 01:49:54,831] {processor.py:170} INFO - Processing /home/airflow/.local/lib/python3.6/site-packages/airflow/example_dags/example_external_task_marker_dag.py took 0.136 seconds
[2022-11-26 01:50:25,000] {processor.py:162} INFO - Started process (PID=2557) to work on /home/airflow/.local/lib/python3.6/site-packages/airflow/example_dags/example_external_task_marker_dag.py
[2022-11-26 01:50:25,002] {processor.py:613} INFO - Processing file /home/airflow/.local/lib/python3.6/site-packages/airflow/example_dags/example_external_task_marker_dag.py for tasks to queue
[2022-11-26 01:50:25,003] {logging_mixin.py:109} INFO - [2022-11-26 01:50:25,003] {dagbag.py:496} INFO - Filling up the DagBag from /home/airflow/.local/lib/python3.6/site-packages/airflow/example_dags/example_external_task_marker_dag.py
[2022-11-26 01:50:25,031] {processor.py:623} INFO - DAG(s) dict_keys(['example_external_task_marker_parent', 'example_external_task_marker_child']) retrieved from /home/airflow/.local/lib/python3.6/site-packages/airflow/example_dags/example_external_task_marker_dag.py
[2022-11-26 01:50:25,076] {logging_mixin.py:109} INFO - [2022-11-26 01:50:25,076] {dag.py:1833} INFO - Sync 2 DAGs
[2022-11-26 01:50:25,107] {logging_mixin.py:109} INFO - [2022-11-26 01:50:25,107] {dag.py:2306} INFO - Setting next_dagrun for example_external_task_marker_child to None
[2022-11-26 01:50:25,110] {logging_mixin.py:109} INFO - [2022-11-26 01:50:25,109] {dag.py:2306} INFO - Setting next_dagrun for example_external_task_marker_parent to None
[2022-11-26 01:50:25,132] {processor.py:170} INFO - Processing /home/airflow/.local/lib/python3.6/site-packages/airflow/example_dags/example_external_task_marker_dag.py took 0.137 seconds
[2022-11-26 01:50:55,217] {processor.py:162} INFO - Started process (PID=2657) to work on /home/airflow/.local/lib/python3.6/site-packages/airflow/example_dags/example_external_task_marker_dag.py
[2022-11-26 01:50:55,219] {processor.py:613} INFO - Processing file /home/airflow/.local/lib/python3.6/site-packages/airflow/example_dags/example_external_task_marker_dag.py for tasks to queue
[2022-11-26 01:50:55,220] {logging_mixin.py:109} INFO - [2022-11-26 01:50:55,220] {dagbag.py:496} INFO - Filling up the DagBag from /home/airflow/.local/lib/python3.6/site-packages/airflow/example_dags/example_external_task_marker_dag.py
[2022-11-26 01:50:55,247] {processor.py:623} INFO - DAG(s) dict_keys(['example_external_task_marker_parent', 'example_external_task_marker_child']) retrieved from /home/airflow/.local/lib/python3.6/site-packages/airflow/example_dags/example_external_task_marker_dag.py
[2022-11-26 01:50:55,292] {logging_mixin.py:109} INFO - [2022-11-26 01:50:55,292] {dag.py:1833} INFO - Sync 2 DAGs
[2022-11-26 01:50:55,325] {logging_mixin.py:109} INFO - [2022-11-26 01:50:55,325] {dag.py:2306} INFO - Setting next_dagrun for example_external_task_marker_child to None
[2022-11-26 01:50:55,328] {logging_mixin.py:109} INFO - [2022-11-26 01:50:55,327] {dag.py:2306} INFO - Setting next_dagrun for example_external_task_marker_parent to None
[2022-11-26 01:50:55,345] {processor.py:170} INFO - Processing /home/airflow/.local/lib/python3.6/site-packages/airflow/example_dags/example_external_task_marker_dag.py took 0.134 seconds
[2022-11-26 01:51:25,436] {processor.py:162} INFO - Started process (PID=2757) to work on /home/airflow/.local/lib/python3.6/site-packages/airflow/example_dags/example_external_task_marker_dag.py
[2022-11-26 01:51:25,439] {processor.py:613} INFO - Processing file /home/airflow/.local/lib/python3.6/site-packages/airflow/example_dags/example_external_task_marker_dag.py for tasks to queue
[2022-11-26 01:51:25,441] {logging_mixin.py:109} INFO - [2022-11-26 01:51:25,441] {dagbag.py:496} INFO - Filling up the DagBag from /home/airflow/.local/lib/python3.6/site-packages/airflow/example_dags/example_external_task_marker_dag.py
[2022-11-26 01:51:25,470] {processor.py:623} INFO - DAG(s) dict_keys(['example_external_task_marker_parent', 'example_external_task_marker_child']) retrieved from /home/airflow/.local/lib/python3.6/site-packages/airflow/example_dags/example_external_task_marker_dag.py
[2022-11-26 01:51:25,517] {logging_mixin.py:109} INFO - [2022-11-26 01:51:25,517] {dag.py:1833} INFO - Sync 2 DAGs
[2022-11-26 01:51:25,551] {logging_mixin.py:109} INFO - [2022-11-26 01:51:25,550] {dag.py:2306} INFO - Setting next_dagrun for example_external_task_marker_child to None
[2022-11-26 01:51:25,553] {logging_mixin.py:109} INFO - [2022-11-26 01:51:25,553] {dag.py:2306} INFO - Setting next_dagrun for example_external_task_marker_parent to None
[2022-11-26 01:51:25,571] {processor.py:170} INFO - Processing /home/airflow/.local/lib/python3.6/site-packages/airflow/example_dags/example_external_task_marker_dag.py took 0.141 seconds
[2022-11-26 01:51:56,352] {processor.py:162} INFO - Started process (PID=2853) to work on /home/airflow/.local/lib/python3.6/site-packages/airflow/example_dags/example_external_task_marker_dag.py
[2022-11-26 01:51:56,358] {processor.py:613} INFO - Processing file /home/airflow/.local/lib/python3.6/site-packages/airflow/example_dags/example_external_task_marker_dag.py for tasks to queue
[2022-11-26 01:51:56,362] {logging_mixin.py:109} INFO - [2022-11-26 01:51:56,362] {dagbag.py:496} INFO - Filling up the DagBag from /home/airflow/.local/lib/python3.6/site-packages/airflow/example_dags/example_external_task_marker_dag.py
[2022-11-26 01:51:56,411] {processor.py:623} INFO - DAG(s) dict_keys(['example_external_task_marker_parent', 'example_external_task_marker_child']) retrieved from /home/airflow/.local/lib/python3.6/site-packages/airflow/example_dags/example_external_task_marker_dag.py
[2022-11-26 01:51:56,480] {logging_mixin.py:109} INFO - [2022-11-26 01:51:56,480] {dag.py:1833} INFO - Sync 2 DAGs
[2022-11-26 01:51:56,548] {logging_mixin.py:109} INFO - [2022-11-26 01:51:56,547] {dag.py:2306} INFO - Setting next_dagrun for example_external_task_marker_child to None
[2022-11-26 01:51:56,551] {logging_mixin.py:109} INFO - [2022-11-26 01:51:56,550] {dag.py:2306} INFO - Setting next_dagrun for example_external_task_marker_parent to None
[2022-11-26 01:51:56,580] {processor.py:170} INFO - Processing /home/airflow/.local/lib/python3.6/site-packages/airflow/example_dags/example_external_task_marker_dag.py took 0.236 seconds
[2022-11-26 01:52:26,853] {processor.py:162} INFO - Started process (PID=2936) to work on /home/airflow/.local/lib/python3.6/site-packages/airflow/example_dags/example_external_task_marker_dag.py
[2022-11-26 01:52:26,857] {processor.py:613} INFO - Processing file /home/airflow/.local/lib/python3.6/site-packages/airflow/example_dags/example_external_task_marker_dag.py for tasks to queue
[2022-11-26 01:52:26,859] {logging_mixin.py:109} INFO - [2022-11-26 01:52:26,859] {dagbag.py:496} INFO - Filling up the DagBag from /home/airflow/.local/lib/python3.6/site-packages/airflow/example_dags/example_external_task_marker_dag.py
[2022-11-26 01:52:26,893] {processor.py:623} INFO - DAG(s) dict_keys(['example_external_task_marker_parent', 'example_external_task_marker_child']) retrieved from /home/airflow/.local/lib/python3.6/site-packages/airflow/example_dags/example_external_task_marker_dag.py
[2022-11-26 01:52:26,946] {logging_mixin.py:109} INFO - [2022-11-26 01:52:26,946] {dag.py:1833} INFO - Sync 2 DAGs
[2022-11-26 01:52:26,980] {logging_mixin.py:109} INFO - [2022-11-26 01:52:26,980] {dag.py:2306} INFO - Setting next_dagrun for example_external_task_marker_child to None
[2022-11-26 01:52:26,983] {logging_mixin.py:109} INFO - [2022-11-26 01:52:26,982] {dag.py:2306} INFO - Setting next_dagrun for example_external_task_marker_parent to None
[2022-11-26 01:52:27,002] {processor.py:170} INFO - Processing /home/airflow/.local/lib/python3.6/site-packages/airflow/example_dags/example_external_task_marker_dag.py took 0.154 seconds
[2022-11-26 01:52:57,115] {processor.py:162} INFO - Started process (PID=3036) to work on /home/airflow/.local/lib/python3.6/site-packages/airflow/example_dags/example_external_task_marker_dag.py
[2022-11-26 01:52:57,117] {processor.py:613} INFO - Processing file /home/airflow/.local/lib/python3.6/site-packages/airflow/example_dags/example_external_task_marker_dag.py for tasks to queue
[2022-11-26 01:52:57,119] {logging_mixin.py:109} INFO - [2022-11-26 01:52:57,118] {dagbag.py:496} INFO - Filling up the DagBag from /home/airflow/.local/lib/python3.6/site-packages/airflow/example_dags/example_external_task_marker_dag.py
[2022-11-26 01:52:57,144] {processor.py:623} INFO - DAG(s) dict_keys(['example_external_task_marker_parent', 'example_external_task_marker_child']) retrieved from /home/airflow/.local/lib/python3.6/site-packages/airflow/example_dags/example_external_task_marker_dag.py
[2022-11-26 01:52:57,188] {logging_mixin.py:109} INFO - [2022-11-26 01:52:57,188] {dag.py:1833} INFO - Sync 2 DAGs
[2022-11-26 01:52:57,219] {logging_mixin.py:109} INFO - [2022-11-26 01:52:57,219] {dag.py:2306} INFO - Setting next_dagrun for example_external_task_marker_child to None
[2022-11-26 01:52:57,222] {logging_mixin.py:109} INFO - [2022-11-26 01:52:57,222] {dag.py:2306} INFO - Setting next_dagrun for example_external_task_marker_parent to None
[2022-11-26 01:52:57,239] {processor.py:170} INFO - Processing /home/airflow/.local/lib/python3.6/site-packages/airflow/example_dags/example_external_task_marker_dag.py took 0.129 seconds
[2022-11-26 01:53:27,383] {processor.py:162} INFO - Started process (PID=3136) to work on /home/airflow/.local/lib/python3.6/site-packages/airflow/example_dags/example_external_task_marker_dag.py
[2022-11-26 01:53:27,386] {processor.py:613} INFO - Processing file /home/airflow/.local/lib/python3.6/site-packages/airflow/example_dags/example_external_task_marker_dag.py for tasks to queue
[2022-11-26 01:53:27,387] {logging_mixin.py:109} INFO - [2022-11-26 01:53:27,387] {dagbag.py:496} INFO - Filling up the DagBag from /home/airflow/.local/lib/python3.6/site-packages/airflow/example_dags/example_external_task_marker_dag.py
[2022-11-26 01:53:27,412] {processor.py:623} INFO - DAG(s) dict_keys(['example_external_task_marker_parent', 'example_external_task_marker_child']) retrieved from /home/airflow/.local/lib/python3.6/site-packages/airflow/example_dags/example_external_task_marker_dag.py
[2022-11-26 01:53:27,456] {logging_mixin.py:109} INFO - [2022-11-26 01:53:27,456] {dag.py:1833} INFO - Sync 2 DAGs
[2022-11-26 01:53:27,488] {logging_mixin.py:109} INFO - [2022-11-26 01:53:27,488] {dag.py:2306} INFO - Setting next_dagrun for example_external_task_marker_child to None
[2022-11-26 01:53:27,490] {logging_mixin.py:109} INFO - [2022-11-26 01:53:27,490] {dag.py:2306} INFO - Setting next_dagrun for example_external_task_marker_parent to None
[2022-11-26 01:53:27,508] {processor.py:170} INFO - Processing /home/airflow/.local/lib/python3.6/site-packages/airflow/example_dags/example_external_task_marker_dag.py took 0.130 seconds
[2022-11-26 01:53:57,586] {processor.py:162} INFO - Started process (PID=3235) to work on /home/airflow/.local/lib/python3.6/site-packages/airflow/example_dags/example_external_task_marker_dag.py
[2022-11-26 01:53:57,590] {processor.py:613} INFO - Processing file /home/airflow/.local/lib/python3.6/site-packages/airflow/example_dags/example_external_task_marker_dag.py for tasks to queue
[2022-11-26 01:53:57,592] {logging_mixin.py:109} INFO - [2022-11-26 01:53:57,591] {dagbag.py:496} INFO - Filling up the DagBag from /home/airflow/.local/lib/python3.6/site-packages/airflow/example_dags/example_external_task_marker_dag.py
[2022-11-26 01:53:57,619] {processor.py:623} INFO - DAG(s) dict_keys(['example_external_task_marker_parent', 'example_external_task_marker_child']) retrieved from /home/airflow/.local/lib/python3.6/site-packages/airflow/example_dags/example_external_task_marker_dag.py
[2022-11-26 01:53:57,666] {logging_mixin.py:109} INFO - [2022-11-26 01:53:57,665] {dag.py:1833} INFO - Sync 2 DAGs
[2022-11-26 01:53:57,699] {logging_mixin.py:109} INFO - [2022-11-26 01:53:57,699] {dag.py:2306} INFO - Setting next_dagrun for example_external_task_marker_child to None
[2022-11-26 01:53:57,702] {logging_mixin.py:109} INFO - [2022-11-26 01:53:57,702] {dag.py:2306} INFO - Setting next_dagrun for example_external_task_marker_parent to None
[2022-11-26 01:53:57,721] {processor.py:170} INFO - Processing /home/airflow/.local/lib/python3.6/site-packages/airflow/example_dags/example_external_task_marker_dag.py took 0.139 seconds
[2022-11-26 01:54:28,072] {processor.py:162} INFO - Started process (PID=3330) to work on /home/airflow/.local/lib/python3.6/site-packages/airflow/example_dags/example_external_task_marker_dag.py
[2022-11-26 01:54:28,074] {processor.py:613} INFO - Processing file /home/airflow/.local/lib/python3.6/site-packages/airflow/example_dags/example_external_task_marker_dag.py for tasks to queue
[2022-11-26 01:54:28,076] {logging_mixin.py:109} INFO - [2022-11-26 01:54:28,076] {dagbag.py:496} INFO - Filling up the DagBag from /home/airflow/.local/lib/python3.6/site-packages/airflow/example_dags/example_external_task_marker_dag.py
[2022-11-26 01:54:28,104] {processor.py:623} INFO - DAG(s) dict_keys(['example_external_task_marker_parent', 'example_external_task_marker_child']) retrieved from /home/airflow/.local/lib/python3.6/site-packages/airflow/example_dags/example_external_task_marker_dag.py
[2022-11-26 01:54:28,152] {logging_mixin.py:109} INFO - [2022-11-26 01:54:28,152] {dag.py:1833} INFO - Sync 2 DAGs
[2022-11-26 01:54:28,186] {logging_mixin.py:109} INFO - [2022-11-26 01:54:28,186] {dag.py:2306} INFO - Setting next_dagrun for example_external_task_marker_child to None
[2022-11-26 01:54:28,188] {logging_mixin.py:109} INFO - [2022-11-26 01:54:28,188] {dag.py:2306} INFO - Setting next_dagrun for example_external_task_marker_parent to None
[2022-11-26 01:54:28,208] {processor.py:170} INFO - Processing /home/airflow/.local/lib/python3.6/site-packages/airflow/example_dags/example_external_task_marker_dag.py took 0.141 seconds
[2022-11-26 01:54:58,377] {processor.py:162} INFO - Started process (PID=3414) to work on /home/airflow/.local/lib/python3.6/site-packages/airflow/example_dags/example_external_task_marker_dag.py
[2022-11-26 01:54:58,380] {processor.py:613} INFO - Processing file /home/airflow/.local/lib/python3.6/site-packages/airflow/example_dags/example_external_task_marker_dag.py for tasks to queue
[2022-11-26 01:54:58,381] {logging_mixin.py:109} INFO - [2022-11-26 01:54:58,381] {dagbag.py:496} INFO - Filling up the DagBag from /home/airflow/.local/lib/python3.6/site-packages/airflow/example_dags/example_external_task_marker_dag.py
[2022-11-26 01:54:58,408] {processor.py:623} INFO - DAG(s) dict_keys(['example_external_task_marker_parent', 'example_external_task_marker_child']) retrieved from /home/airflow/.local/lib/python3.6/site-packages/airflow/example_dags/example_external_task_marker_dag.py
[2022-11-26 01:54:58,453] {logging_mixin.py:109} INFO - [2022-11-26 01:54:58,453] {dag.py:1833} INFO - Sync 2 DAGs
[2022-11-26 01:54:58,488] {logging_mixin.py:109} INFO - [2022-11-26 01:54:58,488] {dag.py:2306} INFO - Setting next_dagrun for example_external_task_marker_child to None
[2022-11-26 01:54:58,491] {logging_mixin.py:109} INFO - [2022-11-26 01:54:58,490] {dag.py:2306} INFO - Setting next_dagrun for example_external_task_marker_parent to None
[2022-11-26 01:54:58,510] {processor.py:170} INFO - Processing /home/airflow/.local/lib/python3.6/site-packages/airflow/example_dags/example_external_task_marker_dag.py took 0.138 seconds
[2022-11-26 01:55:28,719] {processor.py:162} INFO - Started process (PID=3513) to work on /home/airflow/.local/lib/python3.6/site-packages/airflow/example_dags/example_external_task_marker_dag.py
[2022-11-26 01:55:28,721] {processor.py:613} INFO - Processing file /home/airflow/.local/lib/python3.6/site-packages/airflow/example_dags/example_external_task_marker_dag.py for tasks to queue
[2022-11-26 01:55:28,723] {logging_mixin.py:109} INFO - [2022-11-26 01:55:28,722] {dagbag.py:496} INFO - Filling up the DagBag from /home/airflow/.local/lib/python3.6/site-packages/airflow/example_dags/example_external_task_marker_dag.py
[2022-11-26 01:55:28,749] {processor.py:623} INFO - DAG(s) dict_keys(['example_external_task_marker_parent', 'example_external_task_marker_child']) retrieved from /home/airflow/.local/lib/python3.6/site-packages/airflow/example_dags/example_external_task_marker_dag.py
[2022-11-26 01:55:28,795] {logging_mixin.py:109} INFO - [2022-11-26 01:55:28,795] {dag.py:1833} INFO - Sync 2 DAGs
[2022-11-26 01:55:28,829] {logging_mixin.py:109} INFO - [2022-11-26 01:55:28,828] {dag.py:2306} INFO - Setting next_dagrun for example_external_task_marker_child to None
[2022-11-26 01:55:28,831] {logging_mixin.py:109} INFO - [2022-11-26 01:55:28,831] {dag.py:2306} INFO - Setting next_dagrun for example_external_task_marker_parent to None
[2022-11-26 01:55:28,849] {processor.py:170} INFO - Processing /home/airflow/.local/lib/python3.6/site-packages/airflow/example_dags/example_external_task_marker_dag.py took 0.135 seconds
[2022-11-26 01:55:59,687] {processor.py:162} INFO - Started process (PID=3613) to work on /home/airflow/.local/lib/python3.6/site-packages/airflow/example_dags/example_external_task_marker_dag.py
[2022-11-26 01:55:59,690] {processor.py:613} INFO - Processing file /home/airflow/.local/lib/python3.6/site-packages/airflow/example_dags/example_external_task_marker_dag.py for tasks to queue
[2022-11-26 01:55:59,691] {logging_mixin.py:109} INFO - [2022-11-26 01:55:59,691] {dagbag.py:496} INFO - Filling up the DagBag from /home/airflow/.local/lib/python3.6/site-packages/airflow/example_dags/example_external_task_marker_dag.py
[2022-11-26 01:55:59,720] {processor.py:623} INFO - DAG(s) dict_keys(['example_external_task_marker_parent', 'example_external_task_marker_child']) retrieved from /home/airflow/.local/lib/python3.6/site-packages/airflow/example_dags/example_external_task_marker_dag.py
[2022-11-26 01:55:59,770] {logging_mixin.py:109} INFO - [2022-11-26 01:55:59,769] {dag.py:1833} INFO - Sync 2 DAGs
[2022-11-26 01:55:59,805] {logging_mixin.py:109} INFO - [2022-11-26 01:55:59,805] {dag.py:2306} INFO - Setting next_dagrun for example_external_task_marker_child to None
[2022-11-26 01:55:59,808] {logging_mixin.py:109} INFO - [2022-11-26 01:55:59,808] {dag.py:2306} INFO - Setting next_dagrun for example_external_task_marker_parent to None
[2022-11-26 01:55:59,828] {processor.py:170} INFO - Processing /home/airflow/.local/lib/python3.6/site-packages/airflow/example_dags/example_external_task_marker_dag.py took 0.146 seconds
[2022-11-26 01:56:31,167] {processor.py:162} INFO - Started process (PID=3710) to work on /home/airflow/.local/lib/python3.6/site-packages/airflow/example_dags/example_external_task_marker_dag.py
[2022-11-26 01:56:31,171] {processor.py:613} INFO - Processing file /home/airflow/.local/lib/python3.6/site-packages/airflow/example_dags/example_external_task_marker_dag.py for tasks to queue
[2022-11-26 01:56:31,193] {logging_mixin.py:109} INFO - [2022-11-26 01:56:31,192] {dagbag.py:496} INFO - Filling up the DagBag from /home/airflow/.local/lib/python3.6/site-packages/airflow/example_dags/example_external_task_marker_dag.py
[2022-11-26 01:56:31,332] {processor.py:623} INFO - DAG(s) dict_keys(['example_external_task_marker_parent', 'example_external_task_marker_child']) retrieved from /home/airflow/.local/lib/python3.6/site-packages/airflow/example_dags/example_external_task_marker_dag.py
[2022-11-26 01:56:31,527] {logging_mixin.py:109} INFO - [2022-11-26 01:56:31,527] {dag.py:1833} INFO - Sync 2 DAGs
[2022-11-26 01:56:31,616] {logging_mixin.py:109} INFO - [2022-11-26 01:56:31,615] {dag.py:2306} INFO - Setting next_dagrun for example_external_task_marker_child to None
[2022-11-26 01:56:31,625] {logging_mixin.py:109} INFO - [2022-11-26 01:56:31,625] {dag.py:2306} INFO - Setting next_dagrun for example_external_task_marker_parent to None
[2022-11-26 01:56:31,722] {processor.py:170} INFO - Processing /home/airflow/.local/lib/python3.6/site-packages/airflow/example_dags/example_external_task_marker_dag.py took 0.584 seconds
[2022-11-26 01:57:02,289] {processor.py:162} INFO - Started process (PID=3795) to work on /home/airflow/.local/lib/python3.6/site-packages/airflow/example_dags/example_external_task_marker_dag.py
[2022-11-26 01:57:02,302] {processor.py:613} INFO - Processing file /home/airflow/.local/lib/python3.6/site-packages/airflow/example_dags/example_external_task_marker_dag.py for tasks to queue
[2022-11-26 01:57:02,323] {logging_mixin.py:109} INFO - [2022-11-26 01:57:02,322] {dagbag.py:496} INFO - Filling up the DagBag from /home/airflow/.local/lib/python3.6/site-packages/airflow/example_dags/example_external_task_marker_dag.py
[2022-11-26 01:57:02,521] {processor.py:623} INFO - DAG(s) dict_keys(['example_external_task_marker_parent', 'example_external_task_marker_child']) retrieved from /home/airflow/.local/lib/python3.6/site-packages/airflow/example_dags/example_external_task_marker_dag.py
[2022-11-26 01:57:02,926] {logging_mixin.py:109} INFO - [2022-11-26 01:57:02,924] {dag.py:1833} INFO - Sync 2 DAGs
[2022-11-26 01:57:03,165] {logging_mixin.py:109} INFO - [2022-11-26 01:57:03,157] {dag.py:2306} INFO - Setting next_dagrun for example_external_task_marker_child to None
[2022-11-26 01:57:03,187] {logging_mixin.py:109} INFO - [2022-11-26 01:57:03,179] {dag.py:2306} INFO - Setting next_dagrun for example_external_task_marker_parent to None
[2022-11-26 01:57:03,432] {processor.py:170} INFO - Processing /home/airflow/.local/lib/python3.6/site-packages/airflow/example_dags/example_external_task_marker_dag.py took 1.173 seconds
[2022-11-26 01:58:02,671] {processor.py:162} INFO - Started process (PID=3884) to work on /home/airflow/.local/lib/python3.6/site-packages/airflow/example_dags/example_external_task_marker_dag.py
[2022-11-26 01:58:02,692] {processor.py:613} INFO - Processing file /home/airflow/.local/lib/python3.6/site-packages/airflow/example_dags/example_external_task_marker_dag.py for tasks to queue
[2022-11-26 01:58:02,706] {logging_mixin.py:109} INFO - [2022-11-26 01:58:02,705] {dagbag.py:496} INFO - Filling up the DagBag from /home/airflow/.local/lib/python3.6/site-packages/airflow/example_dags/example_external_task_marker_dag.py
[2022-11-26 01:58:02,982] {processor.py:623} INFO - DAG(s) dict_keys(['example_external_task_marker_parent', 'example_external_task_marker_child']) retrieved from /home/airflow/.local/lib/python3.6/site-packages/airflow/example_dags/example_external_task_marker_dag.py
[2022-11-26 01:58:03,675] {logging_mixin.py:109} INFO - [2022-11-26 01:58:03,674] {dag.py:1833} INFO - Sync 2 DAGs
[2022-11-26 01:58:03,995] {logging_mixin.py:109} INFO - [2022-11-26 01:58:03,995] {dag.py:2306} INFO - Setting next_dagrun for example_external_task_marker_child to None
[2022-11-26 01:58:04,005] {logging_mixin.py:109} INFO - [2022-11-26 01:58:04,004] {dag.py:2306} INFO - Setting next_dagrun for example_external_task_marker_parent to None
[2022-11-26 01:58:04,174] {processor.py:170} INFO - Processing /home/airflow/.local/lib/python3.6/site-packages/airflow/example_dags/example_external_task_marker_dag.py took 1.555 seconds
[2022-11-26 01:58:42,911] {processor.py:162} INFO - Started process (PID=3993) to work on /home/airflow/.local/lib/python3.6/site-packages/airflow/example_dags/example_external_task_marker_dag.py
[2022-11-26 01:58:42,937] {processor.py:613} INFO - Processing file /home/airflow/.local/lib/python3.6/site-packages/airflow/example_dags/example_external_task_marker_dag.py for tasks to queue
[2022-11-26 01:58:42,948] {logging_mixin.py:109} INFO - [2022-11-26 01:58:42,948] {dagbag.py:496} INFO - Filling up the DagBag from /home/airflow/.local/lib/python3.6/site-packages/airflow/example_dags/example_external_task_marker_dag.py
[2022-11-26 01:58:43,162] {processor.py:623} INFO - DAG(s) dict_keys(['example_external_task_marker_parent', 'example_external_task_marker_child']) retrieved from /home/airflow/.local/lib/python3.6/site-packages/airflow/example_dags/example_external_task_marker_dag.py
[2022-11-26 01:58:43,516] {logging_mixin.py:109} INFO - [2022-11-26 01:58:43,515] {dag.py:1833} INFO - Sync 2 DAGs
[2022-11-26 01:58:43,745] {logging_mixin.py:109} INFO - [2022-11-26 01:58:43,745] {dag.py:2306} INFO - Setting next_dagrun for example_external_task_marker_child to None
[2022-11-26 01:58:43,768] {logging_mixin.py:109} INFO - [2022-11-26 01:58:43,767] {dag.py:2306} INFO - Setting next_dagrun for example_external_task_marker_parent to None
[2022-11-26 01:58:43,902] {processor.py:170} INFO - Processing /home/airflow/.local/lib/python3.6/site-packages/airflow/example_dags/example_external_task_marker_dag.py took 1.034 seconds
[2022-11-26 01:59:14,859] {processor.py:162} INFO - Started process (PID=4100) to work on /home/airflow/.local/lib/python3.6/site-packages/airflow/example_dags/example_external_task_marker_dag.py
[2022-11-26 01:59:14,899] {processor.py:613} INFO - Processing file /home/airflow/.local/lib/python3.6/site-packages/airflow/example_dags/example_external_task_marker_dag.py for tasks to queue
[2022-11-26 01:59:14,908] {logging_mixin.py:109} INFO - [2022-11-26 01:59:14,906] {dagbag.py:496} INFO - Filling up the DagBag from /home/airflow/.local/lib/python3.6/site-packages/airflow/example_dags/example_external_task_marker_dag.py
[2022-11-26 01:59:15,115] {processor.py:623} INFO - DAG(s) dict_keys(['example_external_task_marker_parent', 'example_external_task_marker_child']) retrieved from /home/airflow/.local/lib/python3.6/site-packages/airflow/example_dags/example_external_task_marker_dag.py
[2022-11-26 01:59:15,239] {logging_mixin.py:109} INFO - [2022-11-26 01:59:15,237] {dag.py:1833} INFO - Sync 2 DAGs
[2022-11-26 01:59:15,347] {logging_mixin.py:109} INFO - [2022-11-26 01:59:15,345] {dag.py:2306} INFO - Setting next_dagrun for example_external_task_marker_child to None
[2022-11-26 01:59:15,355] {logging_mixin.py:109} INFO - [2022-11-26 01:59:15,354] {dag.py:2306} INFO - Setting next_dagrun for example_external_task_marker_parent to None
[2022-11-26 01:59:15,406] {processor.py:170} INFO - Processing /home/airflow/.local/lib/python3.6/site-packages/airflow/example_dags/example_external_task_marker_dag.py took 0.575 seconds
[2022-11-26 01:59:46,346] {processor.py:162} INFO - Started process (PID=4179) to work on /home/airflow/.local/lib/python3.6/site-packages/airflow/example_dags/example_external_task_marker_dag.py
[2022-11-26 01:59:46,350] {processor.py:613} INFO - Processing file /home/airflow/.local/lib/python3.6/site-packages/airflow/example_dags/example_external_task_marker_dag.py for tasks to queue
[2022-11-26 01:59:46,352] {logging_mixin.py:109} INFO - [2022-11-26 01:59:46,352] {dagbag.py:496} INFO - Filling up the DagBag from /home/airflow/.local/lib/python3.6/site-packages/airflow/example_dags/example_external_task_marker_dag.py
[2022-11-26 01:59:46,385] {processor.py:623} INFO - DAG(s) dict_keys(['example_external_task_marker_parent', 'example_external_task_marker_child']) retrieved from /home/airflow/.local/lib/python3.6/site-packages/airflow/example_dags/example_external_task_marker_dag.py
[2022-11-26 01:59:46,432] {logging_mixin.py:109} INFO - [2022-11-26 01:59:46,432] {dag.py:1833} INFO - Sync 2 DAGs
[2022-11-26 01:59:46,465] {logging_mixin.py:109} INFO - [2022-11-26 01:59:46,465] {dag.py:2306} INFO - Setting next_dagrun for example_external_task_marker_child to None
[2022-11-26 01:59:46,468] {logging_mixin.py:109} INFO - [2022-11-26 01:59:46,467] {dag.py:2306} INFO - Setting next_dagrun for example_external_task_marker_parent to None
[2022-11-26 01:59:46,486] {processor.py:170} INFO - Processing /home/airflow/.local/lib/python3.6/site-packages/airflow/example_dags/example_external_task_marker_dag.py took 0.149 seconds
[2022-11-26 02:00:16,789] {processor.py:162} INFO - Started process (PID=4280) to work on /home/airflow/.local/lib/python3.6/site-packages/airflow/example_dags/example_external_task_marker_dag.py
[2022-11-26 02:00:16,792] {processor.py:613} INFO - Processing file /home/airflow/.local/lib/python3.6/site-packages/airflow/example_dags/example_external_task_marker_dag.py for tasks to queue
[2022-11-26 02:00:16,794] {logging_mixin.py:109} INFO - [2022-11-26 02:00:16,794] {dagbag.py:496} INFO - Filling up the DagBag from /home/airflow/.local/lib/python3.6/site-packages/airflow/example_dags/example_external_task_marker_dag.py
[2022-11-26 02:00:16,830] {processor.py:623} INFO - DAG(s) dict_keys(['example_external_task_marker_parent', 'example_external_task_marker_child']) retrieved from /home/airflow/.local/lib/python3.6/site-packages/airflow/example_dags/example_external_task_marker_dag.py
[2022-11-26 02:00:16,887] {logging_mixin.py:109} INFO - [2022-11-26 02:00:16,887] {dag.py:1833} INFO - Sync 2 DAGs
[2022-11-26 02:00:16,934] {logging_mixin.py:109} INFO - [2022-11-26 02:00:16,933] {dag.py:2306} INFO - Setting next_dagrun for example_external_task_marker_child to None
[2022-11-26 02:00:16,937] {logging_mixin.py:109} INFO - [2022-11-26 02:00:16,937] {dag.py:2306} INFO - Setting next_dagrun for example_external_task_marker_parent to None
[2022-11-26 02:00:16,962] {processor.py:170} INFO - Processing /home/airflow/.local/lib/python3.6/site-packages/airflow/example_dags/example_external_task_marker_dag.py took 0.179 seconds
[2022-11-26 02:00:47,569] {processor.py:162} INFO - Started process (PID=4378) to work on /home/airflow/.local/lib/python3.6/site-packages/airflow/example_dags/example_external_task_marker_dag.py
[2022-11-26 02:00:47,573] {processor.py:613} INFO - Processing file /home/airflow/.local/lib/python3.6/site-packages/airflow/example_dags/example_external_task_marker_dag.py for tasks to queue
[2022-11-26 02:00:47,575] {logging_mixin.py:109} INFO - [2022-11-26 02:00:47,574] {dagbag.py:496} INFO - Filling up the DagBag from /home/airflow/.local/lib/python3.6/site-packages/airflow/example_dags/example_external_task_marker_dag.py
[2022-11-26 02:00:47,607] {processor.py:623} INFO - DAG(s) dict_keys(['example_external_task_marker_parent', 'example_external_task_marker_child']) retrieved from /home/airflow/.local/lib/python3.6/site-packages/airflow/example_dags/example_external_task_marker_dag.py
[2022-11-26 02:00:47,663] {logging_mixin.py:109} INFO - [2022-11-26 02:00:47,663] {dag.py:1833} INFO - Sync 2 DAGs
[2022-11-26 02:00:47,704] {logging_mixin.py:109} INFO - [2022-11-26 02:00:47,704] {dag.py:2306} INFO - Setting next_dagrun for example_external_task_marker_child to None
[2022-11-26 02:00:47,708] {logging_mixin.py:109} INFO - [2022-11-26 02:00:47,707] {dag.py:2306} INFO - Setting next_dagrun for example_external_task_marker_parent to None
[2022-11-26 02:00:47,733] {processor.py:170} INFO - Processing /home/airflow/.local/lib/python3.6/site-packages/airflow/example_dags/example_external_task_marker_dag.py took 0.169 seconds
[2022-11-26 02:01:17,813] {processor.py:162} INFO - Started process (PID=4469) to work on /home/airflow/.local/lib/python3.6/site-packages/airflow/example_dags/example_external_task_marker_dag.py
[2022-11-26 02:01:17,817] {processor.py:613} INFO - Processing file /home/airflow/.local/lib/python3.6/site-packages/airflow/example_dags/example_external_task_marker_dag.py for tasks to queue
[2022-11-26 02:01:17,821] {logging_mixin.py:109} INFO - [2022-11-26 02:01:17,820] {dagbag.py:496} INFO - Filling up the DagBag from /home/airflow/.local/lib/python3.6/site-packages/airflow/example_dags/example_external_task_marker_dag.py
[2022-11-26 02:01:17,885] {processor.py:623} INFO - DAG(s) dict_keys(['example_external_task_marker_parent', 'example_external_task_marker_child']) retrieved from /home/airflow/.local/lib/python3.6/site-packages/airflow/example_dags/example_external_task_marker_dag.py
[2022-11-26 02:01:17,992] {logging_mixin.py:109} INFO - [2022-11-26 02:01:17,991] {dag.py:1833} INFO - Sync 2 DAGs
[2022-11-26 02:01:18,076] {logging_mixin.py:109} INFO - [2022-11-26 02:01:18,076] {dag.py:2306} INFO - Setting next_dagrun for example_external_task_marker_child to None
[2022-11-26 02:01:18,080] {logging_mixin.py:109} INFO - [2022-11-26 02:01:18,079] {dag.py:2306} INFO - Setting next_dagrun for example_external_task_marker_parent to None
[2022-11-26 02:01:18,108] {processor.py:170} INFO - Processing /home/airflow/.local/lib/python3.6/site-packages/airflow/example_dags/example_external_task_marker_dag.py took 0.304 seconds
[2022-11-26 02:01:48,277] {processor.py:162} INFO - Started process (PID=4559) to work on /home/airflow/.local/lib/python3.6/site-packages/airflow/example_dags/example_external_task_marker_dag.py
[2022-11-26 02:01:48,282] {processor.py:613} INFO - Processing file /home/airflow/.local/lib/python3.6/site-packages/airflow/example_dags/example_external_task_marker_dag.py for tasks to queue
[2022-11-26 02:01:48,284] {logging_mixin.py:109} INFO - [2022-11-26 02:01:48,284] {dagbag.py:496} INFO - Filling up the DagBag from /home/airflow/.local/lib/python3.6/site-packages/airflow/example_dags/example_external_task_marker_dag.py
[2022-11-26 02:01:48,316] {processor.py:623} INFO - DAG(s) dict_keys(['example_external_task_marker_parent', 'example_external_task_marker_child']) retrieved from /home/airflow/.local/lib/python3.6/site-packages/airflow/example_dags/example_external_task_marker_dag.py
[2022-11-26 02:01:48,360] {logging_mixin.py:109} INFO - [2022-11-26 02:01:48,360] {dag.py:1833} INFO - Sync 2 DAGs
[2022-11-26 02:01:48,391] {logging_mixin.py:109} INFO - [2022-11-26 02:01:48,391] {dag.py:2306} INFO - Setting next_dagrun for example_external_task_marker_child to None
[2022-11-26 02:01:48,393] {logging_mixin.py:109} INFO - [2022-11-26 02:01:48,393] {dag.py:2306} INFO - Setting next_dagrun for example_external_task_marker_parent to None
[2022-11-26 02:01:48,411] {processor.py:170} INFO - Processing /home/airflow/.local/lib/python3.6/site-packages/airflow/example_dags/example_external_task_marker_dag.py took 0.142 seconds
[2022-11-26 02:02:18,492] {processor.py:162} INFO - Started process (PID=4658) to work on /home/airflow/.local/lib/python3.6/site-packages/airflow/example_dags/example_external_task_marker_dag.py
[2022-11-26 02:02:18,496] {processor.py:613} INFO - Processing file /home/airflow/.local/lib/python3.6/site-packages/airflow/example_dags/example_external_task_marker_dag.py for tasks to queue
[2022-11-26 02:02:18,498] {logging_mixin.py:109} INFO - [2022-11-26 02:02:18,497] {dagbag.py:496} INFO - Filling up the DagBag from /home/airflow/.local/lib/python3.6/site-packages/airflow/example_dags/example_external_task_marker_dag.py
[2022-11-26 02:02:18,531] {processor.py:623} INFO - DAG(s) dict_keys(['example_external_task_marker_parent', 'example_external_task_marker_child']) retrieved from /home/airflow/.local/lib/python3.6/site-packages/airflow/example_dags/example_external_task_marker_dag.py
[2022-11-26 02:02:18,595] {logging_mixin.py:109} INFO - [2022-11-26 02:02:18,594] {dag.py:1833} INFO - Sync 2 DAGs
[2022-11-26 02:02:18,642] {logging_mixin.py:109} INFO - [2022-11-26 02:02:18,641] {dag.py:2306} INFO - Setting next_dagrun for example_external_task_marker_child to None
[2022-11-26 02:02:18,645] {logging_mixin.py:109} INFO - [2022-11-26 02:02:18,645] {dag.py:2306} INFO - Setting next_dagrun for example_external_task_marker_parent to None
[2022-11-26 02:02:18,673] {processor.py:170} INFO - Processing /home/airflow/.local/lib/python3.6/site-packages/airflow/example_dags/example_external_task_marker_dag.py took 0.187 seconds
[2022-11-26 02:02:49,126] {processor.py:162} INFO - Started process (PID=4750) to work on /home/airflow/.local/lib/python3.6/site-packages/airflow/example_dags/example_external_task_marker_dag.py
[2022-11-26 02:02:49,129] {processor.py:613} INFO - Processing file /home/airflow/.local/lib/python3.6/site-packages/airflow/example_dags/example_external_task_marker_dag.py for tasks to queue
[2022-11-26 02:02:49,131] {logging_mixin.py:109} INFO - [2022-11-26 02:02:49,131] {dagbag.py:496} INFO - Filling up the DagBag from /home/airflow/.local/lib/python3.6/site-packages/airflow/example_dags/example_external_task_marker_dag.py
[2022-11-26 02:02:49,160] {processor.py:623} INFO - DAG(s) dict_keys(['example_external_task_marker_parent', 'example_external_task_marker_child']) retrieved from /home/airflow/.local/lib/python3.6/site-packages/airflow/example_dags/example_external_task_marker_dag.py
[2022-11-26 02:02:49,207] {logging_mixin.py:109} INFO - [2022-11-26 02:02:49,207] {dag.py:1833} INFO - Sync 2 DAGs
[2022-11-26 02:02:49,242] {logging_mixin.py:109} INFO - [2022-11-26 02:02:49,242] {dag.py:2306} INFO - Setting next_dagrun for example_external_task_marker_child to None
[2022-11-26 02:02:49,245] {logging_mixin.py:109} INFO - [2022-11-26 02:02:49,244] {dag.py:2306} INFO - Setting next_dagrun for example_external_task_marker_parent to None
[2022-11-26 02:02:49,268] {processor.py:170} INFO - Processing /home/airflow/.local/lib/python3.6/site-packages/airflow/example_dags/example_external_task_marker_dag.py took 0.150 seconds
[2022-11-26 02:03:19,418] {processor.py:162} INFO - Started process (PID=4840) to work on /home/airflow/.local/lib/python3.6/site-packages/airflow/example_dags/example_external_task_marker_dag.py
[2022-11-26 02:03:19,423] {processor.py:613} INFO - Processing file /home/airflow/.local/lib/python3.6/site-packages/airflow/example_dags/example_external_task_marker_dag.py for tasks to queue
[2022-11-26 02:03:19,424] {logging_mixin.py:109} INFO - [2022-11-26 02:03:19,424] {dagbag.py:496} INFO - Filling up the DagBag from /home/airflow/.local/lib/python3.6/site-packages/airflow/example_dags/example_external_task_marker_dag.py
[2022-11-26 02:03:19,451] {processor.py:623} INFO - DAG(s) dict_keys(['example_external_task_marker_parent', 'example_external_task_marker_child']) retrieved from /home/airflow/.local/lib/python3.6/site-packages/airflow/example_dags/example_external_task_marker_dag.py
[2022-11-26 02:03:19,498] {logging_mixin.py:109} INFO - [2022-11-26 02:03:19,497] {dag.py:1833} INFO - Sync 2 DAGs
[2022-11-26 02:03:19,531] {logging_mixin.py:109} INFO - [2022-11-26 02:03:19,530] {dag.py:2306} INFO - Setting next_dagrun for example_external_task_marker_child to None
[2022-11-26 02:03:19,533] {logging_mixin.py:109} INFO - [2022-11-26 02:03:19,533] {dag.py:2306} INFO - Setting next_dagrun for example_external_task_marker_parent to None
[2022-11-26 02:03:19,551] {processor.py:170} INFO - Processing /home/airflow/.local/lib/python3.6/site-packages/airflow/example_dags/example_external_task_marker_dag.py took 0.139 seconds
[2022-11-26 02:03:50,156] {processor.py:162} INFO - Started process (PID=4940) to work on /home/airflow/.local/lib/python3.6/site-packages/airflow/example_dags/example_external_task_marker_dag.py
[2022-11-26 02:03:50,159] {processor.py:613} INFO - Processing file /home/airflow/.local/lib/python3.6/site-packages/airflow/example_dags/example_external_task_marker_dag.py for tasks to queue
[2022-11-26 02:03:50,161] {logging_mixin.py:109} INFO - [2022-11-26 02:03:50,161] {dagbag.py:496} INFO - Filling up the DagBag from /home/airflow/.local/lib/python3.6/site-packages/airflow/example_dags/example_external_task_marker_dag.py
[2022-11-26 02:03:50,188] {processor.py:623} INFO - DAG(s) dict_keys(['example_external_task_marker_parent', 'example_external_task_marker_child']) retrieved from /home/airflow/.local/lib/python3.6/site-packages/airflow/example_dags/example_external_task_marker_dag.py
[2022-11-26 02:03:50,234] {logging_mixin.py:109} INFO - [2022-11-26 02:03:50,233] {dag.py:1833} INFO - Sync 2 DAGs
[2022-11-26 02:03:50,267] {logging_mixin.py:109} INFO - [2022-11-26 02:03:50,267] {dag.py:2306} INFO - Setting next_dagrun for example_external_task_marker_child to None
[2022-11-26 02:03:50,269] {logging_mixin.py:109} INFO - [2022-11-26 02:03:50,269] {dag.py:2306} INFO - Setting next_dagrun for example_external_task_marker_parent to None
[2022-11-26 02:03:50,288] {processor.py:170} INFO - Processing /home/airflow/.local/lib/python3.6/site-packages/airflow/example_dags/example_external_task_marker_dag.py took 0.137 seconds
[2022-11-26 02:04:20,401] {processor.py:162} INFO - Started process (PID=5040) to work on /home/airflow/.local/lib/python3.6/site-packages/airflow/example_dags/example_external_task_marker_dag.py
[2022-11-26 02:04:20,406] {processor.py:613} INFO - Processing file /home/airflow/.local/lib/python3.6/site-packages/airflow/example_dags/example_external_task_marker_dag.py for tasks to queue
[2022-11-26 02:04:20,409] {logging_mixin.py:109} INFO - [2022-11-26 02:04:20,408] {dagbag.py:496} INFO - Filling up the DagBag from /home/airflow/.local/lib/python3.6/site-packages/airflow/example_dags/example_external_task_marker_dag.py
[2022-11-26 02:04:20,451] {processor.py:623} INFO - DAG(s) dict_keys(['example_external_task_marker_parent', 'example_external_task_marker_child']) retrieved from /home/airflow/.local/lib/python3.6/site-packages/airflow/example_dags/example_external_task_marker_dag.py
[2022-11-26 02:04:20,528] {logging_mixin.py:109} INFO - [2022-11-26 02:04:20,528] {dag.py:1833} INFO - Sync 2 DAGs
[2022-11-26 02:04:20,583] {logging_mixin.py:109} INFO - [2022-11-26 02:04:20,582] {dag.py:2306} INFO - Setting next_dagrun for example_external_task_marker_child to None
[2022-11-26 02:04:20,586] {logging_mixin.py:109} INFO - [2022-11-26 02:04:20,586] {dag.py:2306} INFO - Setting next_dagrun for example_external_task_marker_parent to None
[2022-11-26 02:04:20,619] {processor.py:170} INFO - Processing /home/airflow/.local/lib/python3.6/site-packages/airflow/example_dags/example_external_task_marker_dag.py took 0.226 seconds
[2022-11-26 02:04:51,443] {processor.py:162} INFO - Started process (PID=5139) to work on /home/airflow/.local/lib/python3.6/site-packages/airflow/example_dags/example_external_task_marker_dag.py
[2022-11-26 02:04:51,448] {processor.py:613} INFO - Processing file /home/airflow/.local/lib/python3.6/site-packages/airflow/example_dags/example_external_task_marker_dag.py for tasks to queue
[2022-11-26 02:04:51,450] {logging_mixin.py:109} INFO - [2022-11-26 02:04:51,450] {dagbag.py:496} INFO - Filling up the DagBag from /home/airflow/.local/lib/python3.6/site-packages/airflow/example_dags/example_external_task_marker_dag.py
[2022-11-26 02:04:51,493] {processor.py:623} INFO - DAG(s) dict_keys(['example_external_task_marker_parent', 'example_external_task_marker_child']) retrieved from /home/airflow/.local/lib/python3.6/site-packages/airflow/example_dags/example_external_task_marker_dag.py
[2022-11-26 02:04:51,574] {logging_mixin.py:109} INFO - [2022-11-26 02:04:51,573] {dag.py:1833} INFO - Sync 2 DAGs
[2022-11-26 02:04:51,643] {logging_mixin.py:109} INFO - [2022-11-26 02:04:51,642] {dag.py:2306} INFO - Setting next_dagrun for example_external_task_marker_child to None
[2022-11-26 02:04:51,647] {logging_mixin.py:109} INFO - [2022-11-26 02:04:51,647] {dag.py:2306} INFO - Setting next_dagrun for example_external_task_marker_parent to None
[2022-11-26 02:04:51,676] {processor.py:170} INFO - Processing /home/airflow/.local/lib/python3.6/site-packages/airflow/example_dags/example_external_task_marker_dag.py took 0.242 seconds
[2022-11-26 02:05:22,388] {processor.py:162} INFO - Started process (PID=5220) to work on /home/airflow/.local/lib/python3.6/site-packages/airflow/example_dags/example_external_task_marker_dag.py
[2022-11-26 02:05:22,391] {processor.py:613} INFO - Processing file /home/airflow/.local/lib/python3.6/site-packages/airflow/example_dags/example_external_task_marker_dag.py for tasks to queue
[2022-11-26 02:05:22,393] {logging_mixin.py:109} INFO - [2022-11-26 02:05:22,393] {dagbag.py:496} INFO - Filling up the DagBag from /home/airflow/.local/lib/python3.6/site-packages/airflow/example_dags/example_external_task_marker_dag.py
[2022-11-26 02:05:22,424] {processor.py:623} INFO - DAG(s) dict_keys(['example_external_task_marker_parent', 'example_external_task_marker_child']) retrieved from /home/airflow/.local/lib/python3.6/site-packages/airflow/example_dags/example_external_task_marker_dag.py
[2022-11-26 02:05:22,470] {logging_mixin.py:109} INFO - [2022-11-26 02:05:22,470] {dag.py:1833} INFO - Sync 2 DAGs
[2022-11-26 02:05:22,504] {logging_mixin.py:109} INFO - [2022-11-26 02:05:22,504] {dag.py:2306} INFO - Setting next_dagrun for example_external_task_marker_child to None
[2022-11-26 02:05:22,506] {logging_mixin.py:109} INFO - [2022-11-26 02:05:22,506] {dag.py:2306} INFO - Setting next_dagrun for example_external_task_marker_parent to None
[2022-11-26 02:05:22,525] {processor.py:170} INFO - Processing /home/airflow/.local/lib/python3.6/site-packages/airflow/example_dags/example_external_task_marker_dag.py took 0.143 seconds
[2022-11-26 02:05:53,114] {processor.py:162} INFO - Started process (PID=5321) to work on /home/airflow/.local/lib/python3.6/site-packages/airflow/example_dags/example_external_task_marker_dag.py
[2022-11-26 02:05:53,118] {processor.py:613} INFO - Processing file /home/airflow/.local/lib/python3.6/site-packages/airflow/example_dags/example_external_task_marker_dag.py for tasks to queue
[2022-11-26 02:05:53,121] {logging_mixin.py:109} INFO - [2022-11-26 02:05:53,120] {dagbag.py:496} INFO - Filling up the DagBag from /home/airflow/.local/lib/python3.6/site-packages/airflow/example_dags/example_external_task_marker_dag.py
[2022-11-26 02:05:53,153] {processor.py:623} INFO - DAG(s) dict_keys(['example_external_task_marker_parent', 'example_external_task_marker_child']) retrieved from /home/airflow/.local/lib/python3.6/site-packages/airflow/example_dags/example_external_task_marker_dag.py
[2022-11-26 02:05:53,200] {logging_mixin.py:109} INFO - [2022-11-26 02:05:53,199] {dag.py:1833} INFO - Sync 2 DAGs
[2022-11-26 02:05:53,234] {logging_mixin.py:109} INFO - [2022-11-26 02:05:53,233] {dag.py:2306} INFO - Setting next_dagrun for example_external_task_marker_child to None
[2022-11-26 02:05:53,236] {logging_mixin.py:109} INFO - [2022-11-26 02:05:53,236] {dag.py:2306} INFO - Setting next_dagrun for example_external_task_marker_parent to None
[2022-11-26 02:05:53,254] {processor.py:170} INFO - Processing /home/airflow/.local/lib/python3.6/site-packages/airflow/example_dags/example_external_task_marker_dag.py took 0.147 seconds
