[2022-11-26 01:37:42,612] {processor.py:162} INFO - Started process (PID=159) to work on /home/airflow/.local/lib/python3.6/site-packages/airflow/example_dags/example_branch_datetime_operator.py
[2022-11-26 01:37:42,617] {processor.py:613} INFO - Processing file /home/airflow/.local/lib/python3.6/site-packages/airflow/example_dags/example_branch_datetime_operator.py for tasks to queue
[2022-11-26 01:37:42,628] {logging_mixin.py:109} INFO - [2022-11-26 01:37:42,620] {dagbag.py:496} INFO - Filling up the DagBag from /home/airflow/.local/lib/python3.6/site-packages/airflow/example_dags/example_branch_datetime_operator.py
[2022-11-26 01:37:42,754] {processor.py:623} INFO - DAG(s) dict_keys(['example_branch_datetime_operator_2']) retrieved from /home/airflow/.local/lib/python3.6/site-packages/airflow/example_dags/example_branch_datetime_operator.py
[2022-11-26 01:37:45,067] {logging_mixin.py:109} INFO - [2022-11-26 01:37:45,067] {dag.py:1833} INFO - Sync 1 DAGs
[2022-11-26 01:37:45,379] {logging_mixin.py:109} INFO - [2022-11-26 01:37:45,378] {dag.py:2306} INFO - Setting next_dagrun for example_branch_datetime_operator_2 to 2022-11-24 00:00:00+00:00
[2022-11-26 01:37:45,510] {processor.py:170} INFO - Processing /home/airflow/.local/lib/python3.6/site-packages/airflow/example_dags/example_branch_datetime_operator.py took 2.940 seconds
[2022-11-26 01:38:15,733] {processor.py:162} INFO - Started process (PID=262) to work on /home/airflow/.local/lib/python3.6/site-packages/airflow/example_dags/example_branch_datetime_operator.py
[2022-11-26 01:38:15,736] {processor.py:613} INFO - Processing file /home/airflow/.local/lib/python3.6/site-packages/airflow/example_dags/example_branch_datetime_operator.py for tasks to queue
[2022-11-26 01:38:15,741] {logging_mixin.py:109} INFO - [2022-11-26 01:38:15,741] {dagbag.py:496} INFO - Filling up the DagBag from /home/airflow/.local/lib/python3.6/site-packages/airflow/example_dags/example_branch_datetime_operator.py
[2022-11-26 01:38:15,819] {processor.py:623} INFO - DAG(s) dict_keys(['example_branch_datetime_operator_2']) retrieved from /home/airflow/.local/lib/python3.6/site-packages/airflow/example_dags/example_branch_datetime_operator.py
[2022-11-26 01:38:15,950] {logging_mixin.py:109} INFO - [2022-11-26 01:38:15,950] {dag.py:1833} INFO - Sync 1 DAGs
[2022-11-26 01:38:16,127] {logging_mixin.py:109} INFO - [2022-11-26 01:38:16,127] {dag.py:2306} INFO - Setting next_dagrun for example_branch_datetime_operator_2 to 2022-11-24 00:00:00+00:00
[2022-11-26 01:38:16,180] {processor.py:170} INFO - Processing /home/airflow/.local/lib/python3.6/site-packages/airflow/example_dags/example_branch_datetime_operator.py took 0.452 seconds
[2022-11-26 01:38:46,860] {processor.py:162} INFO - Started process (PID=343) to work on /home/airflow/.local/lib/python3.6/site-packages/airflow/example_dags/example_branch_datetime_operator.py
[2022-11-26 01:38:46,864] {processor.py:613} INFO - Processing file /home/airflow/.local/lib/python3.6/site-packages/airflow/example_dags/example_branch_datetime_operator.py for tasks to queue
[2022-11-26 01:38:46,867] {logging_mixin.py:109} INFO - [2022-11-26 01:38:46,866] {dagbag.py:496} INFO - Filling up the DagBag from /home/airflow/.local/lib/python3.6/site-packages/airflow/example_dags/example_branch_datetime_operator.py
[2022-11-26 01:38:46,901] {processor.py:623} INFO - DAG(s) dict_keys(['example_branch_datetime_operator_2']) retrieved from /home/airflow/.local/lib/python3.6/site-packages/airflow/example_dags/example_branch_datetime_operator.py
[2022-11-26 01:38:46,941] {logging_mixin.py:109} INFO - [2022-11-26 01:38:46,941] {dag.py:1833} INFO - Sync 1 DAGs
[2022-11-26 01:38:46,986] {logging_mixin.py:109} INFO - [2022-11-26 01:38:46,985] {dag.py:2306} INFO - Setting next_dagrun for example_branch_datetime_operator_2 to 2022-11-24 00:00:00+00:00
[2022-11-26 01:38:47,005] {processor.py:170} INFO - Processing /home/airflow/.local/lib/python3.6/site-packages/airflow/example_dags/example_branch_datetime_operator.py took 0.152 seconds
[2022-11-26 01:39:17,920] {processor.py:162} INFO - Started process (PID=443) to work on /home/airflow/.local/lib/python3.6/site-packages/airflow/example_dags/example_branch_datetime_operator.py
[2022-11-26 01:39:17,924] {processor.py:613} INFO - Processing file /home/airflow/.local/lib/python3.6/site-packages/airflow/example_dags/example_branch_datetime_operator.py for tasks to queue
[2022-11-26 01:39:17,926] {logging_mixin.py:109} INFO - [2022-11-26 01:39:17,926] {dagbag.py:496} INFO - Filling up the DagBag from /home/airflow/.local/lib/python3.6/site-packages/airflow/example_dags/example_branch_datetime_operator.py
[2022-11-26 01:39:17,960] {processor.py:623} INFO - DAG(s) dict_keys(['example_branch_datetime_operator_2']) retrieved from /home/airflow/.local/lib/python3.6/site-packages/airflow/example_dags/example_branch_datetime_operator.py
[2022-11-26 01:39:17,999] {logging_mixin.py:109} INFO - [2022-11-26 01:39:17,999] {dag.py:1833} INFO - Sync 1 DAGs
[2022-11-26 01:39:18,044] {logging_mixin.py:109} INFO - [2022-11-26 01:39:18,044] {dag.py:2306} INFO - Setting next_dagrun for example_branch_datetime_operator_2 to 2022-11-24 00:00:00+00:00
[2022-11-26 01:39:18,061] {processor.py:170} INFO - Processing /home/airflow/.local/lib/python3.6/site-packages/airflow/example_dags/example_branch_datetime_operator.py took 0.149 seconds
[2022-11-26 01:39:48,308] {processor.py:162} INFO - Started process (PID=543) to work on /home/airflow/.local/lib/python3.6/site-packages/airflow/example_dags/example_branch_datetime_operator.py
[2022-11-26 01:39:48,310] {processor.py:613} INFO - Processing file /home/airflow/.local/lib/python3.6/site-packages/airflow/example_dags/example_branch_datetime_operator.py for tasks to queue
[2022-11-26 01:39:48,312] {logging_mixin.py:109} INFO - [2022-11-26 01:39:48,311] {dagbag.py:496} INFO - Filling up the DagBag from /home/airflow/.local/lib/python3.6/site-packages/airflow/example_dags/example_branch_datetime_operator.py
[2022-11-26 01:39:48,340] {processor.py:623} INFO - DAG(s) dict_keys(['example_branch_datetime_operator_2']) retrieved from /home/airflow/.local/lib/python3.6/site-packages/airflow/example_dags/example_branch_datetime_operator.py
[2022-11-26 01:39:48,378] {logging_mixin.py:109} INFO - [2022-11-26 01:39:48,378] {dag.py:1833} INFO - Sync 1 DAGs
[2022-11-26 01:39:48,422] {logging_mixin.py:109} INFO - [2022-11-26 01:39:48,422] {dag.py:2306} INFO - Setting next_dagrun for example_branch_datetime_operator_2 to 2022-11-24 00:00:00+00:00
[2022-11-26 01:39:48,441] {processor.py:170} INFO - Processing /home/airflow/.local/lib/python3.6/site-packages/airflow/example_dags/example_branch_datetime_operator.py took 0.137 seconds
[2022-11-26 01:40:19,038] {processor.py:162} INFO - Started process (PID=642) to work on /home/airflow/.local/lib/python3.6/site-packages/airflow/example_dags/example_branch_datetime_operator.py
[2022-11-26 01:40:19,040] {processor.py:613} INFO - Processing file /home/airflow/.local/lib/python3.6/site-packages/airflow/example_dags/example_branch_datetime_operator.py for tasks to queue
[2022-11-26 01:40:19,041] {logging_mixin.py:109} INFO - [2022-11-26 01:40:19,041] {dagbag.py:496} INFO - Filling up the DagBag from /home/airflow/.local/lib/python3.6/site-packages/airflow/example_dags/example_branch_datetime_operator.py
[2022-11-26 01:40:19,071] {processor.py:623} INFO - DAG(s) dict_keys(['example_branch_datetime_operator_2']) retrieved from /home/airflow/.local/lib/python3.6/site-packages/airflow/example_dags/example_branch_datetime_operator.py
[2022-11-26 01:40:19,110] {logging_mixin.py:109} INFO - [2022-11-26 01:40:19,110] {dag.py:1833} INFO - Sync 1 DAGs
[2022-11-26 01:40:19,156] {logging_mixin.py:109} INFO - [2022-11-26 01:40:19,155] {dag.py:2306} INFO - Setting next_dagrun for example_branch_datetime_operator_2 to 2022-11-24 00:00:00+00:00
[2022-11-26 01:40:19,173] {processor.py:170} INFO - Processing /home/airflow/.local/lib/python3.6/site-packages/airflow/example_dags/example_branch_datetime_operator.py took 0.140 seconds
[2022-11-26 01:40:49,403] {processor.py:162} INFO - Started process (PID=741) to work on /home/airflow/.local/lib/python3.6/site-packages/airflow/example_dags/example_branch_datetime_operator.py
[2022-11-26 01:40:49,406] {processor.py:613} INFO - Processing file /home/airflow/.local/lib/python3.6/site-packages/airflow/example_dags/example_branch_datetime_operator.py for tasks to queue
[2022-11-26 01:40:49,408] {logging_mixin.py:109} INFO - [2022-11-26 01:40:49,408] {dagbag.py:496} INFO - Filling up the DagBag from /home/airflow/.local/lib/python3.6/site-packages/airflow/example_dags/example_branch_datetime_operator.py
[2022-11-26 01:40:49,440] {processor.py:623} INFO - DAG(s) dict_keys(['example_branch_datetime_operator_2']) retrieved from /home/airflow/.local/lib/python3.6/site-packages/airflow/example_dags/example_branch_datetime_operator.py
[2022-11-26 01:40:49,482] {logging_mixin.py:109} INFO - [2022-11-26 01:40:49,482] {dag.py:1833} INFO - Sync 1 DAGs
[2022-11-26 01:40:49,529] {logging_mixin.py:109} INFO - [2022-11-26 01:40:49,529] {dag.py:2306} INFO - Setting next_dagrun for example_branch_datetime_operator_2 to 2022-11-24 00:00:00+00:00
[2022-11-26 01:40:49,549] {processor.py:170} INFO - Processing /home/airflow/.local/lib/python3.6/site-packages/airflow/example_dags/example_branch_datetime_operator.py took 0.151 seconds
[2022-11-26 01:41:19,981] {processor.py:162} INFO - Started process (PID=839) to work on /home/airflow/.local/lib/python3.6/site-packages/airflow/example_dags/example_branch_datetime_operator.py
[2022-11-26 01:41:19,984] {processor.py:613} INFO - Processing file /home/airflow/.local/lib/python3.6/site-packages/airflow/example_dags/example_branch_datetime_operator.py for tasks to queue
[2022-11-26 01:41:19,990] {logging_mixin.py:109} INFO - [2022-11-26 01:41:19,990] {dagbag.py:496} INFO - Filling up the DagBag from /home/airflow/.local/lib/python3.6/site-packages/airflow/example_dags/example_branch_datetime_operator.py
[2022-11-26 01:41:20,022] {processor.py:623} INFO - DAG(s) dict_keys(['example_branch_datetime_operator_2']) retrieved from /home/airflow/.local/lib/python3.6/site-packages/airflow/example_dags/example_branch_datetime_operator.py
[2022-11-26 01:41:20,063] {logging_mixin.py:109} INFO - [2022-11-26 01:41:20,063] {dag.py:1833} INFO - Sync 1 DAGs
[2022-11-26 01:41:20,111] {logging_mixin.py:109} INFO - [2022-11-26 01:41:20,110] {dag.py:2306} INFO - Setting next_dagrun for example_branch_datetime_operator_2 to 2022-11-24 00:00:00+00:00
[2022-11-26 01:41:20,136] {processor.py:170} INFO - Processing /home/airflow/.local/lib/python3.6/site-packages/airflow/example_dags/example_branch_datetime_operator.py took 0.160 seconds
[2022-11-26 01:41:50,208] {processor.py:162} INFO - Started process (PID=921) to work on /home/airflow/.local/lib/python3.6/site-packages/airflow/example_dags/example_branch_datetime_operator.py
[2022-11-26 01:41:50,212] {processor.py:613} INFO - Processing file /home/airflow/.local/lib/python3.6/site-packages/airflow/example_dags/example_branch_datetime_operator.py for tasks to queue
[2022-11-26 01:41:50,215] {logging_mixin.py:109} INFO - [2022-11-26 01:41:50,214] {dagbag.py:496} INFO - Filling up the DagBag from /home/airflow/.local/lib/python3.6/site-packages/airflow/example_dags/example_branch_datetime_operator.py
[2022-11-26 01:41:50,251] {processor.py:623} INFO - DAG(s) dict_keys(['example_branch_datetime_operator_2']) retrieved from /home/airflow/.local/lib/python3.6/site-packages/airflow/example_dags/example_branch_datetime_operator.py
[2022-11-26 01:41:50,296] {logging_mixin.py:109} INFO - [2022-11-26 01:41:50,295] {dag.py:1833} INFO - Sync 1 DAGs
[2022-11-26 01:41:50,341] {logging_mixin.py:109} INFO - [2022-11-26 01:41:50,341] {dag.py:2306} INFO - Setting next_dagrun for example_branch_datetime_operator_2 to 2022-11-24 00:00:00+00:00
[2022-11-26 01:41:50,360] {processor.py:170} INFO - Processing /home/airflow/.local/lib/python3.6/site-packages/airflow/example_dags/example_branch_datetime_operator.py took 0.162 seconds
[2022-11-26 01:42:20,711] {processor.py:162} INFO - Started process (PID=1023) to work on /home/airflow/.local/lib/python3.6/site-packages/airflow/example_dags/example_branch_datetime_operator.py
[2022-11-26 01:42:20,714] {processor.py:613} INFO - Processing file /home/airflow/.local/lib/python3.6/site-packages/airflow/example_dags/example_branch_datetime_operator.py for tasks to queue
[2022-11-26 01:42:20,715] {logging_mixin.py:109} INFO - [2022-11-26 01:42:20,715] {dagbag.py:496} INFO - Filling up the DagBag from /home/airflow/.local/lib/python3.6/site-packages/airflow/example_dags/example_branch_datetime_operator.py
[2022-11-26 01:42:20,745] {processor.py:623} INFO - DAG(s) dict_keys(['example_branch_datetime_operator_2']) retrieved from /home/airflow/.local/lib/python3.6/site-packages/airflow/example_dags/example_branch_datetime_operator.py
[2022-11-26 01:42:20,784] {logging_mixin.py:109} INFO - [2022-11-26 01:42:20,783] {dag.py:1833} INFO - Sync 1 DAGs
[2022-11-26 01:42:20,828] {logging_mixin.py:109} INFO - [2022-11-26 01:42:20,828] {dag.py:2306} INFO - Setting next_dagrun for example_branch_datetime_operator_2 to 2022-11-24 00:00:00+00:00
[2022-11-26 01:42:20,846] {processor.py:170} INFO - Processing /home/airflow/.local/lib/python3.6/site-packages/airflow/example_dags/example_branch_datetime_operator.py took 0.140 seconds
[2022-11-26 01:42:50,998] {processor.py:162} INFO - Started process (PID=1123) to work on /home/airflow/.local/lib/python3.6/site-packages/airflow/example_dags/example_branch_datetime_operator.py
[2022-11-26 01:42:51,001] {processor.py:613} INFO - Processing file /home/airflow/.local/lib/python3.6/site-packages/airflow/example_dags/example_branch_datetime_operator.py for tasks to queue
[2022-11-26 01:42:51,003] {logging_mixin.py:109} INFO - [2022-11-26 01:42:51,003] {dagbag.py:496} INFO - Filling up the DagBag from /home/airflow/.local/lib/python3.6/site-packages/airflow/example_dags/example_branch_datetime_operator.py
[2022-11-26 01:42:51,036] {processor.py:623} INFO - DAG(s) dict_keys(['example_branch_datetime_operator_2']) retrieved from /home/airflow/.local/lib/python3.6/site-packages/airflow/example_dags/example_branch_datetime_operator.py
[2022-11-26 01:42:51,074] {logging_mixin.py:109} INFO - [2022-11-26 01:42:51,074] {dag.py:1833} INFO - Sync 1 DAGs
[2022-11-26 01:42:51,118] {logging_mixin.py:109} INFO - [2022-11-26 01:42:51,118] {dag.py:2306} INFO - Setting next_dagrun for example_branch_datetime_operator_2 to 2022-11-24 00:00:00+00:00
[2022-11-26 01:42:51,136] {processor.py:170} INFO - Processing /home/airflow/.local/lib/python3.6/site-packages/airflow/example_dags/example_branch_datetime_operator.py took 0.145 seconds
[2022-11-26 01:43:21,299] {processor.py:162} INFO - Started process (PID=1224) to work on /home/airflow/.local/lib/python3.6/site-packages/airflow/example_dags/example_branch_datetime_operator.py
[2022-11-26 01:43:21,302] {processor.py:613} INFO - Processing file /home/airflow/.local/lib/python3.6/site-packages/airflow/example_dags/example_branch_datetime_operator.py for tasks to queue
[2022-11-26 01:43:21,304] {logging_mixin.py:109} INFO - [2022-11-26 01:43:21,304] {dagbag.py:496} INFO - Filling up the DagBag from /home/airflow/.local/lib/python3.6/site-packages/airflow/example_dags/example_branch_datetime_operator.py
[2022-11-26 01:43:21,336] {processor.py:623} INFO - DAG(s) dict_keys(['example_branch_datetime_operator_2']) retrieved from /home/airflow/.local/lib/python3.6/site-packages/airflow/example_dags/example_branch_datetime_operator.py
[2022-11-26 01:43:21,383] {logging_mixin.py:109} INFO - [2022-11-26 01:43:21,382] {dag.py:1833} INFO - Sync 1 DAGs
[2022-11-26 01:43:21,432] {logging_mixin.py:109} INFO - [2022-11-26 01:43:21,432] {dag.py:2306} INFO - Setting next_dagrun for example_branch_datetime_operator_2 to 2022-11-24 00:00:00+00:00
[2022-11-26 01:43:21,451] {processor.py:170} INFO - Processing /home/airflow/.local/lib/python3.6/site-packages/airflow/example_dags/example_branch_datetime_operator.py took 0.158 seconds
[2022-11-26 01:43:51,639] {processor.py:162} INFO - Started process (PID=1324) to work on /home/airflow/.local/lib/python3.6/site-packages/airflow/example_dags/example_branch_datetime_operator.py
[2022-11-26 01:43:51,642] {processor.py:613} INFO - Processing file /home/airflow/.local/lib/python3.6/site-packages/airflow/example_dags/example_branch_datetime_operator.py for tasks to queue
[2022-11-26 01:43:51,643] {logging_mixin.py:109} INFO - [2022-11-26 01:43:51,643] {dagbag.py:496} INFO - Filling up the DagBag from /home/airflow/.local/lib/python3.6/site-packages/airflow/example_dags/example_branch_datetime_operator.py
[2022-11-26 01:43:51,674] {processor.py:623} INFO - DAG(s) dict_keys(['example_branch_datetime_operator_2']) retrieved from /home/airflow/.local/lib/python3.6/site-packages/airflow/example_dags/example_branch_datetime_operator.py
[2022-11-26 01:43:51,721] {logging_mixin.py:109} INFO - [2022-11-26 01:43:51,721] {dag.py:1833} INFO - Sync 1 DAGs
[2022-11-26 01:43:51,769] {logging_mixin.py:109} INFO - [2022-11-26 01:43:51,768] {dag.py:2306} INFO - Setting next_dagrun for example_branch_datetime_operator_2 to 2022-11-24 00:00:00+00:00
[2022-11-26 01:43:51,790] {processor.py:170} INFO - Processing /home/airflow/.local/lib/python3.6/site-packages/airflow/example_dags/example_branch_datetime_operator.py took 0.156 seconds
[2022-11-26 01:44:22,265] {processor.py:162} INFO - Started process (PID=1415) to work on /home/airflow/.local/lib/python3.6/site-packages/airflow/example_dags/example_branch_datetime_operator.py
[2022-11-26 01:44:22,268] {processor.py:613} INFO - Processing file /home/airflow/.local/lib/python3.6/site-packages/airflow/example_dags/example_branch_datetime_operator.py for tasks to queue
[2022-11-26 01:44:22,269] {logging_mixin.py:109} INFO - [2022-11-26 01:44:22,269] {dagbag.py:496} INFO - Filling up the DagBag from /home/airflow/.local/lib/python3.6/site-packages/airflow/example_dags/example_branch_datetime_operator.py
[2022-11-26 01:44:22,300] {processor.py:623} INFO - DAG(s) dict_keys(['example_branch_datetime_operator_2']) retrieved from /home/airflow/.local/lib/python3.6/site-packages/airflow/example_dags/example_branch_datetime_operator.py
[2022-11-26 01:44:22,341] {logging_mixin.py:109} INFO - [2022-11-26 01:44:22,340] {dag.py:1833} INFO - Sync 1 DAGs
[2022-11-26 01:44:22,386] {logging_mixin.py:109} INFO - [2022-11-26 01:44:22,385] {dag.py:2306} INFO - Setting next_dagrun for example_branch_datetime_operator_2 to 2022-11-24 00:00:00+00:00
[2022-11-26 01:44:22,404] {processor.py:170} INFO - Processing /home/airflow/.local/lib/python3.6/site-packages/airflow/example_dags/example_branch_datetime_operator.py took 0.145 seconds
[2022-11-26 01:44:52,532] {processor.py:162} INFO - Started process (PID=1505) to work on /home/airflow/.local/lib/python3.6/site-packages/airflow/example_dags/example_branch_datetime_operator.py
[2022-11-26 01:44:52,535] {processor.py:613} INFO - Processing file /home/airflow/.local/lib/python3.6/site-packages/airflow/example_dags/example_branch_datetime_operator.py for tasks to queue
[2022-11-26 01:44:52,536] {logging_mixin.py:109} INFO - [2022-11-26 01:44:52,536] {dagbag.py:496} INFO - Filling up the DagBag from /home/airflow/.local/lib/python3.6/site-packages/airflow/example_dags/example_branch_datetime_operator.py
[2022-11-26 01:44:52,565] {processor.py:623} INFO - DAG(s) dict_keys(['example_branch_datetime_operator_2']) retrieved from /home/airflow/.local/lib/python3.6/site-packages/airflow/example_dags/example_branch_datetime_operator.py
[2022-11-26 01:44:52,603] {logging_mixin.py:109} INFO - [2022-11-26 01:44:52,603] {dag.py:1833} INFO - Sync 1 DAGs
[2022-11-26 01:44:52,648] {logging_mixin.py:109} INFO - [2022-11-26 01:44:52,648] {dag.py:2306} INFO - Setting next_dagrun for example_branch_datetime_operator_2 to 2022-11-24 00:00:00+00:00
[2022-11-26 01:44:52,668] {processor.py:170} INFO - Processing /home/airflow/.local/lib/python3.6/site-packages/airflow/example_dags/example_branch_datetime_operator.py took 0.141 seconds
[2022-11-26 01:45:22,980] {processor.py:162} INFO - Started process (PID=1607) to work on /home/airflow/.local/lib/python3.6/site-packages/airflow/example_dags/example_branch_datetime_operator.py
[2022-11-26 01:45:22,983] {processor.py:613} INFO - Processing file /home/airflow/.local/lib/python3.6/site-packages/airflow/example_dags/example_branch_datetime_operator.py for tasks to queue
[2022-11-26 01:45:22,985] {logging_mixin.py:109} INFO - [2022-11-26 01:45:22,985] {dagbag.py:496} INFO - Filling up the DagBag from /home/airflow/.local/lib/python3.6/site-packages/airflow/example_dags/example_branch_datetime_operator.py
[2022-11-26 01:45:23,018] {processor.py:623} INFO - DAG(s) dict_keys(['example_branch_datetime_operator_2']) retrieved from /home/airflow/.local/lib/python3.6/site-packages/airflow/example_dags/example_branch_datetime_operator.py
[2022-11-26 01:45:23,056] {logging_mixin.py:109} INFO - [2022-11-26 01:45:23,056] {dag.py:1833} INFO - Sync 1 DAGs
[2022-11-26 01:45:23,100] {logging_mixin.py:109} INFO - [2022-11-26 01:45:23,099] {dag.py:2306} INFO - Setting next_dagrun for example_branch_datetime_operator_2 to 2022-11-24 00:00:00+00:00
[2022-11-26 01:45:23,117] {processor.py:170} INFO - Processing /home/airflow/.local/lib/python3.6/site-packages/airflow/example_dags/example_branch_datetime_operator.py took 0.145 seconds
[2022-11-26 01:45:53,988] {processor.py:162} INFO - Started process (PID=1708) to work on /home/airflow/.local/lib/python3.6/site-packages/airflow/example_dags/example_branch_datetime_operator.py
[2022-11-26 01:45:53,991] {processor.py:613} INFO - Processing file /home/airflow/.local/lib/python3.6/site-packages/airflow/example_dags/example_branch_datetime_operator.py for tasks to queue
[2022-11-26 01:45:53,994] {logging_mixin.py:109} INFO - [2022-11-26 01:45:53,993] {dagbag.py:496} INFO - Filling up the DagBag from /home/airflow/.local/lib/python3.6/site-packages/airflow/example_dags/example_branch_datetime_operator.py
[2022-11-26 01:45:54,028] {processor.py:623} INFO - DAG(s) dict_keys(['example_branch_datetime_operator_2']) retrieved from /home/airflow/.local/lib/python3.6/site-packages/airflow/example_dags/example_branch_datetime_operator.py
[2022-11-26 01:45:54,065] {logging_mixin.py:109} INFO - [2022-11-26 01:45:54,065] {dag.py:1833} INFO - Sync 1 DAGs
[2022-11-26 01:45:54,109] {logging_mixin.py:109} INFO - [2022-11-26 01:45:54,109] {dag.py:2306} INFO - Setting next_dagrun for example_branch_datetime_operator_2 to 2022-11-24 00:00:00+00:00
[2022-11-26 01:45:54,127] {processor.py:170} INFO - Processing /home/airflow/.local/lib/python3.6/site-packages/airflow/example_dags/example_branch_datetime_operator.py took 0.148 seconds
[2022-11-26 01:46:24,725] {processor.py:162} INFO - Started process (PID=1808) to work on /home/airflow/.local/lib/python3.6/site-packages/airflow/example_dags/example_branch_datetime_operator.py
[2022-11-26 01:46:24,731] {processor.py:613} INFO - Processing file /home/airflow/.local/lib/python3.6/site-packages/airflow/example_dags/example_branch_datetime_operator.py for tasks to queue
[2022-11-26 01:46:24,734] {logging_mixin.py:109} INFO - [2022-11-26 01:46:24,733] {dagbag.py:496} INFO - Filling up the DagBag from /home/airflow/.local/lib/python3.6/site-packages/airflow/example_dags/example_branch_datetime_operator.py
[2022-11-26 01:46:24,802] {processor.py:623} INFO - DAG(s) dict_keys(['example_branch_datetime_operator_2']) retrieved from /home/airflow/.local/lib/python3.6/site-packages/airflow/example_dags/example_branch_datetime_operator.py
[2022-11-26 01:46:24,892] {logging_mixin.py:109} INFO - [2022-11-26 01:46:24,891] {dag.py:1833} INFO - Sync 1 DAGs
[2022-11-26 01:46:25,017] {logging_mixin.py:109} INFO - [2022-11-26 01:46:25,017] {dag.py:2306} INFO - Setting next_dagrun for example_branch_datetime_operator_2 to 2022-11-24 00:00:00+00:00
[2022-11-26 01:46:25,062] {processor.py:170} INFO - Processing /home/airflow/.local/lib/python3.6/site-packages/airflow/example_dags/example_branch_datetime_operator.py took 0.345 seconds
[2022-11-26 01:46:55,594] {processor.py:162} INFO - Started process (PID=1908) to work on /home/airflow/.local/lib/python3.6/site-packages/airflow/example_dags/example_branch_datetime_operator.py
[2022-11-26 01:46:55,596] {processor.py:613} INFO - Processing file /home/airflow/.local/lib/python3.6/site-packages/airflow/example_dags/example_branch_datetime_operator.py for tasks to queue
[2022-11-26 01:46:55,598] {logging_mixin.py:109} INFO - [2022-11-26 01:46:55,598] {dagbag.py:496} INFO - Filling up the DagBag from /home/airflow/.local/lib/python3.6/site-packages/airflow/example_dags/example_branch_datetime_operator.py
[2022-11-26 01:46:55,627] {processor.py:623} INFO - DAG(s) dict_keys(['example_branch_datetime_operator_2']) retrieved from /home/airflow/.local/lib/python3.6/site-packages/airflow/example_dags/example_branch_datetime_operator.py
[2022-11-26 01:46:55,666] {logging_mixin.py:109} INFO - [2022-11-26 01:46:55,665] {dag.py:1833} INFO - Sync 1 DAGs
[2022-11-26 01:46:55,710] {logging_mixin.py:109} INFO - [2022-11-26 01:46:55,709] {dag.py:2306} INFO - Setting next_dagrun for example_branch_datetime_operator_2 to 2022-11-24 00:00:00+00:00
[2022-11-26 01:46:55,727] {processor.py:170} INFO - Processing /home/airflow/.local/lib/python3.6/site-packages/airflow/example_dags/example_branch_datetime_operator.py took 0.138 seconds
[2022-11-26 01:47:25,945] {processor.py:162} INFO - Started process (PID=1998) to work on /home/airflow/.local/lib/python3.6/site-packages/airflow/example_dags/example_branch_datetime_operator.py
[2022-11-26 01:47:25,948] {processor.py:613} INFO - Processing file /home/airflow/.local/lib/python3.6/site-packages/airflow/example_dags/example_branch_datetime_operator.py for tasks to queue
[2022-11-26 01:47:25,949] {logging_mixin.py:109} INFO - [2022-11-26 01:47:25,949] {dagbag.py:496} INFO - Filling up the DagBag from /home/airflow/.local/lib/python3.6/site-packages/airflow/example_dags/example_branch_datetime_operator.py
[2022-11-26 01:47:25,989] {processor.py:623} INFO - DAG(s) dict_keys(['example_branch_datetime_operator_2']) retrieved from /home/airflow/.local/lib/python3.6/site-packages/airflow/example_dags/example_branch_datetime_operator.py
[2022-11-26 01:47:26,061] {logging_mixin.py:109} INFO - [2022-11-26 01:47:26,060] {dag.py:1833} INFO - Sync 1 DAGs
[2022-11-26 01:47:26,107] {logging_mixin.py:109} INFO - [2022-11-26 01:47:26,107] {dag.py:2306} INFO - Setting next_dagrun for example_branch_datetime_operator_2 to 2022-11-24 00:00:00+00:00
[2022-11-26 01:47:26,126] {processor.py:170} INFO - Processing /home/airflow/.local/lib/python3.6/site-packages/airflow/example_dags/example_branch_datetime_operator.py took 0.186 seconds
[2022-11-26 01:47:56,261] {processor.py:162} INFO - Started process (PID=2088) to work on /home/airflow/.local/lib/python3.6/site-packages/airflow/example_dags/example_branch_datetime_operator.py
[2022-11-26 01:47:56,263] {processor.py:613} INFO - Processing file /home/airflow/.local/lib/python3.6/site-packages/airflow/example_dags/example_branch_datetime_operator.py for tasks to queue
[2022-11-26 01:47:56,265] {logging_mixin.py:109} INFO - [2022-11-26 01:47:56,264] {dagbag.py:496} INFO - Filling up the DagBag from /home/airflow/.local/lib/python3.6/site-packages/airflow/example_dags/example_branch_datetime_operator.py
[2022-11-26 01:47:56,294] {processor.py:623} INFO - DAG(s) dict_keys(['example_branch_datetime_operator_2']) retrieved from /home/airflow/.local/lib/python3.6/site-packages/airflow/example_dags/example_branch_datetime_operator.py
[2022-11-26 01:47:56,333] {logging_mixin.py:109} INFO - [2022-11-26 01:47:56,332] {dag.py:1833} INFO - Sync 1 DAGs
[2022-11-26 01:47:56,378] {logging_mixin.py:109} INFO - [2022-11-26 01:47:56,378] {dag.py:2306} INFO - Setting next_dagrun for example_branch_datetime_operator_2 to 2022-11-24 00:00:00+00:00
[2022-11-26 01:47:56,396] {processor.py:170} INFO - Processing /home/airflow/.local/lib/python3.6/site-packages/airflow/example_dags/example_branch_datetime_operator.py took 0.140 seconds
[2022-11-26 01:48:26,948] {processor.py:162} INFO - Started process (PID=2188) to work on /home/airflow/.local/lib/python3.6/site-packages/airflow/example_dags/example_branch_datetime_operator.py
[2022-11-26 01:48:26,953] {processor.py:613} INFO - Processing file /home/airflow/.local/lib/python3.6/site-packages/airflow/example_dags/example_branch_datetime_operator.py for tasks to queue
[2022-11-26 01:48:26,955] {logging_mixin.py:109} INFO - [2022-11-26 01:48:26,955] {dagbag.py:496} INFO - Filling up the DagBag from /home/airflow/.local/lib/python3.6/site-packages/airflow/example_dags/example_branch_datetime_operator.py
[2022-11-26 01:48:26,988] {processor.py:623} INFO - DAG(s) dict_keys(['example_branch_datetime_operator_2']) retrieved from /home/airflow/.local/lib/python3.6/site-packages/airflow/example_dags/example_branch_datetime_operator.py
[2022-11-26 01:48:27,027] {logging_mixin.py:109} INFO - [2022-11-26 01:48:27,026] {dag.py:1833} INFO - Sync 1 DAGs
[2022-11-26 01:48:27,072] {logging_mixin.py:109} INFO - [2022-11-26 01:48:27,071] {dag.py:2306} INFO - Setting next_dagrun for example_branch_datetime_operator_2 to 2022-11-24 00:00:00+00:00
[2022-11-26 01:48:27,089] {processor.py:170} INFO - Processing /home/airflow/.local/lib/python3.6/site-packages/airflow/example_dags/example_branch_datetime_operator.py took 0.149 seconds
[2022-11-26 01:48:57,180] {processor.py:162} INFO - Started process (PID=2288) to work on /home/airflow/.local/lib/python3.6/site-packages/airflow/example_dags/example_branch_datetime_operator.py
[2022-11-26 01:48:57,183] {processor.py:613} INFO - Processing file /home/airflow/.local/lib/python3.6/site-packages/airflow/example_dags/example_branch_datetime_operator.py for tasks to queue
[2022-11-26 01:48:57,184] {logging_mixin.py:109} INFO - [2022-11-26 01:48:57,184] {dagbag.py:496} INFO - Filling up the DagBag from /home/airflow/.local/lib/python3.6/site-packages/airflow/example_dags/example_branch_datetime_operator.py
[2022-11-26 01:48:57,214] {processor.py:623} INFO - DAG(s) dict_keys(['example_branch_datetime_operator_2']) retrieved from /home/airflow/.local/lib/python3.6/site-packages/airflow/example_dags/example_branch_datetime_operator.py
[2022-11-26 01:48:57,256] {logging_mixin.py:109} INFO - [2022-11-26 01:48:57,255] {dag.py:1833} INFO - Sync 1 DAGs
[2022-11-26 01:48:57,300] {logging_mixin.py:109} INFO - [2022-11-26 01:48:57,300] {dag.py:2306} INFO - Setting next_dagrun for example_branch_datetime_operator_2 to 2022-11-24 00:00:00+00:00
[2022-11-26 01:48:57,318] {processor.py:170} INFO - Processing /home/airflow/.local/lib/python3.6/site-packages/airflow/example_dags/example_branch_datetime_operator.py took 0.144 seconds
[2022-11-26 01:49:27,423] {processor.py:162} INFO - Started process (PID=2388) to work on /home/airflow/.local/lib/python3.6/site-packages/airflow/example_dags/example_branch_datetime_operator.py
[2022-11-26 01:49:27,426] {processor.py:613} INFO - Processing file /home/airflow/.local/lib/python3.6/site-packages/airflow/example_dags/example_branch_datetime_operator.py for tasks to queue
[2022-11-26 01:49:27,427] {logging_mixin.py:109} INFO - [2022-11-26 01:49:27,427] {dagbag.py:496} INFO - Filling up the DagBag from /home/airflow/.local/lib/python3.6/site-packages/airflow/example_dags/example_branch_datetime_operator.py
[2022-11-26 01:49:27,456] {processor.py:623} INFO - DAG(s) dict_keys(['example_branch_datetime_operator_2']) retrieved from /home/airflow/.local/lib/python3.6/site-packages/airflow/example_dags/example_branch_datetime_operator.py
[2022-11-26 01:49:27,494] {logging_mixin.py:109} INFO - [2022-11-26 01:49:27,494] {dag.py:1833} INFO - Sync 1 DAGs
[2022-11-26 01:49:27,539] {logging_mixin.py:109} INFO - [2022-11-26 01:49:27,538] {dag.py:2306} INFO - Setting next_dagrun for example_branch_datetime_operator_2 to 2022-11-24 00:00:00+00:00
[2022-11-26 01:49:27,557] {processor.py:170} INFO - Processing /home/airflow/.local/lib/python3.6/site-packages/airflow/example_dags/example_branch_datetime_operator.py took 0.138 seconds
[2022-11-26 01:49:57,763] {processor.py:162} INFO - Started process (PID=2485) to work on /home/airflow/.local/lib/python3.6/site-packages/airflow/example_dags/example_branch_datetime_operator.py
[2022-11-26 01:49:57,765] {processor.py:613} INFO - Processing file /home/airflow/.local/lib/python3.6/site-packages/airflow/example_dags/example_branch_datetime_operator.py for tasks to queue
[2022-11-26 01:49:57,767] {logging_mixin.py:109} INFO - [2022-11-26 01:49:57,767] {dagbag.py:496} INFO - Filling up the DagBag from /home/airflow/.local/lib/python3.6/site-packages/airflow/example_dags/example_branch_datetime_operator.py
[2022-11-26 01:49:57,797] {processor.py:623} INFO - DAG(s) dict_keys(['example_branch_datetime_operator_2']) retrieved from /home/airflow/.local/lib/python3.6/site-packages/airflow/example_dags/example_branch_datetime_operator.py
[2022-11-26 01:49:57,842] {logging_mixin.py:109} INFO - [2022-11-26 01:49:57,842] {dag.py:1833} INFO - Sync 1 DAGs
[2022-11-26 01:49:57,895] {logging_mixin.py:109} INFO - [2022-11-26 01:49:57,895] {dag.py:2306} INFO - Setting next_dagrun for example_branch_datetime_operator_2 to 2022-11-24 00:00:00+00:00
[2022-11-26 01:49:57,914] {processor.py:170} INFO - Processing /home/airflow/.local/lib/python3.6/site-packages/airflow/example_dags/example_branch_datetime_operator.py took 0.156 seconds
[2022-11-26 01:50:28,858] {processor.py:162} INFO - Started process (PID=2569) to work on /home/airflow/.local/lib/python3.6/site-packages/airflow/example_dags/example_branch_datetime_operator.py
[2022-11-26 01:50:28,861] {processor.py:613} INFO - Processing file /home/airflow/.local/lib/python3.6/site-packages/airflow/example_dags/example_branch_datetime_operator.py for tasks to queue
[2022-11-26 01:50:28,862] {logging_mixin.py:109} INFO - [2022-11-26 01:50:28,862] {dagbag.py:496} INFO - Filling up the DagBag from /home/airflow/.local/lib/python3.6/site-packages/airflow/example_dags/example_branch_datetime_operator.py
[2022-11-26 01:50:28,891] {processor.py:623} INFO - DAG(s) dict_keys(['example_branch_datetime_operator_2']) retrieved from /home/airflow/.local/lib/python3.6/site-packages/airflow/example_dags/example_branch_datetime_operator.py
[2022-11-26 01:50:28,931] {logging_mixin.py:109} INFO - [2022-11-26 01:50:28,930] {dag.py:1833} INFO - Sync 1 DAGs
[2022-11-26 01:50:28,974] {logging_mixin.py:109} INFO - [2022-11-26 01:50:28,974] {dag.py:2306} INFO - Setting next_dagrun for example_branch_datetime_operator_2 to 2022-11-24 00:00:00+00:00
[2022-11-26 01:50:28,992] {processor.py:170} INFO - Processing /home/airflow/.local/lib/python3.6/site-packages/airflow/example_dags/example_branch_datetime_operator.py took 0.139 seconds
[2022-11-26 01:50:59,305] {processor.py:162} INFO - Started process (PID=2667) to work on /home/airflow/.local/lib/python3.6/site-packages/airflow/example_dags/example_branch_datetime_operator.py
[2022-11-26 01:50:59,307] {processor.py:613} INFO - Processing file /home/airflow/.local/lib/python3.6/site-packages/airflow/example_dags/example_branch_datetime_operator.py for tasks to queue
[2022-11-26 01:50:59,308] {logging_mixin.py:109} INFO - [2022-11-26 01:50:59,308] {dagbag.py:496} INFO - Filling up the DagBag from /home/airflow/.local/lib/python3.6/site-packages/airflow/example_dags/example_branch_datetime_operator.py
[2022-11-26 01:50:59,339] {processor.py:623} INFO - DAG(s) dict_keys(['example_branch_datetime_operator_2']) retrieved from /home/airflow/.local/lib/python3.6/site-packages/airflow/example_dags/example_branch_datetime_operator.py
[2022-11-26 01:50:59,378] {logging_mixin.py:109} INFO - [2022-11-26 01:50:59,377] {dag.py:1833} INFO - Sync 1 DAGs
[2022-11-26 01:50:59,422] {logging_mixin.py:109} INFO - [2022-11-26 01:50:59,422] {dag.py:2306} INFO - Setting next_dagrun for example_branch_datetime_operator_2 to 2022-11-24 00:00:00+00:00
[2022-11-26 01:50:59,440] {processor.py:170} INFO - Processing /home/airflow/.local/lib/python3.6/site-packages/airflow/example_dags/example_branch_datetime_operator.py took 0.140 seconds
[2022-11-26 01:51:29,796] {processor.py:162} INFO - Started process (PID=2765) to work on /home/airflow/.local/lib/python3.6/site-packages/airflow/example_dags/example_branch_datetime_operator.py
[2022-11-26 01:51:29,800] {processor.py:613} INFO - Processing file /home/airflow/.local/lib/python3.6/site-packages/airflow/example_dags/example_branch_datetime_operator.py for tasks to queue
[2022-11-26 01:51:29,801] {logging_mixin.py:109} INFO - [2022-11-26 01:51:29,801] {dagbag.py:496} INFO - Filling up the DagBag from /home/airflow/.local/lib/python3.6/site-packages/airflow/example_dags/example_branch_datetime_operator.py
[2022-11-26 01:51:29,832] {processor.py:623} INFO - DAG(s) dict_keys(['example_branch_datetime_operator_2']) retrieved from /home/airflow/.local/lib/python3.6/site-packages/airflow/example_dags/example_branch_datetime_operator.py
[2022-11-26 01:51:29,872] {logging_mixin.py:109} INFO - [2022-11-26 01:51:29,871] {dag.py:1833} INFO - Sync 1 DAGs
[2022-11-26 01:51:29,917] {logging_mixin.py:109} INFO - [2022-11-26 01:51:29,916] {dag.py:2306} INFO - Setting next_dagrun for example_branch_datetime_operator_2 to 2022-11-24 00:00:00+00:00
[2022-11-26 01:51:29,934] {processor.py:170} INFO - Processing /home/airflow/.local/lib/python3.6/site-packages/airflow/example_dags/example_branch_datetime_operator.py took 0.143 seconds
[2022-11-26 01:52:00,784] {processor.py:162} INFO - Started process (PID=2864) to work on /home/airflow/.local/lib/python3.6/site-packages/airflow/example_dags/example_branch_datetime_operator.py
[2022-11-26 01:52:00,787] {processor.py:613} INFO - Processing file /home/airflow/.local/lib/python3.6/site-packages/airflow/example_dags/example_branch_datetime_operator.py for tasks to queue
[2022-11-26 01:52:00,789] {logging_mixin.py:109} INFO - [2022-11-26 01:52:00,789] {dagbag.py:496} INFO - Filling up the DagBag from /home/airflow/.local/lib/python3.6/site-packages/airflow/example_dags/example_branch_datetime_operator.py
[2022-11-26 01:52:00,845] {processor.py:623} INFO - DAG(s) dict_keys(['example_branch_datetime_operator_2']) retrieved from /home/airflow/.local/lib/python3.6/site-packages/airflow/example_dags/example_branch_datetime_operator.py
[2022-11-26 01:52:00,917] {logging_mixin.py:109} INFO - [2022-11-26 01:52:00,916] {dag.py:1833} INFO - Sync 1 DAGs
[2022-11-26 01:52:00,993] {logging_mixin.py:109} INFO - [2022-11-26 01:52:00,992] {dag.py:2306} INFO - Setting next_dagrun for example_branch_datetime_operator_2 to 2022-11-24 00:00:00+00:00
[2022-11-26 01:52:01,015] {processor.py:170} INFO - Processing /home/airflow/.local/lib/python3.6/site-packages/airflow/example_dags/example_branch_datetime_operator.py took 0.237 seconds
[2022-11-26 01:52:31,300] {processor.py:162} INFO - Started process (PID=2954) to work on /home/airflow/.local/lib/python3.6/site-packages/airflow/example_dags/example_branch_datetime_operator.py
[2022-11-26 01:52:31,303] {processor.py:613} INFO - Processing file /home/airflow/.local/lib/python3.6/site-packages/airflow/example_dags/example_branch_datetime_operator.py for tasks to queue
[2022-11-26 01:52:31,304] {logging_mixin.py:109} INFO - [2022-11-26 01:52:31,304] {dagbag.py:496} INFO - Filling up the DagBag from /home/airflow/.local/lib/python3.6/site-packages/airflow/example_dags/example_branch_datetime_operator.py
[2022-11-26 01:52:31,334] {processor.py:623} INFO - DAG(s) dict_keys(['example_branch_datetime_operator_2']) retrieved from /home/airflow/.local/lib/python3.6/site-packages/airflow/example_dags/example_branch_datetime_operator.py
[2022-11-26 01:52:31,372] {logging_mixin.py:109} INFO - [2022-11-26 01:52:31,372] {dag.py:1833} INFO - Sync 1 DAGs
[2022-11-26 01:52:31,417] {logging_mixin.py:109} INFO - [2022-11-26 01:52:31,417] {dag.py:2306} INFO - Setting next_dagrun for example_branch_datetime_operator_2 to 2022-11-24 00:00:00+00:00
[2022-11-26 01:52:31,434] {processor.py:170} INFO - Processing /home/airflow/.local/lib/python3.6/site-packages/airflow/example_dags/example_branch_datetime_operator.py took 0.139 seconds
[2022-11-26 01:53:01,561] {processor.py:162} INFO - Started process (PID=3044) to work on /home/airflow/.local/lib/python3.6/site-packages/airflow/example_dags/example_branch_datetime_operator.py
[2022-11-26 01:53:01,563] {processor.py:613} INFO - Processing file /home/airflow/.local/lib/python3.6/site-packages/airflow/example_dags/example_branch_datetime_operator.py for tasks to queue
[2022-11-26 01:53:01,565] {logging_mixin.py:109} INFO - [2022-11-26 01:53:01,565] {dagbag.py:496} INFO - Filling up the DagBag from /home/airflow/.local/lib/python3.6/site-packages/airflow/example_dags/example_branch_datetime_operator.py
[2022-11-26 01:53:01,594] {processor.py:623} INFO - DAG(s) dict_keys(['example_branch_datetime_operator_2']) retrieved from /home/airflow/.local/lib/python3.6/site-packages/airflow/example_dags/example_branch_datetime_operator.py
[2022-11-26 01:53:01,633] {logging_mixin.py:109} INFO - [2022-11-26 01:53:01,632] {dag.py:1833} INFO - Sync 1 DAGs
[2022-11-26 01:53:01,678] {logging_mixin.py:109} INFO - [2022-11-26 01:53:01,677] {dag.py:2306} INFO - Setting next_dagrun for example_branch_datetime_operator_2 to 2022-11-24 00:00:00+00:00
[2022-11-26 01:53:01,695] {processor.py:170} INFO - Processing /home/airflow/.local/lib/python3.6/site-packages/airflow/example_dags/example_branch_datetime_operator.py took 0.139 seconds
[2022-11-26 01:53:31,819] {processor.py:162} INFO - Started process (PID=3142) to work on /home/airflow/.local/lib/python3.6/site-packages/airflow/example_dags/example_branch_datetime_operator.py
[2022-11-26 01:53:31,822] {processor.py:613} INFO - Processing file /home/airflow/.local/lib/python3.6/site-packages/airflow/example_dags/example_branch_datetime_operator.py for tasks to queue
[2022-11-26 01:53:31,824] {logging_mixin.py:109} INFO - [2022-11-26 01:53:31,823] {dagbag.py:496} INFO - Filling up the DagBag from /home/airflow/.local/lib/python3.6/site-packages/airflow/example_dags/example_branch_datetime_operator.py
[2022-11-26 01:53:31,850] {processor.py:623} INFO - DAG(s) dict_keys(['example_branch_datetime_operator_2']) retrieved from /home/airflow/.local/lib/python3.6/site-packages/airflow/example_dags/example_branch_datetime_operator.py
[2022-11-26 01:53:31,887] {logging_mixin.py:109} INFO - [2022-11-26 01:53:31,887] {dag.py:1833} INFO - Sync 1 DAGs
[2022-11-26 01:53:31,931] {logging_mixin.py:109} INFO - [2022-11-26 01:53:31,931] {dag.py:2306} INFO - Setting next_dagrun for example_branch_datetime_operator_2 to 2022-11-24 00:00:00+00:00
[2022-11-26 01:53:31,948] {processor.py:170} INFO - Processing /home/airflow/.local/lib/python3.6/site-packages/airflow/example_dags/example_branch_datetime_operator.py took 0.134 seconds
[2022-11-26 01:54:02,003] {processor.py:162} INFO - Started process (PID=3241) to work on /home/airflow/.local/lib/python3.6/site-packages/airflow/example_dags/example_branch_datetime_operator.py
[2022-11-26 01:54:02,005] {processor.py:613} INFO - Processing file /home/airflow/.local/lib/python3.6/site-packages/airflow/example_dags/example_branch_datetime_operator.py for tasks to queue
[2022-11-26 01:54:02,007] {logging_mixin.py:109} INFO - [2022-11-26 01:54:02,007] {dagbag.py:496} INFO - Filling up the DagBag from /home/airflow/.local/lib/python3.6/site-packages/airflow/example_dags/example_branch_datetime_operator.py
[2022-11-26 01:54:02,036] {processor.py:623} INFO - DAG(s) dict_keys(['example_branch_datetime_operator_2']) retrieved from /home/airflow/.local/lib/python3.6/site-packages/airflow/example_dags/example_branch_datetime_operator.py
[2022-11-26 01:54:02,074] {logging_mixin.py:109} INFO - [2022-11-26 01:54:02,074] {dag.py:1833} INFO - Sync 1 DAGs
[2022-11-26 01:54:02,125] {logging_mixin.py:109} INFO - [2022-11-26 01:54:02,125] {dag.py:2306} INFO - Setting next_dagrun for example_branch_datetime_operator_2 to 2022-11-24 00:00:00+00:00
[2022-11-26 01:54:02,144] {processor.py:170} INFO - Processing /home/airflow/.local/lib/python3.6/site-packages/airflow/example_dags/example_branch_datetime_operator.py took 0.146 seconds
[2022-11-26 01:54:32,260] {processor.py:162} INFO - Started process (PID=3341) to work on /home/airflow/.local/lib/python3.6/site-packages/airflow/example_dags/example_branch_datetime_operator.py
[2022-11-26 01:54:32,262] {processor.py:613} INFO - Processing file /home/airflow/.local/lib/python3.6/site-packages/airflow/example_dags/example_branch_datetime_operator.py for tasks to queue
[2022-11-26 01:54:32,264] {logging_mixin.py:109} INFO - [2022-11-26 01:54:32,263] {dagbag.py:496} INFO - Filling up the DagBag from /home/airflow/.local/lib/python3.6/site-packages/airflow/example_dags/example_branch_datetime_operator.py
[2022-11-26 01:54:32,299] {processor.py:623} INFO - DAG(s) dict_keys(['example_branch_datetime_operator_2']) retrieved from /home/airflow/.local/lib/python3.6/site-packages/airflow/example_dags/example_branch_datetime_operator.py
[2022-11-26 01:54:32,342] {logging_mixin.py:109} INFO - [2022-11-26 01:54:32,342] {dag.py:1833} INFO - Sync 1 DAGs
[2022-11-26 01:54:32,390] {logging_mixin.py:109} INFO - [2022-11-26 01:54:32,390] {dag.py:2306} INFO - Setting next_dagrun for example_branch_datetime_operator_2 to 2022-11-24 00:00:00+00:00
[2022-11-26 01:54:32,410] {processor.py:170} INFO - Processing /home/airflow/.local/lib/python3.6/site-packages/airflow/example_dags/example_branch_datetime_operator.py took 0.155 seconds
[2022-11-26 01:55:02,625] {processor.py:162} INFO - Started process (PID=3437) to work on /home/airflow/.local/lib/python3.6/site-packages/airflow/example_dags/example_branch_datetime_operator.py
[2022-11-26 01:55:02,628] {processor.py:613} INFO - Processing file /home/airflow/.local/lib/python3.6/site-packages/airflow/example_dags/example_branch_datetime_operator.py for tasks to queue
[2022-11-26 01:55:02,630] {logging_mixin.py:109} INFO - [2022-11-26 01:55:02,629] {dagbag.py:496} INFO - Filling up the DagBag from /home/airflow/.local/lib/python3.6/site-packages/airflow/example_dags/example_branch_datetime_operator.py
[2022-11-26 01:55:02,662] {processor.py:623} INFO - DAG(s) dict_keys(['example_branch_datetime_operator_2']) retrieved from /home/airflow/.local/lib/python3.6/site-packages/airflow/example_dags/example_branch_datetime_operator.py
[2022-11-26 01:55:02,741] {logging_mixin.py:109} INFO - [2022-11-26 01:55:02,741] {dag.py:1833} INFO - Sync 1 DAGs
[2022-11-26 01:55:02,848] {logging_mixin.py:109} INFO - [2022-11-26 01:55:02,848] {dag.py:2306} INFO - Setting next_dagrun for example_branch_datetime_operator_2 to 2022-11-24 00:00:00+00:00
[2022-11-26 01:55:02,894] {processor.py:170} INFO - Processing /home/airflow/.local/lib/python3.6/site-packages/airflow/example_dags/example_branch_datetime_operator.py took 0.274 seconds
[2022-11-26 01:55:33,018] {processor.py:162} INFO - Started process (PID=3521) to work on /home/airflow/.local/lib/python3.6/site-packages/airflow/example_dags/example_branch_datetime_operator.py
[2022-11-26 01:55:33,021] {processor.py:613} INFO - Processing file /home/airflow/.local/lib/python3.6/site-packages/airflow/example_dags/example_branch_datetime_operator.py for tasks to queue
[2022-11-26 01:55:33,022] {logging_mixin.py:109} INFO - [2022-11-26 01:55:33,022] {dagbag.py:496} INFO - Filling up the DagBag from /home/airflow/.local/lib/python3.6/site-packages/airflow/example_dags/example_branch_datetime_operator.py
[2022-11-26 01:55:33,052] {processor.py:623} INFO - DAG(s) dict_keys(['example_branch_datetime_operator_2']) retrieved from /home/airflow/.local/lib/python3.6/site-packages/airflow/example_dags/example_branch_datetime_operator.py
[2022-11-26 01:55:33,093] {logging_mixin.py:109} INFO - [2022-11-26 01:55:33,092] {dag.py:1833} INFO - Sync 1 DAGs
[2022-11-26 01:55:33,141] {logging_mixin.py:109} INFO - [2022-11-26 01:55:33,140] {dag.py:2306} INFO - Setting next_dagrun for example_branch_datetime_operator_2 to 2022-11-24 00:00:00+00:00
[2022-11-26 01:55:33,160] {processor.py:170} INFO - Processing /home/airflow/.local/lib/python3.6/site-packages/airflow/example_dags/example_branch_datetime_operator.py took 0.147 seconds
[2022-11-26 01:56:03,660] {processor.py:162} INFO - Started process (PID=3621) to work on /home/airflow/.local/lib/python3.6/site-packages/airflow/example_dags/example_branch_datetime_operator.py
[2022-11-26 01:56:03,663] {processor.py:613} INFO - Processing file /home/airflow/.local/lib/python3.6/site-packages/airflow/example_dags/example_branch_datetime_operator.py for tasks to queue
[2022-11-26 01:56:03,665] {logging_mixin.py:109} INFO - [2022-11-26 01:56:03,665] {dagbag.py:496} INFO - Filling up the DagBag from /home/airflow/.local/lib/python3.6/site-packages/airflow/example_dags/example_branch_datetime_operator.py
[2022-11-26 01:56:03,697] {processor.py:623} INFO - DAG(s) dict_keys(['example_branch_datetime_operator_2']) retrieved from /home/airflow/.local/lib/python3.6/site-packages/airflow/example_dags/example_branch_datetime_operator.py
[2022-11-26 01:56:03,744] {logging_mixin.py:109} INFO - [2022-11-26 01:56:03,744] {dag.py:1833} INFO - Sync 1 DAGs
[2022-11-26 01:56:03,798] {logging_mixin.py:109} INFO - [2022-11-26 01:56:03,797] {dag.py:2306} INFO - Setting next_dagrun for example_branch_datetime_operator_2 to 2022-11-24 00:00:00+00:00
[2022-11-26 01:56:03,817] {processor.py:170} INFO - Processing /home/airflow/.local/lib/python3.6/site-packages/airflow/example_dags/example_branch_datetime_operator.py took 0.162 seconds
[2022-11-26 01:56:35,642] {processor.py:162} INFO - Started process (PID=3718) to work on /home/airflow/.local/lib/python3.6/site-packages/airflow/example_dags/example_branch_datetime_operator.py
[2022-11-26 01:56:35,669] {processor.py:613} INFO - Processing file /home/airflow/.local/lib/python3.6/site-packages/airflow/example_dags/example_branch_datetime_operator.py for tasks to queue
[2022-11-26 01:56:35,677] {logging_mixin.py:109} INFO - [2022-11-26 01:56:35,676] {dagbag.py:496} INFO - Filling up the DagBag from /home/airflow/.local/lib/python3.6/site-packages/airflow/example_dags/example_branch_datetime_operator.py
[2022-11-26 01:56:35,831] {processor.py:623} INFO - DAG(s) dict_keys(['example_branch_datetime_operator_2']) retrieved from /home/airflow/.local/lib/python3.6/site-packages/airflow/example_dags/example_branch_datetime_operator.py
[2022-11-26 01:56:36,024] {logging_mixin.py:109} INFO - [2022-11-26 01:56:36,023] {dag.py:1833} INFO - Sync 1 DAGs
[2022-11-26 01:56:36,217] {logging_mixin.py:109} INFO - [2022-11-26 01:56:36,216] {dag.py:2306} INFO - Setting next_dagrun for example_branch_datetime_operator_2 to 2022-11-24 00:00:00+00:00
[2022-11-26 01:56:36,344] {processor.py:170} INFO - Processing /home/airflow/.local/lib/python3.6/site-packages/airflow/example_dags/example_branch_datetime_operator.py took 0.729 seconds
[2022-11-26 01:57:06,698] {processor.py:162} INFO - Started process (PID=3801) to work on /home/airflow/.local/lib/python3.6/site-packages/airflow/example_dags/example_branch_datetime_operator.py
[2022-11-26 01:57:06,722] {processor.py:613} INFO - Processing file /home/airflow/.local/lib/python3.6/site-packages/airflow/example_dags/example_branch_datetime_operator.py for tasks to queue
[2022-11-26 01:57:06,737] {logging_mixin.py:109} INFO - [2022-11-26 01:57:06,735] {dagbag.py:496} INFO - Filling up the DagBag from /home/airflow/.local/lib/python3.6/site-packages/airflow/example_dags/example_branch_datetime_operator.py
[2022-11-26 01:57:06,946] {processor.py:623} INFO - DAG(s) dict_keys(['example_branch_datetime_operator_2']) retrieved from /home/airflow/.local/lib/python3.6/site-packages/airflow/example_dags/example_branch_datetime_operator.py
[2022-11-26 01:57:07,257] {logging_mixin.py:109} INFO - [2022-11-26 01:57:07,256] {dag.py:1833} INFO - Sync 1 DAGs
[2022-11-26 01:57:07,672] {logging_mixin.py:109} INFO - [2022-11-26 01:57:07,667] {dag.py:2306} INFO - Setting next_dagrun for example_branch_datetime_operator_2 to 2022-11-24 00:00:00+00:00
[2022-11-26 01:57:07,851] {processor.py:170} INFO - Processing /home/airflow/.local/lib/python3.6/site-packages/airflow/example_dags/example_branch_datetime_operator.py took 1.180 seconds
[2022-11-26 01:58:04,414] {processor.py:162} INFO - Started process (PID=3888) to work on /home/airflow/.local/lib/python3.6/site-packages/airflow/example_dags/example_branch_datetime_operator.py
[2022-11-26 01:58:04,444] {processor.py:613} INFO - Processing file /home/airflow/.local/lib/python3.6/site-packages/airflow/example_dags/example_branch_datetime_operator.py for tasks to queue
[2022-11-26 01:58:04,459] {logging_mixin.py:109} INFO - [2022-11-26 01:58:04,458] {dagbag.py:496} INFO - Filling up the DagBag from /home/airflow/.local/lib/python3.6/site-packages/airflow/example_dags/example_branch_datetime_operator.py
[2022-11-26 01:58:04,762] {processor.py:623} INFO - DAG(s) dict_keys(['example_branch_datetime_operator_2']) retrieved from /home/airflow/.local/lib/python3.6/site-packages/airflow/example_dags/example_branch_datetime_operator.py
[2022-11-26 01:58:05,028] {logging_mixin.py:109} INFO - [2022-11-26 01:58:05,026] {dag.py:1833} INFO - Sync 1 DAGs
[2022-11-26 01:58:05,545] {logging_mixin.py:109} INFO - [2022-11-26 01:58:05,544] {dag.py:2306} INFO - Setting next_dagrun for example_branch_datetime_operator_2 to 2022-11-24 00:00:00+00:00
[2022-11-26 01:58:05,711] {processor.py:170} INFO - Processing /home/airflow/.local/lib/python3.6/site-packages/airflow/example_dags/example_branch_datetime_operator.py took 1.388 seconds
[2022-11-26 01:58:44,125] {processor.py:162} INFO - Started process (PID=3997) to work on /home/airflow/.local/lib/python3.6/site-packages/airflow/example_dags/example_branch_datetime_operator.py
[2022-11-26 01:58:44,158] {processor.py:613} INFO - Processing file /home/airflow/.local/lib/python3.6/site-packages/airflow/example_dags/example_branch_datetime_operator.py for tasks to queue
[2022-11-26 01:58:44,164] {logging_mixin.py:109} INFO - [2022-11-26 01:58:44,164] {dagbag.py:496} INFO - Filling up the DagBag from /home/airflow/.local/lib/python3.6/site-packages/airflow/example_dags/example_branch_datetime_operator.py
[2022-11-26 01:58:44,442] {processor.py:623} INFO - DAG(s) dict_keys(['example_branch_datetime_operator_2']) retrieved from /home/airflow/.local/lib/python3.6/site-packages/airflow/example_dags/example_branch_datetime_operator.py
[2022-11-26 01:58:44,614] {logging_mixin.py:109} INFO - [2022-11-26 01:58:44,611] {dag.py:1833} INFO - Sync 1 DAGs
[2022-11-26 01:58:44,903] {logging_mixin.py:109} INFO - [2022-11-26 01:58:44,902] {dag.py:2306} INFO - Setting next_dagrun for example_branch_datetime_operator_2 to 2022-11-24 00:00:00+00:00
[2022-11-26 01:58:45,036] {processor.py:170} INFO - Processing /home/airflow/.local/lib/python3.6/site-packages/airflow/example_dags/example_branch_datetime_operator.py took 0.975 seconds
[2022-11-26 01:59:16,058] {processor.py:162} INFO - Started process (PID=4104) to work on /home/airflow/.local/lib/python3.6/site-packages/airflow/example_dags/example_branch_datetime_operator.py
[2022-11-26 01:59:16,064] {processor.py:613} INFO - Processing file /home/airflow/.local/lib/python3.6/site-packages/airflow/example_dags/example_branch_datetime_operator.py for tasks to queue
[2022-11-26 01:59:16,068] {logging_mixin.py:109} INFO - [2022-11-26 01:59:16,067] {dagbag.py:496} INFO - Filling up the DagBag from /home/airflow/.local/lib/python3.6/site-packages/airflow/example_dags/example_branch_datetime_operator.py
[2022-11-26 01:59:16,147] {processor.py:623} INFO - DAG(s) dict_keys(['example_branch_datetime_operator_2']) retrieved from /home/airflow/.local/lib/python3.6/site-packages/airflow/example_dags/example_branch_datetime_operator.py
[2022-11-26 01:59:16,261] {logging_mixin.py:109} INFO - [2022-11-26 01:59:16,261] {dag.py:1833} INFO - Sync 1 DAGs
[2022-11-26 01:59:16,383] {logging_mixin.py:109} INFO - [2022-11-26 01:59:16,382] {dag.py:2306} INFO - Setting next_dagrun for example_branch_datetime_operator_2 to 2022-11-24 00:00:00+00:00
[2022-11-26 01:59:16,444] {processor.py:170} INFO - Processing /home/airflow/.local/lib/python3.6/site-packages/airflow/example_dags/example_branch_datetime_operator.py took 0.402 seconds
[2022-11-26 01:59:46,559] {processor.py:162} INFO - Started process (PID=4185) to work on /home/airflow/.local/lib/python3.6/site-packages/airflow/example_dags/example_branch_datetime_operator.py
[2022-11-26 01:59:46,562] {processor.py:613} INFO - Processing file /home/airflow/.local/lib/python3.6/site-packages/airflow/example_dags/example_branch_datetime_operator.py for tasks to queue
[2022-11-26 01:59:46,563] {logging_mixin.py:109} INFO - [2022-11-26 01:59:46,563] {dagbag.py:496} INFO - Filling up the DagBag from /home/airflow/.local/lib/python3.6/site-packages/airflow/example_dags/example_branch_datetime_operator.py
[2022-11-26 01:59:46,594] {processor.py:623} INFO - DAG(s) dict_keys(['example_branch_datetime_operator_2']) retrieved from /home/airflow/.local/lib/python3.6/site-packages/airflow/example_dags/example_branch_datetime_operator.py
[2022-11-26 01:59:46,633] {logging_mixin.py:109} INFO - [2022-11-26 01:59:46,632] {dag.py:1833} INFO - Sync 1 DAGs
[2022-11-26 01:59:46,676] {logging_mixin.py:109} INFO - [2022-11-26 01:59:46,676] {dag.py:2306} INFO - Setting next_dagrun for example_branch_datetime_operator_2 to 2022-11-24 00:00:00+00:00
[2022-11-26 01:59:46,693] {processor.py:170} INFO - Processing /home/airflow/.local/lib/python3.6/site-packages/airflow/example_dags/example_branch_datetime_operator.py took 0.139 seconds
[2022-11-26 02:00:16,994] {processor.py:162} INFO - Started process (PID=4284) to work on /home/airflow/.local/lib/python3.6/site-packages/airflow/example_dags/example_branch_datetime_operator.py
[2022-11-26 02:00:16,997] {processor.py:613} INFO - Processing file /home/airflow/.local/lib/python3.6/site-packages/airflow/example_dags/example_branch_datetime_operator.py for tasks to queue
[2022-11-26 02:00:17,000] {logging_mixin.py:109} INFO - [2022-11-26 02:00:16,999] {dagbag.py:496} INFO - Filling up the DagBag from /home/airflow/.local/lib/python3.6/site-packages/airflow/example_dags/example_branch_datetime_operator.py
[2022-11-26 02:00:17,041] {processor.py:623} INFO - DAG(s) dict_keys(['example_branch_datetime_operator_2']) retrieved from /home/airflow/.local/lib/python3.6/site-packages/airflow/example_dags/example_branch_datetime_operator.py
[2022-11-26 02:00:17,096] {logging_mixin.py:109} INFO - [2022-11-26 02:00:17,095] {dag.py:1833} INFO - Sync 1 DAGs
[2022-11-26 02:00:17,154] {logging_mixin.py:109} INFO - [2022-11-26 02:00:17,154] {dag.py:2306} INFO - Setting next_dagrun for example_branch_datetime_operator_2 to 2022-11-24 00:00:00+00:00
[2022-11-26 02:00:17,177] {processor.py:170} INFO - Processing /home/airflow/.local/lib/python3.6/site-packages/airflow/example_dags/example_branch_datetime_operator.py took 0.189 seconds
[2022-11-26 02:00:47,764] {processor.py:162} INFO - Started process (PID=4382) to work on /home/airflow/.local/lib/python3.6/site-packages/airflow/example_dags/example_branch_datetime_operator.py
[2022-11-26 02:00:47,767] {processor.py:613} INFO - Processing file /home/airflow/.local/lib/python3.6/site-packages/airflow/example_dags/example_branch_datetime_operator.py for tasks to queue
[2022-11-26 02:00:47,769] {logging_mixin.py:109} INFO - [2022-11-26 02:00:47,769] {dagbag.py:496} INFO - Filling up the DagBag from /home/airflow/.local/lib/python3.6/site-packages/airflow/example_dags/example_branch_datetime_operator.py
[2022-11-26 02:00:47,815] {processor.py:623} INFO - DAG(s) dict_keys(['example_branch_datetime_operator_2']) retrieved from /home/airflow/.local/lib/python3.6/site-packages/airflow/example_dags/example_branch_datetime_operator.py
[2022-11-26 02:00:47,864] {logging_mixin.py:109} INFO - [2022-11-26 02:00:47,864] {dag.py:1833} INFO - Sync 1 DAGs
[2022-11-26 02:00:47,923] {logging_mixin.py:109} INFO - [2022-11-26 02:00:47,922] {dag.py:2306} INFO - Setting next_dagrun for example_branch_datetime_operator_2 to 2022-11-24 00:00:00+00:00
[2022-11-26 02:00:47,948] {processor.py:170} INFO - Processing /home/airflow/.local/lib/python3.6/site-packages/airflow/example_dags/example_branch_datetime_operator.py took 0.190 seconds
[2022-11-26 02:01:18,160] {processor.py:162} INFO - Started process (PID=4473) to work on /home/airflow/.local/lib/python3.6/site-packages/airflow/example_dags/example_branch_datetime_operator.py
[2022-11-26 02:01:18,164] {processor.py:613} INFO - Processing file /home/airflow/.local/lib/python3.6/site-packages/airflow/example_dags/example_branch_datetime_operator.py for tasks to queue
[2022-11-26 02:01:18,166] {logging_mixin.py:109} INFO - [2022-11-26 02:01:18,166] {dagbag.py:496} INFO - Filling up the DagBag from /home/airflow/.local/lib/python3.6/site-packages/airflow/example_dags/example_branch_datetime_operator.py
[2022-11-26 02:01:18,242] {processor.py:623} INFO - DAG(s) dict_keys(['example_branch_datetime_operator_2']) retrieved from /home/airflow/.local/lib/python3.6/site-packages/airflow/example_dags/example_branch_datetime_operator.py
[2022-11-26 02:01:18,324] {logging_mixin.py:109} INFO - [2022-11-26 02:01:18,323] {dag.py:1833} INFO - Sync 1 DAGs
[2022-11-26 02:01:18,405] {logging_mixin.py:109} INFO - [2022-11-26 02:01:18,404] {dag.py:2306} INFO - Setting next_dagrun for example_branch_datetime_operator_2 to 2022-11-24 00:00:00+00:00
[2022-11-26 02:01:18,430] {processor.py:170} INFO - Processing /home/airflow/.local/lib/python3.6/site-packages/airflow/example_dags/example_branch_datetime_operator.py took 0.277 seconds
[2022-11-26 02:01:48,626] {processor.py:162} INFO - Started process (PID=4563) to work on /home/airflow/.local/lib/python3.6/site-packages/airflow/example_dags/example_branch_datetime_operator.py
[2022-11-26 02:01:48,629] {processor.py:613} INFO - Processing file /home/airflow/.local/lib/python3.6/site-packages/airflow/example_dags/example_branch_datetime_operator.py for tasks to queue
[2022-11-26 02:01:48,630] {logging_mixin.py:109} INFO - [2022-11-26 02:01:48,630] {dagbag.py:496} INFO - Filling up the DagBag from /home/airflow/.local/lib/python3.6/site-packages/airflow/example_dags/example_branch_datetime_operator.py
[2022-11-26 02:01:48,657] {processor.py:623} INFO - DAG(s) dict_keys(['example_branch_datetime_operator_2']) retrieved from /home/airflow/.local/lib/python3.6/site-packages/airflow/example_dags/example_branch_datetime_operator.py
[2022-11-26 02:01:48,695] {logging_mixin.py:109} INFO - [2022-11-26 02:01:48,694] {dag.py:1833} INFO - Sync 1 DAGs
[2022-11-26 02:01:48,737] {logging_mixin.py:109} INFO - [2022-11-26 02:01:48,737] {dag.py:2306} INFO - Setting next_dagrun for example_branch_datetime_operator_2 to 2022-11-24 00:00:00+00:00
[2022-11-26 02:01:48,754] {processor.py:170} INFO - Processing /home/airflow/.local/lib/python3.6/site-packages/airflow/example_dags/example_branch_datetime_operator.py took 0.132 seconds
[2022-11-26 02:02:19,035] {processor.py:162} INFO - Started process (PID=4662) to work on /home/airflow/.local/lib/python3.6/site-packages/airflow/example_dags/example_branch_datetime_operator.py
[2022-11-26 02:02:19,039] {processor.py:613} INFO - Processing file /home/airflow/.local/lib/python3.6/site-packages/airflow/example_dags/example_branch_datetime_operator.py for tasks to queue
[2022-11-26 02:02:19,041] {logging_mixin.py:109} INFO - [2022-11-26 02:02:19,041] {dagbag.py:496} INFO - Filling up the DagBag from /home/airflow/.local/lib/python3.6/site-packages/airflow/example_dags/example_branch_datetime_operator.py
[2022-11-26 02:02:19,081] {processor.py:623} INFO - DAG(s) dict_keys(['example_branch_datetime_operator_2']) retrieved from /home/airflow/.local/lib/python3.6/site-packages/airflow/example_dags/example_branch_datetime_operator.py
[2022-11-26 02:02:19,135] {logging_mixin.py:109} INFO - [2022-11-26 02:02:19,135] {dag.py:1833} INFO - Sync 1 DAGs
[2022-11-26 02:02:19,198] {logging_mixin.py:109} INFO - [2022-11-26 02:02:19,197] {dag.py:2306} INFO - Setting next_dagrun for example_branch_datetime_operator_2 to 2022-11-24 00:00:00+00:00
[2022-11-26 02:02:19,224] {processor.py:170} INFO - Processing /home/airflow/.local/lib/python3.6/site-packages/airflow/example_dags/example_branch_datetime_operator.py took 0.196 seconds
[2022-11-26 02:02:49,298] {processor.py:162} INFO - Started process (PID=4754) to work on /home/airflow/.local/lib/python3.6/site-packages/airflow/example_dags/example_branch_datetime_operator.py
[2022-11-26 02:02:49,300] {processor.py:613} INFO - Processing file /home/airflow/.local/lib/python3.6/site-packages/airflow/example_dags/example_branch_datetime_operator.py for tasks to queue
[2022-11-26 02:02:49,302] {logging_mixin.py:109} INFO - [2022-11-26 02:02:49,302] {dagbag.py:496} INFO - Filling up the DagBag from /home/airflow/.local/lib/python3.6/site-packages/airflow/example_dags/example_branch_datetime_operator.py
[2022-11-26 02:02:49,340] {processor.py:623} INFO - DAG(s) dict_keys(['example_branch_datetime_operator_2']) retrieved from /home/airflow/.local/lib/python3.6/site-packages/airflow/example_dags/example_branch_datetime_operator.py
[2022-11-26 02:02:49,380] {logging_mixin.py:109} INFO - [2022-11-26 02:02:49,379] {dag.py:1833} INFO - Sync 1 DAGs
[2022-11-26 02:02:49,425] {logging_mixin.py:109} INFO - [2022-11-26 02:02:49,425] {dag.py:2306} INFO - Setting next_dagrun for example_branch_datetime_operator_2 to 2022-11-24 00:00:00+00:00
[2022-11-26 02:02:49,443] {processor.py:170} INFO - Processing /home/airflow/.local/lib/python3.6/site-packages/airflow/example_dags/example_branch_datetime_operator.py took 0.151 seconds
[2022-11-26 02:03:19,575] {processor.py:162} INFO - Started process (PID=4844) to work on /home/airflow/.local/lib/python3.6/site-packages/airflow/example_dags/example_branch_datetime_operator.py
[2022-11-26 02:03:19,578] {processor.py:613} INFO - Processing file /home/airflow/.local/lib/python3.6/site-packages/airflow/example_dags/example_branch_datetime_operator.py for tasks to queue
[2022-11-26 02:03:19,580] {logging_mixin.py:109} INFO - [2022-11-26 02:03:19,579] {dagbag.py:496} INFO - Filling up the DagBag from /home/airflow/.local/lib/python3.6/site-packages/airflow/example_dags/example_branch_datetime_operator.py
[2022-11-26 02:03:19,609] {processor.py:623} INFO - DAG(s) dict_keys(['example_branch_datetime_operator_2']) retrieved from /home/airflow/.local/lib/python3.6/site-packages/airflow/example_dags/example_branch_datetime_operator.py
[2022-11-26 02:03:19,646] {logging_mixin.py:109} INFO - [2022-11-26 02:03:19,646] {dag.py:1833} INFO - Sync 1 DAGs
[2022-11-26 02:03:19,688] {logging_mixin.py:109} INFO - [2022-11-26 02:03:19,688] {dag.py:2306} INFO - Setting next_dagrun for example_branch_datetime_operator_2 to 2022-11-24 00:00:00+00:00
[2022-11-26 02:03:19,704] {processor.py:170} INFO - Processing /home/airflow/.local/lib/python3.6/site-packages/airflow/example_dags/example_branch_datetime_operator.py took 0.134 seconds
[2022-11-26 02:03:50,317] {processor.py:162} INFO - Started process (PID=4944) to work on /home/airflow/.local/lib/python3.6/site-packages/airflow/example_dags/example_branch_datetime_operator.py
[2022-11-26 02:03:50,320] {processor.py:613} INFO - Processing file /home/airflow/.local/lib/python3.6/site-packages/airflow/example_dags/example_branch_datetime_operator.py for tasks to queue
[2022-11-26 02:03:50,322] {logging_mixin.py:109} INFO - [2022-11-26 02:03:50,321] {dagbag.py:496} INFO - Filling up the DagBag from /home/airflow/.local/lib/python3.6/site-packages/airflow/example_dags/example_branch_datetime_operator.py
[2022-11-26 02:03:50,359] {processor.py:623} INFO - DAG(s) dict_keys(['example_branch_datetime_operator_2']) retrieved from /home/airflow/.local/lib/python3.6/site-packages/airflow/example_dags/example_branch_datetime_operator.py
[2022-11-26 02:03:50,397] {logging_mixin.py:109} INFO - [2022-11-26 02:03:50,397] {dag.py:1833} INFO - Sync 1 DAGs
[2022-11-26 02:03:50,440] {logging_mixin.py:109} INFO - [2022-11-26 02:03:50,440] {dag.py:2306} INFO - Setting next_dagrun for example_branch_datetime_operator_2 to 2022-11-24 00:00:00+00:00
[2022-11-26 02:03:50,457] {processor.py:170} INFO - Processing /home/airflow/.local/lib/python3.6/site-packages/airflow/example_dags/example_branch_datetime_operator.py took 0.145 seconds
[2022-11-26 02:04:20,658] {processor.py:162} INFO - Started process (PID=5044) to work on /home/airflow/.local/lib/python3.6/site-packages/airflow/example_dags/example_branch_datetime_operator.py
[2022-11-26 02:04:20,662] {processor.py:613} INFO - Processing file /home/airflow/.local/lib/python3.6/site-packages/airflow/example_dags/example_branch_datetime_operator.py for tasks to queue
[2022-11-26 02:04:20,665] {logging_mixin.py:109} INFO - [2022-11-26 02:04:20,664] {dagbag.py:496} INFO - Filling up the DagBag from /home/airflow/.local/lib/python3.6/site-packages/airflow/example_dags/example_branch_datetime_operator.py
[2022-11-26 02:04:20,709] {processor.py:623} INFO - DAG(s) dict_keys(['example_branch_datetime_operator_2']) retrieved from /home/airflow/.local/lib/python3.6/site-packages/airflow/example_dags/example_branch_datetime_operator.py
[2022-11-26 02:04:20,759] {logging_mixin.py:109} INFO - [2022-11-26 02:04:20,758] {dag.py:1833} INFO - Sync 1 DAGs
[2022-11-26 02:04:20,809] {logging_mixin.py:109} INFO - [2022-11-26 02:04:20,808] {dag.py:2306} INFO - Setting next_dagrun for example_branch_datetime_operator_2 to 2022-11-24 00:00:00+00:00
[2022-11-26 02:04:20,832] {processor.py:170} INFO - Processing /home/airflow/.local/lib/python3.6/site-packages/airflow/example_dags/example_branch_datetime_operator.py took 0.181 seconds
[2022-11-26 02:04:51,714] {processor.py:162} INFO - Started process (PID=5143) to work on /home/airflow/.local/lib/python3.6/site-packages/airflow/example_dags/example_branch_datetime_operator.py
[2022-11-26 02:04:51,721] {processor.py:613} INFO - Processing file /home/airflow/.local/lib/python3.6/site-packages/airflow/example_dags/example_branch_datetime_operator.py for tasks to queue
[2022-11-26 02:04:51,723] {logging_mixin.py:109} INFO - [2022-11-26 02:04:51,723] {dagbag.py:496} INFO - Filling up the DagBag from /home/airflow/.local/lib/python3.6/site-packages/airflow/example_dags/example_branch_datetime_operator.py
[2022-11-26 02:04:51,768] {processor.py:623} INFO - DAG(s) dict_keys(['example_branch_datetime_operator_2']) retrieved from /home/airflow/.local/lib/python3.6/site-packages/airflow/example_dags/example_branch_datetime_operator.py
[2022-11-26 02:04:51,831] {logging_mixin.py:109} INFO - [2022-11-26 02:04:51,831] {dag.py:1833} INFO - Sync 1 DAGs
[2022-11-26 02:04:51,895] {logging_mixin.py:109} INFO - [2022-11-26 02:04:51,895] {dag.py:2306} INFO - Setting next_dagrun for example_branch_datetime_operator_2 to 2022-11-24 00:00:00+00:00
[2022-11-26 02:04:51,922] {processor.py:170} INFO - Processing /home/airflow/.local/lib/python3.6/site-packages/airflow/example_dags/example_branch_datetime_operator.py took 0.216 seconds
[2022-11-26 02:05:22,552] {processor.py:162} INFO - Started process (PID=5224) to work on /home/airflow/.local/lib/python3.6/site-packages/airflow/example_dags/example_branch_datetime_operator.py
[2022-11-26 02:05:22,555] {processor.py:613} INFO - Processing file /home/airflow/.local/lib/python3.6/site-packages/airflow/example_dags/example_branch_datetime_operator.py for tasks to queue
[2022-11-26 02:05:22,556] {logging_mixin.py:109} INFO - [2022-11-26 02:05:22,556] {dagbag.py:496} INFO - Filling up the DagBag from /home/airflow/.local/lib/python3.6/site-packages/airflow/example_dags/example_branch_datetime_operator.py
[2022-11-26 02:05:22,587] {processor.py:623} INFO - DAG(s) dict_keys(['example_branch_datetime_operator_2']) retrieved from /home/airflow/.local/lib/python3.6/site-packages/airflow/example_dags/example_branch_datetime_operator.py
[2022-11-26 02:05:22,627] {logging_mixin.py:109} INFO - [2022-11-26 02:05:22,627] {dag.py:1833} INFO - Sync 1 DAGs
[2022-11-26 02:05:22,673] {logging_mixin.py:109} INFO - [2022-11-26 02:05:22,672] {dag.py:2306} INFO - Setting next_dagrun for example_branch_datetime_operator_2 to 2022-11-24 00:00:00+00:00
[2022-11-26 02:05:22,691] {processor.py:170} INFO - Processing /home/airflow/.local/lib/python3.6/site-packages/airflow/example_dags/example_branch_datetime_operator.py took 0.144 seconds
[2022-11-26 02:05:53,279] {processor.py:162} INFO - Started process (PID=5325) to work on /home/airflow/.local/lib/python3.6/site-packages/airflow/example_dags/example_branch_datetime_operator.py
[2022-11-26 02:05:53,281] {processor.py:613} INFO - Processing file /home/airflow/.local/lib/python3.6/site-packages/airflow/example_dags/example_branch_datetime_operator.py for tasks to queue
[2022-11-26 02:05:53,283] {logging_mixin.py:109} INFO - [2022-11-26 02:05:53,283] {dagbag.py:496} INFO - Filling up the DagBag from /home/airflow/.local/lib/python3.6/site-packages/airflow/example_dags/example_branch_datetime_operator.py
[2022-11-26 02:05:53,315] {processor.py:623} INFO - DAG(s) dict_keys(['example_branch_datetime_operator_2']) retrieved from /home/airflow/.local/lib/python3.6/site-packages/airflow/example_dags/example_branch_datetime_operator.py
[2022-11-26 02:05:53,356] {logging_mixin.py:109} INFO - [2022-11-26 02:05:53,356] {dag.py:1833} INFO - Sync 1 DAGs
[2022-11-26 02:05:53,402] {logging_mixin.py:109} INFO - [2022-11-26 02:05:53,402] {dag.py:2306} INFO - Setting next_dagrun for example_branch_datetime_operator_2 to 2022-11-24 00:00:00+00:00
[2022-11-26 02:05:53,420] {processor.py:170} INFO - Processing /home/airflow/.local/lib/python3.6/site-packages/airflow/example_dags/example_branch_datetime_operator.py took 0.146 seconds
