[2022-11-26 01:37:59,042] {processor.py:162} INFO - Started process (PID=200) to work on /home/airflow/.local/lib/python3.6/site-packages/airflow/example_dags/example_task_group.py
[2022-11-26 01:37:59,047] {processor.py:613} INFO - Processing file /home/airflow/.local/lib/python3.6/site-packages/airflow/example_dags/example_task_group.py for tasks to queue
[2022-11-26 01:37:59,049] {logging_mixin.py:109} INFO - [2022-11-26 01:37:59,049] {dagbag.py:496} INFO - Filling up the DagBag from /home/airflow/.local/lib/python3.6/site-packages/airflow/example_dags/example_task_group.py
[2022-11-26 01:37:59,169] {processor.py:623} INFO - DAG(s) dict_keys(['example_task_group']) retrieved from /home/airflow/.local/lib/python3.6/site-packages/airflow/example_dags/example_task_group.py
[2022-11-26 01:38:00,964] {logging_mixin.py:109} INFO - [2022-11-26 01:38:00,963] {dag.py:1833} INFO - Sync 1 DAGs
[2022-11-26 01:38:01,039] {logging_mixin.py:109} INFO - [2022-11-26 01:38:01,039] {dag.py:2306} INFO - Setting next_dagrun for example_task_group to 2022-11-24 00:00:00+00:00
[2022-11-26 01:38:01,085] {processor.py:170} INFO - Processing /home/airflow/.local/lib/python3.6/site-packages/airflow/example_dags/example_task_group.py took 2.064 seconds
[2022-11-26 01:38:31,262] {processor.py:162} INFO - Started process (PID=300) to work on /home/airflow/.local/lib/python3.6/site-packages/airflow/example_dags/example_task_group.py
[2022-11-26 01:38:31,266] {processor.py:613} INFO - Processing file /home/airflow/.local/lib/python3.6/site-packages/airflow/example_dags/example_task_group.py for tasks to queue
[2022-11-26 01:38:31,267] {logging_mixin.py:109} INFO - [2022-11-26 01:38:31,267] {dagbag.py:496} INFO - Filling up the DagBag from /home/airflow/.local/lib/python3.6/site-packages/airflow/example_dags/example_task_group.py
[2022-11-26 01:38:31,303] {processor.py:623} INFO - DAG(s) dict_keys(['example_task_group']) retrieved from /home/airflow/.local/lib/python3.6/site-packages/airflow/example_dags/example_task_group.py
[2022-11-26 01:38:31,346] {logging_mixin.py:109} INFO - [2022-11-26 01:38:31,346] {dag.py:1833} INFO - Sync 1 DAGs
[2022-11-26 01:38:31,379] {logging_mixin.py:109} INFO - [2022-11-26 01:38:31,379] {dag.py:2306} INFO - Setting next_dagrun for example_task_group to 2022-11-24 00:00:00+00:00
[2022-11-26 01:38:31,398] {processor.py:170} INFO - Processing /home/airflow/.local/lib/python3.6/site-packages/airflow/example_dags/example_task_group.py took 0.141 seconds
[2022-11-26 01:39:01,996] {processor.py:162} INFO - Started process (PID=384) to work on /home/airflow/.local/lib/python3.6/site-packages/airflow/example_dags/example_task_group.py
[2022-11-26 01:39:02,000] {processor.py:613} INFO - Processing file /home/airflow/.local/lib/python3.6/site-packages/airflow/example_dags/example_task_group.py for tasks to queue
[2022-11-26 01:39:02,002] {logging_mixin.py:109} INFO - [2022-11-26 01:39:02,001] {dagbag.py:496} INFO - Filling up the DagBag from /home/airflow/.local/lib/python3.6/site-packages/airflow/example_dags/example_task_group.py
[2022-11-26 01:39:02,039] {processor.py:623} INFO - DAG(s) dict_keys(['example_task_group']) retrieved from /home/airflow/.local/lib/python3.6/site-packages/airflow/example_dags/example_task_group.py
[2022-11-26 01:39:02,080] {logging_mixin.py:109} INFO - [2022-11-26 01:39:02,080] {dag.py:1833} INFO - Sync 1 DAGs
[2022-11-26 01:39:02,112] {logging_mixin.py:109} INFO - [2022-11-26 01:39:02,112] {dag.py:2306} INFO - Setting next_dagrun for example_task_group to 2022-11-24 00:00:00+00:00
[2022-11-26 01:39:02,130] {processor.py:170} INFO - Processing /home/airflow/.local/lib/python3.6/site-packages/airflow/example_dags/example_task_group.py took 0.140 seconds
[2022-11-26 01:39:32,446] {processor.py:162} INFO - Started process (PID=484) to work on /home/airflow/.local/lib/python3.6/site-packages/airflow/example_dags/example_task_group.py
[2022-11-26 01:39:32,449] {processor.py:613} INFO - Processing file /home/airflow/.local/lib/python3.6/site-packages/airflow/example_dags/example_task_group.py for tasks to queue
[2022-11-26 01:39:32,451] {logging_mixin.py:109} INFO - [2022-11-26 01:39:32,450] {dagbag.py:496} INFO - Filling up the DagBag from /home/airflow/.local/lib/python3.6/site-packages/airflow/example_dags/example_task_group.py
[2022-11-26 01:39:32,486] {processor.py:623} INFO - DAG(s) dict_keys(['example_task_group']) retrieved from /home/airflow/.local/lib/python3.6/site-packages/airflow/example_dags/example_task_group.py
[2022-11-26 01:39:32,530] {logging_mixin.py:109} INFO - [2022-11-26 01:39:32,529] {dag.py:1833} INFO - Sync 1 DAGs
[2022-11-26 01:39:32,569] {logging_mixin.py:109} INFO - [2022-11-26 01:39:32,568] {dag.py:2306} INFO - Setting next_dagrun for example_task_group to 2022-11-24 00:00:00+00:00
[2022-11-26 01:39:32,587] {processor.py:170} INFO - Processing /home/airflow/.local/lib/python3.6/site-packages/airflow/example_dags/example_task_group.py took 0.146 seconds
[2022-11-26 01:40:02,927] {processor.py:162} INFO - Started process (PID=583) to work on /home/airflow/.local/lib/python3.6/site-packages/airflow/example_dags/example_task_group.py
[2022-11-26 01:40:02,931] {processor.py:613} INFO - Processing file /home/airflow/.local/lib/python3.6/site-packages/airflow/example_dags/example_task_group.py for tasks to queue
[2022-11-26 01:40:02,934] {logging_mixin.py:109} INFO - [2022-11-26 01:40:02,933] {dagbag.py:496} INFO - Filling up the DagBag from /home/airflow/.local/lib/python3.6/site-packages/airflow/example_dags/example_task_group.py
[2022-11-26 01:40:02,972] {processor.py:623} INFO - DAG(s) dict_keys(['example_task_group']) retrieved from /home/airflow/.local/lib/python3.6/site-packages/airflow/example_dags/example_task_group.py
[2022-11-26 01:40:03,013] {logging_mixin.py:109} INFO - [2022-11-26 01:40:03,013] {dag.py:1833} INFO - Sync 1 DAGs
[2022-11-26 01:40:03,045] {logging_mixin.py:109} INFO - [2022-11-26 01:40:03,044] {dag.py:2306} INFO - Setting next_dagrun for example_task_group to 2022-11-24 00:00:00+00:00
[2022-11-26 01:40:03,062] {processor.py:170} INFO - Processing /home/airflow/.local/lib/python3.6/site-packages/airflow/example_dags/example_task_group.py took 0.142 seconds
[2022-11-26 01:40:33,532] {processor.py:162} INFO - Started process (PID=682) to work on /home/airflow/.local/lib/python3.6/site-packages/airflow/example_dags/example_task_group.py
[2022-11-26 01:40:33,535] {processor.py:613} INFO - Processing file /home/airflow/.local/lib/python3.6/site-packages/airflow/example_dags/example_task_group.py for tasks to queue
[2022-11-26 01:40:33,537] {logging_mixin.py:109} INFO - [2022-11-26 01:40:33,537] {dagbag.py:496} INFO - Filling up the DagBag from /home/airflow/.local/lib/python3.6/site-packages/airflow/example_dags/example_task_group.py
[2022-11-26 01:40:33,572] {processor.py:623} INFO - DAG(s) dict_keys(['example_task_group']) retrieved from /home/airflow/.local/lib/python3.6/site-packages/airflow/example_dags/example_task_group.py
[2022-11-26 01:40:33,614] {logging_mixin.py:109} INFO - [2022-11-26 01:40:33,613] {dag.py:1833} INFO - Sync 1 DAGs
[2022-11-26 01:40:33,645] {logging_mixin.py:109} INFO - [2022-11-26 01:40:33,645] {dag.py:2306} INFO - Setting next_dagrun for example_task_group to 2022-11-24 00:00:00+00:00
[2022-11-26 01:40:33,662] {processor.py:170} INFO - Processing /home/airflow/.local/lib/python3.6/site-packages/airflow/example_dags/example_task_group.py took 0.135 seconds
[2022-11-26 01:41:03,736] {processor.py:162} INFO - Started process (PID=780) to work on /home/airflow/.local/lib/python3.6/site-packages/airflow/example_dags/example_task_group.py
[2022-11-26 01:41:03,739] {processor.py:613} INFO - Processing file /home/airflow/.local/lib/python3.6/site-packages/airflow/example_dags/example_task_group.py for tasks to queue
[2022-11-26 01:41:03,741] {logging_mixin.py:109} INFO - [2022-11-26 01:41:03,741] {dagbag.py:496} INFO - Filling up the DagBag from /home/airflow/.local/lib/python3.6/site-packages/airflow/example_dags/example_task_group.py
[2022-11-26 01:41:03,778] {processor.py:623} INFO - DAG(s) dict_keys(['example_task_group']) retrieved from /home/airflow/.local/lib/python3.6/site-packages/airflow/example_dags/example_task_group.py
[2022-11-26 01:41:03,821] {logging_mixin.py:109} INFO - [2022-11-26 01:41:03,820] {dag.py:1833} INFO - Sync 1 DAGs
[2022-11-26 01:41:03,853] {logging_mixin.py:109} INFO - [2022-11-26 01:41:03,852] {dag.py:2306} INFO - Setting next_dagrun for example_task_group to 2022-11-24 00:00:00+00:00
[2022-11-26 01:41:03,870] {processor.py:170} INFO - Processing /home/airflow/.local/lib/python3.6/site-packages/airflow/example_dags/example_task_group.py took 0.139 seconds
[2022-11-26 01:41:34,318] {processor.py:162} INFO - Started process (PID=864) to work on /home/airflow/.local/lib/python3.6/site-packages/airflow/example_dags/example_task_group.py
[2022-11-26 01:41:34,322] {processor.py:613} INFO - Processing file /home/airflow/.local/lib/python3.6/site-packages/airflow/example_dags/example_task_group.py for tasks to queue
[2022-11-26 01:41:34,323] {logging_mixin.py:109} INFO - [2022-11-26 01:41:34,323] {dagbag.py:496} INFO - Filling up the DagBag from /home/airflow/.local/lib/python3.6/site-packages/airflow/example_dags/example_task_group.py
[2022-11-26 01:41:34,359] {processor.py:623} INFO - DAG(s) dict_keys(['example_task_group']) retrieved from /home/airflow/.local/lib/python3.6/site-packages/airflow/example_dags/example_task_group.py
[2022-11-26 01:41:34,400] {logging_mixin.py:109} INFO - [2022-11-26 01:41:34,399] {dag.py:1833} INFO - Sync 1 DAGs
[2022-11-26 01:41:34,430] {logging_mixin.py:109} INFO - [2022-11-26 01:41:34,430] {dag.py:2306} INFO - Setting next_dagrun for example_task_group to 2022-11-24 00:00:00+00:00
[2022-11-26 01:41:34,447] {processor.py:170} INFO - Processing /home/airflow/.local/lib/python3.6/site-packages/airflow/example_dags/example_task_group.py took 0.136 seconds
[2022-11-26 01:42:04,918] {processor.py:162} INFO - Started process (PID=964) to work on /home/airflow/.local/lib/python3.6/site-packages/airflow/example_dags/example_task_group.py
[2022-11-26 01:42:04,921] {processor.py:613} INFO - Processing file /home/airflow/.local/lib/python3.6/site-packages/airflow/example_dags/example_task_group.py for tasks to queue
[2022-11-26 01:42:04,922] {logging_mixin.py:109} INFO - [2022-11-26 01:42:04,922] {dagbag.py:496} INFO - Filling up the DagBag from /home/airflow/.local/lib/python3.6/site-packages/airflow/example_dags/example_task_group.py
[2022-11-26 01:42:04,957] {processor.py:623} INFO - DAG(s) dict_keys(['example_task_group']) retrieved from /home/airflow/.local/lib/python3.6/site-packages/airflow/example_dags/example_task_group.py
[2022-11-26 01:42:04,998] {logging_mixin.py:109} INFO - [2022-11-26 01:42:04,997] {dag.py:1833} INFO - Sync 1 DAGs
[2022-11-26 01:42:05,030] {logging_mixin.py:109} INFO - [2022-11-26 01:42:05,029] {dag.py:2306} INFO - Setting next_dagrun for example_task_group to 2022-11-24 00:00:00+00:00
[2022-11-26 01:42:05,047] {processor.py:170} INFO - Processing /home/airflow/.local/lib/python3.6/site-packages/airflow/example_dags/example_task_group.py took 0.134 seconds
[2022-11-26 01:42:35,086] {processor.py:162} INFO - Started process (PID=1065) to work on /home/airflow/.local/lib/python3.6/site-packages/airflow/example_dags/example_task_group.py
[2022-11-26 01:42:35,089] {processor.py:613} INFO - Processing file /home/airflow/.local/lib/python3.6/site-packages/airflow/example_dags/example_task_group.py for tasks to queue
[2022-11-26 01:42:35,091] {logging_mixin.py:109} INFO - [2022-11-26 01:42:35,090] {dagbag.py:496} INFO - Filling up the DagBag from /home/airflow/.local/lib/python3.6/site-packages/airflow/example_dags/example_task_group.py
[2022-11-26 01:42:35,126] {processor.py:623} INFO - DAG(s) dict_keys(['example_task_group']) retrieved from /home/airflow/.local/lib/python3.6/site-packages/airflow/example_dags/example_task_group.py
[2022-11-26 01:42:35,179] {logging_mixin.py:109} INFO - [2022-11-26 01:42:35,179] {dag.py:1833} INFO - Sync 1 DAGs
[2022-11-26 01:42:35,216] {logging_mixin.py:109} INFO - [2022-11-26 01:42:35,216] {dag.py:2306} INFO - Setting next_dagrun for example_task_group to 2022-11-24 00:00:00+00:00
[2022-11-26 01:42:35,234] {processor.py:170} INFO - Processing /home/airflow/.local/lib/python3.6/site-packages/airflow/example_dags/example_task_group.py took 0.153 seconds
[2022-11-26 01:43:05,898] {processor.py:162} INFO - Started process (PID=1165) to work on /home/airflow/.local/lib/python3.6/site-packages/airflow/example_dags/example_task_group.py
[2022-11-26 01:43:05,902] {processor.py:613} INFO - Processing file /home/airflow/.local/lib/python3.6/site-packages/airflow/example_dags/example_task_group.py for tasks to queue
[2022-11-26 01:43:05,904] {logging_mixin.py:109} INFO - [2022-11-26 01:43:05,904] {dagbag.py:496} INFO - Filling up the DagBag from /home/airflow/.local/lib/python3.6/site-packages/airflow/example_dags/example_task_group.py
[2022-11-26 01:43:05,944] {processor.py:623} INFO - DAG(s) dict_keys(['example_task_group']) retrieved from /home/airflow/.local/lib/python3.6/site-packages/airflow/example_dags/example_task_group.py
[2022-11-26 01:43:05,986] {logging_mixin.py:109} INFO - [2022-11-26 01:43:05,986] {dag.py:1833} INFO - Sync 1 DAGs
[2022-11-26 01:43:06,019] {logging_mixin.py:109} INFO - [2022-11-26 01:43:06,018] {dag.py:2306} INFO - Setting next_dagrun for example_task_group to 2022-11-24 00:00:00+00:00
[2022-11-26 01:43:06,036] {processor.py:170} INFO - Processing /home/airflow/.local/lib/python3.6/site-packages/airflow/example_dags/example_task_group.py took 0.146 seconds
[2022-11-26 01:43:36,167] {processor.py:162} INFO - Started process (PID=1265) to work on /home/airflow/.local/lib/python3.6/site-packages/airflow/example_dags/example_task_group.py
[2022-11-26 01:43:36,170] {processor.py:613} INFO - Processing file /home/airflow/.local/lib/python3.6/site-packages/airflow/example_dags/example_task_group.py for tasks to queue
[2022-11-26 01:43:36,172] {logging_mixin.py:109} INFO - [2022-11-26 01:43:36,171] {dagbag.py:496} INFO - Filling up the DagBag from /home/airflow/.local/lib/python3.6/site-packages/airflow/example_dags/example_task_group.py
[2022-11-26 01:43:36,212] {processor.py:623} INFO - DAG(s) dict_keys(['example_task_group']) retrieved from /home/airflow/.local/lib/python3.6/site-packages/airflow/example_dags/example_task_group.py
[2022-11-26 01:43:36,300] {logging_mixin.py:109} INFO - [2022-11-26 01:43:36,300] {dag.py:1833} INFO - Sync 1 DAGs
[2022-11-26 01:43:36,335] {logging_mixin.py:109} INFO - [2022-11-26 01:43:36,335] {dag.py:2306} INFO - Setting next_dagrun for example_task_group to 2022-11-24 00:00:00+00:00
[2022-11-26 01:43:36,354] {processor.py:170} INFO - Processing /home/airflow/.local/lib/python3.6/site-packages/airflow/example_dags/example_task_group.py took 0.193 seconds
[2022-11-26 01:44:06,432] {processor.py:162} INFO - Started process (PID=1360) to work on /home/airflow/.local/lib/python3.6/site-packages/airflow/example_dags/example_task_group.py
[2022-11-26 01:44:06,435] {processor.py:613} INFO - Processing file /home/airflow/.local/lib/python3.6/site-packages/airflow/example_dags/example_task_group.py for tasks to queue
[2022-11-26 01:44:06,437] {logging_mixin.py:109} INFO - [2022-11-26 01:44:06,437] {dagbag.py:496} INFO - Filling up the DagBag from /home/airflow/.local/lib/python3.6/site-packages/airflow/example_dags/example_task_group.py
[2022-11-26 01:44:06,473] {processor.py:623} INFO - DAG(s) dict_keys(['example_task_group']) retrieved from /home/airflow/.local/lib/python3.6/site-packages/airflow/example_dags/example_task_group.py
[2022-11-26 01:44:06,514] {logging_mixin.py:109} INFO - [2022-11-26 01:44:06,514] {dag.py:1833} INFO - Sync 1 DAGs
[2022-11-26 01:44:06,546] {logging_mixin.py:109} INFO - [2022-11-26 01:44:06,546] {dag.py:2306} INFO - Setting next_dagrun for example_task_group to 2022-11-24 00:00:00+00:00
[2022-11-26 01:44:06,563] {processor.py:170} INFO - Processing /home/airflow/.local/lib/python3.6/site-packages/airflow/example_dags/example_task_group.py took 0.136 seconds
[2022-11-26 01:44:37,039] {processor.py:162} INFO - Started process (PID=1444) to work on /home/airflow/.local/lib/python3.6/site-packages/airflow/example_dags/example_task_group.py
[2022-11-26 01:44:37,042] {processor.py:613} INFO - Processing file /home/airflow/.local/lib/python3.6/site-packages/airflow/example_dags/example_task_group.py for tasks to queue
[2022-11-26 01:44:37,044] {logging_mixin.py:109} INFO - [2022-11-26 01:44:37,044] {dagbag.py:496} INFO - Filling up the DagBag from /home/airflow/.local/lib/python3.6/site-packages/airflow/example_dags/example_task_group.py
[2022-11-26 01:44:37,079] {processor.py:623} INFO - DAG(s) dict_keys(['example_task_group']) retrieved from /home/airflow/.local/lib/python3.6/site-packages/airflow/example_dags/example_task_group.py
[2022-11-26 01:44:37,119] {logging_mixin.py:109} INFO - [2022-11-26 01:44:37,119] {dag.py:1833} INFO - Sync 1 DAGs
[2022-11-26 01:44:37,151] {logging_mixin.py:109} INFO - [2022-11-26 01:44:37,151] {dag.py:2306} INFO - Setting next_dagrun for example_task_group to 2022-11-24 00:00:00+00:00
[2022-11-26 01:44:37,168] {processor.py:170} INFO - Processing /home/airflow/.local/lib/python3.6/site-packages/airflow/example_dags/example_task_group.py took 0.135 seconds
[2022-11-26 01:45:07,227] {processor.py:162} INFO - Started process (PID=1545) to work on /home/airflow/.local/lib/python3.6/site-packages/airflow/example_dags/example_task_group.py
[2022-11-26 01:45:07,229] {processor.py:613} INFO - Processing file /home/airflow/.local/lib/python3.6/site-packages/airflow/example_dags/example_task_group.py for tasks to queue
[2022-11-26 01:45:07,231] {logging_mixin.py:109} INFO - [2022-11-26 01:45:07,230] {dagbag.py:496} INFO - Filling up the DagBag from /home/airflow/.local/lib/python3.6/site-packages/airflow/example_dags/example_task_group.py
[2022-11-26 01:45:07,265] {processor.py:623} INFO - DAG(s) dict_keys(['example_task_group']) retrieved from /home/airflow/.local/lib/python3.6/site-packages/airflow/example_dags/example_task_group.py
[2022-11-26 01:45:07,306] {logging_mixin.py:109} INFO - [2022-11-26 01:45:07,306] {dag.py:1833} INFO - Sync 1 DAGs
[2022-11-26 01:45:07,341] {logging_mixin.py:109} INFO - [2022-11-26 01:45:07,340] {dag.py:2306} INFO - Setting next_dagrun for example_task_group to 2022-11-24 00:00:00+00:00
[2022-11-26 01:45:07,359] {processor.py:170} INFO - Processing /home/airflow/.local/lib/python3.6/site-packages/airflow/example_dags/example_task_group.py took 0.137 seconds
[2022-11-26 01:45:37,782] {processor.py:162} INFO - Started process (PID=1646) to work on /home/airflow/.local/lib/python3.6/site-packages/airflow/example_dags/example_task_group.py
[2022-11-26 01:45:37,784] {processor.py:613} INFO - Processing file /home/airflow/.local/lib/python3.6/site-packages/airflow/example_dags/example_task_group.py for tasks to queue
[2022-11-26 01:45:37,786] {logging_mixin.py:109} INFO - [2022-11-26 01:45:37,786] {dagbag.py:496} INFO - Filling up the DagBag from /home/airflow/.local/lib/python3.6/site-packages/airflow/example_dags/example_task_group.py
[2022-11-26 01:45:37,824] {processor.py:623} INFO - DAG(s) dict_keys(['example_task_group']) retrieved from /home/airflow/.local/lib/python3.6/site-packages/airflow/example_dags/example_task_group.py
[2022-11-26 01:45:37,868] {logging_mixin.py:109} INFO - [2022-11-26 01:45:37,868] {dag.py:1833} INFO - Sync 1 DAGs
[2022-11-26 01:45:37,902] {logging_mixin.py:109} INFO - [2022-11-26 01:45:37,902] {dag.py:2306} INFO - Setting next_dagrun for example_task_group to 2022-11-24 00:00:00+00:00
[2022-11-26 01:45:37,921] {processor.py:170} INFO - Processing /home/airflow/.local/lib/python3.6/site-packages/airflow/example_dags/example_task_group.py took 0.145 seconds
[2022-11-26 01:46:08,483] {processor.py:162} INFO - Started process (PID=1747) to work on /home/airflow/.local/lib/python3.6/site-packages/airflow/example_dags/example_task_group.py
[2022-11-26 01:46:08,487] {processor.py:613} INFO - Processing file /home/airflow/.local/lib/python3.6/site-packages/airflow/example_dags/example_task_group.py for tasks to queue
[2022-11-26 01:46:08,489] {logging_mixin.py:109} INFO - [2022-11-26 01:46:08,488] {dagbag.py:496} INFO - Filling up the DagBag from /home/airflow/.local/lib/python3.6/site-packages/airflow/example_dags/example_task_group.py
[2022-11-26 01:46:08,528] {processor.py:623} INFO - DAG(s) dict_keys(['example_task_group']) retrieved from /home/airflow/.local/lib/python3.6/site-packages/airflow/example_dags/example_task_group.py
[2022-11-26 01:46:08,570] {logging_mixin.py:109} INFO - [2022-11-26 01:46:08,570] {dag.py:1833} INFO - Sync 1 DAGs
[2022-11-26 01:46:08,602] {logging_mixin.py:109} INFO - [2022-11-26 01:46:08,602] {dag.py:2306} INFO - Setting next_dagrun for example_task_group to 2022-11-24 00:00:00+00:00
[2022-11-26 01:46:08,620] {processor.py:170} INFO - Processing /home/airflow/.local/lib/python3.6/site-packages/airflow/example_dags/example_task_group.py took 0.143 seconds
[2022-11-26 01:46:38,788] {processor.py:162} INFO - Started process (PID=1847) to work on /home/airflow/.local/lib/python3.6/site-packages/airflow/example_dags/example_task_group.py
[2022-11-26 01:46:38,791] {processor.py:613} INFO - Processing file /home/airflow/.local/lib/python3.6/site-packages/airflow/example_dags/example_task_group.py for tasks to queue
[2022-11-26 01:46:38,793] {logging_mixin.py:109} INFO - [2022-11-26 01:46:38,793] {dagbag.py:496} INFO - Filling up the DagBag from /home/airflow/.local/lib/python3.6/site-packages/airflow/example_dags/example_task_group.py
[2022-11-26 01:46:38,827] {processor.py:623} INFO - DAG(s) dict_keys(['example_task_group']) retrieved from /home/airflow/.local/lib/python3.6/site-packages/airflow/example_dags/example_task_group.py
[2022-11-26 01:46:38,868] {logging_mixin.py:109} INFO - [2022-11-26 01:46:38,868] {dag.py:1833} INFO - Sync 1 DAGs
[2022-11-26 01:46:38,899] {logging_mixin.py:109} INFO - [2022-11-26 01:46:38,899] {dag.py:2306} INFO - Setting next_dagrun for example_task_group to 2022-11-24 00:00:00+00:00
[2022-11-26 01:46:38,916] {processor.py:170} INFO - Processing /home/airflow/.local/lib/python3.6/site-packages/airflow/example_dags/example_task_group.py took 0.133 seconds
[2022-11-26 01:47:09,223] {processor.py:162} INFO - Started process (PID=1938) to work on /home/airflow/.local/lib/python3.6/site-packages/airflow/example_dags/example_task_group.py
[2022-11-26 01:47:09,226] {processor.py:613} INFO - Processing file /home/airflow/.local/lib/python3.6/site-packages/airflow/example_dags/example_task_group.py for tasks to queue
[2022-11-26 01:47:09,227] {logging_mixin.py:109} INFO - [2022-11-26 01:47:09,227] {dagbag.py:496} INFO - Filling up the DagBag from /home/airflow/.local/lib/python3.6/site-packages/airflow/example_dags/example_task_group.py
[2022-11-26 01:47:09,262] {processor.py:623} INFO - DAG(s) dict_keys(['example_task_group']) retrieved from /home/airflow/.local/lib/python3.6/site-packages/airflow/example_dags/example_task_group.py
[2022-11-26 01:47:09,304] {logging_mixin.py:109} INFO - [2022-11-26 01:47:09,303] {dag.py:1833} INFO - Sync 1 DAGs
[2022-11-26 01:47:09,335] {logging_mixin.py:109} INFO - [2022-11-26 01:47:09,335] {dag.py:2306} INFO - Setting next_dagrun for example_task_group to 2022-11-24 00:00:00+00:00
[2022-11-26 01:47:09,353] {processor.py:170} INFO - Processing /home/airflow/.local/lib/python3.6/site-packages/airflow/example_dags/example_task_group.py took 0.134 seconds
[2022-11-26 01:47:39,558] {processor.py:162} INFO - Started process (PID=2027) to work on /home/airflow/.local/lib/python3.6/site-packages/airflow/example_dags/example_task_group.py
[2022-11-26 01:47:39,561] {processor.py:613} INFO - Processing file /home/airflow/.local/lib/python3.6/site-packages/airflow/example_dags/example_task_group.py for tasks to queue
[2022-11-26 01:47:39,562] {logging_mixin.py:109} INFO - [2022-11-26 01:47:39,562] {dagbag.py:496} INFO - Filling up the DagBag from /home/airflow/.local/lib/python3.6/site-packages/airflow/example_dags/example_task_group.py
[2022-11-26 01:47:39,632] {processor.py:623} INFO - DAG(s) dict_keys(['example_task_group']) retrieved from /home/airflow/.local/lib/python3.6/site-packages/airflow/example_dags/example_task_group.py
[2022-11-26 01:47:39,679] {logging_mixin.py:109} INFO - [2022-11-26 01:47:39,679] {dag.py:1833} INFO - Sync 1 DAGs
[2022-11-26 01:47:39,712] {logging_mixin.py:109} INFO - [2022-11-26 01:47:39,712] {dag.py:2306} INFO - Setting next_dagrun for example_task_group to 2022-11-24 00:00:00+00:00
[2022-11-26 01:47:39,732] {processor.py:170} INFO - Processing /home/airflow/.local/lib/python3.6/site-packages/airflow/example_dags/example_task_group.py took 0.178 seconds
[2022-11-26 01:48:10,333] {processor.py:162} INFO - Started process (PID=2128) to work on /home/airflow/.local/lib/python3.6/site-packages/airflow/example_dags/example_task_group.py
[2022-11-26 01:48:10,337] {processor.py:613} INFO - Processing file /home/airflow/.local/lib/python3.6/site-packages/airflow/example_dags/example_task_group.py for tasks to queue
[2022-11-26 01:48:10,339] {logging_mixin.py:109} INFO - [2022-11-26 01:48:10,339] {dagbag.py:496} INFO - Filling up the DagBag from /home/airflow/.local/lib/python3.6/site-packages/airflow/example_dags/example_task_group.py
[2022-11-26 01:48:10,380] {processor.py:623} INFO - DAG(s) dict_keys(['example_task_group']) retrieved from /home/airflow/.local/lib/python3.6/site-packages/airflow/example_dags/example_task_group.py
[2022-11-26 01:48:10,420] {logging_mixin.py:109} INFO - [2022-11-26 01:48:10,420] {dag.py:1833} INFO - Sync 1 DAGs
[2022-11-26 01:48:10,451] {logging_mixin.py:109} INFO - [2022-11-26 01:48:10,451] {dag.py:2306} INFO - Setting next_dagrun for example_task_group to 2022-11-24 00:00:00+00:00
[2022-11-26 01:48:10,469] {processor.py:170} INFO - Processing /home/airflow/.local/lib/python3.6/site-packages/airflow/example_dags/example_task_group.py took 0.144 seconds
[2022-11-26 01:48:40,862] {processor.py:162} INFO - Started process (PID=2227) to work on /home/airflow/.local/lib/python3.6/site-packages/airflow/example_dags/example_task_group.py
[2022-11-26 01:48:40,865] {processor.py:613} INFO - Processing file /home/airflow/.local/lib/python3.6/site-packages/airflow/example_dags/example_task_group.py for tasks to queue
[2022-11-26 01:48:40,867] {logging_mixin.py:109} INFO - [2022-11-26 01:48:40,867] {dagbag.py:496} INFO - Filling up the DagBag from /home/airflow/.local/lib/python3.6/site-packages/airflow/example_dags/example_task_group.py
[2022-11-26 01:48:40,907] {processor.py:623} INFO - DAG(s) dict_keys(['example_task_group']) retrieved from /home/airflow/.local/lib/python3.6/site-packages/airflow/example_dags/example_task_group.py
[2022-11-26 01:48:40,955] {logging_mixin.py:109} INFO - [2022-11-26 01:48:40,955] {dag.py:1833} INFO - Sync 1 DAGs
[2022-11-26 01:48:40,988] {logging_mixin.py:109} INFO - [2022-11-26 01:48:40,988] {dag.py:2306} INFO - Setting next_dagrun for example_task_group to 2022-11-24 00:00:00+00:00
[2022-11-26 01:48:41,006] {processor.py:170} INFO - Processing /home/airflow/.local/lib/python3.6/site-packages/airflow/example_dags/example_task_group.py took 0.149 seconds
[2022-11-26 01:49:11,067] {processor.py:162} INFO - Started process (PID=2327) to work on /home/airflow/.local/lib/python3.6/site-packages/airflow/example_dags/example_task_group.py
[2022-11-26 01:49:11,069] {processor.py:613} INFO - Processing file /home/airflow/.local/lib/python3.6/site-packages/airflow/example_dags/example_task_group.py for tasks to queue
[2022-11-26 01:49:11,071] {logging_mixin.py:109} INFO - [2022-11-26 01:49:11,071] {dagbag.py:496} INFO - Filling up the DagBag from /home/airflow/.local/lib/python3.6/site-packages/airflow/example_dags/example_task_group.py
[2022-11-26 01:49:11,109] {processor.py:623} INFO - DAG(s) dict_keys(['example_task_group']) retrieved from /home/airflow/.local/lib/python3.6/site-packages/airflow/example_dags/example_task_group.py
[2022-11-26 01:49:11,152] {logging_mixin.py:109} INFO - [2022-11-26 01:49:11,152] {dag.py:1833} INFO - Sync 1 DAGs
[2022-11-26 01:49:11,195] {logging_mixin.py:109} INFO - [2022-11-26 01:49:11,194] {dag.py:2306} INFO - Setting next_dagrun for example_task_group to 2022-11-24 00:00:00+00:00
[2022-11-26 01:49:11,215] {processor.py:170} INFO - Processing /home/airflow/.local/lib/python3.6/site-packages/airflow/example_dags/example_task_group.py took 0.153 seconds
[2022-11-26 01:49:41,407] {processor.py:162} INFO - Started process (PID=2422) to work on /home/airflow/.local/lib/python3.6/site-packages/airflow/example_dags/example_task_group.py
[2022-11-26 01:49:41,410] {processor.py:613} INFO - Processing file /home/airflow/.local/lib/python3.6/site-packages/airflow/example_dags/example_task_group.py for tasks to queue
[2022-11-26 01:49:41,412] {logging_mixin.py:109} INFO - [2022-11-26 01:49:41,412] {dagbag.py:496} INFO - Filling up the DagBag from /home/airflow/.local/lib/python3.6/site-packages/airflow/example_dags/example_task_group.py
[2022-11-26 01:49:41,451] {processor.py:623} INFO - DAG(s) dict_keys(['example_task_group']) retrieved from /home/airflow/.local/lib/python3.6/site-packages/airflow/example_dags/example_task_group.py
[2022-11-26 01:49:41,493] {logging_mixin.py:109} INFO - [2022-11-26 01:49:41,493] {dag.py:1833} INFO - Sync 1 DAGs
[2022-11-26 01:49:41,526] {logging_mixin.py:109} INFO - [2022-11-26 01:49:41,525] {dag.py:2306} INFO - Setting next_dagrun for example_task_group to 2022-11-24 00:00:00+00:00
[2022-11-26 01:49:41,543] {processor.py:170} INFO - Processing /home/airflow/.local/lib/python3.6/site-packages/airflow/example_dags/example_task_group.py took 0.141 seconds
[2022-11-26 01:50:11,645] {processor.py:162} INFO - Started process (PID=2506) to work on /home/airflow/.local/lib/python3.6/site-packages/airflow/example_dags/example_task_group.py
[2022-11-26 01:50:11,648] {processor.py:613} INFO - Processing file /home/airflow/.local/lib/python3.6/site-packages/airflow/example_dags/example_task_group.py for tasks to queue
[2022-11-26 01:50:11,649] {logging_mixin.py:109} INFO - [2022-11-26 01:50:11,649] {dagbag.py:496} INFO - Filling up the DagBag from /home/airflow/.local/lib/python3.6/site-packages/airflow/example_dags/example_task_group.py
[2022-11-26 01:50:11,687] {processor.py:623} INFO - DAG(s) dict_keys(['example_task_group']) retrieved from /home/airflow/.local/lib/python3.6/site-packages/airflow/example_dags/example_task_group.py
[2022-11-26 01:50:11,732] {logging_mixin.py:109} INFO - [2022-11-26 01:50:11,731] {dag.py:1833} INFO - Sync 1 DAGs
[2022-11-26 01:50:11,763] {logging_mixin.py:109} INFO - [2022-11-26 01:50:11,763] {dag.py:2306} INFO - Setting next_dagrun for example_task_group to 2022-11-24 00:00:00+00:00
[2022-11-26 01:50:11,781] {processor.py:170} INFO - Processing /home/airflow/.local/lib/python3.6/site-packages/airflow/example_dags/example_task_group.py took 0.141 seconds
[2022-11-26 01:50:41,842] {processor.py:162} INFO - Started process (PID=2606) to work on /home/airflow/.local/lib/python3.6/site-packages/airflow/example_dags/example_task_group.py
[2022-11-26 01:50:41,844] {processor.py:613} INFO - Processing file /home/airflow/.local/lib/python3.6/site-packages/airflow/example_dags/example_task_group.py for tasks to queue
[2022-11-26 01:50:41,846] {logging_mixin.py:109} INFO - [2022-11-26 01:50:41,845] {dagbag.py:496} INFO - Filling up the DagBag from /home/airflow/.local/lib/python3.6/site-packages/airflow/example_dags/example_task_group.py
[2022-11-26 01:50:41,879] {processor.py:623} INFO - DAG(s) dict_keys(['example_task_group']) retrieved from /home/airflow/.local/lib/python3.6/site-packages/airflow/example_dags/example_task_group.py
[2022-11-26 01:50:41,925] {logging_mixin.py:109} INFO - [2022-11-26 01:50:41,924] {dag.py:1833} INFO - Sync 1 DAGs
[2022-11-26 01:50:41,956] {logging_mixin.py:109} INFO - [2022-11-26 01:50:41,956] {dag.py:2306} INFO - Setting next_dagrun for example_task_group to 2022-11-24 00:00:00+00:00
[2022-11-26 01:50:41,974] {processor.py:170} INFO - Processing /home/airflow/.local/lib/python3.6/site-packages/airflow/example_dags/example_task_group.py took 0.137 seconds
[2022-11-26 01:51:12,087] {processor.py:162} INFO - Started process (PID=2706) to work on /home/airflow/.local/lib/python3.6/site-packages/airflow/example_dags/example_task_group.py
[2022-11-26 01:51:12,089] {processor.py:613} INFO - Processing file /home/airflow/.local/lib/python3.6/site-packages/airflow/example_dags/example_task_group.py for tasks to queue
[2022-11-26 01:51:12,091] {logging_mixin.py:109} INFO - [2022-11-26 01:51:12,091] {dagbag.py:496} INFO - Filling up the DagBag from /home/airflow/.local/lib/python3.6/site-packages/airflow/example_dags/example_task_group.py
[2022-11-26 01:51:12,134] {processor.py:623} INFO - DAG(s) dict_keys(['example_task_group']) retrieved from /home/airflow/.local/lib/python3.6/site-packages/airflow/example_dags/example_task_group.py
[2022-11-26 01:51:12,179] {logging_mixin.py:109} INFO - [2022-11-26 01:51:12,178] {dag.py:1833} INFO - Sync 1 DAGs
[2022-11-26 01:51:12,211] {logging_mixin.py:109} INFO - [2022-11-26 01:51:12,210] {dag.py:2306} INFO - Setting next_dagrun for example_task_group to 2022-11-24 00:00:00+00:00
[2022-11-26 01:51:12,228] {processor.py:170} INFO - Processing /home/airflow/.local/lib/python3.6/site-packages/airflow/example_dags/example_task_group.py took 0.146 seconds
[2022-11-26 01:51:42,830] {processor.py:162} INFO - Started process (PID=2805) to work on /home/airflow/.local/lib/python3.6/site-packages/airflow/example_dags/example_task_group.py
[2022-11-26 01:51:42,840] {processor.py:613} INFO - Processing file /home/airflow/.local/lib/python3.6/site-packages/airflow/example_dags/example_task_group.py for tasks to queue
[2022-11-26 01:51:42,843] {logging_mixin.py:109} INFO - [2022-11-26 01:51:42,842] {dagbag.py:496} INFO - Filling up the DagBag from /home/airflow/.local/lib/python3.6/site-packages/airflow/example_dags/example_task_group.py
[2022-11-26 01:51:42,897] {processor.py:623} INFO - DAG(s) dict_keys(['example_task_group']) retrieved from /home/airflow/.local/lib/python3.6/site-packages/airflow/example_dags/example_task_group.py
[2022-11-26 01:51:42,949] {logging_mixin.py:109} INFO - [2022-11-26 01:51:42,948] {dag.py:1833} INFO - Sync 1 DAGs
[2022-11-26 01:51:42,987] {logging_mixin.py:109} INFO - [2022-11-26 01:51:42,986] {dag.py:2306} INFO - Setting next_dagrun for example_task_group to 2022-11-24 00:00:00+00:00
[2022-11-26 01:51:43,008] {processor.py:170} INFO - Processing /home/airflow/.local/lib/python3.6/site-packages/airflow/example_dags/example_task_group.py took 0.184 seconds
[2022-11-26 01:52:13,304] {processor.py:162} INFO - Started process (PID=2895) to work on /home/airflow/.local/lib/python3.6/site-packages/airflow/example_dags/example_task_group.py
[2022-11-26 01:52:13,307] {processor.py:613} INFO - Processing file /home/airflow/.local/lib/python3.6/site-packages/airflow/example_dags/example_task_group.py for tasks to queue
[2022-11-26 01:52:13,309] {logging_mixin.py:109} INFO - [2022-11-26 01:52:13,309] {dagbag.py:496} INFO - Filling up the DagBag from /home/airflow/.local/lib/python3.6/site-packages/airflow/example_dags/example_task_group.py
[2022-11-26 01:52:13,350] {processor.py:623} INFO - DAG(s) dict_keys(['example_task_group']) retrieved from /home/airflow/.local/lib/python3.6/site-packages/airflow/example_dags/example_task_group.py
[2022-11-26 01:52:13,395] {logging_mixin.py:109} INFO - [2022-11-26 01:52:13,395] {dag.py:1833} INFO - Sync 1 DAGs
[2022-11-26 01:52:13,429] {logging_mixin.py:109} INFO - [2022-11-26 01:52:13,429] {dag.py:2306} INFO - Setting next_dagrun for example_task_group to 2022-11-24 00:00:00+00:00
[2022-11-26 01:52:13,448] {processor.py:170} INFO - Processing /home/airflow/.local/lib/python3.6/site-packages/airflow/example_dags/example_task_group.py took 0.149 seconds
[2022-11-26 01:52:43,788] {processor.py:162} INFO - Started process (PID=2985) to work on /home/airflow/.local/lib/python3.6/site-packages/airflow/example_dags/example_task_group.py
[2022-11-26 01:52:43,790] {processor.py:613} INFO - Processing file /home/airflow/.local/lib/python3.6/site-packages/airflow/example_dags/example_task_group.py for tasks to queue
[2022-11-26 01:52:43,792] {logging_mixin.py:109} INFO - [2022-11-26 01:52:43,792] {dagbag.py:496} INFO - Filling up the DagBag from /home/airflow/.local/lib/python3.6/site-packages/airflow/example_dags/example_task_group.py
[2022-11-26 01:52:43,829] {processor.py:623} INFO - DAG(s) dict_keys(['example_task_group']) retrieved from /home/airflow/.local/lib/python3.6/site-packages/airflow/example_dags/example_task_group.py
[2022-11-26 01:52:43,870] {logging_mixin.py:109} INFO - [2022-11-26 01:52:43,870] {dag.py:1833} INFO - Sync 1 DAGs
[2022-11-26 01:52:43,902] {logging_mixin.py:109} INFO - [2022-11-26 01:52:43,902] {dag.py:2306} INFO - Setting next_dagrun for example_task_group to 2022-11-24 00:00:00+00:00
[2022-11-26 01:52:43,919] {processor.py:170} INFO - Processing /home/airflow/.local/lib/python3.6/site-packages/airflow/example_dags/example_task_group.py took 0.136 seconds
[2022-11-26 01:53:13,982] {processor.py:162} INFO - Started process (PID=3085) to work on /home/airflow/.local/lib/python3.6/site-packages/airflow/example_dags/example_task_group.py
[2022-11-26 01:53:13,985] {processor.py:613} INFO - Processing file /home/airflow/.local/lib/python3.6/site-packages/airflow/example_dags/example_task_group.py for tasks to queue
[2022-11-26 01:53:13,986] {logging_mixin.py:109} INFO - [2022-11-26 01:53:13,986] {dagbag.py:496} INFO - Filling up the DagBag from /home/airflow/.local/lib/python3.6/site-packages/airflow/example_dags/example_task_group.py
[2022-11-26 01:53:14,021] {processor.py:623} INFO - DAG(s) dict_keys(['example_task_group']) retrieved from /home/airflow/.local/lib/python3.6/site-packages/airflow/example_dags/example_task_group.py
[2022-11-26 01:53:14,062] {logging_mixin.py:109} INFO - [2022-11-26 01:53:14,062] {dag.py:1833} INFO - Sync 1 DAGs
[2022-11-26 01:53:14,094] {logging_mixin.py:109} INFO - [2022-11-26 01:53:14,094] {dag.py:2306} INFO - Setting next_dagrun for example_task_group to 2022-11-24 00:00:00+00:00
[2022-11-26 01:53:14,111] {processor.py:170} INFO - Processing /home/airflow/.local/lib/python3.6/site-packages/airflow/example_dags/example_task_group.py took 0.134 seconds
[2022-11-26 01:53:44,608] {processor.py:162} INFO - Started process (PID=3185) to work on /home/airflow/.local/lib/python3.6/site-packages/airflow/example_dags/example_task_group.py
[2022-11-26 01:53:44,610] {processor.py:613} INFO - Processing file /home/airflow/.local/lib/python3.6/site-packages/airflow/example_dags/example_task_group.py for tasks to queue
[2022-11-26 01:53:44,612] {logging_mixin.py:109} INFO - [2022-11-26 01:53:44,612] {dagbag.py:496} INFO - Filling up the DagBag from /home/airflow/.local/lib/python3.6/site-packages/airflow/example_dags/example_task_group.py
[2022-11-26 01:53:44,648] {processor.py:623} INFO - DAG(s) dict_keys(['example_task_group']) retrieved from /home/airflow/.local/lib/python3.6/site-packages/airflow/example_dags/example_task_group.py
[2022-11-26 01:53:44,690] {logging_mixin.py:109} INFO - [2022-11-26 01:53:44,690] {dag.py:1833} INFO - Sync 1 DAGs
[2022-11-26 01:53:44,723] {logging_mixin.py:109} INFO - [2022-11-26 01:53:44,723] {dag.py:2306} INFO - Setting next_dagrun for example_task_group to 2022-11-24 00:00:00+00:00
[2022-11-26 01:53:44,741] {processor.py:170} INFO - Processing /home/airflow/.local/lib/python3.6/site-packages/airflow/example_dags/example_task_group.py took 0.138 seconds
[2022-11-26 01:54:15,465] {processor.py:162} INFO - Started process (PID=3284) to work on /home/airflow/.local/lib/python3.6/site-packages/airflow/example_dags/example_task_group.py
[2022-11-26 01:54:15,468] {processor.py:613} INFO - Processing file /home/airflow/.local/lib/python3.6/site-packages/airflow/example_dags/example_task_group.py for tasks to queue
[2022-11-26 01:54:15,470] {logging_mixin.py:109} INFO - [2022-11-26 01:54:15,469] {dagbag.py:496} INFO - Filling up the DagBag from /home/airflow/.local/lib/python3.6/site-packages/airflow/example_dags/example_task_group.py
[2022-11-26 01:54:15,507] {processor.py:623} INFO - DAG(s) dict_keys(['example_task_group']) retrieved from /home/airflow/.local/lib/python3.6/site-packages/airflow/example_dags/example_task_group.py
[2022-11-26 01:54:15,551] {logging_mixin.py:109} INFO - [2022-11-26 01:54:15,550] {dag.py:1833} INFO - Sync 1 DAGs
[2022-11-26 01:54:15,585] {logging_mixin.py:109} INFO - [2022-11-26 01:54:15,584] {dag.py:2306} INFO - Setting next_dagrun for example_task_group to 2022-11-24 00:00:00+00:00
[2022-11-26 01:54:15,603] {processor.py:170} INFO - Processing /home/airflow/.local/lib/python3.6/site-packages/airflow/example_dags/example_task_group.py took 0.143 seconds
[2022-11-26 01:54:45,867] {processor.py:162} INFO - Started process (PID=3381) to work on /home/airflow/.local/lib/python3.6/site-packages/airflow/example_dags/example_task_group.py
[2022-11-26 01:54:45,870] {processor.py:613} INFO - Processing file /home/airflow/.local/lib/python3.6/site-packages/airflow/example_dags/example_task_group.py for tasks to queue
[2022-11-26 01:54:45,871] {logging_mixin.py:109} INFO - [2022-11-26 01:54:45,871] {dagbag.py:496} INFO - Filling up the DagBag from /home/airflow/.local/lib/python3.6/site-packages/airflow/example_dags/example_task_group.py
[2022-11-26 01:54:45,909] {processor.py:623} INFO - DAG(s) dict_keys(['example_task_group']) retrieved from /home/airflow/.local/lib/python3.6/site-packages/airflow/example_dags/example_task_group.py
[2022-11-26 01:54:45,951] {logging_mixin.py:109} INFO - [2022-11-26 01:54:45,951] {dag.py:1833} INFO - Sync 1 DAGs
[2022-11-26 01:54:45,985] {logging_mixin.py:109} INFO - [2022-11-26 01:54:45,985] {dag.py:2306} INFO - Setting next_dagrun for example_task_group to 2022-11-24 00:00:00+00:00
[2022-11-26 01:54:46,004] {processor.py:170} INFO - Processing /home/airflow/.local/lib/python3.6/site-packages/airflow/example_dags/example_task_group.py took 0.142 seconds
[2022-11-26 01:55:16,723] {processor.py:162} INFO - Started process (PID=3464) to work on /home/airflow/.local/lib/python3.6/site-packages/airflow/example_dags/example_task_group.py
[2022-11-26 01:55:16,726] {processor.py:613} INFO - Processing file /home/airflow/.local/lib/python3.6/site-packages/airflow/example_dags/example_task_group.py for tasks to queue
[2022-11-26 01:55:16,727] {logging_mixin.py:109} INFO - [2022-11-26 01:55:16,727] {dagbag.py:496} INFO - Filling up the DagBag from /home/airflow/.local/lib/python3.6/site-packages/airflow/example_dags/example_task_group.py
[2022-11-26 01:55:16,767] {processor.py:623} INFO - DAG(s) dict_keys(['example_task_group']) retrieved from /home/airflow/.local/lib/python3.6/site-packages/airflow/example_dags/example_task_group.py
[2022-11-26 01:55:16,816] {logging_mixin.py:109} INFO - [2022-11-26 01:55:16,816] {dag.py:1833} INFO - Sync 1 DAGs
[2022-11-26 01:55:16,851] {logging_mixin.py:109} INFO - [2022-11-26 01:55:16,851] {dag.py:2306} INFO - Setting next_dagrun for example_task_group to 2022-11-24 00:00:00+00:00
[2022-11-26 01:55:16,869] {processor.py:170} INFO - Processing /home/airflow/.local/lib/python3.6/site-packages/airflow/example_dags/example_task_group.py took 0.154 seconds
[2022-11-26 01:55:47,402] {processor.py:162} INFO - Started process (PID=3564) to work on /home/airflow/.local/lib/python3.6/site-packages/airflow/example_dags/example_task_group.py
[2022-11-26 01:55:47,404] {processor.py:613} INFO - Processing file /home/airflow/.local/lib/python3.6/site-packages/airflow/example_dags/example_task_group.py for tasks to queue
[2022-11-26 01:55:47,406] {logging_mixin.py:109} INFO - [2022-11-26 01:55:47,405] {dagbag.py:496} INFO - Filling up the DagBag from /home/airflow/.local/lib/python3.6/site-packages/airflow/example_dags/example_task_group.py
[2022-11-26 01:55:47,443] {processor.py:623} INFO - DAG(s) dict_keys(['example_task_group']) retrieved from /home/airflow/.local/lib/python3.6/site-packages/airflow/example_dags/example_task_group.py
[2022-11-26 01:55:47,484] {logging_mixin.py:109} INFO - [2022-11-26 01:55:47,484] {dag.py:1833} INFO - Sync 1 DAGs
[2022-11-26 01:55:47,516] {logging_mixin.py:109} INFO - [2022-11-26 01:55:47,516] {dag.py:2306} INFO - Setting next_dagrun for example_task_group to 2022-11-24 00:00:00+00:00
[2022-11-26 01:55:47,533] {processor.py:170} INFO - Processing /home/airflow/.local/lib/python3.6/site-packages/airflow/example_dags/example_task_group.py took 0.136 seconds
[2022-11-26 01:56:17,882] {processor.py:162} INFO - Started process (PID=3664) to work on /home/airflow/.local/lib/python3.6/site-packages/airflow/example_dags/example_task_group.py
[2022-11-26 01:56:17,886] {processor.py:613} INFO - Processing file /home/airflow/.local/lib/python3.6/site-packages/airflow/example_dags/example_task_group.py for tasks to queue
[2022-11-26 01:56:17,887] {logging_mixin.py:109} INFO - [2022-11-26 01:56:17,887] {dagbag.py:496} INFO - Filling up the DagBag from /home/airflow/.local/lib/python3.6/site-packages/airflow/example_dags/example_task_group.py
[2022-11-26 01:56:17,924] {processor.py:623} INFO - DAG(s) dict_keys(['example_task_group']) retrieved from /home/airflow/.local/lib/python3.6/site-packages/airflow/example_dags/example_task_group.py
[2022-11-26 01:56:17,967] {logging_mixin.py:109} INFO - [2022-11-26 01:56:17,967] {dag.py:1833} INFO - Sync 1 DAGs
[2022-11-26 01:56:18,000] {logging_mixin.py:109} INFO - [2022-11-26 01:56:18,000] {dag.py:2306} INFO - Setting next_dagrun for example_task_group to 2022-11-24 00:00:00+00:00
[2022-11-26 01:56:18,019] {processor.py:170} INFO - Processing /home/airflow/.local/lib/python3.6/site-packages/airflow/example_dags/example_task_group.py took 0.142 seconds
[2022-11-26 01:56:48,762] {processor.py:162} INFO - Started process (PID=3756) to work on /home/airflow/.local/lib/python3.6/site-packages/airflow/example_dags/example_task_group.py
[2022-11-26 01:56:48,777] {processor.py:613} INFO - Processing file /home/airflow/.local/lib/python3.6/site-packages/airflow/example_dags/example_task_group.py for tasks to queue
[2022-11-26 01:56:48,783] {logging_mixin.py:109} INFO - [2022-11-26 01:56:48,781] {dagbag.py:496} INFO - Filling up the DagBag from /home/airflow/.local/lib/python3.6/site-packages/airflow/example_dags/example_task_group.py
[2022-11-26 01:56:48,906] {processor.py:623} INFO - DAG(s) dict_keys(['example_task_group']) retrieved from /home/airflow/.local/lib/python3.6/site-packages/airflow/example_dags/example_task_group.py
[2022-11-26 01:56:48,976] {logging_mixin.py:109} INFO - [2022-11-26 01:56:48,976] {dag.py:1833} INFO - Sync 1 DAGs
[2022-11-26 01:56:49,023] {logging_mixin.py:109} INFO - [2022-11-26 01:56:49,022] {dag.py:2306} INFO - Setting next_dagrun for example_task_group to 2022-11-24 00:00:00+00:00
[2022-11-26 01:56:49,084] {processor.py:170} INFO - Processing /home/airflow/.local/lib/python3.6/site-packages/airflow/example_dags/example_task_group.py took 0.345 seconds
[2022-11-26 01:57:37,327] {processor.py:162} INFO - Started process (PID=3848) to work on /home/airflow/.local/lib/python3.6/site-packages/airflow/example_dags/example_task_group.py
[2022-11-26 01:57:37,367] {processor.py:613} INFO - Processing file /home/airflow/.local/lib/python3.6/site-packages/airflow/example_dags/example_task_group.py for tasks to queue
[2022-11-26 01:57:37,396] {logging_mixin.py:109} INFO - [2022-11-26 01:57:37,387] {dagbag.py:496} INFO - Filling up the DagBag from /home/airflow/.local/lib/python3.6/site-packages/airflow/example_dags/example_task_group.py
[2022-11-26 01:57:38,011] {processor.py:623} INFO - DAG(s) dict_keys(['example_task_group']) retrieved from /home/airflow/.local/lib/python3.6/site-packages/airflow/example_dags/example_task_group.py
[2022-11-26 01:57:39,579] {logging_mixin.py:109} INFO - [2022-11-26 01:57:39,538] {dag.py:1833} INFO - Sync 1 DAGs
[2022-11-26 01:57:40,469] {logging_mixin.py:109} INFO - [2022-11-26 01:57:40,450] {dag.py:2306} INFO - Setting next_dagrun for example_task_group to 2022-11-24 00:00:00+00:00
[2022-11-26 01:57:40,989] {processor.py:170} INFO - Processing /home/airflow/.local/lib/python3.6/site-packages/airflow/example_dags/example_task_group.py took 3.807 seconds
[2022-11-26 01:58:31,272] {processor.py:162} INFO - Started process (PID=3964) to work on /home/airflow/.local/lib/python3.6/site-packages/airflow/example_dags/example_task_group.py
[2022-11-26 01:58:31,301] {processor.py:613} INFO - Processing file /home/airflow/.local/lib/python3.6/site-packages/airflow/example_dags/example_task_group.py for tasks to queue
[2022-11-26 01:58:31,320] {logging_mixin.py:109} INFO - [2022-11-26 01:58:31,320] {dagbag.py:496} INFO - Filling up the DagBag from /home/airflow/.local/lib/python3.6/site-packages/airflow/example_dags/example_task_group.py
[2022-11-26 01:58:31,728] {processor.py:623} INFO - DAG(s) dict_keys(['example_task_group']) retrieved from /home/airflow/.local/lib/python3.6/site-packages/airflow/example_dags/example_task_group.py
[2022-11-26 01:58:31,989] {logging_mixin.py:109} INFO - [2022-11-26 01:58:31,989] {dag.py:1833} INFO - Sync 1 DAGs
[2022-11-26 01:58:32,336] {logging_mixin.py:109} INFO - [2022-11-26 01:58:32,330] {dag.py:2306} INFO - Setting next_dagrun for example_task_group to 2022-11-24 00:00:00+00:00
[2022-11-26 01:58:32,484] {processor.py:170} INFO - Processing /home/airflow/.local/lib/python3.6/site-packages/airflow/example_dags/example_task_group.py took 1.266 seconds
[2022-11-26 01:59:03,113] {processor.py:162} INFO - Started process (PID=4060) to work on /home/airflow/.local/lib/python3.6/site-packages/airflow/example_dags/example_task_group.py
[2022-11-26 01:59:03,118] {processor.py:613} INFO - Processing file /home/airflow/.local/lib/python3.6/site-packages/airflow/example_dags/example_task_group.py for tasks to queue
[2022-11-26 01:59:03,121] {logging_mixin.py:109} INFO - [2022-11-26 01:59:03,121] {dagbag.py:496} INFO - Filling up the DagBag from /home/airflow/.local/lib/python3.6/site-packages/airflow/example_dags/example_task_group.py
[2022-11-26 01:59:03,194] {processor.py:623} INFO - DAG(s) dict_keys(['example_task_group']) retrieved from /home/airflow/.local/lib/python3.6/site-packages/airflow/example_dags/example_task_group.py
[2022-11-26 01:59:03,277] {logging_mixin.py:109} INFO - [2022-11-26 01:59:03,276] {dag.py:1833} INFO - Sync 1 DAGs
[2022-11-26 01:59:03,341] {logging_mixin.py:109} INFO - [2022-11-26 01:59:03,340] {dag.py:2306} INFO - Setting next_dagrun for example_task_group to 2022-11-24 00:00:00+00:00
[2022-11-26 01:59:03,375] {processor.py:170} INFO - Processing /home/airflow/.local/lib/python3.6/site-packages/airflow/example_dags/example_task_group.py took 0.271 seconds
[2022-11-26 01:59:33,949] {processor.py:162} INFO - Started process (PID=4161) to work on /home/airflow/.local/lib/python3.6/site-packages/airflow/example_dags/example_task_group.py
[2022-11-26 01:59:33,952] {processor.py:613} INFO - Processing file /home/airflow/.local/lib/python3.6/site-packages/airflow/example_dags/example_task_group.py for tasks to queue
[2022-11-26 01:59:33,955] {logging_mixin.py:109} INFO - [2022-11-26 01:59:33,954] {dagbag.py:496} INFO - Filling up the DagBag from /home/airflow/.local/lib/python3.6/site-packages/airflow/example_dags/example_task_group.py
[2022-11-26 01:59:34,008] {processor.py:623} INFO - DAG(s) dict_keys(['example_task_group']) retrieved from /home/airflow/.local/lib/python3.6/site-packages/airflow/example_dags/example_task_group.py
[2022-11-26 01:59:34,070] {logging_mixin.py:109} INFO - [2022-11-26 01:59:34,070] {dag.py:1833} INFO - Sync 1 DAGs
[2022-11-26 01:59:34,120] {logging_mixin.py:109} INFO - [2022-11-26 01:59:34,120] {dag.py:2306} INFO - Setting next_dagrun for example_task_group to 2022-11-24 00:00:00+00:00
[2022-11-26 01:59:34,150] {processor.py:170} INFO - Processing /home/airflow/.local/lib/python3.6/site-packages/airflow/example_dags/example_task_group.py took 0.210 seconds
[2022-11-26 02:00:04,338] {processor.py:162} INFO - Started process (PID=4243) to work on /home/airflow/.local/lib/python3.6/site-packages/airflow/example_dags/example_task_group.py
[2022-11-26 02:00:04,340] {processor.py:613} INFO - Processing file /home/airflow/.local/lib/python3.6/site-packages/airflow/example_dags/example_task_group.py for tasks to queue
[2022-11-26 02:00:04,342] {logging_mixin.py:109} INFO - [2022-11-26 02:00:04,341] {dagbag.py:496} INFO - Filling up the DagBag from /home/airflow/.local/lib/python3.6/site-packages/airflow/example_dags/example_task_group.py
[2022-11-26 02:00:04,377] {processor.py:623} INFO - DAG(s) dict_keys(['example_task_group']) retrieved from /home/airflow/.local/lib/python3.6/site-packages/airflow/example_dags/example_task_group.py
[2022-11-26 02:00:04,418] {logging_mixin.py:109} INFO - [2022-11-26 02:00:04,418] {dag.py:1833} INFO - Sync 1 DAGs
[2022-11-26 02:00:04,450] {logging_mixin.py:109} INFO - [2022-11-26 02:00:04,450] {dag.py:2306} INFO - Setting next_dagrun for example_task_group to 2022-11-24 00:00:00+00:00
[2022-11-26 02:00:04,467] {processor.py:170} INFO - Processing /home/airflow/.local/lib/python3.6/site-packages/airflow/example_dags/example_task_group.py took 0.135 seconds
[2022-11-26 02:00:34,843] {processor.py:162} INFO - Started process (PID=4343) to work on /home/airflow/.local/lib/python3.6/site-packages/airflow/example_dags/example_task_group.py
[2022-11-26 02:00:34,848] {processor.py:613} INFO - Processing file /home/airflow/.local/lib/python3.6/site-packages/airflow/example_dags/example_task_group.py for tasks to queue
[2022-11-26 02:00:34,850] {logging_mixin.py:109} INFO - [2022-11-26 02:00:34,850] {dagbag.py:496} INFO - Filling up the DagBag from /home/airflow/.local/lib/python3.6/site-packages/airflow/example_dags/example_task_group.py
[2022-11-26 02:00:34,897] {processor.py:623} INFO - DAG(s) dict_keys(['example_task_group']) retrieved from /home/airflow/.local/lib/python3.6/site-packages/airflow/example_dags/example_task_group.py
[2022-11-26 02:00:34,951] {logging_mixin.py:109} INFO - [2022-11-26 02:00:34,951] {dag.py:1833} INFO - Sync 1 DAGs
[2022-11-26 02:00:34,992] {logging_mixin.py:109} INFO - [2022-11-26 02:00:34,991] {dag.py:2306} INFO - Setting next_dagrun for example_task_group to 2022-11-24 00:00:00+00:00
[2022-11-26 02:00:35,011] {processor.py:170} INFO - Processing /home/airflow/.local/lib/python3.6/site-packages/airflow/example_dags/example_task_group.py took 0.175 seconds
[2022-11-26 02:01:05,267] {processor.py:162} INFO - Started process (PID=4443) to work on /home/airflow/.local/lib/python3.6/site-packages/airflow/example_dags/example_task_group.py
[2022-11-26 02:01:05,270] {processor.py:613} INFO - Processing file /home/airflow/.local/lib/python3.6/site-packages/airflow/example_dags/example_task_group.py for tasks to queue
[2022-11-26 02:01:05,272] {logging_mixin.py:109} INFO - [2022-11-26 02:01:05,272] {dagbag.py:496} INFO - Filling up the DagBag from /home/airflow/.local/lib/python3.6/site-packages/airflow/example_dags/example_task_group.py
[2022-11-26 02:01:05,318] {processor.py:623} INFO - DAG(s) dict_keys(['example_task_group']) retrieved from /home/airflow/.local/lib/python3.6/site-packages/airflow/example_dags/example_task_group.py
[2022-11-26 02:01:05,371] {logging_mixin.py:109} INFO - [2022-11-26 02:01:05,371] {dag.py:1833} INFO - Sync 1 DAGs
[2022-11-26 02:01:05,413] {logging_mixin.py:109} INFO - [2022-11-26 02:01:05,412] {dag.py:2306} INFO - Setting next_dagrun for example_task_group to 2022-11-24 00:00:00+00:00
[2022-11-26 02:01:05,436] {processor.py:170} INFO - Processing /home/airflow/.local/lib/python3.6/site-packages/airflow/example_dags/example_task_group.py took 0.176 seconds
[2022-11-26 02:01:35,558] {processor.py:162} INFO - Started process (PID=4522) to work on /home/airflow/.local/lib/python3.6/site-packages/airflow/example_dags/example_task_group.py
[2022-11-26 02:01:35,563] {processor.py:613} INFO - Processing file /home/airflow/.local/lib/python3.6/site-packages/airflow/example_dags/example_task_group.py for tasks to queue
[2022-11-26 02:01:35,565] {logging_mixin.py:109} INFO - [2022-11-26 02:01:35,564] {dagbag.py:496} INFO - Filling up the DagBag from /home/airflow/.local/lib/python3.6/site-packages/airflow/example_dags/example_task_group.py
[2022-11-26 02:01:35,611] {processor.py:623} INFO - DAG(s) dict_keys(['example_task_group']) retrieved from /home/airflow/.local/lib/python3.6/site-packages/airflow/example_dags/example_task_group.py
[2022-11-26 02:01:35,668] {logging_mixin.py:109} INFO - [2022-11-26 02:01:35,667] {dag.py:1833} INFO - Sync 1 DAGs
[2022-11-26 02:01:35,708] {logging_mixin.py:109} INFO - [2022-11-26 02:01:35,708] {dag.py:2306} INFO - Setting next_dagrun for example_task_group to 2022-11-24 00:00:00+00:00
[2022-11-26 02:01:35,729] {processor.py:170} INFO - Processing /home/airflow/.local/lib/python3.6/site-packages/airflow/example_dags/example_task_group.py took 0.177 seconds
[2022-11-26 02:02:06,321] {processor.py:162} INFO - Started process (PID=4621) to work on /home/airflow/.local/lib/python3.6/site-packages/airflow/example_dags/example_task_group.py
[2022-11-26 02:02:06,325] {processor.py:613} INFO - Processing file /home/airflow/.local/lib/python3.6/site-packages/airflow/example_dags/example_task_group.py for tasks to queue
[2022-11-26 02:02:06,327] {logging_mixin.py:109} INFO - [2022-11-26 02:02:06,327] {dagbag.py:496} INFO - Filling up the DagBag from /home/airflow/.local/lib/python3.6/site-packages/airflow/example_dags/example_task_group.py
[2022-11-26 02:02:06,364] {processor.py:623} INFO - DAG(s) dict_keys(['example_task_group']) retrieved from /home/airflow/.local/lib/python3.6/site-packages/airflow/example_dags/example_task_group.py
[2022-11-26 02:02:06,408] {logging_mixin.py:109} INFO - [2022-11-26 02:02:06,407] {dag.py:1833} INFO - Sync 1 DAGs
[2022-11-26 02:02:06,440] {logging_mixin.py:109} INFO - [2022-11-26 02:02:06,439] {dag.py:2306} INFO - Setting next_dagrun for example_task_group to 2022-11-24 00:00:00+00:00
[2022-11-26 02:02:06,456] {processor.py:170} INFO - Processing /home/airflow/.local/lib/python3.6/site-packages/airflow/example_dags/example_task_group.py took 0.145 seconds
[2022-11-26 02:02:36,695] {processor.py:162} INFO - Started process (PID=4720) to work on /home/airflow/.local/lib/python3.6/site-packages/airflow/example_dags/example_task_group.py
[2022-11-26 02:02:36,698] {processor.py:613} INFO - Processing file /home/airflow/.local/lib/python3.6/site-packages/airflow/example_dags/example_task_group.py for tasks to queue
[2022-11-26 02:02:36,700] {logging_mixin.py:109} INFO - [2022-11-26 02:02:36,699] {dagbag.py:496} INFO - Filling up the DagBag from /home/airflow/.local/lib/python3.6/site-packages/airflow/example_dags/example_task_group.py
[2022-11-26 02:02:36,743] {processor.py:623} INFO - DAG(s) dict_keys(['example_task_group']) retrieved from /home/airflow/.local/lib/python3.6/site-packages/airflow/example_dags/example_task_group.py
[2022-11-26 02:02:36,794] {logging_mixin.py:109} INFO - [2022-11-26 02:02:36,794] {dag.py:1833} INFO - Sync 1 DAGs
[2022-11-26 02:02:36,833] {logging_mixin.py:109} INFO - [2022-11-26 02:02:36,832] {dag.py:2306} INFO - Setting next_dagrun for example_task_group to 2022-11-24 00:00:00+00:00
[2022-11-26 02:02:36,853] {processor.py:170} INFO - Processing /home/airflow/.local/lib/python3.6/site-packages/airflow/example_dags/example_task_group.py took 0.165 seconds
[2022-11-26 02:03:06,989] {processor.py:162} INFO - Started process (PID=4817) to work on /home/airflow/.local/lib/python3.6/site-packages/airflow/example_dags/example_task_group.py
[2022-11-26 02:03:06,991] {processor.py:613} INFO - Processing file /home/airflow/.local/lib/python3.6/site-packages/airflow/example_dags/example_task_group.py for tasks to queue
[2022-11-26 02:03:06,993] {logging_mixin.py:109} INFO - [2022-11-26 02:03:06,993] {dagbag.py:496} INFO - Filling up the DagBag from /home/airflow/.local/lib/python3.6/site-packages/airflow/example_dags/example_task_group.py
[2022-11-26 02:03:07,030] {processor.py:623} INFO - DAG(s) dict_keys(['example_task_group']) retrieved from /home/airflow/.local/lib/python3.6/site-packages/airflow/example_dags/example_task_group.py
[2022-11-26 02:03:07,073] {logging_mixin.py:109} INFO - [2022-11-26 02:03:07,073] {dag.py:1833} INFO - Sync 1 DAGs
[2022-11-26 02:03:07,105] {logging_mixin.py:109} INFO - [2022-11-26 02:03:07,105] {dag.py:2306} INFO - Setting next_dagrun for example_task_group to 2022-11-24 00:00:00+00:00
[2022-11-26 02:03:07,122] {processor.py:170} INFO - Processing /home/airflow/.local/lib/python3.6/site-packages/airflow/example_dags/example_task_group.py took 0.139 seconds
[2022-11-26 02:03:37,259] {processor.py:162} INFO - Started process (PID=4901) to work on /home/airflow/.local/lib/python3.6/site-packages/airflow/example_dags/example_task_group.py
[2022-11-26 02:03:37,263] {processor.py:613} INFO - Processing file /home/airflow/.local/lib/python3.6/site-packages/airflow/example_dags/example_task_group.py for tasks to queue
[2022-11-26 02:03:37,266] {logging_mixin.py:109} INFO - [2022-11-26 02:03:37,265] {dagbag.py:496} INFO - Filling up the DagBag from /home/airflow/.local/lib/python3.6/site-packages/airflow/example_dags/example_task_group.py
[2022-11-26 02:03:37,307] {processor.py:623} INFO - DAG(s) dict_keys(['example_task_group']) retrieved from /home/airflow/.local/lib/python3.6/site-packages/airflow/example_dags/example_task_group.py
[2022-11-26 02:03:37,350] {logging_mixin.py:109} INFO - [2022-11-26 02:03:37,349] {dag.py:1833} INFO - Sync 1 DAGs
[2022-11-26 02:03:37,387] {logging_mixin.py:109} INFO - [2022-11-26 02:03:37,387] {dag.py:2306} INFO - Setting next_dagrun for example_task_group to 2022-11-24 00:00:00+00:00
[2022-11-26 02:03:37,405] {processor.py:170} INFO - Processing /home/airflow/.local/lib/python3.6/site-packages/airflow/example_dags/example_task_group.py took 0.155 seconds
[2022-11-26 02:04:07,627] {processor.py:162} INFO - Started process (PID=5001) to work on /home/airflow/.local/lib/python3.6/site-packages/airflow/example_dags/example_task_group.py
[2022-11-26 02:04:07,630] {processor.py:613} INFO - Processing file /home/airflow/.local/lib/python3.6/site-packages/airflow/example_dags/example_task_group.py for tasks to queue
[2022-11-26 02:04:07,632] {logging_mixin.py:109} INFO - [2022-11-26 02:04:07,632] {dagbag.py:496} INFO - Filling up the DagBag from /home/airflow/.local/lib/python3.6/site-packages/airflow/example_dags/example_task_group.py
[2022-11-26 02:04:07,672] {processor.py:623} INFO - DAG(s) dict_keys(['example_task_group']) retrieved from /home/airflow/.local/lib/python3.6/site-packages/airflow/example_dags/example_task_group.py
[2022-11-26 02:04:07,716] {logging_mixin.py:109} INFO - [2022-11-26 02:04:07,715] {dag.py:1833} INFO - Sync 1 DAGs
[2022-11-26 02:04:07,752] {logging_mixin.py:109} INFO - [2022-11-26 02:04:07,751] {dag.py:2306} INFO - Setting next_dagrun for example_task_group to 2022-11-24 00:00:00+00:00
[2022-11-26 02:04:07,772] {processor.py:170} INFO - Processing /home/airflow/.local/lib/python3.6/site-packages/airflow/example_dags/example_task_group.py took 0.150 seconds
[2022-11-26 02:04:38,102] {processor.py:162} INFO - Started process (PID=5100) to work on /home/airflow/.local/lib/python3.6/site-packages/airflow/example_dags/example_task_group.py
[2022-11-26 02:04:38,105] {processor.py:613} INFO - Processing file /home/airflow/.local/lib/python3.6/site-packages/airflow/example_dags/example_task_group.py for tasks to queue
[2022-11-26 02:04:38,107] {logging_mixin.py:109} INFO - [2022-11-26 02:04:38,107] {dagbag.py:496} INFO - Filling up the DagBag from /home/airflow/.local/lib/python3.6/site-packages/airflow/example_dags/example_task_group.py
[2022-11-26 02:04:38,144] {processor.py:623} INFO - DAG(s) dict_keys(['example_task_group']) retrieved from /home/airflow/.local/lib/python3.6/site-packages/airflow/example_dags/example_task_group.py
[2022-11-26 02:04:38,190] {logging_mixin.py:109} INFO - [2022-11-26 02:04:38,189] {dag.py:1833} INFO - Sync 1 DAGs
[2022-11-26 02:04:38,222] {logging_mixin.py:109} INFO - [2022-11-26 02:04:38,222] {dag.py:2306} INFO - Setting next_dagrun for example_task_group to 2022-11-24 00:00:00+00:00
[2022-11-26 02:04:38,239] {processor.py:170} INFO - Processing /home/airflow/.local/lib/python3.6/site-packages/airflow/example_dags/example_task_group.py took 0.144 seconds
[2022-11-26 02:05:08,531] {processor.py:162} INFO - Started process (PID=5200) to work on /home/airflow/.local/lib/python3.6/site-packages/airflow/example_dags/example_task_group.py
[2022-11-26 02:05:08,535] {processor.py:613} INFO - Processing file /home/airflow/.local/lib/python3.6/site-packages/airflow/example_dags/example_task_group.py for tasks to queue
[2022-11-26 02:05:08,537] {logging_mixin.py:109} INFO - [2022-11-26 02:05:08,537] {dagbag.py:496} INFO - Filling up the DagBag from /home/airflow/.local/lib/python3.6/site-packages/airflow/example_dags/example_task_group.py
[2022-11-26 02:05:08,589] {processor.py:623} INFO - DAG(s) dict_keys(['example_task_group']) retrieved from /home/airflow/.local/lib/python3.6/site-packages/airflow/example_dags/example_task_group.py
[2022-11-26 02:05:08,655] {logging_mixin.py:109} INFO - [2022-11-26 02:05:08,655] {dag.py:1833} INFO - Sync 1 DAGs
[2022-11-26 02:05:08,709] {logging_mixin.py:109} INFO - [2022-11-26 02:05:08,708] {dag.py:2306} INFO - Setting next_dagrun for example_task_group to 2022-11-24 00:00:00+00:00
[2022-11-26 02:05:08,735] {processor.py:170} INFO - Processing /home/airflow/.local/lib/python3.6/site-packages/airflow/example_dags/example_task_group.py took 0.211 seconds
[2022-11-26 02:05:39,076] {processor.py:162} INFO - Started process (PID=5282) to work on /home/airflow/.local/lib/python3.6/site-packages/airflow/example_dags/example_task_group.py
[2022-11-26 02:05:39,081] {processor.py:613} INFO - Processing file /home/airflow/.local/lib/python3.6/site-packages/airflow/example_dags/example_task_group.py for tasks to queue
[2022-11-26 02:05:39,083] {logging_mixin.py:109} INFO - [2022-11-26 02:05:39,083] {dagbag.py:496} INFO - Filling up the DagBag from /home/airflow/.local/lib/python3.6/site-packages/airflow/example_dags/example_task_group.py
[2022-11-26 02:05:39,153] {processor.py:623} INFO - DAG(s) dict_keys(['example_task_group']) retrieved from /home/airflow/.local/lib/python3.6/site-packages/airflow/example_dags/example_task_group.py
[2022-11-26 02:05:39,215] {logging_mixin.py:109} INFO - [2022-11-26 02:05:39,215] {dag.py:1833} INFO - Sync 1 DAGs
[2022-11-26 02:05:39,275] {logging_mixin.py:109} INFO - [2022-11-26 02:05:39,274] {dag.py:2306} INFO - Setting next_dagrun for example_task_group to 2022-11-24 00:00:00+00:00
[2022-11-26 02:05:39,297] {processor.py:170} INFO - Processing /home/airflow/.local/lib/python3.6/site-packages/airflow/example_dags/example_task_group.py took 0.229 seconds
[2022-11-26 02:06:09,923] {processor.py:162} INFO - Started process (PID=5383) to work on /home/airflow/.local/lib/python3.6/site-packages/airflow/example_dags/example_task_group.py
[2022-11-26 02:06:09,946] {processor.py:613} INFO - Processing file /home/airflow/.local/lib/python3.6/site-packages/airflow/example_dags/example_task_group.py for tasks to queue
[2022-11-26 02:06:09,970] {logging_mixin.py:109} INFO - [2022-11-26 02:06:09,969] {dagbag.py:496} INFO - Filling up the DagBag from /home/airflow/.local/lib/python3.6/site-packages/airflow/example_dags/example_task_group.py
[2022-11-26 02:06:10,131] {processor.py:623} INFO - DAG(s) dict_keys(['example_task_group']) retrieved from /home/airflow/.local/lib/python3.6/site-packages/airflow/example_dags/example_task_group.py
[2022-11-26 02:06:10,298] {logging_mixin.py:109} INFO - [2022-11-26 02:06:10,292] {dag.py:1833} INFO - Sync 1 DAGs
[2022-11-26 02:06:10,435] {logging_mixin.py:109} INFO - [2022-11-26 02:06:10,435] {dag.py:2306} INFO - Setting next_dagrun for example_task_group to 2022-11-24 00:00:00+00:00
