[2022-11-26 01:37:33,692] {processor.py:162} INFO - Started process (PID=139) to work on /home/airflow/.local/lib/python3.6/site-packages/airflow/example_dags/example_latest_only_with_trigger.py
[2022-11-26 01:37:33,700] {processor.py:613} INFO - Processing file /home/airflow/.local/lib/python3.6/site-packages/airflow/example_dags/example_latest_only_with_trigger.py for tasks to queue
[2022-11-26 01:37:33,714] {logging_mixin.py:109} INFO - [2022-11-26 01:37:33,713] {dagbag.py:496} INFO - Filling up the DagBag from /home/airflow/.local/lib/python3.6/site-packages/airflow/example_dags/example_latest_only_with_trigger.py
[2022-11-26 01:37:33,836] {processor.py:623} INFO - DAG(s) dict_keys(['latest_only_with_trigger']) retrieved from /home/airflow/.local/lib/python3.6/site-packages/airflow/example_dags/example_latest_only_with_trigger.py
[2022-11-26 01:37:36,122] {logging_mixin.py:109} INFO - [2022-11-26 01:37:36,121] {dag.py:1833} INFO - Sync 1 DAGs
[2022-11-26 01:37:36,188] {logging_mixin.py:109} INFO - [2022-11-26 01:37:36,187] {dag.py:2306} INFO - Setting next_dagrun for latest_only_with_trigger to 2022-11-24 00:00:00+00:00
[2022-11-26 01:37:36,230] {processor.py:170} INFO - Processing /home/airflow/.local/lib/python3.6/site-packages/airflow/example_dags/example_latest_only_with_trigger.py took 2.559 seconds
[2022-11-26 01:38:09,546] {processor.py:162} INFO - Started process (PID=229) to work on /home/airflow/.local/lib/python3.6/site-packages/airflow/example_dags/example_latest_only_with_trigger.py
[2022-11-26 01:38:09,556] {processor.py:613} INFO - Processing file /home/airflow/.local/lib/python3.6/site-packages/airflow/example_dags/example_latest_only_with_trigger.py for tasks to queue
[2022-11-26 01:38:09,558] {logging_mixin.py:109} INFO - [2022-11-26 01:38:09,557] {dagbag.py:496} INFO - Filling up the DagBag from /home/airflow/.local/lib/python3.6/site-packages/airflow/example_dags/example_latest_only_with_trigger.py
[2022-11-26 01:38:09,605] {processor.py:623} INFO - DAG(s) dict_keys(['latest_only_with_trigger']) retrieved from /home/airflow/.local/lib/python3.6/site-packages/airflow/example_dags/example_latest_only_with_trigger.py
[2022-11-26 01:38:09,667] {logging_mixin.py:109} INFO - [2022-11-26 01:38:09,667] {dag.py:1833} INFO - Sync 1 DAGs
[2022-11-26 01:38:09,720] {logging_mixin.py:109} INFO - [2022-11-26 01:38:09,719] {dag.py:2306} INFO - Setting next_dagrun for latest_only_with_trigger to 2022-11-24 00:00:00+00:00
[2022-11-26 01:38:09,745] {processor.py:170} INFO - Processing /home/airflow/.local/lib/python3.6/site-packages/airflow/example_dags/example_latest_only_with_trigger.py took 0.210 seconds
[2022-11-26 01:38:40,099] {processor.py:162} INFO - Started process (PID=329) to work on /home/airflow/.local/lib/python3.6/site-packages/airflow/example_dags/example_latest_only_with_trigger.py
[2022-11-26 01:38:40,102] {processor.py:613} INFO - Processing file /home/airflow/.local/lib/python3.6/site-packages/airflow/example_dags/example_latest_only_with_trigger.py for tasks to queue
[2022-11-26 01:38:40,104] {logging_mixin.py:109} INFO - [2022-11-26 01:38:40,104] {dagbag.py:496} INFO - Filling up the DagBag from /home/airflow/.local/lib/python3.6/site-packages/airflow/example_dags/example_latest_only_with_trigger.py
[2022-11-26 01:38:40,130] {processor.py:623} INFO - DAG(s) dict_keys(['latest_only_with_trigger']) retrieved from /home/airflow/.local/lib/python3.6/site-packages/airflow/example_dags/example_latest_only_with_trigger.py
[2022-11-26 01:38:40,170] {logging_mixin.py:109} INFO - [2022-11-26 01:38:40,170] {dag.py:1833} INFO - Sync 1 DAGs
[2022-11-26 01:38:40,202] {logging_mixin.py:109} INFO - [2022-11-26 01:38:40,202] {dag.py:2306} INFO - Setting next_dagrun for latest_only_with_trigger to 2022-11-24 00:00:00+00:00
[2022-11-26 01:38:40,219] {processor.py:170} INFO - Processing /home/airflow/.local/lib/python3.6/site-packages/airflow/example_dags/example_latest_only_with_trigger.py took 0.124 seconds
[2022-11-26 01:39:11,012] {processor.py:162} INFO - Started process (PID=427) to work on /home/airflow/.local/lib/python3.6/site-packages/airflow/example_dags/example_latest_only_with_trigger.py
[2022-11-26 01:39:11,015] {processor.py:613} INFO - Processing file /home/airflow/.local/lib/python3.6/site-packages/airflow/example_dags/example_latest_only_with_trigger.py for tasks to queue
[2022-11-26 01:39:11,016] {logging_mixin.py:109} INFO - [2022-11-26 01:39:11,016] {dagbag.py:496} INFO - Filling up the DagBag from /home/airflow/.local/lib/python3.6/site-packages/airflow/example_dags/example_latest_only_with_trigger.py
[2022-11-26 01:39:11,044] {processor.py:623} INFO - DAG(s) dict_keys(['latest_only_with_trigger']) retrieved from /home/airflow/.local/lib/python3.6/site-packages/airflow/example_dags/example_latest_only_with_trigger.py
[2022-11-26 01:39:11,088] {logging_mixin.py:109} INFO - [2022-11-26 01:39:11,088] {dag.py:1833} INFO - Sync 1 DAGs
[2022-11-26 01:39:11,127] {logging_mixin.py:109} INFO - [2022-11-26 01:39:11,126] {dag.py:2306} INFO - Setting next_dagrun for latest_only_with_trigger to 2022-11-24 00:00:00+00:00
[2022-11-26 01:39:11,149] {processor.py:170} INFO - Processing /home/airflow/.local/lib/python3.6/site-packages/airflow/example_dags/example_latest_only_with_trigger.py took 0.143 seconds
[2022-11-26 01:39:41,282] {processor.py:162} INFO - Started process (PID=525) to work on /home/airflow/.local/lib/python3.6/site-packages/airflow/example_dags/example_latest_only_with_trigger.py
[2022-11-26 01:39:41,284] {processor.py:613} INFO - Processing file /home/airflow/.local/lib/python3.6/site-packages/airflow/example_dags/example_latest_only_with_trigger.py for tasks to queue
[2022-11-26 01:39:41,286] {logging_mixin.py:109} INFO - [2022-11-26 01:39:41,285] {dagbag.py:496} INFO - Filling up the DagBag from /home/airflow/.local/lib/python3.6/site-packages/airflow/example_dags/example_latest_only_with_trigger.py
[2022-11-26 01:39:41,314] {processor.py:623} INFO - DAG(s) dict_keys(['latest_only_with_trigger']) retrieved from /home/airflow/.local/lib/python3.6/site-packages/airflow/example_dags/example_latest_only_with_trigger.py
[2022-11-26 01:39:41,357] {logging_mixin.py:109} INFO - [2022-11-26 01:39:41,356] {dag.py:1833} INFO - Sync 1 DAGs
[2022-11-26 01:39:41,392] {logging_mixin.py:109} INFO - [2022-11-26 01:39:41,391] {dag.py:2306} INFO - Setting next_dagrun for latest_only_with_trigger to 2022-11-24 00:00:00+00:00
[2022-11-26 01:39:41,414] {processor.py:170} INFO - Processing /home/airflow/.local/lib/python3.6/site-packages/airflow/example_dags/example_latest_only_with_trigger.py took 0.137 seconds
[2022-11-26 01:40:11,932] {processor.py:162} INFO - Started process (PID=620) to work on /home/airflow/.local/lib/python3.6/site-packages/airflow/example_dags/example_latest_only_with_trigger.py
[2022-11-26 01:40:11,936] {processor.py:613} INFO - Processing file /home/airflow/.local/lib/python3.6/site-packages/airflow/example_dags/example_latest_only_with_trigger.py for tasks to queue
[2022-11-26 01:40:11,937] {logging_mixin.py:109} INFO - [2022-11-26 01:40:11,937] {dagbag.py:496} INFO - Filling up the DagBag from /home/airflow/.local/lib/python3.6/site-packages/airflow/example_dags/example_latest_only_with_trigger.py
[2022-11-26 01:40:11,965] {processor.py:623} INFO - DAG(s) dict_keys(['latest_only_with_trigger']) retrieved from /home/airflow/.local/lib/python3.6/site-packages/airflow/example_dags/example_latest_only_with_trigger.py
[2022-11-26 01:40:12,013] {logging_mixin.py:109} INFO - [2022-11-26 01:40:12,013] {dag.py:1833} INFO - Sync 1 DAGs
[2022-11-26 01:40:12,053] {logging_mixin.py:109} INFO - [2022-11-26 01:40:12,053] {dag.py:2306} INFO - Setting next_dagrun for latest_only_with_trigger to 2022-11-24 00:00:00+00:00
[2022-11-26 01:40:12,079] {processor.py:170} INFO - Processing /home/airflow/.local/lib/python3.6/site-packages/airflow/example_dags/example_latest_only_with_trigger.py took 0.152 seconds
[2022-11-26 01:40:42,128] {processor.py:162} INFO - Started process (PID=704) to work on /home/airflow/.local/lib/python3.6/site-packages/airflow/example_dags/example_latest_only_with_trigger.py
[2022-11-26 01:40:42,130] {processor.py:613} INFO - Processing file /home/airflow/.local/lib/python3.6/site-packages/airflow/example_dags/example_latest_only_with_trigger.py for tasks to queue
[2022-11-26 01:40:42,132] {logging_mixin.py:109} INFO - [2022-11-26 01:40:42,132] {dagbag.py:496} INFO - Filling up the DagBag from /home/airflow/.local/lib/python3.6/site-packages/airflow/example_dags/example_latest_only_with_trigger.py
[2022-11-26 01:40:42,159] {processor.py:623} INFO - DAG(s) dict_keys(['latest_only_with_trigger']) retrieved from /home/airflow/.local/lib/python3.6/site-packages/airflow/example_dags/example_latest_only_with_trigger.py
[2022-11-26 01:40:42,199] {logging_mixin.py:109} INFO - [2022-11-26 01:40:42,198] {dag.py:1833} INFO - Sync 1 DAGs
[2022-11-26 01:40:42,231] {logging_mixin.py:109} INFO - [2022-11-26 01:40:42,230] {dag.py:2306} INFO - Setting next_dagrun for latest_only_with_trigger to 2022-11-24 00:00:00+00:00
[2022-11-26 01:40:42,248] {processor.py:170} INFO - Processing /home/airflow/.local/lib/python3.6/site-packages/airflow/example_dags/example_latest_only_with_trigger.py took 0.125 seconds
[2022-11-26 01:41:12,902] {processor.py:162} INFO - Started process (PID=805) to work on /home/airflow/.local/lib/python3.6/site-packages/airflow/example_dags/example_latest_only_with_trigger.py
[2022-11-26 01:41:12,905] {processor.py:613} INFO - Processing file /home/airflow/.local/lib/python3.6/site-packages/airflow/example_dags/example_latest_only_with_trigger.py for tasks to queue
[2022-11-26 01:41:12,907] {logging_mixin.py:109} INFO - [2022-11-26 01:41:12,907] {dagbag.py:496} INFO - Filling up the DagBag from /home/airflow/.local/lib/python3.6/site-packages/airflow/example_dags/example_latest_only_with_trigger.py
[2022-11-26 01:41:12,939] {processor.py:623} INFO - DAG(s) dict_keys(['latest_only_with_trigger']) retrieved from /home/airflow/.local/lib/python3.6/site-packages/airflow/example_dags/example_latest_only_with_trigger.py
[2022-11-26 01:41:12,978] {logging_mixin.py:109} INFO - [2022-11-26 01:41:12,978] {dag.py:1833} INFO - Sync 1 DAGs
[2022-11-26 01:41:13,010] {logging_mixin.py:109} INFO - [2022-11-26 01:41:13,010] {dag.py:2306} INFO - Setting next_dagrun for latest_only_with_trigger to 2022-11-24 00:00:00+00:00
[2022-11-26 01:41:13,027] {processor.py:170} INFO - Processing /home/airflow/.local/lib/python3.6/site-packages/airflow/example_dags/example_latest_only_with_trigger.py took 0.133 seconds
[2022-11-26 01:41:43,402] {processor.py:162} INFO - Started process (PID=905) to work on /home/airflow/.local/lib/python3.6/site-packages/airflow/example_dags/example_latest_only_with_trigger.py
[2022-11-26 01:41:43,404] {processor.py:613} INFO - Processing file /home/airflow/.local/lib/python3.6/site-packages/airflow/example_dags/example_latest_only_with_trigger.py for tasks to queue
[2022-11-26 01:41:43,405] {logging_mixin.py:109} INFO - [2022-11-26 01:41:43,405] {dagbag.py:496} INFO - Filling up the DagBag from /home/airflow/.local/lib/python3.6/site-packages/airflow/example_dags/example_latest_only_with_trigger.py
[2022-11-26 01:41:43,432] {processor.py:623} INFO - DAG(s) dict_keys(['latest_only_with_trigger']) retrieved from /home/airflow/.local/lib/python3.6/site-packages/airflow/example_dags/example_latest_only_with_trigger.py
[2022-11-26 01:41:43,472] {logging_mixin.py:109} INFO - [2022-11-26 01:41:43,472] {dag.py:1833} INFO - Sync 1 DAGs
[2022-11-26 01:41:43,504] {logging_mixin.py:109} INFO - [2022-11-26 01:41:43,503] {dag.py:2306} INFO - Setting next_dagrun for latest_only_with_trigger to 2022-11-24 00:00:00+00:00
[2022-11-26 01:41:43,521] {processor.py:170} INFO - Processing /home/airflow/.local/lib/python3.6/site-packages/airflow/example_dags/example_latest_only_with_trigger.py took 0.125 seconds
[2022-11-26 01:42:14,145] {processor.py:162} INFO - Started process (PID=1005) to work on /home/airflow/.local/lib/python3.6/site-packages/airflow/example_dags/example_latest_only_with_trigger.py
[2022-11-26 01:42:14,147] {processor.py:613} INFO - Processing file /home/airflow/.local/lib/python3.6/site-packages/airflow/example_dags/example_latest_only_with_trigger.py for tasks to queue
[2022-11-26 01:42:14,149] {logging_mixin.py:109} INFO - [2022-11-26 01:42:14,149] {dagbag.py:496} INFO - Filling up the DagBag from /home/airflow/.local/lib/python3.6/site-packages/airflow/example_dags/example_latest_only_with_trigger.py
[2022-11-26 01:42:14,176] {processor.py:623} INFO - DAG(s) dict_keys(['latest_only_with_trigger']) retrieved from /home/airflow/.local/lib/python3.6/site-packages/airflow/example_dags/example_latest_only_with_trigger.py
[2022-11-26 01:42:14,218] {logging_mixin.py:109} INFO - [2022-11-26 01:42:14,217] {dag.py:1833} INFO - Sync 1 DAGs
[2022-11-26 01:42:14,251] {logging_mixin.py:109} INFO - [2022-11-26 01:42:14,251] {dag.py:2306} INFO - Setting next_dagrun for latest_only_with_trigger to 2022-11-24 00:00:00+00:00
[2022-11-26 01:42:14,270] {processor.py:170} INFO - Processing /home/airflow/.local/lib/python3.6/site-packages/airflow/example_dags/example_latest_only_with_trigger.py took 0.130 seconds
[2022-11-26 01:42:44,628] {processor.py:162} INFO - Started process (PID=1105) to work on /home/airflow/.local/lib/python3.6/site-packages/airflow/example_dags/example_latest_only_with_trigger.py
[2022-11-26 01:42:44,630] {processor.py:613} INFO - Processing file /home/airflow/.local/lib/python3.6/site-packages/airflow/example_dags/example_latest_only_with_trigger.py for tasks to queue
[2022-11-26 01:42:44,632] {logging_mixin.py:109} INFO - [2022-11-26 01:42:44,631] {dagbag.py:496} INFO - Filling up the DagBag from /home/airflow/.local/lib/python3.6/site-packages/airflow/example_dags/example_latest_only_with_trigger.py
[2022-11-26 01:42:44,659] {processor.py:623} INFO - DAG(s) dict_keys(['latest_only_with_trigger']) retrieved from /home/airflow/.local/lib/python3.6/site-packages/airflow/example_dags/example_latest_only_with_trigger.py
[2022-11-26 01:42:44,699] {logging_mixin.py:109} INFO - [2022-11-26 01:42:44,699] {dag.py:1833} INFO - Sync 1 DAGs
[2022-11-26 01:42:44,731] {logging_mixin.py:109} INFO - [2022-11-26 01:42:44,730] {dag.py:2306} INFO - Setting next_dagrun for latest_only_with_trigger to 2022-11-24 00:00:00+00:00
[2022-11-26 01:42:44,747] {processor.py:170} INFO - Processing /home/airflow/.local/lib/python3.6/site-packages/airflow/example_dags/example_latest_only_with_trigger.py took 0.124 seconds
[2022-11-26 01:43:15,240] {processor.py:162} INFO - Started process (PID=1203) to work on /home/airflow/.local/lib/python3.6/site-packages/airflow/example_dags/example_latest_only_with_trigger.py
[2022-11-26 01:43:15,243] {processor.py:613} INFO - Processing file /home/airflow/.local/lib/python3.6/site-packages/airflow/example_dags/example_latest_only_with_trigger.py for tasks to queue
[2022-11-26 01:43:15,245] {logging_mixin.py:109} INFO - [2022-11-26 01:43:15,244] {dagbag.py:496} INFO - Filling up the DagBag from /home/airflow/.local/lib/python3.6/site-packages/airflow/example_dags/example_latest_only_with_trigger.py
[2022-11-26 01:43:15,273] {processor.py:623} INFO - DAG(s) dict_keys(['latest_only_with_trigger']) retrieved from /home/airflow/.local/lib/python3.6/site-packages/airflow/example_dags/example_latest_only_with_trigger.py
[2022-11-26 01:43:15,341] {logging_mixin.py:109} INFO - [2022-11-26 01:43:15,340] {dag.py:1833} INFO - Sync 1 DAGs
[2022-11-26 01:43:15,382] {logging_mixin.py:109} INFO - [2022-11-26 01:43:15,381] {dag.py:2306} INFO - Setting next_dagrun for latest_only_with_trigger to 2022-11-24 00:00:00+00:00
[2022-11-26 01:43:15,400] {processor.py:170} INFO - Processing /home/airflow/.local/lib/python3.6/site-packages/airflow/example_dags/example_latest_only_with_trigger.py took 0.165 seconds
[2022-11-26 01:43:45,768] {processor.py:162} INFO - Started process (PID=1287) to work on /home/airflow/.local/lib/python3.6/site-packages/airflow/example_dags/example_latest_only_with_trigger.py
[2022-11-26 01:43:45,771] {processor.py:613} INFO - Processing file /home/airflow/.local/lib/python3.6/site-packages/airflow/example_dags/example_latest_only_with_trigger.py for tasks to queue
[2022-11-26 01:43:45,773] {logging_mixin.py:109} INFO - [2022-11-26 01:43:45,773] {dagbag.py:496} INFO - Filling up the DagBag from /home/airflow/.local/lib/python3.6/site-packages/airflow/example_dags/example_latest_only_with_trigger.py
[2022-11-26 01:43:45,805] {processor.py:623} INFO - DAG(s) dict_keys(['latest_only_with_trigger']) retrieved from /home/airflow/.local/lib/python3.6/site-packages/airflow/example_dags/example_latest_only_with_trigger.py
[2022-11-26 01:43:45,844] {logging_mixin.py:109} INFO - [2022-11-26 01:43:45,844] {dag.py:1833} INFO - Sync 1 DAGs
[2022-11-26 01:43:45,876] {logging_mixin.py:109} INFO - [2022-11-26 01:43:45,875] {dag.py:2306} INFO - Setting next_dagrun for latest_only_with_trigger to 2022-11-24 00:00:00+00:00
[2022-11-26 01:43:45,893] {processor.py:170} INFO - Processing /home/airflow/.local/lib/python3.6/site-packages/airflow/example_dags/example_latest_only_with_trigger.py took 0.131 seconds
[2022-11-26 01:44:16,342] {processor.py:162} INFO - Started process (PID=1387) to work on /home/airflow/.local/lib/python3.6/site-packages/airflow/example_dags/example_latest_only_with_trigger.py
[2022-11-26 01:44:16,345] {processor.py:613} INFO - Processing file /home/airflow/.local/lib/python3.6/site-packages/airflow/example_dags/example_latest_only_with_trigger.py for tasks to queue
[2022-11-26 01:44:16,346] {logging_mixin.py:109} INFO - [2022-11-26 01:44:16,346] {dagbag.py:496} INFO - Filling up the DagBag from /home/airflow/.local/lib/python3.6/site-packages/airflow/example_dags/example_latest_only_with_trigger.py
[2022-11-26 01:44:16,373] {processor.py:623} INFO - DAG(s) dict_keys(['latest_only_with_trigger']) retrieved from /home/airflow/.local/lib/python3.6/site-packages/airflow/example_dags/example_latest_only_with_trigger.py
[2022-11-26 01:44:16,419] {logging_mixin.py:109} INFO - [2022-11-26 01:44:16,419] {dag.py:1833} INFO - Sync 1 DAGs
[2022-11-26 01:44:16,452] {logging_mixin.py:109} INFO - [2022-11-26 01:44:16,451] {dag.py:2306} INFO - Setting next_dagrun for latest_only_with_trigger to 2022-11-24 00:00:00+00:00
[2022-11-26 01:44:16,469] {processor.py:170} INFO - Processing /home/airflow/.local/lib/python3.6/site-packages/airflow/example_dags/example_latest_only_with_trigger.py took 0.131 seconds
[2022-11-26 01:44:47,020] {processor.py:162} INFO - Started process (PID=1487) to work on /home/airflow/.local/lib/python3.6/site-packages/airflow/example_dags/example_latest_only_with_trigger.py
[2022-11-26 01:44:47,022] {processor.py:613} INFO - Processing file /home/airflow/.local/lib/python3.6/site-packages/airflow/example_dags/example_latest_only_with_trigger.py for tasks to queue
[2022-11-26 01:44:47,024] {logging_mixin.py:109} INFO - [2022-11-26 01:44:47,024] {dagbag.py:496} INFO - Filling up the DagBag from /home/airflow/.local/lib/python3.6/site-packages/airflow/example_dags/example_latest_only_with_trigger.py
[2022-11-26 01:44:47,050] {processor.py:623} INFO - DAG(s) dict_keys(['latest_only_with_trigger']) retrieved from /home/airflow/.local/lib/python3.6/site-packages/airflow/example_dags/example_latest_only_with_trigger.py
[2022-11-26 01:44:47,090] {logging_mixin.py:109} INFO - [2022-11-26 01:44:47,090] {dag.py:1833} INFO - Sync 1 DAGs
[2022-11-26 01:44:47,122] {logging_mixin.py:109} INFO - [2022-11-26 01:44:47,122] {dag.py:2306} INFO - Setting next_dagrun for latest_only_with_trigger to 2022-11-24 00:00:00+00:00
[2022-11-26 01:44:47,139] {processor.py:170} INFO - Processing /home/airflow/.local/lib/python3.6/site-packages/airflow/example_dags/example_latest_only_with_trigger.py took 0.124 seconds
[2022-11-26 01:45:17,611] {processor.py:162} INFO - Started process (PID=1589) to work on /home/airflow/.local/lib/python3.6/site-packages/airflow/example_dags/example_latest_only_with_trigger.py
[2022-11-26 01:45:17,614] {processor.py:613} INFO - Processing file /home/airflow/.local/lib/python3.6/site-packages/airflow/example_dags/example_latest_only_with_trigger.py for tasks to queue
[2022-11-26 01:45:17,615] {logging_mixin.py:109} INFO - [2022-11-26 01:45:17,615] {dagbag.py:496} INFO - Filling up the DagBag from /home/airflow/.local/lib/python3.6/site-packages/airflow/example_dags/example_latest_only_with_trigger.py
[2022-11-26 01:45:17,643] {processor.py:623} INFO - DAG(s) dict_keys(['latest_only_with_trigger']) retrieved from /home/airflow/.local/lib/python3.6/site-packages/airflow/example_dags/example_latest_only_with_trigger.py
[2022-11-26 01:45:17,682] {logging_mixin.py:109} INFO - [2022-11-26 01:45:17,681] {dag.py:1833} INFO - Sync 1 DAGs
[2022-11-26 01:45:17,713] {logging_mixin.py:109} INFO - [2022-11-26 01:45:17,712] {dag.py:2306} INFO - Setting next_dagrun for latest_only_with_trigger to 2022-11-24 00:00:00+00:00
[2022-11-26 01:45:17,729] {processor.py:170} INFO - Processing /home/airflow/.local/lib/python3.6/site-packages/airflow/example_dags/example_latest_only_with_trigger.py took 0.122 seconds
[2022-11-26 01:45:47,960] {processor.py:162} INFO - Started process (PID=1688) to work on /home/airflow/.local/lib/python3.6/site-packages/airflow/example_dags/example_latest_only_with_trigger.py
[2022-11-26 01:45:47,962] {processor.py:613} INFO - Processing file /home/airflow/.local/lib/python3.6/site-packages/airflow/example_dags/example_latest_only_with_trigger.py for tasks to queue
[2022-11-26 01:45:47,964] {logging_mixin.py:109} INFO - [2022-11-26 01:45:47,964] {dagbag.py:496} INFO - Filling up the DagBag from /home/airflow/.local/lib/python3.6/site-packages/airflow/example_dags/example_latest_only_with_trigger.py
[2022-11-26 01:45:47,993] {processor.py:623} INFO - DAG(s) dict_keys(['latest_only_with_trigger']) retrieved from /home/airflow/.local/lib/python3.6/site-packages/airflow/example_dags/example_latest_only_with_trigger.py
[2022-11-26 01:45:48,034] {logging_mixin.py:109} INFO - [2022-11-26 01:45:48,033] {dag.py:1833} INFO - Sync 1 DAGs
[2022-11-26 01:45:48,068] {logging_mixin.py:109} INFO - [2022-11-26 01:45:48,068] {dag.py:2306} INFO - Setting next_dagrun for latest_only_with_trigger to 2022-11-24 00:00:00+00:00
[2022-11-26 01:45:48,086] {processor.py:170} INFO - Processing /home/airflow/.local/lib/python3.6/site-packages/airflow/example_dags/example_latest_only_with_trigger.py took 0.132 seconds
[2022-11-26 01:46:18,171] {processor.py:162} INFO - Started process (PID=1775) to work on /home/airflow/.local/lib/python3.6/site-packages/airflow/example_dags/example_latest_only_with_trigger.py
[2022-11-26 01:46:18,174] {processor.py:613} INFO - Processing file /home/airflow/.local/lib/python3.6/site-packages/airflow/example_dags/example_latest_only_with_trigger.py for tasks to queue
[2022-11-26 01:46:18,176] {logging_mixin.py:109} INFO - [2022-11-26 01:46:18,175] {dagbag.py:496} INFO - Filling up the DagBag from /home/airflow/.local/lib/python3.6/site-packages/airflow/example_dags/example_latest_only_with_trigger.py
[2022-11-26 01:46:18,202] {processor.py:623} INFO - DAG(s) dict_keys(['latest_only_with_trigger']) retrieved from /home/airflow/.local/lib/python3.6/site-packages/airflow/example_dags/example_latest_only_with_trigger.py
[2022-11-26 01:46:18,242] {logging_mixin.py:109} INFO - [2022-11-26 01:46:18,242] {dag.py:1833} INFO - Sync 1 DAGs
[2022-11-26 01:46:18,277] {logging_mixin.py:109} INFO - [2022-11-26 01:46:18,277] {dag.py:2306} INFO - Setting next_dagrun for latest_only_with_trigger to 2022-11-24 00:00:00+00:00
[2022-11-26 01:46:18,302] {processor.py:170} INFO - Processing /home/airflow/.local/lib/python3.6/site-packages/airflow/example_dags/example_latest_only_with_trigger.py took 0.136 seconds
[2022-11-26 01:46:48,391] {processor.py:162} INFO - Started process (PID=1865) to work on /home/airflow/.local/lib/python3.6/site-packages/airflow/example_dags/example_latest_only_with_trigger.py
[2022-11-26 01:46:48,395] {processor.py:613} INFO - Processing file /home/airflow/.local/lib/python3.6/site-packages/airflow/example_dags/example_latest_only_with_trigger.py for tasks to queue
[2022-11-26 01:46:48,400] {logging_mixin.py:109} INFO - [2022-11-26 01:46:48,399] {dagbag.py:496} INFO - Filling up the DagBag from /home/airflow/.local/lib/python3.6/site-packages/airflow/example_dags/example_latest_only_with_trigger.py
[2022-11-26 01:46:48,444] {processor.py:623} INFO - DAG(s) dict_keys(['latest_only_with_trigger']) retrieved from /home/airflow/.local/lib/python3.6/site-packages/airflow/example_dags/example_latest_only_with_trigger.py
[2022-11-26 01:46:48,485] {logging_mixin.py:109} INFO - [2022-11-26 01:46:48,485] {dag.py:1833} INFO - Sync 1 DAGs
[2022-11-26 01:46:48,519] {logging_mixin.py:109} INFO - [2022-11-26 01:46:48,518] {dag.py:2306} INFO - Setting next_dagrun for latest_only_with_trigger to 2022-11-24 00:00:00+00:00
[2022-11-26 01:46:48,542] {processor.py:170} INFO - Processing /home/airflow/.local/lib/python3.6/site-packages/airflow/example_dags/example_latest_only_with_trigger.py took 0.160 seconds
[2022-11-26 01:47:19,028] {processor.py:162} INFO - Started process (PID=1965) to work on /home/airflow/.local/lib/python3.6/site-packages/airflow/example_dags/example_latest_only_with_trigger.py
[2022-11-26 01:47:19,031] {processor.py:613} INFO - Processing file /home/airflow/.local/lib/python3.6/site-packages/airflow/example_dags/example_latest_only_with_trigger.py for tasks to queue
[2022-11-26 01:47:19,032] {logging_mixin.py:109} INFO - [2022-11-26 01:47:19,032] {dagbag.py:496} INFO - Filling up the DagBag from /home/airflow/.local/lib/python3.6/site-packages/airflow/example_dags/example_latest_only_with_trigger.py
[2022-11-26 01:47:19,061] {processor.py:623} INFO - DAG(s) dict_keys(['latest_only_with_trigger']) retrieved from /home/airflow/.local/lib/python3.6/site-packages/airflow/example_dags/example_latest_only_with_trigger.py
[2022-11-26 01:47:19,106] {logging_mixin.py:109} INFO - [2022-11-26 01:47:19,106] {dag.py:1833} INFO - Sync 1 DAGs
[2022-11-26 01:47:19,143] {logging_mixin.py:109} INFO - [2022-11-26 01:47:19,142] {dag.py:2306} INFO - Setting next_dagrun for latest_only_with_trigger to 2022-11-24 00:00:00+00:00
[2022-11-26 01:47:19,162] {processor.py:170} INFO - Processing /home/airflow/.local/lib/python3.6/site-packages/airflow/example_dags/example_latest_only_with_trigger.py took 0.138 seconds
[2022-11-26 01:47:49,296] {processor.py:162} INFO - Started process (PID=2064) to work on /home/airflow/.local/lib/python3.6/site-packages/airflow/example_dags/example_latest_only_with_trigger.py
[2022-11-26 01:47:49,299] {processor.py:613} INFO - Processing file /home/airflow/.local/lib/python3.6/site-packages/airflow/example_dags/example_latest_only_with_trigger.py for tasks to queue
[2022-11-26 01:47:49,301] {logging_mixin.py:109} INFO - [2022-11-26 01:47:49,301] {dagbag.py:496} INFO - Filling up the DagBag from /home/airflow/.local/lib/python3.6/site-packages/airflow/example_dags/example_latest_only_with_trigger.py
[2022-11-26 01:47:49,332] {processor.py:623} INFO - DAG(s) dict_keys(['latest_only_with_trigger']) retrieved from /home/airflow/.local/lib/python3.6/site-packages/airflow/example_dags/example_latest_only_with_trigger.py
[2022-11-26 01:47:49,370] {logging_mixin.py:109} INFO - [2022-11-26 01:47:49,370] {dag.py:1833} INFO - Sync 1 DAGs
[2022-11-26 01:47:49,402] {logging_mixin.py:109} INFO - [2022-11-26 01:47:49,401] {dag.py:2306} INFO - Setting next_dagrun for latest_only_with_trigger to 2022-11-24 00:00:00+00:00
[2022-11-26 01:47:49,418] {processor.py:170} INFO - Processing /home/airflow/.local/lib/python3.6/site-packages/airflow/example_dags/example_latest_only_with_trigger.py took 0.130 seconds
[2022-11-26 01:48:20,111] {processor.py:162} INFO - Started process (PID=2164) to work on /home/airflow/.local/lib/python3.6/site-packages/airflow/example_dags/example_latest_only_with_trigger.py
[2022-11-26 01:48:20,114] {processor.py:613} INFO - Processing file /home/airflow/.local/lib/python3.6/site-packages/airflow/example_dags/example_latest_only_with_trigger.py for tasks to queue
[2022-11-26 01:48:20,116] {logging_mixin.py:109} INFO - [2022-11-26 01:48:20,116] {dagbag.py:496} INFO - Filling up the DagBag from /home/airflow/.local/lib/python3.6/site-packages/airflow/example_dags/example_latest_only_with_trigger.py
[2022-11-26 01:48:20,153] {processor.py:623} INFO - DAG(s) dict_keys(['latest_only_with_trigger']) retrieved from /home/airflow/.local/lib/python3.6/site-packages/airflow/example_dags/example_latest_only_with_trigger.py
[2022-11-26 01:48:20,197] {logging_mixin.py:109} INFO - [2022-11-26 01:48:20,197] {dag.py:1833} INFO - Sync 1 DAGs
[2022-11-26 01:48:20,243] {logging_mixin.py:109} INFO - [2022-11-26 01:48:20,242] {dag.py:2306} INFO - Setting next_dagrun for latest_only_with_trigger to 2022-11-24 00:00:00+00:00
[2022-11-26 01:48:20,267] {processor.py:170} INFO - Processing /home/airflow/.local/lib/python3.6/site-packages/airflow/example_dags/example_latest_only_with_trigger.py took 0.161 seconds
[2022-11-26 01:48:50,518] {processor.py:162} INFO - Started process (PID=2261) to work on /home/airflow/.local/lib/python3.6/site-packages/airflow/example_dags/example_latest_only_with_trigger.py
[2022-11-26 01:48:50,520] {processor.py:613} INFO - Processing file /home/airflow/.local/lib/python3.6/site-packages/airflow/example_dags/example_latest_only_with_trigger.py for tasks to queue
[2022-11-26 01:48:50,522] {logging_mixin.py:109} INFO - [2022-11-26 01:48:50,522] {dagbag.py:496} INFO - Filling up the DagBag from /home/airflow/.local/lib/python3.6/site-packages/airflow/example_dags/example_latest_only_with_trigger.py
[2022-11-26 01:48:50,549] {processor.py:623} INFO - DAG(s) dict_keys(['latest_only_with_trigger']) retrieved from /home/airflow/.local/lib/python3.6/site-packages/airflow/example_dags/example_latest_only_with_trigger.py
[2022-11-26 01:48:50,590] {logging_mixin.py:109} INFO - [2022-11-26 01:48:50,590] {dag.py:1833} INFO - Sync 1 DAGs
[2022-11-26 01:48:50,622] {logging_mixin.py:109} INFO - [2022-11-26 01:48:50,622] {dag.py:2306} INFO - Setting next_dagrun for latest_only_with_trigger to 2022-11-24 00:00:00+00:00
[2022-11-26 01:48:50,642] {processor.py:170} INFO - Processing /home/airflow/.local/lib/python3.6/site-packages/airflow/example_dags/example_latest_only_with_trigger.py took 0.129 seconds
[2022-11-26 01:49:20,872] {processor.py:162} INFO - Started process (PID=2345) to work on /home/airflow/.local/lib/python3.6/site-packages/airflow/example_dags/example_latest_only_with_trigger.py
[2022-11-26 01:49:20,876] {processor.py:613} INFO - Processing file /home/airflow/.local/lib/python3.6/site-packages/airflow/example_dags/example_latest_only_with_trigger.py for tasks to queue
[2022-11-26 01:49:20,878] {logging_mixin.py:109} INFO - [2022-11-26 01:49:20,878] {dagbag.py:496} INFO - Filling up the DagBag from /home/airflow/.local/lib/python3.6/site-packages/airflow/example_dags/example_latest_only_with_trigger.py
[2022-11-26 01:49:20,909] {processor.py:623} INFO - DAG(s) dict_keys(['latest_only_with_trigger']) retrieved from /home/airflow/.local/lib/python3.6/site-packages/airflow/example_dags/example_latest_only_with_trigger.py
[2022-11-26 01:49:20,948] {logging_mixin.py:109} INFO - [2022-11-26 01:49:20,948] {dag.py:1833} INFO - Sync 1 DAGs
[2022-11-26 01:49:20,979] {logging_mixin.py:109} INFO - [2022-11-26 01:49:20,979] {dag.py:2306} INFO - Setting next_dagrun for latest_only_with_trigger to 2022-11-24 00:00:00+00:00
[2022-11-26 01:49:20,996] {processor.py:170} INFO - Processing /home/airflow/.local/lib/python3.6/site-packages/airflow/example_dags/example_latest_only_with_trigger.py took 0.132 seconds
[2022-11-26 01:49:51,207] {processor.py:162} INFO - Started process (PID=2445) to work on /home/airflow/.local/lib/python3.6/site-packages/airflow/example_dags/example_latest_only_with_trigger.py
[2022-11-26 01:49:51,210] {processor.py:613} INFO - Processing file /home/airflow/.local/lib/python3.6/site-packages/airflow/example_dags/example_latest_only_with_trigger.py for tasks to queue
[2022-11-26 01:49:51,212] {logging_mixin.py:109} INFO - [2022-11-26 01:49:51,212] {dagbag.py:496} INFO - Filling up the DagBag from /home/airflow/.local/lib/python3.6/site-packages/airflow/example_dags/example_latest_only_with_trigger.py
[2022-11-26 01:49:51,239] {processor.py:623} INFO - DAG(s) dict_keys(['latest_only_with_trigger']) retrieved from /home/airflow/.local/lib/python3.6/site-packages/airflow/example_dags/example_latest_only_with_trigger.py
[2022-11-26 01:49:51,281] {logging_mixin.py:109} INFO - [2022-11-26 01:49:51,280] {dag.py:1833} INFO - Sync 1 DAGs
[2022-11-26 01:49:51,314] {logging_mixin.py:109} INFO - [2022-11-26 01:49:51,313] {dag.py:2306} INFO - Setting next_dagrun for latest_only_with_trigger to 2022-11-24 00:00:00+00:00
[2022-11-26 01:49:51,333] {processor.py:170} INFO - Processing /home/airflow/.local/lib/python3.6/site-packages/airflow/example_dags/example_latest_only_with_trigger.py took 0.130 seconds
[2022-11-26 01:50:21,435] {processor.py:162} INFO - Started process (PID=2545) to work on /home/airflow/.local/lib/python3.6/site-packages/airflow/example_dags/example_latest_only_with_trigger.py
[2022-11-26 01:50:21,439] {processor.py:613} INFO - Processing file /home/airflow/.local/lib/python3.6/site-packages/airflow/example_dags/example_latest_only_with_trigger.py for tasks to queue
[2022-11-26 01:50:21,441] {logging_mixin.py:109} INFO - [2022-11-26 01:50:21,440] {dagbag.py:496} INFO - Filling up the DagBag from /home/airflow/.local/lib/python3.6/site-packages/airflow/example_dags/example_latest_only_with_trigger.py
[2022-11-26 01:50:21,472] {processor.py:623} INFO - DAG(s) dict_keys(['latest_only_with_trigger']) retrieved from /home/airflow/.local/lib/python3.6/site-packages/airflow/example_dags/example_latest_only_with_trigger.py
[2022-11-26 01:50:21,510] {logging_mixin.py:109} INFO - [2022-11-26 01:50:21,510] {dag.py:1833} INFO - Sync 1 DAGs
[2022-11-26 01:50:21,542] {logging_mixin.py:109} INFO - [2022-11-26 01:50:21,541] {dag.py:2306} INFO - Setting next_dagrun for latest_only_with_trigger to 2022-11-24 00:00:00+00:00
[2022-11-26 01:50:21,558] {processor.py:170} INFO - Processing /home/airflow/.local/lib/python3.6/site-packages/airflow/example_dags/example_latest_only_with_trigger.py took 0.131 seconds
[2022-11-26 01:50:51,631] {processor.py:162} INFO - Started process (PID=2644) to work on /home/airflow/.local/lib/python3.6/site-packages/airflow/example_dags/example_latest_only_with_trigger.py
[2022-11-26 01:50:51,635] {processor.py:613} INFO - Processing file /home/airflow/.local/lib/python3.6/site-packages/airflow/example_dags/example_latest_only_with_trigger.py for tasks to queue
[2022-11-26 01:50:51,637] {logging_mixin.py:109} INFO - [2022-11-26 01:50:51,637] {dagbag.py:496} INFO - Filling up the DagBag from /home/airflow/.local/lib/python3.6/site-packages/airflow/example_dags/example_latest_only_with_trigger.py
[2022-11-26 01:50:51,666] {processor.py:623} INFO - DAG(s) dict_keys(['latest_only_with_trigger']) retrieved from /home/airflow/.local/lib/python3.6/site-packages/airflow/example_dags/example_latest_only_with_trigger.py
[2022-11-26 01:50:51,715] {logging_mixin.py:109} INFO - [2022-11-26 01:50:51,715] {dag.py:1833} INFO - Sync 1 DAGs
[2022-11-26 01:50:51,754] {logging_mixin.py:109} INFO - [2022-11-26 01:50:51,753] {dag.py:2306} INFO - Setting next_dagrun for latest_only_with_trigger to 2022-11-24 00:00:00+00:00
[2022-11-26 01:50:51,789] {processor.py:170} INFO - Processing /home/airflow/.local/lib/python3.6/site-packages/airflow/example_dags/example_latest_only_with_trigger.py took 0.166 seconds
[2022-11-26 01:51:21,833] {processor.py:162} INFO - Started process (PID=2742) to work on /home/airflow/.local/lib/python3.6/site-packages/airflow/example_dags/example_latest_only_with_trigger.py
[2022-11-26 01:51:21,836] {processor.py:613} INFO - Processing file /home/airflow/.local/lib/python3.6/site-packages/airflow/example_dags/example_latest_only_with_trigger.py for tasks to queue
[2022-11-26 01:51:21,838] {logging_mixin.py:109} INFO - [2022-11-26 01:51:21,838] {dagbag.py:496} INFO - Filling up the DagBag from /home/airflow/.local/lib/python3.6/site-packages/airflow/example_dags/example_latest_only_with_trigger.py
[2022-11-26 01:51:21,864] {processor.py:623} INFO - DAG(s) dict_keys(['latest_only_with_trigger']) retrieved from /home/airflow/.local/lib/python3.6/site-packages/airflow/example_dags/example_latest_only_with_trigger.py
[2022-11-26 01:51:21,907] {logging_mixin.py:109} INFO - [2022-11-26 01:51:21,906] {dag.py:1833} INFO - Sync 1 DAGs
[2022-11-26 01:51:21,940] {logging_mixin.py:109} INFO - [2022-11-26 01:51:21,940] {dag.py:2306} INFO - Setting next_dagrun for latest_only_with_trigger to 2022-11-24 00:00:00+00:00
[2022-11-26 01:51:21,957] {processor.py:170} INFO - Processing /home/airflow/.local/lib/python3.6/site-packages/airflow/example_dags/example_latest_only_with_trigger.py took 0.128 seconds
[2022-11-26 01:51:52,859] {processor.py:162} INFO - Started process (PID=2825) to work on /home/airflow/.local/lib/python3.6/site-packages/airflow/example_dags/example_latest_only_with_trigger.py
[2022-11-26 01:51:52,862] {processor.py:613} INFO - Processing file /home/airflow/.local/lib/python3.6/site-packages/airflow/example_dags/example_latest_only_with_trigger.py for tasks to queue
[2022-11-26 01:51:52,864] {logging_mixin.py:109} INFO - [2022-11-26 01:51:52,864] {dagbag.py:496} INFO - Filling up the DagBag from /home/airflow/.local/lib/python3.6/site-packages/airflow/example_dags/example_latest_only_with_trigger.py
[2022-11-26 01:51:52,916] {processor.py:623} INFO - DAG(s) dict_keys(['latest_only_with_trigger']) retrieved from /home/airflow/.local/lib/python3.6/site-packages/airflow/example_dags/example_latest_only_with_trigger.py
[2022-11-26 01:51:52,973] {logging_mixin.py:109} INFO - [2022-11-26 01:51:52,971] {dag.py:1833} INFO - Sync 1 DAGs
[2022-11-26 01:51:53,015] {logging_mixin.py:109} INFO - [2022-11-26 01:51:53,014] {dag.py:2306} INFO - Setting next_dagrun for latest_only_with_trigger to 2022-11-24 00:00:00+00:00
[2022-11-26 01:51:53,052] {processor.py:170} INFO - Processing /home/airflow/.local/lib/python3.6/site-packages/airflow/example_dags/example_latest_only_with_trigger.py took 0.198 seconds
[2022-11-26 01:52:23,344] {processor.py:162} INFO - Started process (PID=2926) to work on /home/airflow/.local/lib/python3.6/site-packages/airflow/example_dags/example_latest_only_with_trigger.py
[2022-11-26 01:52:23,347] {processor.py:613} INFO - Processing file /home/airflow/.local/lib/python3.6/site-packages/airflow/example_dags/example_latest_only_with_trigger.py for tasks to queue
[2022-11-26 01:52:23,349] {logging_mixin.py:109} INFO - [2022-11-26 01:52:23,348] {dagbag.py:496} INFO - Filling up the DagBag from /home/airflow/.local/lib/python3.6/site-packages/airflow/example_dags/example_latest_only_with_trigger.py
[2022-11-26 01:52:23,380] {processor.py:623} INFO - DAG(s) dict_keys(['latest_only_with_trigger']) retrieved from /home/airflow/.local/lib/python3.6/site-packages/airflow/example_dags/example_latest_only_with_trigger.py
[2022-11-26 01:52:23,426] {logging_mixin.py:109} INFO - [2022-11-26 01:52:23,426] {dag.py:1833} INFO - Sync 1 DAGs
[2022-11-26 01:52:23,462] {logging_mixin.py:109} INFO - [2022-11-26 01:52:23,462] {dag.py:2306} INFO - Setting next_dagrun for latest_only_with_trigger to 2022-11-24 00:00:00+00:00
[2022-11-26 01:52:23,483] {processor.py:170} INFO - Processing /home/airflow/.local/lib/python3.6/site-packages/airflow/example_dags/example_latest_only_with_trigger.py took 0.144 seconds
[2022-11-26 01:52:53,569] {processor.py:162} INFO - Started process (PID=3026) to work on /home/airflow/.local/lib/python3.6/site-packages/airflow/example_dags/example_latest_only_with_trigger.py
[2022-11-26 01:52:53,572] {processor.py:613} INFO - Processing file /home/airflow/.local/lib/python3.6/site-packages/airflow/example_dags/example_latest_only_with_trigger.py for tasks to queue
[2022-11-26 01:52:53,573] {logging_mixin.py:109} INFO - [2022-11-26 01:52:53,573] {dagbag.py:496} INFO - Filling up the DagBag from /home/airflow/.local/lib/python3.6/site-packages/airflow/example_dags/example_latest_only_with_trigger.py
[2022-11-26 01:52:53,601] {processor.py:623} INFO - DAG(s) dict_keys(['latest_only_with_trigger']) retrieved from /home/airflow/.local/lib/python3.6/site-packages/airflow/example_dags/example_latest_only_with_trigger.py
[2022-11-26 01:52:53,640] {logging_mixin.py:109} INFO - [2022-11-26 01:52:53,640] {dag.py:1833} INFO - Sync 1 DAGs
[2022-11-26 01:52:53,672] {logging_mixin.py:109} INFO - [2022-11-26 01:52:53,671] {dag.py:2306} INFO - Setting next_dagrun for latest_only_with_trigger to 2022-11-24 00:00:00+00:00
[2022-11-26 01:52:53,690] {processor.py:170} INFO - Processing /home/airflow/.local/lib/python3.6/site-packages/airflow/example_dags/example_latest_only_with_trigger.py took 0.125 seconds
[2022-11-26 01:53:23,778] {processor.py:162} INFO - Started process (PID=3122) to work on /home/airflow/.local/lib/python3.6/site-packages/airflow/example_dags/example_latest_only_with_trigger.py
[2022-11-26 01:53:23,782] {processor.py:613} INFO - Processing file /home/airflow/.local/lib/python3.6/site-packages/airflow/example_dags/example_latest_only_with_trigger.py for tasks to queue
[2022-11-26 01:53:23,783] {logging_mixin.py:109} INFO - [2022-11-26 01:53:23,783] {dagbag.py:496} INFO - Filling up the DagBag from /home/airflow/.local/lib/python3.6/site-packages/airflow/example_dags/example_latest_only_with_trigger.py
[2022-11-26 01:53:23,816] {processor.py:623} INFO - DAG(s) dict_keys(['latest_only_with_trigger']) retrieved from /home/airflow/.local/lib/python3.6/site-packages/airflow/example_dags/example_latest_only_with_trigger.py
[2022-11-26 01:53:23,860] {logging_mixin.py:109} INFO - [2022-11-26 01:53:23,859] {dag.py:1833} INFO - Sync 1 DAGs
[2022-11-26 01:53:23,895] {logging_mixin.py:109} INFO - [2022-11-26 01:53:23,894] {dag.py:2306} INFO - Setting next_dagrun for latest_only_with_trigger to 2022-11-24 00:00:00+00:00
[2022-11-26 01:53:23,917] {processor.py:170} INFO - Processing /home/airflow/.local/lib/python3.6/site-packages/airflow/example_dags/example_latest_only_with_trigger.py took 0.144 seconds
[2022-11-26 01:53:54,297] {processor.py:162} INFO - Started process (PID=3212) to work on /home/airflow/.local/lib/python3.6/site-packages/airflow/example_dags/example_latest_only_with_trigger.py
[2022-11-26 01:53:54,299] {processor.py:613} INFO - Processing file /home/airflow/.local/lib/python3.6/site-packages/airflow/example_dags/example_latest_only_with_trigger.py for tasks to queue
[2022-11-26 01:53:54,301] {logging_mixin.py:109} INFO - [2022-11-26 01:53:54,301] {dagbag.py:496} INFO - Filling up the DagBag from /home/airflow/.local/lib/python3.6/site-packages/airflow/example_dags/example_latest_only_with_trigger.py
[2022-11-26 01:53:54,329] {processor.py:623} INFO - DAG(s) dict_keys(['latest_only_with_trigger']) retrieved from /home/airflow/.local/lib/python3.6/site-packages/airflow/example_dags/example_latest_only_with_trigger.py
[2022-11-26 01:53:54,369] {logging_mixin.py:109} INFO - [2022-11-26 01:53:54,369] {dag.py:1833} INFO - Sync 1 DAGs
[2022-11-26 01:53:54,402] {logging_mixin.py:109} INFO - [2022-11-26 01:53:54,402] {dag.py:2306} INFO - Setting next_dagrun for latest_only_with_trigger to 2022-11-24 00:00:00+00:00
[2022-11-26 01:53:54,419] {processor.py:170} INFO - Processing /home/airflow/.local/lib/python3.6/site-packages/airflow/example_dags/example_latest_only_with_trigger.py took 0.128 seconds
[2022-11-26 01:54:24,545] {processor.py:162} INFO - Started process (PID=3302) to work on /home/airflow/.local/lib/python3.6/site-packages/airflow/example_dags/example_latest_only_with_trigger.py
[2022-11-26 01:54:24,548] {processor.py:613} INFO - Processing file /home/airflow/.local/lib/python3.6/site-packages/airflow/example_dags/example_latest_only_with_trigger.py for tasks to queue
[2022-11-26 01:54:24,549] {logging_mixin.py:109} INFO - [2022-11-26 01:54:24,549] {dagbag.py:496} INFO - Filling up the DagBag from /home/airflow/.local/lib/python3.6/site-packages/airflow/example_dags/example_latest_only_with_trigger.py
[2022-11-26 01:54:24,577] {processor.py:623} INFO - DAG(s) dict_keys(['latest_only_with_trigger']) retrieved from /home/airflow/.local/lib/python3.6/site-packages/airflow/example_dags/example_latest_only_with_trigger.py
[2022-11-26 01:54:24,620] {logging_mixin.py:109} INFO - [2022-11-26 01:54:24,619] {dag.py:1833} INFO - Sync 1 DAGs
[2022-11-26 01:54:24,656] {logging_mixin.py:109} INFO - [2022-11-26 01:54:24,655] {dag.py:2306} INFO - Setting next_dagrun for latest_only_with_trigger to 2022-11-24 00:00:00+00:00
[2022-11-26 01:54:24,675] {processor.py:170} INFO - Processing /home/airflow/.local/lib/python3.6/site-packages/airflow/example_dags/example_latest_only_with_trigger.py took 0.136 seconds
[2022-11-26 01:54:54,857] {processor.py:162} INFO - Started process (PID=3402) to work on /home/airflow/.local/lib/python3.6/site-packages/airflow/example_dags/example_latest_only_with_trigger.py
[2022-11-26 01:54:54,860] {processor.py:613} INFO - Processing file /home/airflow/.local/lib/python3.6/site-packages/airflow/example_dags/example_latest_only_with_trigger.py for tasks to queue
[2022-11-26 01:54:54,861] {logging_mixin.py:109} INFO - [2022-11-26 01:54:54,861] {dagbag.py:496} INFO - Filling up the DagBag from /home/airflow/.local/lib/python3.6/site-packages/airflow/example_dags/example_latest_only_with_trigger.py
[2022-11-26 01:54:54,888] {processor.py:623} INFO - DAG(s) dict_keys(['latest_only_with_trigger']) retrieved from /home/airflow/.local/lib/python3.6/site-packages/airflow/example_dags/example_latest_only_with_trigger.py
[2022-11-26 01:54:54,928] {logging_mixin.py:109} INFO - [2022-11-26 01:54:54,928] {dag.py:1833} INFO - Sync 1 DAGs
[2022-11-26 01:54:54,961] {logging_mixin.py:109} INFO - [2022-11-26 01:54:54,961] {dag.py:2306} INFO - Setting next_dagrun for latest_only_with_trigger to 2022-11-24 00:00:00+00:00
[2022-11-26 01:54:54,978] {processor.py:170} INFO - Processing /home/airflow/.local/lib/python3.6/site-packages/airflow/example_dags/example_latest_only_with_trigger.py took 0.126 seconds
[2022-11-26 01:55:25,314] {processor.py:162} INFO - Started process (PID=3501) to work on /home/airflow/.local/lib/python3.6/site-packages/airflow/example_dags/example_latest_only_with_trigger.py
[2022-11-26 01:55:25,320] {processor.py:613} INFO - Processing file /home/airflow/.local/lib/python3.6/site-packages/airflow/example_dags/example_latest_only_with_trigger.py for tasks to queue
[2022-11-26 01:55:25,321] {logging_mixin.py:109} INFO - [2022-11-26 01:55:25,321] {dagbag.py:496} INFO - Filling up the DagBag from /home/airflow/.local/lib/python3.6/site-packages/airflow/example_dags/example_latest_only_with_trigger.py
[2022-11-26 01:55:25,354] {processor.py:623} INFO - DAG(s) dict_keys(['latest_only_with_trigger']) retrieved from /home/airflow/.local/lib/python3.6/site-packages/airflow/example_dags/example_latest_only_with_trigger.py
[2022-11-26 01:55:25,400] {logging_mixin.py:109} INFO - [2022-11-26 01:55:25,400] {dag.py:1833} INFO - Sync 1 DAGs
[2022-11-26 01:55:25,437] {logging_mixin.py:109} INFO - [2022-11-26 01:55:25,437] {dag.py:2306} INFO - Setting next_dagrun for latest_only_with_trigger to 2022-11-24 00:00:00+00:00
[2022-11-26 01:55:25,457] {processor.py:170} INFO - Processing /home/airflow/.local/lib/python3.6/site-packages/airflow/example_dags/example_latest_only_with_trigger.py took 0.149 seconds
[2022-11-26 01:55:56,235] {processor.py:162} INFO - Started process (PID=3598) to work on /home/airflow/.local/lib/python3.6/site-packages/airflow/example_dags/example_latest_only_with_trigger.py
[2022-11-26 01:55:56,238] {processor.py:613} INFO - Processing file /home/airflow/.local/lib/python3.6/site-packages/airflow/example_dags/example_latest_only_with_trigger.py for tasks to queue
[2022-11-26 01:55:56,240] {logging_mixin.py:109} INFO - [2022-11-26 01:55:56,239] {dagbag.py:496} INFO - Filling up the DagBag from /home/airflow/.local/lib/python3.6/site-packages/airflow/example_dags/example_latest_only_with_trigger.py
[2022-11-26 01:55:56,272] {processor.py:623} INFO - DAG(s) dict_keys(['latest_only_with_trigger']) retrieved from /home/airflow/.local/lib/python3.6/site-packages/airflow/example_dags/example_latest_only_with_trigger.py
[2022-11-26 01:55:56,317] {logging_mixin.py:109} INFO - [2022-11-26 01:55:56,316] {dag.py:1833} INFO - Sync 1 DAGs
[2022-11-26 01:55:56,351] {logging_mixin.py:109} INFO - [2022-11-26 01:55:56,351] {dag.py:2306} INFO - Setting next_dagrun for latest_only_with_trigger to 2022-11-24 00:00:00+00:00
[2022-11-26 01:55:56,369] {processor.py:170} INFO - Processing /home/airflow/.local/lib/python3.6/site-packages/airflow/example_dags/example_latest_only_with_trigger.py took 0.138 seconds
[2022-11-26 01:56:26,649] {processor.py:162} INFO - Started process (PID=3682) to work on /home/airflow/.local/lib/python3.6/site-packages/airflow/example_dags/example_latest_only_with_trigger.py
[2022-11-26 01:56:26,654] {processor.py:613} INFO - Processing file /home/airflow/.local/lib/python3.6/site-packages/airflow/example_dags/example_latest_only_with_trigger.py for tasks to queue
[2022-11-26 01:56:26,658] {logging_mixin.py:109} INFO - [2022-11-26 01:56:26,658] {dagbag.py:496} INFO - Filling up the DagBag from /home/airflow/.local/lib/python3.6/site-packages/airflow/example_dags/example_latest_only_with_trigger.py
[2022-11-26 01:56:26,735] {processor.py:623} INFO - DAG(s) dict_keys(['latest_only_with_trigger']) retrieved from /home/airflow/.local/lib/python3.6/site-packages/airflow/example_dags/example_latest_only_with_trigger.py
[2022-11-26 01:56:26,819] {logging_mixin.py:109} INFO - [2022-11-26 01:56:26,818] {dag.py:1833} INFO - Sync 1 DAGs
[2022-11-26 01:56:26,884] {logging_mixin.py:109} INFO - [2022-11-26 01:56:26,884] {dag.py:2306} INFO - Setting next_dagrun for latest_only_with_trigger to 2022-11-24 00:00:00+00:00
[2022-11-26 01:56:26,912] {processor.py:170} INFO - Processing /home/airflow/.local/lib/python3.6/site-packages/airflow/example_dags/example_latest_only_with_trigger.py took 0.269 seconds
[2022-11-26 01:57:00,085] {processor.py:162} INFO - Started process (PID=3782) to work on /home/airflow/.local/lib/python3.6/site-packages/airflow/example_dags/example_latest_only_with_trigger.py
[2022-11-26 01:57:00,103] {processor.py:613} INFO - Processing file /home/airflow/.local/lib/python3.6/site-packages/airflow/example_dags/example_latest_only_with_trigger.py for tasks to queue
[2022-11-26 01:57:00,112] {logging_mixin.py:109} INFO - [2022-11-26 01:57:00,110] {dagbag.py:496} INFO - Filling up the DagBag from /home/airflow/.local/lib/python3.6/site-packages/airflow/example_dags/example_latest_only_with_trigger.py
[2022-11-26 01:57:00,284] {processor.py:623} INFO - DAG(s) dict_keys(['latest_only_with_trigger']) retrieved from /home/airflow/.local/lib/python3.6/site-packages/airflow/example_dags/example_latest_only_with_trigger.py
[2022-11-26 01:57:00,414] {logging_mixin.py:109} INFO - [2022-11-26 01:57:00,413] {dag.py:1833} INFO - Sync 1 DAGs
[2022-11-26 01:57:00,605] {logging_mixin.py:109} INFO - [2022-11-26 01:57:00,604] {dag.py:2306} INFO - Setting next_dagrun for latest_only_with_trigger to 2022-11-24 00:00:00+00:00
[2022-11-26 01:57:00,693] {processor.py:170} INFO - Processing /home/airflow/.local/lib/python3.6/site-packages/airflow/example_dags/example_latest_only_with_trigger.py took 0.630 seconds
[2022-11-26 01:57:56,728] {processor.py:162} INFO - Started process (PID=3874) to work on /home/airflow/.local/lib/python3.6/site-packages/airflow/example_dags/example_latest_only_with_trigger.py
[2022-11-26 01:57:56,763] {processor.py:613} INFO - Processing file /home/airflow/.local/lib/python3.6/site-packages/airflow/example_dags/example_latest_only_with_trigger.py for tasks to queue
[2022-11-26 01:57:56,789] {logging_mixin.py:109} INFO - [2022-11-26 01:57:56,788] {dagbag.py:496} INFO - Filling up the DagBag from /home/airflow/.local/lib/python3.6/site-packages/airflow/example_dags/example_latest_only_with_trigger.py
[2022-11-26 01:57:57,298] {processor.py:623} INFO - DAG(s) dict_keys(['latest_only_with_trigger']) retrieved from /home/airflow/.local/lib/python3.6/site-packages/airflow/example_dags/example_latest_only_with_trigger.py
[2022-11-26 01:57:57,828] {logging_mixin.py:109} INFO - [2022-11-26 01:57:57,827] {dag.py:1833} INFO - Sync 1 DAGs
[2022-11-26 01:57:58,684] {logging_mixin.py:109} INFO - [2022-11-26 01:57:58,683] {dag.py:2306} INFO - Setting next_dagrun for latest_only_with_trigger to 2022-11-24 00:00:00+00:00
[2022-11-26 01:57:59,080] {processor.py:170} INFO - Processing /home/airflow/.local/lib/python3.6/site-packages/airflow/example_dags/example_latest_only_with_trigger.py took 2.528 seconds
[2022-11-26 01:58:33,624] {processor.py:162} INFO - Started process (PID=3973) to work on /home/airflow/.local/lib/python3.6/site-packages/airflow/example_dags/example_latest_only_with_trigger.py
[2022-11-26 01:58:33,640] {processor.py:613} INFO - Processing file /home/airflow/.local/lib/python3.6/site-packages/airflow/example_dags/example_latest_only_with_trigger.py for tasks to queue
[2022-11-26 01:58:33,661] {logging_mixin.py:109} INFO - [2022-11-26 01:58:33,660] {dagbag.py:496} INFO - Filling up the DagBag from /home/airflow/.local/lib/python3.6/site-packages/airflow/example_dags/example_latest_only_with_trigger.py
[2022-11-26 01:58:34,049] {processor.py:623} INFO - DAG(s) dict_keys(['latest_only_with_trigger']) retrieved from /home/airflow/.local/lib/python3.6/site-packages/airflow/example_dags/example_latest_only_with_trigger.py
[2022-11-26 01:58:34,462] {logging_mixin.py:109} INFO - [2022-11-26 01:58:34,462] {dag.py:1833} INFO - Sync 1 DAGs
[2022-11-26 01:58:34,825] {logging_mixin.py:109} INFO - [2022-11-26 01:58:34,825] {dag.py:2306} INFO - Setting next_dagrun for latest_only_with_trigger to 2022-11-24 00:00:00+00:00
[2022-11-26 01:58:35,107] {processor.py:170} INFO - Processing /home/airflow/.local/lib/python3.6/site-packages/airflow/example_dags/example_latest_only_with_trigger.py took 1.528 seconds
[2022-11-26 01:59:05,665] {processor.py:162} INFO - Started process (PID=4066) to work on /home/airflow/.local/lib/python3.6/site-packages/airflow/example_dags/example_latest_only_with_trigger.py
[2022-11-26 01:59:05,674] {processor.py:613} INFO - Processing file /home/airflow/.local/lib/python3.6/site-packages/airflow/example_dags/example_latest_only_with_trigger.py for tasks to queue
[2022-11-26 01:59:05,681] {logging_mixin.py:109} INFO - [2022-11-26 01:59:05,680] {dagbag.py:496} INFO - Filling up the DagBag from /home/airflow/.local/lib/python3.6/site-packages/airflow/example_dags/example_latest_only_with_trigger.py
[2022-11-26 01:59:05,738] {processor.py:623} INFO - DAG(s) dict_keys(['latest_only_with_trigger']) retrieved from /home/airflow/.local/lib/python3.6/site-packages/airflow/example_dags/example_latest_only_with_trigger.py
[2022-11-26 01:59:05,813] {logging_mixin.py:109} INFO - [2022-11-26 01:59:05,813] {dag.py:1833} INFO - Sync 1 DAGs
[2022-11-26 01:59:05,877] {logging_mixin.py:109} INFO - [2022-11-26 01:59:05,877] {dag.py:2306} INFO - Setting next_dagrun for latest_only_with_trigger to 2022-11-24 00:00:00+00:00
[2022-11-26 01:59:05,917] {processor.py:170} INFO - Processing /home/airflow/.local/lib/python3.6/site-packages/airflow/example_dags/example_latest_only_with_trigger.py took 0.263 seconds
[2022-11-26 01:59:36,202] {processor.py:162} INFO - Started process (PID=4167) to work on /home/airflow/.local/lib/python3.6/site-packages/airflow/example_dags/example_latest_only_with_trigger.py
[2022-11-26 01:59:36,207] {processor.py:613} INFO - Processing file /home/airflow/.local/lib/python3.6/site-packages/airflow/example_dags/example_latest_only_with_trigger.py for tasks to queue
[2022-11-26 01:59:36,209] {logging_mixin.py:109} INFO - [2022-11-26 01:59:36,209] {dagbag.py:496} INFO - Filling up the DagBag from /home/airflow/.local/lib/python3.6/site-packages/airflow/example_dags/example_latest_only_with_trigger.py
[2022-11-26 01:59:36,253] {processor.py:623} INFO - DAG(s) dict_keys(['latest_only_with_trigger']) retrieved from /home/airflow/.local/lib/python3.6/site-packages/airflow/example_dags/example_latest_only_with_trigger.py
[2022-11-26 01:59:36,332] {logging_mixin.py:109} INFO - [2022-11-26 01:59:36,331] {dag.py:1833} INFO - Sync 1 DAGs
[2022-11-26 01:59:36,395] {logging_mixin.py:109} INFO - [2022-11-26 01:59:36,394] {dag.py:2306} INFO - Setting next_dagrun for latest_only_with_trigger to 2022-11-24 00:00:00+00:00
[2022-11-26 01:59:36,428] {processor.py:170} INFO - Processing /home/airflow/.local/lib/python3.6/site-packages/airflow/example_dags/example_latest_only_with_trigger.py took 0.234 seconds
[2022-11-26 02:00:06,521] {processor.py:162} INFO - Started process (PID=4259) to work on /home/airflow/.local/lib/python3.6/site-packages/airflow/example_dags/example_latest_only_with_trigger.py
[2022-11-26 02:00:06,524] {processor.py:613} INFO - Processing file /home/airflow/.local/lib/python3.6/site-packages/airflow/example_dags/example_latest_only_with_trigger.py for tasks to queue
[2022-11-26 02:00:06,525] {logging_mixin.py:109} INFO - [2022-11-26 02:00:06,525] {dagbag.py:496} INFO - Filling up the DagBag from /home/airflow/.local/lib/python3.6/site-packages/airflow/example_dags/example_latest_only_with_trigger.py
[2022-11-26 02:00:06,555] {processor.py:623} INFO - DAG(s) dict_keys(['latest_only_with_trigger']) retrieved from /home/airflow/.local/lib/python3.6/site-packages/airflow/example_dags/example_latest_only_with_trigger.py
[2022-11-26 02:00:06,598] {logging_mixin.py:109} INFO - [2022-11-26 02:00:06,597] {dag.py:1833} INFO - Sync 1 DAGs
[2022-11-26 02:00:06,632] {logging_mixin.py:109} INFO - [2022-11-26 02:00:06,631] {dag.py:2306} INFO - Setting next_dagrun for latest_only_with_trigger to 2022-11-24 00:00:00+00:00
[2022-11-26 02:00:06,651] {processor.py:170} INFO - Processing /home/airflow/.local/lib/python3.6/site-packages/airflow/example_dags/example_latest_only_with_trigger.py took 0.135 seconds
[2022-11-26 02:00:37,069] {processor.py:162} INFO - Started process (PID=4349) to work on /home/airflow/.local/lib/python3.6/site-packages/airflow/example_dags/example_latest_only_with_trigger.py
[2022-11-26 02:00:37,072] {processor.py:613} INFO - Processing file /home/airflow/.local/lib/python3.6/site-packages/airflow/example_dags/example_latest_only_with_trigger.py for tasks to queue
[2022-11-26 02:00:37,073] {logging_mixin.py:109} INFO - [2022-11-26 02:00:37,073] {dagbag.py:496} INFO - Filling up the DagBag from /home/airflow/.local/lib/python3.6/site-packages/airflow/example_dags/example_latest_only_with_trigger.py
[2022-11-26 02:00:37,104] {processor.py:623} INFO - DAG(s) dict_keys(['latest_only_with_trigger']) retrieved from /home/airflow/.local/lib/python3.6/site-packages/airflow/example_dags/example_latest_only_with_trigger.py
[2022-11-26 02:00:37,154] {logging_mixin.py:109} INFO - [2022-11-26 02:00:37,154] {dag.py:1833} INFO - Sync 1 DAGs
[2022-11-26 02:00:37,194] {logging_mixin.py:109} INFO - [2022-11-26 02:00:37,193] {dag.py:2306} INFO - Setting next_dagrun for latest_only_with_trigger to 2022-11-24 00:00:00+00:00
[2022-11-26 02:00:37,215] {processor.py:170} INFO - Processing /home/airflow/.local/lib/python3.6/site-packages/airflow/example_dags/example_latest_only_with_trigger.py took 0.152 seconds
[2022-11-26 02:01:07,272] {processor.py:162} INFO - Started process (PID=4449) to work on /home/airflow/.local/lib/python3.6/site-packages/airflow/example_dags/example_latest_only_with_trigger.py
[2022-11-26 02:01:07,276] {processor.py:613} INFO - Processing file /home/airflow/.local/lib/python3.6/site-packages/airflow/example_dags/example_latest_only_with_trigger.py for tasks to queue
[2022-11-26 02:01:07,277] {logging_mixin.py:109} INFO - [2022-11-26 02:01:07,277] {dagbag.py:496} INFO - Filling up the DagBag from /home/airflow/.local/lib/python3.6/site-packages/airflow/example_dags/example_latest_only_with_trigger.py
[2022-11-26 02:01:07,309] {processor.py:623} INFO - DAG(s) dict_keys(['latest_only_with_trigger']) retrieved from /home/airflow/.local/lib/python3.6/site-packages/airflow/example_dags/example_latest_only_with_trigger.py
[2022-11-26 02:01:07,357] {logging_mixin.py:109} INFO - [2022-11-26 02:01:07,356] {dag.py:1833} INFO - Sync 1 DAGs
[2022-11-26 02:01:07,405] {logging_mixin.py:109} INFO - [2022-11-26 02:01:07,404] {dag.py:2306} INFO - Setting next_dagrun for latest_only_with_trigger to 2022-11-24 00:00:00+00:00
[2022-11-26 02:01:07,429] {processor.py:170} INFO - Processing /home/airflow/.local/lib/python3.6/site-packages/airflow/example_dags/example_latest_only_with_trigger.py took 0.162 seconds
[2022-11-26 02:01:37,601] {processor.py:162} INFO - Started process (PID=4540) to work on /home/airflow/.local/lib/python3.6/site-packages/airflow/example_dags/example_latest_only_with_trigger.py
[2022-11-26 02:01:37,611] {processor.py:613} INFO - Processing file /home/airflow/.local/lib/python3.6/site-packages/airflow/example_dags/example_latest_only_with_trigger.py for tasks to queue
[2022-11-26 02:01:37,624] {logging_mixin.py:109} INFO - [2022-11-26 02:01:37,623] {dagbag.py:496} INFO - Filling up the DagBag from /home/airflow/.local/lib/python3.6/site-packages/airflow/example_dags/example_latest_only_with_trigger.py
[2022-11-26 02:01:37,664] {processor.py:623} INFO - DAG(s) dict_keys(['latest_only_with_trigger']) retrieved from /home/airflow/.local/lib/python3.6/site-packages/airflow/example_dags/example_latest_only_with_trigger.py
[2022-11-26 02:01:37,730] {logging_mixin.py:109} INFO - [2022-11-26 02:01:37,730] {dag.py:1833} INFO - Sync 1 DAGs
[2022-11-26 02:01:37,779] {logging_mixin.py:109} INFO - [2022-11-26 02:01:37,779] {dag.py:2306} INFO - Setting next_dagrun for latest_only_with_trigger to 2022-11-24 00:00:00+00:00
[2022-11-26 02:01:37,810] {processor.py:170} INFO - Processing /home/airflow/.local/lib/python3.6/site-packages/airflow/example_dags/example_latest_only_with_trigger.py took 0.215 seconds
[2022-11-26 02:02:08,039] {processor.py:162} INFO - Started process (PID=4627) to work on /home/airflow/.local/lib/python3.6/site-packages/airflow/example_dags/example_latest_only_with_trigger.py
[2022-11-26 02:02:08,042] {processor.py:613} INFO - Processing file /home/airflow/.local/lib/python3.6/site-packages/airflow/example_dags/example_latest_only_with_trigger.py for tasks to queue
[2022-11-26 02:02:08,043] {logging_mixin.py:109} INFO - [2022-11-26 02:02:08,043] {dagbag.py:496} INFO - Filling up the DagBag from /home/airflow/.local/lib/python3.6/site-packages/airflow/example_dags/example_latest_only_with_trigger.py
[2022-11-26 02:02:08,069] {processor.py:623} INFO - DAG(s) dict_keys(['latest_only_with_trigger']) retrieved from /home/airflow/.local/lib/python3.6/site-packages/airflow/example_dags/example_latest_only_with_trigger.py
[2022-11-26 02:02:08,110] {logging_mixin.py:109} INFO - [2022-11-26 02:02:08,110] {dag.py:1833} INFO - Sync 1 DAGs
[2022-11-26 02:02:08,142] {logging_mixin.py:109} INFO - [2022-11-26 02:02:08,142] {dag.py:2306} INFO - Setting next_dagrun for latest_only_with_trigger to 2022-11-24 00:00:00+00:00
[2022-11-26 02:02:08,160] {processor.py:170} INFO - Processing /home/airflow/.local/lib/python3.6/site-packages/airflow/example_dags/example_latest_only_with_trigger.py took 0.126 seconds
[2022-11-26 02:02:38,767] {processor.py:162} INFO - Started process (PID=4728) to work on /home/airflow/.local/lib/python3.6/site-packages/airflow/example_dags/example_latest_only_with_trigger.py
[2022-11-26 02:02:38,770] {processor.py:613} INFO - Processing file /home/airflow/.local/lib/python3.6/site-packages/airflow/example_dags/example_latest_only_with_trigger.py for tasks to queue
[2022-11-26 02:02:38,772] {logging_mixin.py:109} INFO - [2022-11-26 02:02:38,772] {dagbag.py:496} INFO - Filling up the DagBag from /home/airflow/.local/lib/python3.6/site-packages/airflow/example_dags/example_latest_only_with_trigger.py
[2022-11-26 02:02:38,811] {processor.py:623} INFO - DAG(s) dict_keys(['latest_only_with_trigger']) retrieved from /home/airflow/.local/lib/python3.6/site-packages/airflow/example_dags/example_latest_only_with_trigger.py
[2022-11-26 02:02:38,864] {logging_mixin.py:109} INFO - [2022-11-26 02:02:38,864] {dag.py:1833} INFO - Sync 1 DAGs
[2022-11-26 02:02:38,905] {logging_mixin.py:109} INFO - [2022-11-26 02:02:38,905] {dag.py:2306} INFO - Setting next_dagrun for latest_only_with_trigger to 2022-11-24 00:00:00+00:00
[2022-11-26 02:02:38,928] {processor.py:170} INFO - Processing /home/airflow/.local/lib/python3.6/site-packages/airflow/example_dags/example_latest_only_with_trigger.py took 0.170 seconds
[2022-11-26 02:03:09,214] {processor.py:162} INFO - Started process (PID=4828) to work on /home/airflow/.local/lib/python3.6/site-packages/airflow/example_dags/example_latest_only_with_trigger.py
[2022-11-26 02:03:09,217] {processor.py:613} INFO - Processing file /home/airflow/.local/lib/python3.6/site-packages/airflow/example_dags/example_latest_only_with_trigger.py for tasks to queue
[2022-11-26 02:03:09,219] {logging_mixin.py:109} INFO - [2022-11-26 02:03:09,219] {dagbag.py:496} INFO - Filling up the DagBag from /home/airflow/.local/lib/python3.6/site-packages/airflow/example_dags/example_latest_only_with_trigger.py
[2022-11-26 02:03:09,248] {processor.py:623} INFO - DAG(s) dict_keys(['latest_only_with_trigger']) retrieved from /home/airflow/.local/lib/python3.6/site-packages/airflow/example_dags/example_latest_only_with_trigger.py
[2022-11-26 02:03:09,293] {logging_mixin.py:109} INFO - [2022-11-26 02:03:09,293] {dag.py:1833} INFO - Sync 1 DAGs
[2022-11-26 02:03:09,330] {logging_mixin.py:109} INFO - [2022-11-26 02:03:09,329] {dag.py:2306} INFO - Setting next_dagrun for latest_only_with_trigger to 2022-11-24 00:00:00+00:00
[2022-11-26 02:03:09,349] {processor.py:170} INFO - Processing /home/airflow/.local/lib/python3.6/site-packages/airflow/example_dags/example_latest_only_with_trigger.py took 0.139 seconds
[2022-11-26 02:03:39,481] {processor.py:162} INFO - Started process (PID=4919) to work on /home/airflow/.local/lib/python3.6/site-packages/airflow/example_dags/example_latest_only_with_trigger.py
[2022-11-26 02:03:39,483] {processor.py:613} INFO - Processing file /home/airflow/.local/lib/python3.6/site-packages/airflow/example_dags/example_latest_only_with_trigger.py for tasks to queue
[2022-11-26 02:03:39,485] {logging_mixin.py:109} INFO - [2022-11-26 02:03:39,484] {dagbag.py:496} INFO - Filling up the DagBag from /home/airflow/.local/lib/python3.6/site-packages/airflow/example_dags/example_latest_only_with_trigger.py
[2022-11-26 02:03:39,512] {processor.py:623} INFO - DAG(s) dict_keys(['latest_only_with_trigger']) retrieved from /home/airflow/.local/lib/python3.6/site-packages/airflow/example_dags/example_latest_only_with_trigger.py
[2022-11-26 02:03:39,554] {logging_mixin.py:109} INFO - [2022-11-26 02:03:39,554] {dag.py:1833} INFO - Sync 1 DAGs
[2022-11-26 02:03:39,587] {logging_mixin.py:109} INFO - [2022-11-26 02:03:39,587] {dag.py:2306} INFO - Setting next_dagrun for latest_only_with_trigger to 2022-11-24 00:00:00+00:00
[2022-11-26 02:03:39,604] {processor.py:170} INFO - Processing /home/airflow/.local/lib/python3.6/site-packages/airflow/example_dags/example_latest_only_with_trigger.py took 0.129 seconds
[2022-11-26 02:04:09,816] {processor.py:162} INFO - Started process (PID=5007) to work on /home/airflow/.local/lib/python3.6/site-packages/airflow/example_dags/example_latest_only_with_trigger.py
[2022-11-26 02:04:09,819] {processor.py:613} INFO - Processing file /home/airflow/.local/lib/python3.6/site-packages/airflow/example_dags/example_latest_only_with_trigger.py for tasks to queue
[2022-11-26 02:04:09,821] {logging_mixin.py:109} INFO - [2022-11-26 02:04:09,821] {dagbag.py:496} INFO - Filling up the DagBag from /home/airflow/.local/lib/python3.6/site-packages/airflow/example_dags/example_latest_only_with_trigger.py
[2022-11-26 02:04:09,849] {processor.py:623} INFO - DAG(s) dict_keys(['latest_only_with_trigger']) retrieved from /home/airflow/.local/lib/python3.6/site-packages/airflow/example_dags/example_latest_only_with_trigger.py
[2022-11-26 02:04:09,892] {logging_mixin.py:109} INFO - [2022-11-26 02:04:09,891] {dag.py:1833} INFO - Sync 1 DAGs
[2022-11-26 02:04:09,926] {logging_mixin.py:109} INFO - [2022-11-26 02:04:09,926] {dag.py:2306} INFO - Setting next_dagrun for latest_only_with_trigger to 2022-11-24 00:00:00+00:00
[2022-11-26 02:04:09,947] {processor.py:170} INFO - Processing /home/airflow/.local/lib/python3.6/site-packages/airflow/example_dags/example_latest_only_with_trigger.py took 0.137 seconds
[2022-11-26 02:04:40,375] {processor.py:162} INFO - Started process (PID=5106) to work on /home/airflow/.local/lib/python3.6/site-packages/airflow/example_dags/example_latest_only_with_trigger.py
[2022-11-26 02:04:40,379] {processor.py:613} INFO - Processing file /home/airflow/.local/lib/python3.6/site-packages/airflow/example_dags/example_latest_only_with_trigger.py for tasks to queue
[2022-11-26 02:04:40,382] {logging_mixin.py:109} INFO - [2022-11-26 02:04:40,381] {dagbag.py:496} INFO - Filling up the DagBag from /home/airflow/.local/lib/python3.6/site-packages/airflow/example_dags/example_latest_only_with_trigger.py
[2022-11-26 02:04:40,415] {processor.py:623} INFO - DAG(s) dict_keys(['latest_only_with_trigger']) retrieved from /home/airflow/.local/lib/python3.6/site-packages/airflow/example_dags/example_latest_only_with_trigger.py
[2022-11-26 02:04:40,457] {logging_mixin.py:109} INFO - [2022-11-26 02:04:40,457] {dag.py:1833} INFO - Sync 1 DAGs
[2022-11-26 02:04:40,490] {logging_mixin.py:109} INFO - [2022-11-26 02:04:40,490] {dag.py:2306} INFO - Setting next_dagrun for latest_only_with_trigger to 2022-11-24 00:00:00+00:00
[2022-11-26 02:04:40,508] {processor.py:170} INFO - Processing /home/airflow/.local/lib/python3.6/site-packages/airflow/example_dags/example_latest_only_with_trigger.py took 0.142 seconds
[2022-11-26 02:05:10,932] {processor.py:162} INFO - Started process (PID=5206) to work on /home/airflow/.local/lib/python3.6/site-packages/airflow/example_dags/example_latest_only_with_trigger.py
[2022-11-26 02:05:10,937] {processor.py:613} INFO - Processing file /home/airflow/.local/lib/python3.6/site-packages/airflow/example_dags/example_latest_only_with_trigger.py for tasks to queue
[2022-11-26 02:05:10,943] {logging_mixin.py:109} INFO - [2022-11-26 02:05:10,943] {dagbag.py:496} INFO - Filling up the DagBag from /home/airflow/.local/lib/python3.6/site-packages/airflow/example_dags/example_latest_only_with_trigger.py
[2022-11-26 02:05:11,030] {processor.py:623} INFO - DAG(s) dict_keys(['latest_only_with_trigger']) retrieved from /home/airflow/.local/lib/python3.6/site-packages/airflow/example_dags/example_latest_only_with_trigger.py
[2022-11-26 02:05:11,109] {logging_mixin.py:109} INFO - [2022-11-26 02:05:11,109] {dag.py:1833} INFO - Sync 1 DAGs
[2022-11-26 02:05:11,170] {logging_mixin.py:109} INFO - [2022-11-26 02:05:11,169] {dag.py:2306} INFO - Setting next_dagrun for latest_only_with_trigger to 2022-11-24 00:00:00+00:00
[2022-11-26 02:05:11,202] {processor.py:170} INFO - Processing /home/airflow/.local/lib/python3.6/site-packages/airflow/example_dags/example_latest_only_with_trigger.py took 0.282 seconds
[2022-11-26 02:05:41,403] {processor.py:162} INFO - Started process (PID=5288) to work on /home/airflow/.local/lib/python3.6/site-packages/airflow/example_dags/example_latest_only_with_trigger.py
[2022-11-26 02:05:41,406] {processor.py:613} INFO - Processing file /home/airflow/.local/lib/python3.6/site-packages/airflow/example_dags/example_latest_only_with_trigger.py for tasks to queue
[2022-11-26 02:05:41,408] {logging_mixin.py:109} INFO - [2022-11-26 02:05:41,408] {dagbag.py:496} INFO - Filling up the DagBag from /home/airflow/.local/lib/python3.6/site-packages/airflow/example_dags/example_latest_only_with_trigger.py
[2022-11-26 02:05:41,438] {processor.py:623} INFO - DAG(s) dict_keys(['latest_only_with_trigger']) retrieved from /home/airflow/.local/lib/python3.6/site-packages/airflow/example_dags/example_latest_only_with_trigger.py
[2022-11-26 02:05:41,481] {logging_mixin.py:109} INFO - [2022-11-26 02:05:41,481] {dag.py:1833} INFO - Sync 1 DAGs
[2022-11-26 02:05:41,514] {logging_mixin.py:109} INFO - [2022-11-26 02:05:41,514] {dag.py:2306} INFO - Setting next_dagrun for latest_only_with_trigger to 2022-11-24 00:00:00+00:00
[2022-11-26 02:05:41,532] {processor.py:170} INFO - Processing /home/airflow/.local/lib/python3.6/site-packages/airflow/example_dags/example_latest_only_with_trigger.py took 0.135 seconds
