[2022-11-26 01:37:55,161] {processor.py:162} INFO - Started process (PID=188) to work on /home/airflow/.local/lib/python3.6/site-packages/airflow/example_dags/example_skip_dag.py
[2022-11-26 01:37:55,165] {processor.py:613} INFO - Processing file /home/airflow/.local/lib/python3.6/site-packages/airflow/example_dags/example_skip_dag.py for tasks to queue
[2022-11-26 01:37:55,168] {logging_mixin.py:109} INFO - [2022-11-26 01:37:55,168] {dagbag.py:496} INFO - Filling up the DagBag from /home/airflow/.local/lib/python3.6/site-packages/airflow/example_dags/example_skip_dag.py
[2022-11-26 01:37:55,282] {processor.py:623} INFO - DAG(s) dict_keys(['example_skip_dag']) retrieved from /home/airflow/.local/lib/python3.6/site-packages/airflow/example_dags/example_skip_dag.py
[2022-11-26 01:37:57,322] {logging_mixin.py:109} INFO - [2022-11-26 01:37:57,311] {dag.py:1833} INFO - Sync 1 DAGs
[2022-11-26 01:37:57,429] {logging_mixin.py:109} INFO - [2022-11-26 01:37:57,429] {dag.py:2306} INFO - Setting next_dagrun for example_skip_dag to 2022-11-24 00:00:00+00:00
[2022-11-26 01:37:57,493] {processor.py:170} INFO - Processing /home/airflow/.local/lib/python3.6/site-packages/airflow/example_dags/example_skip_dag.py took 2.352 seconds
[2022-11-26 01:38:28,485] {processor.py:162} INFO - Started process (PID=278) to work on /home/airflow/.local/lib/python3.6/site-packages/airflow/example_dags/example_skip_dag.py
[2022-11-26 01:38:28,493] {processor.py:613} INFO - Processing file /home/airflow/.local/lib/python3.6/site-packages/airflow/example_dags/example_skip_dag.py for tasks to queue
[2022-11-26 01:38:28,498] {logging_mixin.py:109} INFO - [2022-11-26 01:38:28,497] {dagbag.py:496} INFO - Filling up the DagBag from /home/airflow/.local/lib/python3.6/site-packages/airflow/example_dags/example_skip_dag.py
[2022-11-26 01:38:28,575] {processor.py:623} INFO - DAG(s) dict_keys(['example_skip_dag']) retrieved from /home/airflow/.local/lib/python3.6/site-packages/airflow/example_dags/example_skip_dag.py
[2022-11-26 01:38:28,704] {logging_mixin.py:109} INFO - [2022-11-26 01:38:28,703] {dag.py:1833} INFO - Sync 1 DAGs
[2022-11-26 01:38:28,774] {logging_mixin.py:109} INFO - [2022-11-26 01:38:28,774] {dag.py:2306} INFO - Setting next_dagrun for example_skip_dag to 2022-11-24 00:00:00+00:00
[2022-11-26 01:38:28,823] {processor.py:170} INFO - Processing /home/airflow/.local/lib/python3.6/site-packages/airflow/example_dags/example_skip_dag.py took 0.345 seconds
[2022-11-26 01:38:59,726] {processor.py:162} INFO - Started process (PID=378) to work on /home/airflow/.local/lib/python3.6/site-packages/airflow/example_dags/example_skip_dag.py
[2022-11-26 01:38:59,729] {processor.py:613} INFO - Processing file /home/airflow/.local/lib/python3.6/site-packages/airflow/example_dags/example_skip_dag.py for tasks to queue
[2022-11-26 01:38:59,731] {logging_mixin.py:109} INFO - [2022-11-26 01:38:59,730] {dagbag.py:496} INFO - Filling up the DagBag from /home/airflow/.local/lib/python3.6/site-packages/airflow/example_dags/example_skip_dag.py
[2022-11-26 01:38:59,758] {processor.py:623} INFO - DAG(s) dict_keys(['example_skip_dag']) retrieved from /home/airflow/.local/lib/python3.6/site-packages/airflow/example_dags/example_skip_dag.py
[2022-11-26 01:38:59,800] {logging_mixin.py:109} INFO - [2022-11-26 01:38:59,799] {dag.py:1833} INFO - Sync 1 DAGs
[2022-11-26 01:38:59,831] {logging_mixin.py:109} INFO - [2022-11-26 01:38:59,830] {dag.py:2306} INFO - Setting next_dagrun for example_skip_dag to 2022-11-24 00:00:00+00:00
[2022-11-26 01:38:59,848] {processor.py:170} INFO - Processing /home/airflow/.local/lib/python3.6/site-packages/airflow/example_dags/example_skip_dag.py took 0.127 seconds
[2022-11-26 01:39:30,264] {processor.py:162} INFO - Started process (PID=478) to work on /home/airflow/.local/lib/python3.6/site-packages/airflow/example_dags/example_skip_dag.py
[2022-11-26 01:39:30,266] {processor.py:613} INFO - Processing file /home/airflow/.local/lib/python3.6/site-packages/airflow/example_dags/example_skip_dag.py for tasks to queue
[2022-11-26 01:39:30,268] {logging_mixin.py:109} INFO - [2022-11-26 01:39:30,267] {dagbag.py:496} INFO - Filling up the DagBag from /home/airflow/.local/lib/python3.6/site-packages/airflow/example_dags/example_skip_dag.py
[2022-11-26 01:39:30,294] {processor.py:623} INFO - DAG(s) dict_keys(['example_skip_dag']) retrieved from /home/airflow/.local/lib/python3.6/site-packages/airflow/example_dags/example_skip_dag.py
[2022-11-26 01:39:30,335] {logging_mixin.py:109} INFO - [2022-11-26 01:39:30,335] {dag.py:1833} INFO - Sync 1 DAGs
[2022-11-26 01:39:30,367] {logging_mixin.py:109} INFO - [2022-11-26 01:39:30,367] {dag.py:2306} INFO - Setting next_dagrun for example_skip_dag to 2022-11-24 00:00:00+00:00
[2022-11-26 01:39:30,385] {processor.py:170} INFO - Processing /home/airflow/.local/lib/python3.6/site-packages/airflow/example_dags/example_skip_dag.py took 0.126 seconds
[2022-11-26 01:40:00,759] {processor.py:162} INFO - Started process (PID=577) to work on /home/airflow/.local/lib/python3.6/site-packages/airflow/example_dags/example_skip_dag.py
[2022-11-26 01:40:00,762] {processor.py:613} INFO - Processing file /home/airflow/.local/lib/python3.6/site-packages/airflow/example_dags/example_skip_dag.py for tasks to queue
[2022-11-26 01:40:00,764] {logging_mixin.py:109} INFO - [2022-11-26 01:40:00,764] {dagbag.py:496} INFO - Filling up the DagBag from /home/airflow/.local/lib/python3.6/site-packages/airflow/example_dags/example_skip_dag.py
[2022-11-26 01:40:00,795] {processor.py:623} INFO - DAG(s) dict_keys(['example_skip_dag']) retrieved from /home/airflow/.local/lib/python3.6/site-packages/airflow/example_dags/example_skip_dag.py
[2022-11-26 01:40:00,837] {logging_mixin.py:109} INFO - [2022-11-26 01:40:00,836] {dag.py:1833} INFO - Sync 1 DAGs
[2022-11-26 01:40:00,879] {logging_mixin.py:109} INFO - [2022-11-26 01:40:00,879] {dag.py:2306} INFO - Setting next_dagrun for example_skip_dag to 2022-11-24 00:00:00+00:00
[2022-11-26 01:40:00,899] {processor.py:170} INFO - Processing /home/airflow/.local/lib/python3.6/site-packages/airflow/example_dags/example_skip_dag.py took 0.148 seconds
[2022-11-26 01:40:31,367] {processor.py:162} INFO - Started process (PID=676) to work on /home/airflow/.local/lib/python3.6/site-packages/airflow/example_dags/example_skip_dag.py
[2022-11-26 01:40:31,369] {processor.py:613} INFO - Processing file /home/airflow/.local/lib/python3.6/site-packages/airflow/example_dags/example_skip_dag.py for tasks to queue
[2022-11-26 01:40:31,371] {logging_mixin.py:109} INFO - [2022-11-26 01:40:31,371] {dagbag.py:496} INFO - Filling up the DagBag from /home/airflow/.local/lib/python3.6/site-packages/airflow/example_dags/example_skip_dag.py
[2022-11-26 01:40:31,397] {processor.py:623} INFO - DAG(s) dict_keys(['example_skip_dag']) retrieved from /home/airflow/.local/lib/python3.6/site-packages/airflow/example_dags/example_skip_dag.py
[2022-11-26 01:40:31,438] {logging_mixin.py:109} INFO - [2022-11-26 01:40:31,438] {dag.py:1833} INFO - Sync 1 DAGs
[2022-11-26 01:40:31,470] {logging_mixin.py:109} INFO - [2022-11-26 01:40:31,470] {dag.py:2306} INFO - Setting next_dagrun for example_skip_dag to 2022-11-24 00:00:00+00:00
[2022-11-26 01:40:31,488] {processor.py:170} INFO - Processing /home/airflow/.local/lib/python3.6/site-packages/airflow/example_dags/example_skip_dag.py took 0.126 seconds
[2022-11-26 01:41:01,563] {processor.py:162} INFO - Started process (PID=768) to work on /home/airflow/.local/lib/python3.6/site-packages/airflow/example_dags/example_skip_dag.py
[2022-11-26 01:41:01,568] {processor.py:613} INFO - Processing file /home/airflow/.local/lib/python3.6/site-packages/airflow/example_dags/example_skip_dag.py for tasks to queue
[2022-11-26 01:41:01,569] {logging_mixin.py:109} INFO - [2022-11-26 01:41:01,569] {dagbag.py:496} INFO - Filling up the DagBag from /home/airflow/.local/lib/python3.6/site-packages/airflow/example_dags/example_skip_dag.py
[2022-11-26 01:41:01,596] {processor.py:623} INFO - DAG(s) dict_keys(['example_skip_dag']) retrieved from /home/airflow/.local/lib/python3.6/site-packages/airflow/example_dags/example_skip_dag.py
[2022-11-26 01:41:01,638] {logging_mixin.py:109} INFO - [2022-11-26 01:41:01,638] {dag.py:1833} INFO - Sync 1 DAGs
[2022-11-26 01:41:01,673] {logging_mixin.py:109} INFO - [2022-11-26 01:41:01,672] {dag.py:2306} INFO - Setting next_dagrun for example_skip_dag to 2022-11-24 00:00:00+00:00
[2022-11-26 01:41:01,691] {processor.py:170} INFO - Processing /home/airflow/.local/lib/python3.6/site-packages/airflow/example_dags/example_skip_dag.py took 0.134 seconds
[2022-11-26 01:41:32,109] {processor.py:162} INFO - Started process (PID=858) to work on /home/airflow/.local/lib/python3.6/site-packages/airflow/example_dags/example_skip_dag.py
[2022-11-26 01:41:32,112] {processor.py:613} INFO - Processing file /home/airflow/.local/lib/python3.6/site-packages/airflow/example_dags/example_skip_dag.py for tasks to queue
[2022-11-26 01:41:32,114] {logging_mixin.py:109} INFO - [2022-11-26 01:41:32,113] {dagbag.py:496} INFO - Filling up the DagBag from /home/airflow/.local/lib/python3.6/site-packages/airflow/example_dags/example_skip_dag.py
[2022-11-26 01:41:32,138] {processor.py:623} INFO - DAG(s) dict_keys(['example_skip_dag']) retrieved from /home/airflow/.local/lib/python3.6/site-packages/airflow/example_dags/example_skip_dag.py
[2022-11-26 01:41:32,178] {logging_mixin.py:109} INFO - [2022-11-26 01:41:32,178] {dag.py:1833} INFO - Sync 1 DAGs
[2022-11-26 01:41:32,211] {logging_mixin.py:109} INFO - [2022-11-26 01:41:32,210] {dag.py:2306} INFO - Setting next_dagrun for example_skip_dag to 2022-11-24 00:00:00+00:00
[2022-11-26 01:41:32,228] {processor.py:170} INFO - Processing /home/airflow/.local/lib/python3.6/site-packages/airflow/example_dags/example_skip_dag.py took 0.124 seconds
[2022-11-26 01:42:02,794] {processor.py:162} INFO - Started process (PID=958) to work on /home/airflow/.local/lib/python3.6/site-packages/airflow/example_dags/example_skip_dag.py
[2022-11-26 01:42:02,798] {processor.py:613} INFO - Processing file /home/airflow/.local/lib/python3.6/site-packages/airflow/example_dags/example_skip_dag.py for tasks to queue
[2022-11-26 01:42:02,799] {logging_mixin.py:109} INFO - [2022-11-26 01:42:02,799] {dagbag.py:496} INFO - Filling up the DagBag from /home/airflow/.local/lib/python3.6/site-packages/airflow/example_dags/example_skip_dag.py
[2022-11-26 01:42:02,828] {processor.py:623} INFO - DAG(s) dict_keys(['example_skip_dag']) retrieved from /home/airflow/.local/lib/python3.6/site-packages/airflow/example_dags/example_skip_dag.py
[2022-11-26 01:42:02,873] {logging_mixin.py:109} INFO - [2022-11-26 01:42:02,873] {dag.py:1833} INFO - Sync 1 DAGs
[2022-11-26 01:42:02,912] {logging_mixin.py:109} INFO - [2022-11-26 01:42:02,911] {dag.py:2306} INFO - Setting next_dagrun for example_skip_dag to 2022-11-24 00:00:00+00:00
[2022-11-26 01:42:02,932] {processor.py:170} INFO - Processing /home/airflow/.local/lib/python3.6/site-packages/airflow/example_dags/example_skip_dag.py took 0.144 seconds
[2022-11-26 01:42:33,251] {processor.py:162} INFO - Started process (PID=1057) to work on /home/airflow/.local/lib/python3.6/site-packages/airflow/example_dags/example_skip_dag.py
[2022-11-26 01:42:33,255] {processor.py:613} INFO - Processing file /home/airflow/.local/lib/python3.6/site-packages/airflow/example_dags/example_skip_dag.py for tasks to queue
[2022-11-26 01:42:33,257] {logging_mixin.py:109} INFO - [2022-11-26 01:42:33,256] {dagbag.py:496} INFO - Filling up the DagBag from /home/airflow/.local/lib/python3.6/site-packages/airflow/example_dags/example_skip_dag.py
[2022-11-26 01:42:33,287] {processor.py:623} INFO - DAG(s) dict_keys(['example_skip_dag']) retrieved from /home/airflow/.local/lib/python3.6/site-packages/airflow/example_dags/example_skip_dag.py
[2022-11-26 01:42:33,327] {logging_mixin.py:109} INFO - [2022-11-26 01:42:33,327] {dag.py:1833} INFO - Sync 1 DAGs
[2022-11-26 01:42:33,359] {logging_mixin.py:109} INFO - [2022-11-26 01:42:33,358] {dag.py:2306} INFO - Setting next_dagrun for example_skip_dag to 2022-11-24 00:00:00+00:00
[2022-11-26 01:42:33,376] {processor.py:170} INFO - Processing /home/airflow/.local/lib/python3.6/site-packages/airflow/example_dags/example_skip_dag.py took 0.132 seconds
[2022-11-26 01:43:03,651] {processor.py:162} INFO - Started process (PID=1157) to work on /home/airflow/.local/lib/python3.6/site-packages/airflow/example_dags/example_skip_dag.py
[2022-11-26 01:43:03,654] {processor.py:613} INFO - Processing file /home/airflow/.local/lib/python3.6/site-packages/airflow/example_dags/example_skip_dag.py for tasks to queue
[2022-11-26 01:43:03,657] {logging_mixin.py:109} INFO - [2022-11-26 01:43:03,657] {dagbag.py:496} INFO - Filling up the DagBag from /home/airflow/.local/lib/python3.6/site-packages/airflow/example_dags/example_skip_dag.py
[2022-11-26 01:43:03,683] {processor.py:623} INFO - DAG(s) dict_keys(['example_skip_dag']) retrieved from /home/airflow/.local/lib/python3.6/site-packages/airflow/example_dags/example_skip_dag.py
[2022-11-26 01:43:03,723] {logging_mixin.py:109} INFO - [2022-11-26 01:43:03,723] {dag.py:1833} INFO - Sync 1 DAGs
[2022-11-26 01:43:03,755] {logging_mixin.py:109} INFO - [2022-11-26 01:43:03,755] {dag.py:2306} INFO - Setting next_dagrun for example_skip_dag to 2022-11-24 00:00:00+00:00
[2022-11-26 01:43:03,773] {processor.py:170} INFO - Processing /home/airflow/.local/lib/python3.6/site-packages/airflow/example_dags/example_skip_dag.py took 0.126 seconds
[2022-11-26 01:43:33,834] {processor.py:162} INFO - Started process (PID=1254) to work on /home/airflow/.local/lib/python3.6/site-packages/airflow/example_dags/example_skip_dag.py
[2022-11-26 01:43:33,837] {processor.py:613} INFO - Processing file /home/airflow/.local/lib/python3.6/site-packages/airflow/example_dags/example_skip_dag.py for tasks to queue
[2022-11-26 01:43:33,838] {logging_mixin.py:109} INFO - [2022-11-26 01:43:33,838] {dagbag.py:496} INFO - Filling up the DagBag from /home/airflow/.local/lib/python3.6/site-packages/airflow/example_dags/example_skip_dag.py
[2022-11-26 01:43:33,866] {processor.py:623} INFO - DAG(s) dict_keys(['example_skip_dag']) retrieved from /home/airflow/.local/lib/python3.6/site-packages/airflow/example_dags/example_skip_dag.py
[2022-11-26 01:43:33,916] {logging_mixin.py:109} INFO - [2022-11-26 01:43:33,916] {dag.py:1833} INFO - Sync 1 DAGs
[2022-11-26 01:43:33,954] {logging_mixin.py:109} INFO - [2022-11-26 01:43:33,954] {dag.py:2306} INFO - Setting next_dagrun for example_skip_dag to 2022-11-24 00:00:00+00:00
[2022-11-26 01:43:33,972] {processor.py:170} INFO - Processing /home/airflow/.local/lib/python3.6/site-packages/airflow/example_dags/example_skip_dag.py took 0.143 seconds
[2022-11-26 01:44:04,209] {processor.py:162} INFO - Started process (PID=1338) to work on /home/airflow/.local/lib/python3.6/site-packages/airflow/example_dags/example_skip_dag.py
[2022-11-26 01:44:04,213] {processor.py:613} INFO - Processing file /home/airflow/.local/lib/python3.6/site-packages/airflow/example_dags/example_skip_dag.py for tasks to queue
[2022-11-26 01:44:04,215] {logging_mixin.py:109} INFO - [2022-11-26 01:44:04,214] {dagbag.py:496} INFO - Filling up the DagBag from /home/airflow/.local/lib/python3.6/site-packages/airflow/example_dags/example_skip_dag.py
[2022-11-26 01:44:04,248] {processor.py:623} INFO - DAG(s) dict_keys(['example_skip_dag']) retrieved from /home/airflow/.local/lib/python3.6/site-packages/airflow/example_dags/example_skip_dag.py
[2022-11-26 01:44:04,292] {logging_mixin.py:109} INFO - [2022-11-26 01:44:04,292] {dag.py:1833} INFO - Sync 1 DAGs
[2022-11-26 01:44:04,327] {logging_mixin.py:109} INFO - [2022-11-26 01:44:04,327] {dag.py:2306} INFO - Setting next_dagrun for example_skip_dag to 2022-11-24 00:00:00+00:00
[2022-11-26 01:44:04,368] {processor.py:170} INFO - Processing /home/airflow/.local/lib/python3.6/site-packages/airflow/example_dags/example_skip_dag.py took 0.165 seconds
[2022-11-26 01:44:34,712] {processor.py:162} INFO - Started process (PID=1438) to work on /home/airflow/.local/lib/python3.6/site-packages/airflow/example_dags/example_skip_dag.py
[2022-11-26 01:44:34,714] {processor.py:613} INFO - Processing file /home/airflow/.local/lib/python3.6/site-packages/airflow/example_dags/example_skip_dag.py for tasks to queue
[2022-11-26 01:44:34,716] {logging_mixin.py:109} INFO - [2022-11-26 01:44:34,716] {dagbag.py:496} INFO - Filling up the DagBag from /home/airflow/.local/lib/python3.6/site-packages/airflow/example_dags/example_skip_dag.py
[2022-11-26 01:44:34,742] {processor.py:623} INFO - DAG(s) dict_keys(['example_skip_dag']) retrieved from /home/airflow/.local/lib/python3.6/site-packages/airflow/example_dags/example_skip_dag.py
[2022-11-26 01:44:34,781] {logging_mixin.py:109} INFO - [2022-11-26 01:44:34,781] {dag.py:1833} INFO - Sync 1 DAGs
[2022-11-26 01:44:34,813] {logging_mixin.py:109} INFO - [2022-11-26 01:44:34,813] {dag.py:2306} INFO - Setting next_dagrun for example_skip_dag to 2022-11-24 00:00:00+00:00
[2022-11-26 01:44:34,829] {processor.py:170} INFO - Processing /home/airflow/.local/lib/python3.6/site-packages/airflow/example_dags/example_skip_dag.py took 0.122 seconds
[2022-11-26 01:45:04,899] {processor.py:162} INFO - Started process (PID=1539) to work on /home/airflow/.local/lib/python3.6/site-packages/airflow/example_dags/example_skip_dag.py
[2022-11-26 01:45:04,902] {processor.py:613} INFO - Processing file /home/airflow/.local/lib/python3.6/site-packages/airflow/example_dags/example_skip_dag.py for tasks to queue
[2022-11-26 01:45:04,904] {logging_mixin.py:109} INFO - [2022-11-26 01:45:04,904] {dagbag.py:496} INFO - Filling up the DagBag from /home/airflow/.local/lib/python3.6/site-packages/airflow/example_dags/example_skip_dag.py
[2022-11-26 01:45:04,934] {processor.py:623} INFO - DAG(s) dict_keys(['example_skip_dag']) retrieved from /home/airflow/.local/lib/python3.6/site-packages/airflow/example_dags/example_skip_dag.py
[2022-11-26 01:45:04,975] {logging_mixin.py:109} INFO - [2022-11-26 01:45:04,975] {dag.py:1833} INFO - Sync 1 DAGs
[2022-11-26 01:45:05,009] {logging_mixin.py:109} INFO - [2022-11-26 01:45:05,009] {dag.py:2306} INFO - Setting next_dagrun for example_skip_dag to 2022-11-24 00:00:00+00:00
[2022-11-26 01:45:05,027] {processor.py:170} INFO - Processing /home/airflow/.local/lib/python3.6/site-packages/airflow/example_dags/example_skip_dag.py took 0.136 seconds
[2022-11-26 01:45:35,487] {processor.py:162} INFO - Started process (PID=1640) to work on /home/airflow/.local/lib/python3.6/site-packages/airflow/example_dags/example_skip_dag.py
[2022-11-26 01:45:35,496] {processor.py:613} INFO - Processing file /home/airflow/.local/lib/python3.6/site-packages/airflow/example_dags/example_skip_dag.py for tasks to queue
[2022-11-26 01:45:35,499] {logging_mixin.py:109} INFO - [2022-11-26 01:45:35,499] {dagbag.py:496} INFO - Filling up the DagBag from /home/airflow/.local/lib/python3.6/site-packages/airflow/example_dags/example_skip_dag.py
[2022-11-26 01:45:35,533] {processor.py:623} INFO - DAG(s) dict_keys(['example_skip_dag']) retrieved from /home/airflow/.local/lib/python3.6/site-packages/airflow/example_dags/example_skip_dag.py
[2022-11-26 01:45:35,580] {logging_mixin.py:109} INFO - [2022-11-26 01:45:35,580] {dag.py:1833} INFO - Sync 1 DAGs
[2022-11-26 01:45:35,614] {logging_mixin.py:109} INFO - [2022-11-26 01:45:35,614] {dag.py:2306} INFO - Setting next_dagrun for example_skip_dag to 2022-11-24 00:00:00+00:00
[2022-11-26 01:45:35,632] {processor.py:170} INFO - Processing /home/airflow/.local/lib/python3.6/site-packages/airflow/example_dags/example_skip_dag.py took 0.153 seconds
[2022-11-26 01:46:06,052] {processor.py:162} INFO - Started process (PID=1741) to work on /home/airflow/.local/lib/python3.6/site-packages/airflow/example_dags/example_skip_dag.py
[2022-11-26 01:46:06,055] {processor.py:613} INFO - Processing file /home/airflow/.local/lib/python3.6/site-packages/airflow/example_dags/example_skip_dag.py for tasks to queue
[2022-11-26 01:46:06,058] {logging_mixin.py:109} INFO - [2022-11-26 01:46:06,057] {dagbag.py:496} INFO - Filling up the DagBag from /home/airflow/.local/lib/python3.6/site-packages/airflow/example_dags/example_skip_dag.py
[2022-11-26 01:46:06,088] {processor.py:623} INFO - DAG(s) dict_keys(['example_skip_dag']) retrieved from /home/airflow/.local/lib/python3.6/site-packages/airflow/example_dags/example_skip_dag.py
[2022-11-26 01:46:06,136] {logging_mixin.py:109} INFO - [2022-11-26 01:46:06,136] {dag.py:1833} INFO - Sync 1 DAGs
[2022-11-26 01:46:06,177] {logging_mixin.py:109} INFO - [2022-11-26 01:46:06,176] {dag.py:2306} INFO - Setting next_dagrun for example_skip_dag to 2022-11-24 00:00:00+00:00
[2022-11-26 01:46:06,200] {processor.py:170} INFO - Processing /home/airflow/.local/lib/python3.6/site-packages/airflow/example_dags/example_skip_dag.py took 0.154 seconds
[2022-11-26 01:46:36,620] {processor.py:162} INFO - Started process (PID=1832) to work on /home/airflow/.local/lib/python3.6/site-packages/airflow/example_dags/example_skip_dag.py
[2022-11-26 01:46:36,624] {processor.py:613} INFO - Processing file /home/airflow/.local/lib/python3.6/site-packages/airflow/example_dags/example_skip_dag.py for tasks to queue
[2022-11-26 01:46:36,625] {logging_mixin.py:109} INFO - [2022-11-26 01:46:36,625] {dagbag.py:496} INFO - Filling up the DagBag from /home/airflow/.local/lib/python3.6/site-packages/airflow/example_dags/example_skip_dag.py
[2022-11-26 01:46:36,654] {processor.py:623} INFO - DAG(s) dict_keys(['example_skip_dag']) retrieved from /home/airflow/.local/lib/python3.6/site-packages/airflow/example_dags/example_skip_dag.py
[2022-11-26 01:46:36,697] {logging_mixin.py:109} INFO - [2022-11-26 01:46:36,697] {dag.py:1833} INFO - Sync 1 DAGs
[2022-11-26 01:46:36,732] {logging_mixin.py:109} INFO - [2022-11-26 01:46:36,731] {dag.py:2306} INFO - Setting next_dagrun for example_skip_dag to 2022-11-24 00:00:00+00:00
[2022-11-26 01:46:36,750] {processor.py:170} INFO - Processing /home/airflow/.local/lib/python3.6/site-packages/airflow/example_dags/example_skip_dag.py took 0.135 seconds
[2022-11-26 01:47:07,041] {processor.py:162} INFO - Started process (PID=1922) to work on /home/airflow/.local/lib/python3.6/site-packages/airflow/example_dags/example_skip_dag.py
[2022-11-26 01:47:07,043] {processor.py:613} INFO - Processing file /home/airflow/.local/lib/python3.6/site-packages/airflow/example_dags/example_skip_dag.py for tasks to queue
[2022-11-26 01:47:07,045] {logging_mixin.py:109} INFO - [2022-11-26 01:47:07,044] {dagbag.py:496} INFO - Filling up the DagBag from /home/airflow/.local/lib/python3.6/site-packages/airflow/example_dags/example_skip_dag.py
[2022-11-26 01:47:07,071] {processor.py:623} INFO - DAG(s) dict_keys(['example_skip_dag']) retrieved from /home/airflow/.local/lib/python3.6/site-packages/airflow/example_dags/example_skip_dag.py
[2022-11-26 01:47:07,112] {logging_mixin.py:109} INFO - [2022-11-26 01:47:07,112] {dag.py:1833} INFO - Sync 1 DAGs
[2022-11-26 01:47:07,144] {logging_mixin.py:109} INFO - [2022-11-26 01:47:07,144] {dag.py:2306} INFO - Setting next_dagrun for example_skip_dag to 2022-11-24 00:00:00+00:00
[2022-11-26 01:47:07,162] {processor.py:170} INFO - Processing /home/airflow/.local/lib/python3.6/site-packages/airflow/example_dags/example_skip_dag.py took 0.126 seconds
[2022-11-26 01:47:37,813] {processor.py:162} INFO - Started process (PID=2021) to work on /home/airflow/.local/lib/python3.6/site-packages/airflow/example_dags/example_skip_dag.py
[2022-11-26 01:47:37,816] {processor.py:613} INFO - Processing file /home/airflow/.local/lib/python3.6/site-packages/airflow/example_dags/example_skip_dag.py for tasks to queue
[2022-11-26 01:47:37,817] {logging_mixin.py:109} INFO - [2022-11-26 01:47:37,817] {dagbag.py:496} INFO - Filling up the DagBag from /home/airflow/.local/lib/python3.6/site-packages/airflow/example_dags/example_skip_dag.py
[2022-11-26 01:47:37,844] {processor.py:623} INFO - DAG(s) dict_keys(['example_skip_dag']) retrieved from /home/airflow/.local/lib/python3.6/site-packages/airflow/example_dags/example_skip_dag.py
[2022-11-26 01:47:37,886] {logging_mixin.py:109} INFO - [2022-11-26 01:47:37,885] {dag.py:1833} INFO - Sync 1 DAGs
[2022-11-26 01:47:37,918] {logging_mixin.py:109} INFO - [2022-11-26 01:47:37,918] {dag.py:2306} INFO - Setting next_dagrun for example_skip_dag to 2022-11-24 00:00:00+00:00
[2022-11-26 01:47:37,936] {processor.py:170} INFO - Processing /home/airflow/.local/lib/python3.6/site-packages/airflow/example_dags/example_skip_dag.py took 0.128 seconds
[2022-11-26 01:48:08,063] {processor.py:162} INFO - Started process (PID=2120) to work on /home/airflow/.local/lib/python3.6/site-packages/airflow/example_dags/example_skip_dag.py
[2022-11-26 01:48:08,065] {processor.py:613} INFO - Processing file /home/airflow/.local/lib/python3.6/site-packages/airflow/example_dags/example_skip_dag.py for tasks to queue
[2022-11-26 01:48:08,066] {logging_mixin.py:109} INFO - [2022-11-26 01:48:08,066] {dagbag.py:496} INFO - Filling up the DagBag from /home/airflow/.local/lib/python3.6/site-packages/airflow/example_dags/example_skip_dag.py
[2022-11-26 01:48:08,091] {processor.py:623} INFO - DAG(s) dict_keys(['example_skip_dag']) retrieved from /home/airflow/.local/lib/python3.6/site-packages/airflow/example_dags/example_skip_dag.py
[2022-11-26 01:48:08,130] {logging_mixin.py:109} INFO - [2022-11-26 01:48:08,130] {dag.py:1833} INFO - Sync 1 DAGs
[2022-11-26 01:48:08,161] {logging_mixin.py:109} INFO - [2022-11-26 01:48:08,160] {dag.py:2306} INFO - Setting next_dagrun for example_skip_dag to 2022-11-24 00:00:00+00:00
[2022-11-26 01:48:08,178] {processor.py:170} INFO - Processing /home/airflow/.local/lib/python3.6/site-packages/airflow/example_dags/example_skip_dag.py took 0.120 seconds
[2022-11-26 01:48:38,508] {processor.py:162} INFO - Started process (PID=2219) to work on /home/airflow/.local/lib/python3.6/site-packages/airflow/example_dags/example_skip_dag.py
[2022-11-26 01:48:38,511] {processor.py:613} INFO - Processing file /home/airflow/.local/lib/python3.6/site-packages/airflow/example_dags/example_skip_dag.py for tasks to queue
[2022-11-26 01:48:38,512] {logging_mixin.py:109} INFO - [2022-11-26 01:48:38,512] {dagbag.py:496} INFO - Filling up the DagBag from /home/airflow/.local/lib/python3.6/site-packages/airflow/example_dags/example_skip_dag.py
[2022-11-26 01:48:38,540] {processor.py:623} INFO - DAG(s) dict_keys(['example_skip_dag']) retrieved from /home/airflow/.local/lib/python3.6/site-packages/airflow/example_dags/example_skip_dag.py
[2022-11-26 01:48:38,596] {logging_mixin.py:109} INFO - [2022-11-26 01:48:38,595] {dag.py:1833} INFO - Sync 1 DAGs
[2022-11-26 01:48:38,636] {logging_mixin.py:109} INFO - [2022-11-26 01:48:38,635] {dag.py:2306} INFO - Setting next_dagrun for example_skip_dag to 2022-11-24 00:00:00+00:00
[2022-11-26 01:48:38,661] {processor.py:170} INFO - Processing /home/airflow/.local/lib/python3.6/site-packages/airflow/example_dags/example_skip_dag.py took 0.158 seconds
[2022-11-26 01:49:08,895] {processor.py:162} INFO - Started process (PID=2316) to work on /home/airflow/.local/lib/python3.6/site-packages/airflow/example_dags/example_skip_dag.py
[2022-11-26 01:49:08,897] {processor.py:613} INFO - Processing file /home/airflow/.local/lib/python3.6/site-packages/airflow/example_dags/example_skip_dag.py for tasks to queue
[2022-11-26 01:49:08,899] {logging_mixin.py:109} INFO - [2022-11-26 01:49:08,899] {dagbag.py:496} INFO - Filling up the DagBag from /home/airflow/.local/lib/python3.6/site-packages/airflow/example_dags/example_skip_dag.py
[2022-11-26 01:49:08,925] {processor.py:623} INFO - DAG(s) dict_keys(['example_skip_dag']) retrieved from /home/airflow/.local/lib/python3.6/site-packages/airflow/example_dags/example_skip_dag.py
[2022-11-26 01:49:08,966] {logging_mixin.py:109} INFO - [2022-11-26 01:49:08,966] {dag.py:1833} INFO - Sync 1 DAGs
[2022-11-26 01:49:09,002] {logging_mixin.py:109} INFO - [2022-11-26 01:49:09,002] {dag.py:2306} INFO - Setting next_dagrun for example_skip_dag to 2022-11-24 00:00:00+00:00
[2022-11-26 01:49:09,021] {processor.py:170} INFO - Processing /home/airflow/.local/lib/python3.6/site-packages/airflow/example_dags/example_skip_dag.py took 0.130 seconds
[2022-11-26 01:49:39,198] {processor.py:162} INFO - Started process (PID=2410) to work on /home/airflow/.local/lib/python3.6/site-packages/airflow/example_dags/example_skip_dag.py
[2022-11-26 01:49:39,201] {processor.py:613} INFO - Processing file /home/airflow/.local/lib/python3.6/site-packages/airflow/example_dags/example_skip_dag.py for tasks to queue
[2022-11-26 01:49:39,202] {logging_mixin.py:109} INFO - [2022-11-26 01:49:39,202] {dagbag.py:496} INFO - Filling up the DagBag from /home/airflow/.local/lib/python3.6/site-packages/airflow/example_dags/example_skip_dag.py
[2022-11-26 01:49:39,228] {processor.py:623} INFO - DAG(s) dict_keys(['example_skip_dag']) retrieved from /home/airflow/.local/lib/python3.6/site-packages/airflow/example_dags/example_skip_dag.py
[2022-11-26 01:49:39,269] {logging_mixin.py:109} INFO - [2022-11-26 01:49:39,268] {dag.py:1833} INFO - Sync 1 DAGs
[2022-11-26 01:49:39,300] {logging_mixin.py:109} INFO - [2022-11-26 01:49:39,300] {dag.py:2306} INFO - Setting next_dagrun for example_skip_dag to 2022-11-24 00:00:00+00:00
[2022-11-26 01:49:39,317] {processor.py:170} INFO - Processing /home/airflow/.local/lib/python3.6/site-packages/airflow/example_dags/example_skip_dag.py took 0.124 seconds
[2022-11-26 01:50:09,452] {processor.py:162} INFO - Started process (PID=2500) to work on /home/airflow/.local/lib/python3.6/site-packages/airflow/example_dags/example_skip_dag.py
[2022-11-26 01:50:09,455] {processor.py:613} INFO - Processing file /home/airflow/.local/lib/python3.6/site-packages/airflow/example_dags/example_skip_dag.py for tasks to queue
[2022-11-26 01:50:09,457] {logging_mixin.py:109} INFO - [2022-11-26 01:50:09,456] {dagbag.py:496} INFO - Filling up the DagBag from /home/airflow/.local/lib/python3.6/site-packages/airflow/example_dags/example_skip_dag.py
[2022-11-26 01:50:09,484] {processor.py:623} INFO - DAG(s) dict_keys(['example_skip_dag']) retrieved from /home/airflow/.local/lib/python3.6/site-packages/airflow/example_dags/example_skip_dag.py
[2022-11-26 01:50:09,534] {logging_mixin.py:109} INFO - [2022-11-26 01:50:09,534] {dag.py:1833} INFO - Sync 1 DAGs
[2022-11-26 01:50:09,573] {logging_mixin.py:109} INFO - [2022-11-26 01:50:09,572] {dag.py:2306} INFO - Setting next_dagrun for example_skip_dag to 2022-11-24 00:00:00+00:00
[2022-11-26 01:50:09,597] {processor.py:170} INFO - Processing /home/airflow/.local/lib/python3.6/site-packages/airflow/example_dags/example_skip_dag.py took 0.151 seconds
[2022-11-26 01:50:40,434] {processor.py:162} INFO - Started process (PID=2600) to work on /home/airflow/.local/lib/python3.6/site-packages/airflow/example_dags/example_skip_dag.py
[2022-11-26 01:50:40,438] {processor.py:613} INFO - Processing file /home/airflow/.local/lib/python3.6/site-packages/airflow/example_dags/example_skip_dag.py for tasks to queue
[2022-11-26 01:50:40,440] {logging_mixin.py:109} INFO - [2022-11-26 01:50:40,440] {dagbag.py:496} INFO - Filling up the DagBag from /home/airflow/.local/lib/python3.6/site-packages/airflow/example_dags/example_skip_dag.py
[2022-11-26 01:50:40,470] {processor.py:623} INFO - DAG(s) dict_keys(['example_skip_dag']) retrieved from /home/airflow/.local/lib/python3.6/site-packages/airflow/example_dags/example_skip_dag.py
[2022-11-26 01:50:40,510] {logging_mixin.py:109} INFO - [2022-11-26 01:50:40,510] {dag.py:1833} INFO - Sync 1 DAGs
[2022-11-26 01:50:40,544] {logging_mixin.py:109} INFO - [2022-11-26 01:50:40,543] {dag.py:2306} INFO - Setting next_dagrun for example_skip_dag to 2022-11-24 00:00:00+00:00
[2022-11-26 01:50:40,562] {processor.py:170} INFO - Processing /home/airflow/.local/lib/python3.6/site-packages/airflow/example_dags/example_skip_dag.py took 0.135 seconds
[2022-11-26 01:51:10,778] {processor.py:162} INFO - Started process (PID=2700) to work on /home/airflow/.local/lib/python3.6/site-packages/airflow/example_dags/example_skip_dag.py
[2022-11-26 01:51:10,781] {processor.py:613} INFO - Processing file /home/airflow/.local/lib/python3.6/site-packages/airflow/example_dags/example_skip_dag.py for tasks to queue
[2022-11-26 01:51:10,783] {logging_mixin.py:109} INFO - [2022-11-26 01:51:10,782] {dagbag.py:496} INFO - Filling up the DagBag from /home/airflow/.local/lib/python3.6/site-packages/airflow/example_dags/example_skip_dag.py
[2022-11-26 01:51:10,809] {processor.py:623} INFO - DAG(s) dict_keys(['example_skip_dag']) retrieved from /home/airflow/.local/lib/python3.6/site-packages/airflow/example_dags/example_skip_dag.py
[2022-11-26 01:51:10,851] {logging_mixin.py:109} INFO - [2022-11-26 01:51:10,850] {dag.py:1833} INFO - Sync 1 DAGs
[2022-11-26 01:51:10,884] {logging_mixin.py:109} INFO - [2022-11-26 01:51:10,884] {dag.py:2306} INFO - Setting next_dagrun for example_skip_dag to 2022-11-24 00:00:00+00:00
[2022-11-26 01:51:10,902] {processor.py:170} INFO - Processing /home/airflow/.local/lib/python3.6/site-packages/airflow/example_dags/example_skip_dag.py took 0.129 seconds
[2022-11-26 01:51:41,517] {processor.py:162} INFO - Started process (PID=2798) to work on /home/airflow/.local/lib/python3.6/site-packages/airflow/example_dags/example_skip_dag.py
[2022-11-26 01:51:41,522] {processor.py:613} INFO - Processing file /home/airflow/.local/lib/python3.6/site-packages/airflow/example_dags/example_skip_dag.py for tasks to queue
[2022-11-26 01:51:41,524] {logging_mixin.py:109} INFO - [2022-11-26 01:51:41,524] {dagbag.py:496} INFO - Filling up the DagBag from /home/airflow/.local/lib/python3.6/site-packages/airflow/example_dags/example_skip_dag.py
[2022-11-26 01:51:41,562] {processor.py:623} INFO - DAG(s) dict_keys(['example_skip_dag']) retrieved from /home/airflow/.local/lib/python3.6/site-packages/airflow/example_dags/example_skip_dag.py
[2022-11-26 01:51:41,637] {logging_mixin.py:109} INFO - [2022-11-26 01:51:41,637] {dag.py:1833} INFO - Sync 1 DAGs
[2022-11-26 01:51:41,718] {logging_mixin.py:109} INFO - [2022-11-26 01:51:41,718] {dag.py:2306} INFO - Setting next_dagrun for example_skip_dag to 2022-11-24 00:00:00+00:00
[2022-11-26 01:51:41,740] {processor.py:170} INFO - Processing /home/airflow/.local/lib/python3.6/site-packages/airflow/example_dags/example_skip_dag.py took 0.228 seconds
[2022-11-26 01:52:11,837] {processor.py:162} INFO - Started process (PID=2880) to work on /home/airflow/.local/lib/python3.6/site-packages/airflow/example_dags/example_skip_dag.py
[2022-11-26 01:52:11,844] {processor.py:613} INFO - Processing file /home/airflow/.local/lib/python3.6/site-packages/airflow/example_dags/example_skip_dag.py for tasks to queue
[2022-11-26 01:52:11,847] {logging_mixin.py:109} INFO - [2022-11-26 01:52:11,846] {dagbag.py:496} INFO - Filling up the DagBag from /home/airflow/.local/lib/python3.6/site-packages/airflow/example_dags/example_skip_dag.py
[2022-11-26 01:52:11,888] {processor.py:623} INFO - DAG(s) dict_keys(['example_skip_dag']) retrieved from /home/airflow/.local/lib/python3.6/site-packages/airflow/example_dags/example_skip_dag.py
[2022-11-26 01:52:11,987] {logging_mixin.py:109} INFO - [2022-11-26 01:52:11,986] {dag.py:1833} INFO - Sync 1 DAGs
[2022-11-26 01:52:12,050] {logging_mixin.py:109} INFO - [2022-11-26 01:52:12,050] {dag.py:2306} INFO - Setting next_dagrun for example_skip_dag to 2022-11-24 00:00:00+00:00
[2022-11-26 01:52:12,077] {processor.py:170} INFO - Processing /home/airflow/.local/lib/python3.6/site-packages/airflow/example_dags/example_skip_dag.py took 0.248 seconds
[2022-11-26 01:52:42,487] {processor.py:162} INFO - Started process (PID=2979) to work on /home/airflow/.local/lib/python3.6/site-packages/airflow/example_dags/example_skip_dag.py
[2022-11-26 01:52:42,489] {processor.py:613} INFO - Processing file /home/airflow/.local/lib/python3.6/site-packages/airflow/example_dags/example_skip_dag.py for tasks to queue
[2022-11-26 01:52:42,491] {logging_mixin.py:109} INFO - [2022-11-26 01:52:42,490] {dagbag.py:496} INFO - Filling up the DagBag from /home/airflow/.local/lib/python3.6/site-packages/airflow/example_dags/example_skip_dag.py
[2022-11-26 01:52:42,517] {processor.py:623} INFO - DAG(s) dict_keys(['example_skip_dag']) retrieved from /home/airflow/.local/lib/python3.6/site-packages/airflow/example_dags/example_skip_dag.py
[2022-11-26 01:52:42,558] {logging_mixin.py:109} INFO - [2022-11-26 01:52:42,558] {dag.py:1833} INFO - Sync 1 DAGs
[2022-11-26 01:52:42,591] {logging_mixin.py:109} INFO - [2022-11-26 01:52:42,591] {dag.py:2306} INFO - Setting next_dagrun for example_skip_dag to 2022-11-24 00:00:00+00:00
[2022-11-26 01:52:42,610] {processor.py:170} INFO - Processing /home/airflow/.local/lib/python3.6/site-packages/airflow/example_dags/example_skip_dag.py took 0.127 seconds
[2022-11-26 01:53:12,793] {processor.py:162} INFO - Started process (PID=3079) to work on /home/airflow/.local/lib/python3.6/site-packages/airflow/example_dags/example_skip_dag.py
[2022-11-26 01:53:12,796] {processor.py:613} INFO - Processing file /home/airflow/.local/lib/python3.6/site-packages/airflow/example_dags/example_skip_dag.py for tasks to queue
[2022-11-26 01:53:12,798] {logging_mixin.py:109} INFO - [2022-11-26 01:53:12,797] {dagbag.py:496} INFO - Filling up the DagBag from /home/airflow/.local/lib/python3.6/site-packages/airflow/example_dags/example_skip_dag.py
[2022-11-26 01:53:12,829] {processor.py:623} INFO - DAG(s) dict_keys(['example_skip_dag']) retrieved from /home/airflow/.local/lib/python3.6/site-packages/airflow/example_dags/example_skip_dag.py
[2022-11-26 01:53:12,869] {logging_mixin.py:109} INFO - [2022-11-26 01:53:12,869] {dag.py:1833} INFO - Sync 1 DAGs
[2022-11-26 01:53:12,901] {logging_mixin.py:109} INFO - [2022-11-26 01:53:12,900] {dag.py:2306} INFO - Setting next_dagrun for example_skip_dag to 2022-11-24 00:00:00+00:00
[2022-11-26 01:53:12,919] {processor.py:170} INFO - Processing /home/airflow/.local/lib/python3.6/site-packages/airflow/example_dags/example_skip_dag.py took 0.133 seconds
[2022-11-26 01:53:43,306] {processor.py:162} INFO - Started process (PID=3179) to work on /home/airflow/.local/lib/python3.6/site-packages/airflow/example_dags/example_skip_dag.py
[2022-11-26 01:53:43,308] {processor.py:613} INFO - Processing file /home/airflow/.local/lib/python3.6/site-packages/airflow/example_dags/example_skip_dag.py for tasks to queue
[2022-11-26 01:53:43,310] {logging_mixin.py:109} INFO - [2022-11-26 01:53:43,310] {dagbag.py:496} INFO - Filling up the DagBag from /home/airflow/.local/lib/python3.6/site-packages/airflow/example_dags/example_skip_dag.py
[2022-11-26 01:53:43,336] {processor.py:623} INFO - DAG(s) dict_keys(['example_skip_dag']) retrieved from /home/airflow/.local/lib/python3.6/site-packages/airflow/example_dags/example_skip_dag.py
[2022-11-26 01:53:43,376] {logging_mixin.py:109} INFO - [2022-11-26 01:53:43,376] {dag.py:1833} INFO - Sync 1 DAGs
[2022-11-26 01:53:43,410] {logging_mixin.py:109} INFO - [2022-11-26 01:53:43,409] {dag.py:2306} INFO - Setting next_dagrun for example_skip_dag to 2022-11-24 00:00:00+00:00
[2022-11-26 01:53:43,427] {processor.py:170} INFO - Processing /home/airflow/.local/lib/python3.6/site-packages/airflow/example_dags/example_skip_dag.py took 0.126 seconds
[2022-11-26 01:54:14,129] {processor.py:162} INFO - Started process (PID=3278) to work on /home/airflow/.local/lib/python3.6/site-packages/airflow/example_dags/example_skip_dag.py
[2022-11-26 01:54:14,131] {processor.py:613} INFO - Processing file /home/airflow/.local/lib/python3.6/site-packages/airflow/example_dags/example_skip_dag.py for tasks to queue
[2022-11-26 01:54:14,133] {logging_mixin.py:109} INFO - [2022-11-26 01:54:14,133] {dagbag.py:496} INFO - Filling up the DagBag from /home/airflow/.local/lib/python3.6/site-packages/airflow/example_dags/example_skip_dag.py
[2022-11-26 01:54:14,159] {processor.py:623} INFO - DAG(s) dict_keys(['example_skip_dag']) retrieved from /home/airflow/.local/lib/python3.6/site-packages/airflow/example_dags/example_skip_dag.py
[2022-11-26 01:54:14,201] {logging_mixin.py:109} INFO - [2022-11-26 01:54:14,201] {dag.py:1833} INFO - Sync 1 DAGs
[2022-11-26 01:54:14,235] {logging_mixin.py:109} INFO - [2022-11-26 01:54:14,234] {dag.py:2306} INFO - Setting next_dagrun for example_skip_dag to 2022-11-24 00:00:00+00:00
[2022-11-26 01:54:14,252] {processor.py:170} INFO - Processing /home/airflow/.local/lib/python3.6/site-packages/airflow/example_dags/example_skip_dag.py took 0.128 seconds
[2022-11-26 01:54:44,675] {processor.py:162} INFO - Started process (PID=3375) to work on /home/airflow/.local/lib/python3.6/site-packages/airflow/example_dags/example_skip_dag.py
[2022-11-26 01:54:44,678] {processor.py:613} INFO - Processing file /home/airflow/.local/lib/python3.6/site-packages/airflow/example_dags/example_skip_dag.py for tasks to queue
[2022-11-26 01:54:44,680] {logging_mixin.py:109} INFO - [2022-11-26 01:54:44,680] {dagbag.py:496} INFO - Filling up the DagBag from /home/airflow/.local/lib/python3.6/site-packages/airflow/example_dags/example_skip_dag.py
[2022-11-26 01:54:44,710] {processor.py:623} INFO - DAG(s) dict_keys(['example_skip_dag']) retrieved from /home/airflow/.local/lib/python3.6/site-packages/airflow/example_dags/example_skip_dag.py
[2022-11-26 01:54:44,752] {logging_mixin.py:109} INFO - [2022-11-26 01:54:44,752] {dag.py:1833} INFO - Sync 1 DAGs
[2022-11-26 01:54:44,785] {logging_mixin.py:109} INFO - [2022-11-26 01:54:44,785] {dag.py:2306} INFO - Setting next_dagrun for example_skip_dag to 2022-11-24 00:00:00+00:00
[2022-11-26 01:54:44,802] {processor.py:170} INFO - Processing /home/airflow/.local/lib/python3.6/site-packages/airflow/example_dags/example_skip_dag.py took 0.132 seconds
[2022-11-26 01:55:15,305] {processor.py:162} INFO - Started process (PID=3458) to work on /home/airflow/.local/lib/python3.6/site-packages/airflow/example_dags/example_skip_dag.py
[2022-11-26 01:55:15,308] {processor.py:613} INFO - Processing file /home/airflow/.local/lib/python3.6/site-packages/airflow/example_dags/example_skip_dag.py for tasks to queue
[2022-11-26 01:55:15,310] {logging_mixin.py:109} INFO - [2022-11-26 01:55:15,309] {dagbag.py:496} INFO - Filling up the DagBag from /home/airflow/.local/lib/python3.6/site-packages/airflow/example_dags/example_skip_dag.py
[2022-11-26 01:55:15,337] {processor.py:623} INFO - DAG(s) dict_keys(['example_skip_dag']) retrieved from /home/airflow/.local/lib/python3.6/site-packages/airflow/example_dags/example_skip_dag.py
[2022-11-26 01:55:15,384] {logging_mixin.py:109} INFO - [2022-11-26 01:55:15,384] {dag.py:1833} INFO - Sync 1 DAGs
[2022-11-26 01:55:15,422] {logging_mixin.py:109} INFO - [2022-11-26 01:55:15,422] {dag.py:2306} INFO - Setting next_dagrun for example_skip_dag to 2022-11-24 00:00:00+00:00
[2022-11-26 01:55:15,467] {processor.py:170} INFO - Processing /home/airflow/.local/lib/python3.6/site-packages/airflow/example_dags/example_skip_dag.py took 0.167 seconds
[2022-11-26 01:55:46,086] {processor.py:162} INFO - Started process (PID=3558) to work on /home/airflow/.local/lib/python3.6/site-packages/airflow/example_dags/example_skip_dag.py
[2022-11-26 01:55:46,088] {processor.py:613} INFO - Processing file /home/airflow/.local/lib/python3.6/site-packages/airflow/example_dags/example_skip_dag.py for tasks to queue
[2022-11-26 01:55:46,090] {logging_mixin.py:109} INFO - [2022-11-26 01:55:46,090] {dagbag.py:496} INFO - Filling up the DagBag from /home/airflow/.local/lib/python3.6/site-packages/airflow/example_dags/example_skip_dag.py
[2022-11-26 01:55:46,117] {processor.py:623} INFO - DAG(s) dict_keys(['example_skip_dag']) retrieved from /home/airflow/.local/lib/python3.6/site-packages/airflow/example_dags/example_skip_dag.py
[2022-11-26 01:55:46,164] {logging_mixin.py:109} INFO - [2022-11-26 01:55:46,164] {dag.py:1833} INFO - Sync 1 DAGs
[2022-11-26 01:55:46,200] {logging_mixin.py:109} INFO - [2022-11-26 01:55:46,200] {dag.py:2306} INFO - Setting next_dagrun for example_skip_dag to 2022-11-24 00:00:00+00:00
[2022-11-26 01:55:46,218] {processor.py:170} INFO - Processing /home/airflow/.local/lib/python3.6/site-packages/airflow/example_dags/example_skip_dag.py took 0.137 seconds
[2022-11-26 01:56:16,556] {processor.py:162} INFO - Started process (PID=3658) to work on /home/airflow/.local/lib/python3.6/site-packages/airflow/example_dags/example_skip_dag.py
[2022-11-26 01:56:16,560] {processor.py:613} INFO - Processing file /home/airflow/.local/lib/python3.6/site-packages/airflow/example_dags/example_skip_dag.py for tasks to queue
[2022-11-26 01:56:16,565] {logging_mixin.py:109} INFO - [2022-11-26 01:56:16,564] {dagbag.py:496} INFO - Filling up the DagBag from /home/airflow/.local/lib/python3.6/site-packages/airflow/example_dags/example_skip_dag.py
[2022-11-26 01:56:16,625] {processor.py:623} INFO - DAG(s) dict_keys(['example_skip_dag']) retrieved from /home/airflow/.local/lib/python3.6/site-packages/airflow/example_dags/example_skip_dag.py
[2022-11-26 01:56:16,685] {logging_mixin.py:109} INFO - [2022-11-26 01:56:16,685] {dag.py:1833} INFO - Sync 1 DAGs
[2022-11-26 01:56:16,723] {logging_mixin.py:109} INFO - [2022-11-26 01:56:16,723] {dag.py:2306} INFO - Setting next_dagrun for example_skip_dag to 2022-11-24 00:00:00+00:00
[2022-11-26 01:56:16,741] {processor.py:170} INFO - Processing /home/airflow/.local/lib/python3.6/site-packages/airflow/example_dags/example_skip_dag.py took 0.190 seconds
[2022-11-26 01:56:46,998] {processor.py:162} INFO - Started process (PID=3739) to work on /home/airflow/.local/lib/python3.6/site-packages/airflow/example_dags/example_skip_dag.py
[2022-11-26 01:56:47,011] {processor.py:613} INFO - Processing file /home/airflow/.local/lib/python3.6/site-packages/airflow/example_dags/example_skip_dag.py for tasks to queue
[2022-11-26 01:56:47,013] {logging_mixin.py:109} INFO - [2022-11-26 01:56:47,013] {dagbag.py:496} INFO - Filling up the DagBag from /home/airflow/.local/lib/python3.6/site-packages/airflow/example_dags/example_skip_dag.py
[2022-11-26 01:56:47,060] {processor.py:623} INFO - DAG(s) dict_keys(['example_skip_dag']) retrieved from /home/airflow/.local/lib/python3.6/site-packages/airflow/example_dags/example_skip_dag.py
[2022-11-26 01:56:47,115] {logging_mixin.py:109} INFO - [2022-11-26 01:56:47,115] {dag.py:1833} INFO - Sync 1 DAGs
[2022-11-26 01:56:47,160] {logging_mixin.py:109} INFO - [2022-11-26 01:56:47,160] {dag.py:2306} INFO - Setting next_dagrun for example_skip_dag to 2022-11-24 00:00:00+00:00
[2022-11-26 01:56:47,184] {processor.py:170} INFO - Processing /home/airflow/.local/lib/python3.6/site-packages/airflow/example_dags/example_skip_dag.py took 0.192 seconds
[2022-11-26 01:57:29,845] {processor.py:162} INFO - Started process (PID=3836) to work on /home/airflow/.local/lib/python3.6/site-packages/airflow/example_dags/example_skip_dag.py
[2022-11-26 01:57:29,856] {processor.py:613} INFO - Processing file /home/airflow/.local/lib/python3.6/site-packages/airflow/example_dags/example_skip_dag.py for tasks to queue
[2022-11-26 01:57:29,879] {logging_mixin.py:109} INFO - [2022-11-26 01:57:29,877] {dagbag.py:496} INFO - Filling up the DagBag from /home/airflow/.local/lib/python3.6/site-packages/airflow/example_dags/example_skip_dag.py
[2022-11-26 01:57:30,608] {processor.py:623} INFO - DAG(s) dict_keys(['example_skip_dag']) retrieved from /home/airflow/.local/lib/python3.6/site-packages/airflow/example_dags/example_skip_dag.py
[2022-11-26 01:57:31,978] {logging_mixin.py:109} INFO - [2022-11-26 01:57:31,966] {dag.py:1833} INFO - Sync 1 DAGs
[2022-11-26 01:57:32,613] {logging_mixin.py:109} INFO - [2022-11-26 01:57:32,586] {dag.py:2306} INFO - Setting next_dagrun for example_skip_dag to 2022-11-24 00:00:00+00:00
[2022-11-26 01:57:33,007] {processor.py:170} INFO - Processing /home/airflow/.local/lib/python3.6/site-packages/airflow/example_dags/example_skip_dag.py took 3.222 seconds
[2022-11-26 01:58:28,204] {processor.py:162} INFO - Started process (PID=3955) to work on /home/airflow/.local/lib/python3.6/site-packages/airflow/example_dags/example_skip_dag.py
[2022-11-26 01:58:28,267] {processor.py:613} INFO - Processing file /home/airflow/.local/lib/python3.6/site-packages/airflow/example_dags/example_skip_dag.py for tasks to queue
[2022-11-26 01:58:28,298] {logging_mixin.py:109} INFO - [2022-11-26 01:58:28,298] {dagbag.py:496} INFO - Filling up the DagBag from /home/airflow/.local/lib/python3.6/site-packages/airflow/example_dags/example_skip_dag.py
[2022-11-26 01:58:28,753] {processor.py:623} INFO - DAG(s) dict_keys(['example_skip_dag']) retrieved from /home/airflow/.local/lib/python3.6/site-packages/airflow/example_dags/example_skip_dag.py
[2022-11-26 01:58:29,363] {logging_mixin.py:109} INFO - [2022-11-26 01:58:29,362] {dag.py:1833} INFO - Sync 1 DAGs
[2022-11-26 01:58:29,697] {logging_mixin.py:109} INFO - [2022-11-26 01:58:29,696] {dag.py:2306} INFO - Setting next_dagrun for example_skip_dag to 2022-11-24 00:00:00+00:00
[2022-11-26 01:58:29,906] {processor.py:170} INFO - Processing /home/airflow/.local/lib/python3.6/site-packages/airflow/example_dags/example_skip_dag.py took 1.781 seconds
[2022-11-26 01:59:00,280] {processor.py:162} INFO - Started process (PID=4051) to work on /home/airflow/.local/lib/python3.6/site-packages/airflow/example_dags/example_skip_dag.py
[2022-11-26 01:59:00,290] {processor.py:613} INFO - Processing file /home/airflow/.local/lib/python3.6/site-packages/airflow/example_dags/example_skip_dag.py for tasks to queue
[2022-11-26 01:59:00,296] {logging_mixin.py:109} INFO - [2022-11-26 01:59:00,296] {dagbag.py:496} INFO - Filling up the DagBag from /home/airflow/.local/lib/python3.6/site-packages/airflow/example_dags/example_skip_dag.py
[2022-11-26 01:59:00,366] {processor.py:623} INFO - DAG(s) dict_keys(['example_skip_dag']) retrieved from /home/airflow/.local/lib/python3.6/site-packages/airflow/example_dags/example_skip_dag.py
[2022-11-26 01:59:00,528] {logging_mixin.py:109} INFO - [2022-11-26 01:59:00,527] {dag.py:1833} INFO - Sync 1 DAGs
[2022-11-26 01:59:00,637] {logging_mixin.py:109} INFO - [2022-11-26 01:59:00,636] {dag.py:2306} INFO - Setting next_dagrun for example_skip_dag to 2022-11-24 00:00:00+00:00
[2022-11-26 01:59:00,703] {processor.py:170} INFO - Processing /home/airflow/.local/lib/python3.6/site-packages/airflow/example_dags/example_skip_dag.py took 0.442 seconds
[2022-11-26 01:59:31,432] {processor.py:162} INFO - Started process (PID=4152) to work on /home/airflow/.local/lib/python3.6/site-packages/airflow/example_dags/example_skip_dag.py
[2022-11-26 01:59:31,437] {processor.py:613} INFO - Processing file /home/airflow/.local/lib/python3.6/site-packages/airflow/example_dags/example_skip_dag.py for tasks to queue
[2022-11-26 01:59:31,440] {logging_mixin.py:109} INFO - [2022-11-26 01:59:31,439] {dagbag.py:496} INFO - Filling up the DagBag from /home/airflow/.local/lib/python3.6/site-packages/airflow/example_dags/example_skip_dag.py
[2022-11-26 01:59:31,496] {processor.py:623} INFO - DAG(s) dict_keys(['example_skip_dag']) retrieved from /home/airflow/.local/lib/python3.6/site-packages/airflow/example_dags/example_skip_dag.py
[2022-11-26 01:59:31,566] {logging_mixin.py:109} INFO - [2022-11-26 01:59:31,565] {dag.py:1833} INFO - Sync 1 DAGs
[2022-11-26 01:59:31,620] {logging_mixin.py:109} INFO - [2022-11-26 01:59:31,620] {dag.py:2306} INFO - Setting next_dagrun for example_skip_dag to 2022-11-24 00:00:00+00:00
[2022-11-26 01:59:31,649] {processor.py:170} INFO - Processing /home/airflow/.local/lib/python3.6/site-packages/airflow/example_dags/example_skip_dag.py took 0.226 seconds
[2022-11-26 02:00:01,830] {processor.py:162} INFO - Started process (PID=4237) to work on /home/airflow/.local/lib/python3.6/site-packages/airflow/example_dags/example_skip_dag.py
[2022-11-26 02:00:01,833] {processor.py:613} INFO - Processing file /home/airflow/.local/lib/python3.6/site-packages/airflow/example_dags/example_skip_dag.py for tasks to queue
[2022-11-26 02:00:01,834] {logging_mixin.py:109} INFO - [2022-11-26 02:00:01,834] {dagbag.py:496} INFO - Filling up the DagBag from /home/airflow/.local/lib/python3.6/site-packages/airflow/example_dags/example_skip_dag.py
[2022-11-26 02:00:01,863] {processor.py:623} INFO - DAG(s) dict_keys(['example_skip_dag']) retrieved from /home/airflow/.local/lib/python3.6/site-packages/airflow/example_dags/example_skip_dag.py
[2022-11-26 02:00:01,907] {logging_mixin.py:109} INFO - [2022-11-26 02:00:01,907] {dag.py:1833} INFO - Sync 1 DAGs
[2022-11-26 02:00:01,944] {logging_mixin.py:109} INFO - [2022-11-26 02:00:01,944] {dag.py:2306} INFO - Setting next_dagrun for example_skip_dag to 2022-11-24 00:00:00+00:00
[2022-11-26 02:00:01,963] {processor.py:170} INFO - Processing /home/airflow/.local/lib/python3.6/site-packages/airflow/example_dags/example_skip_dag.py took 0.138 seconds
[2022-11-26 02:00:32,416] {processor.py:162} INFO - Started process (PID=4335) to work on /home/airflow/.local/lib/python3.6/site-packages/airflow/example_dags/example_skip_dag.py
[2022-11-26 02:00:32,420] {processor.py:613} INFO - Processing file /home/airflow/.local/lib/python3.6/site-packages/airflow/example_dags/example_skip_dag.py for tasks to queue
[2022-11-26 02:00:32,422] {logging_mixin.py:109} INFO - [2022-11-26 02:00:32,421] {dagbag.py:496} INFO - Filling up the DagBag from /home/airflow/.local/lib/python3.6/site-packages/airflow/example_dags/example_skip_dag.py
[2022-11-26 02:00:32,458] {processor.py:623} INFO - DAG(s) dict_keys(['example_skip_dag']) retrieved from /home/airflow/.local/lib/python3.6/site-packages/airflow/example_dags/example_skip_dag.py
[2022-11-26 02:00:32,513] {logging_mixin.py:109} INFO - [2022-11-26 02:00:32,513] {dag.py:1833} INFO - Sync 1 DAGs
[2022-11-26 02:00:32,557] {logging_mixin.py:109} INFO - [2022-11-26 02:00:32,557] {dag.py:2306} INFO - Setting next_dagrun for example_skip_dag to 2022-11-24 00:00:00+00:00
[2022-11-26 02:00:32,581] {processor.py:170} INFO - Processing /home/airflow/.local/lib/python3.6/site-packages/airflow/example_dags/example_skip_dag.py took 0.172 seconds
[2022-11-26 02:01:02,816] {processor.py:162} INFO - Started process (PID=4434) to work on /home/airflow/.local/lib/python3.6/site-packages/airflow/example_dags/example_skip_dag.py
[2022-11-26 02:01:02,820] {processor.py:613} INFO - Processing file /home/airflow/.local/lib/python3.6/site-packages/airflow/example_dags/example_skip_dag.py for tasks to queue
[2022-11-26 02:01:02,824] {logging_mixin.py:109} INFO - [2022-11-26 02:01:02,824] {dagbag.py:496} INFO - Filling up the DagBag from /home/airflow/.local/lib/python3.6/site-packages/airflow/example_dags/example_skip_dag.py
[2022-11-26 02:01:02,862] {processor.py:623} INFO - DAG(s) dict_keys(['example_skip_dag']) retrieved from /home/airflow/.local/lib/python3.6/site-packages/airflow/example_dags/example_skip_dag.py
[2022-11-26 02:01:02,930] {logging_mixin.py:109} INFO - [2022-11-26 02:01:02,929] {dag.py:1833} INFO - Sync 1 DAGs
[2022-11-26 02:01:02,988] {logging_mixin.py:109} INFO - [2022-11-26 02:01:02,987] {dag.py:2306} INFO - Setting next_dagrun for example_skip_dag to 2022-11-24 00:00:00+00:00
[2022-11-26 02:01:03,017] {processor.py:170} INFO - Processing /home/airflow/.local/lib/python3.6/site-packages/airflow/example_dags/example_skip_dag.py took 0.208 seconds
[2022-11-26 02:01:33,526] {processor.py:162} INFO - Started process (PID=4514) to work on /home/airflow/.local/lib/python3.6/site-packages/airflow/example_dags/example_skip_dag.py
[2022-11-26 02:01:33,531] {processor.py:613} INFO - Processing file /home/airflow/.local/lib/python3.6/site-packages/airflow/example_dags/example_skip_dag.py for tasks to queue
[2022-11-26 02:01:33,533] {logging_mixin.py:109} INFO - [2022-11-26 02:01:33,532] {dagbag.py:496} INFO - Filling up the DagBag from /home/airflow/.local/lib/python3.6/site-packages/airflow/example_dags/example_skip_dag.py
[2022-11-26 02:01:33,565] {processor.py:623} INFO - DAG(s) dict_keys(['example_skip_dag']) retrieved from /home/airflow/.local/lib/python3.6/site-packages/airflow/example_dags/example_skip_dag.py
[2022-11-26 02:01:33,613] {logging_mixin.py:109} INFO - [2022-11-26 02:01:33,612] {dag.py:1833} INFO - Sync 1 DAGs
[2022-11-26 02:01:33,649] {logging_mixin.py:109} INFO - [2022-11-26 02:01:33,649] {dag.py:2306} INFO - Setting next_dagrun for example_skip_dag to 2022-11-24 00:00:00+00:00
[2022-11-26 02:01:33,667] {processor.py:170} INFO - Processing /home/airflow/.local/lib/python3.6/site-packages/airflow/example_dags/example_skip_dag.py took 0.148 seconds
[2022-11-26 02:02:03,944] {processor.py:162} INFO - Started process (PID=4613) to work on /home/airflow/.local/lib/python3.6/site-packages/airflow/example_dags/example_skip_dag.py
[2022-11-26 02:02:03,948] {processor.py:613} INFO - Processing file /home/airflow/.local/lib/python3.6/site-packages/airflow/example_dags/example_skip_dag.py for tasks to queue
[2022-11-26 02:02:03,950] {logging_mixin.py:109} INFO - [2022-11-26 02:02:03,950] {dagbag.py:496} INFO - Filling up the DagBag from /home/airflow/.local/lib/python3.6/site-packages/airflow/example_dags/example_skip_dag.py
[2022-11-26 02:02:03,978] {processor.py:623} INFO - DAG(s) dict_keys(['example_skip_dag']) retrieved from /home/airflow/.local/lib/python3.6/site-packages/airflow/example_dags/example_skip_dag.py
[2022-11-26 02:02:04,020] {logging_mixin.py:109} INFO - [2022-11-26 02:02:04,020] {dag.py:1833} INFO - Sync 1 DAGs
[2022-11-26 02:02:04,052] {logging_mixin.py:109} INFO - [2022-11-26 02:02:04,052] {dag.py:2306} INFO - Setting next_dagrun for example_skip_dag to 2022-11-24 00:00:00+00:00
[2022-11-26 02:02:04,071] {processor.py:170} INFO - Processing /home/airflow/.local/lib/python3.6/site-packages/airflow/example_dags/example_skip_dag.py took 0.134 seconds
[2022-11-26 02:02:34,493] {processor.py:162} INFO - Started process (PID=4711) to work on /home/airflow/.local/lib/python3.6/site-packages/airflow/example_dags/example_skip_dag.py
[2022-11-26 02:02:34,501] {processor.py:613} INFO - Processing file /home/airflow/.local/lib/python3.6/site-packages/airflow/example_dags/example_skip_dag.py for tasks to queue
[2022-11-26 02:02:34,504] {logging_mixin.py:109} INFO - [2022-11-26 02:02:34,503] {dagbag.py:496} INFO - Filling up the DagBag from /home/airflow/.local/lib/python3.6/site-packages/airflow/example_dags/example_skip_dag.py
[2022-11-26 02:02:34,535] {processor.py:623} INFO - DAG(s) dict_keys(['example_skip_dag']) retrieved from /home/airflow/.local/lib/python3.6/site-packages/airflow/example_dags/example_skip_dag.py
[2022-11-26 02:02:34,584] {logging_mixin.py:109} INFO - [2022-11-26 02:02:34,584] {dag.py:1833} INFO - Sync 1 DAGs
[2022-11-26 02:02:34,623] {logging_mixin.py:109} INFO - [2022-11-26 02:02:34,623] {dag.py:2306} INFO - Setting next_dagrun for example_skip_dag to 2022-11-24 00:00:00+00:00
[2022-11-26 02:02:34,649] {processor.py:170} INFO - Processing /home/airflow/.local/lib/python3.6/site-packages/airflow/example_dags/example_skip_dag.py took 0.162 seconds
[2022-11-26 02:03:04,835] {processor.py:162} INFO - Started process (PID=4795) to work on /home/airflow/.local/lib/python3.6/site-packages/airflow/example_dags/example_skip_dag.py
[2022-11-26 02:03:04,838] {processor.py:613} INFO - Processing file /home/airflow/.local/lib/python3.6/site-packages/airflow/example_dags/example_skip_dag.py for tasks to queue
[2022-11-26 02:03:04,841] {logging_mixin.py:109} INFO - [2022-11-26 02:03:04,840] {dagbag.py:496} INFO - Filling up the DagBag from /home/airflow/.local/lib/python3.6/site-packages/airflow/example_dags/example_skip_dag.py
[2022-11-26 02:03:04,872] {processor.py:623} INFO - DAG(s) dict_keys(['example_skip_dag']) retrieved from /home/airflow/.local/lib/python3.6/site-packages/airflow/example_dags/example_skip_dag.py
[2022-11-26 02:03:04,911] {logging_mixin.py:109} INFO - [2022-11-26 02:03:04,911] {dag.py:1833} INFO - Sync 1 DAGs
[2022-11-26 02:03:04,943] {logging_mixin.py:109} INFO - [2022-11-26 02:03:04,943] {dag.py:2306} INFO - Setting next_dagrun for example_skip_dag to 2022-11-24 00:00:00+00:00
[2022-11-26 02:03:04,960] {processor.py:170} INFO - Processing /home/airflow/.local/lib/python3.6/site-packages/airflow/example_dags/example_skip_dag.py took 0.134 seconds
[2022-11-26 02:03:35,928] {processor.py:162} INFO - Started process (PID=4895) to work on /home/airflow/.local/lib/python3.6/site-packages/airflow/example_dags/example_skip_dag.py
[2022-11-26 02:03:35,930] {processor.py:613} INFO - Processing file /home/airflow/.local/lib/python3.6/site-packages/airflow/example_dags/example_skip_dag.py for tasks to queue
[2022-11-26 02:03:35,931] {logging_mixin.py:109} INFO - [2022-11-26 02:03:35,931] {dagbag.py:496} INFO - Filling up the DagBag from /home/airflow/.local/lib/python3.6/site-packages/airflow/example_dags/example_skip_dag.py
[2022-11-26 02:03:35,956] {processor.py:623} INFO - DAG(s) dict_keys(['example_skip_dag']) retrieved from /home/airflow/.local/lib/python3.6/site-packages/airflow/example_dags/example_skip_dag.py
[2022-11-26 02:03:35,996] {logging_mixin.py:109} INFO - [2022-11-26 02:03:35,995] {dag.py:1833} INFO - Sync 1 DAGs
[2022-11-26 02:03:36,026] {logging_mixin.py:109} INFO - [2022-11-26 02:03:36,026] {dag.py:2306} INFO - Setting next_dagrun for example_skip_dag to 2022-11-24 00:00:00+00:00
[2022-11-26 02:03:36,044] {processor.py:170} INFO - Processing /home/airflow/.local/lib/python3.6/site-packages/airflow/example_dags/example_skip_dag.py took 0.122 seconds
[2022-11-26 02:04:06,416] {processor.py:162} INFO - Started process (PID=4995) to work on /home/airflow/.local/lib/python3.6/site-packages/airflow/example_dags/example_skip_dag.py
[2022-11-26 02:04:06,419] {processor.py:613} INFO - Processing file /home/airflow/.local/lib/python3.6/site-packages/airflow/example_dags/example_skip_dag.py for tasks to queue
[2022-11-26 02:04:06,421] {logging_mixin.py:109} INFO - [2022-11-26 02:04:06,421] {dagbag.py:496} INFO - Filling up the DagBag from /home/airflow/.local/lib/python3.6/site-packages/airflow/example_dags/example_skip_dag.py
[2022-11-26 02:04:06,448] {processor.py:623} INFO - DAG(s) dict_keys(['example_skip_dag']) retrieved from /home/airflow/.local/lib/python3.6/site-packages/airflow/example_dags/example_skip_dag.py
[2022-11-26 02:04:06,492] {logging_mixin.py:109} INFO - [2022-11-26 02:04:06,492] {dag.py:1833} INFO - Sync 1 DAGs
[2022-11-26 02:04:06,526] {logging_mixin.py:109} INFO - [2022-11-26 02:04:06,526] {dag.py:2306} INFO - Setting next_dagrun for example_skip_dag to 2022-11-24 00:00:00+00:00
[2022-11-26 02:04:06,544] {processor.py:170} INFO - Processing /home/airflow/.local/lib/python3.6/site-packages/airflow/example_dags/example_skip_dag.py took 0.133 seconds
[2022-11-26 02:04:36,845] {processor.py:162} INFO - Started process (PID=5094) to work on /home/airflow/.local/lib/python3.6/site-packages/airflow/example_dags/example_skip_dag.py
[2022-11-26 02:04:36,849] {processor.py:613} INFO - Processing file /home/airflow/.local/lib/python3.6/site-packages/airflow/example_dags/example_skip_dag.py for tasks to queue
[2022-11-26 02:04:36,850] {logging_mixin.py:109} INFO - [2022-11-26 02:04:36,850] {dagbag.py:496} INFO - Filling up the DagBag from /home/airflow/.local/lib/python3.6/site-packages/airflow/example_dags/example_skip_dag.py
[2022-11-26 02:04:36,877] {processor.py:623} INFO - DAG(s) dict_keys(['example_skip_dag']) retrieved from /home/airflow/.local/lib/python3.6/site-packages/airflow/example_dags/example_skip_dag.py
[2022-11-26 02:04:36,920] {logging_mixin.py:109} INFO - [2022-11-26 02:04:36,919] {dag.py:1833} INFO - Sync 1 DAGs
[2022-11-26 02:04:36,953] {logging_mixin.py:109} INFO - [2022-11-26 02:04:36,953] {dag.py:2306} INFO - Setting next_dagrun for example_skip_dag to 2022-11-24 00:00:00+00:00
[2022-11-26 02:04:36,970] {processor.py:170} INFO - Processing /home/airflow/.local/lib/python3.6/site-packages/airflow/example_dags/example_skip_dag.py took 0.131 seconds
[2022-11-26 02:05:07,218] {processor.py:162} INFO - Started process (PID=5191) to work on /home/airflow/.local/lib/python3.6/site-packages/airflow/example_dags/example_skip_dag.py
[2022-11-26 02:05:07,223] {processor.py:613} INFO - Processing file /home/airflow/.local/lib/python3.6/site-packages/airflow/example_dags/example_skip_dag.py for tasks to queue
[2022-11-26 02:05:07,226] {logging_mixin.py:109} INFO - [2022-11-26 02:05:07,225] {dagbag.py:496} INFO - Filling up the DagBag from /home/airflow/.local/lib/python3.6/site-packages/airflow/example_dags/example_skip_dag.py
[2022-11-26 02:05:07,263] {processor.py:623} INFO - DAG(s) dict_keys(['example_skip_dag']) retrieved from /home/airflow/.local/lib/python3.6/site-packages/airflow/example_dags/example_skip_dag.py
[2022-11-26 02:05:07,328] {logging_mixin.py:109} INFO - [2022-11-26 02:05:07,327] {dag.py:1833} INFO - Sync 1 DAGs
[2022-11-26 02:05:07,381] {logging_mixin.py:109} INFO - [2022-11-26 02:05:07,380] {dag.py:2306} INFO - Setting next_dagrun for example_skip_dag to 2022-11-24 00:00:00+00:00
[2022-11-26 02:05:07,406] {processor.py:170} INFO - Processing /home/airflow/.local/lib/python3.6/site-packages/airflow/example_dags/example_skip_dag.py took 0.208 seconds
[2022-11-26 02:05:37,836] {processor.py:162} INFO - Started process (PID=5276) to work on /home/airflow/.local/lib/python3.6/site-packages/airflow/example_dags/example_skip_dag.py
[2022-11-26 02:05:37,839] {processor.py:613} INFO - Processing file /home/airflow/.local/lib/python3.6/site-packages/airflow/example_dags/example_skip_dag.py for tasks to queue
[2022-11-26 02:05:37,841] {logging_mixin.py:109} INFO - [2022-11-26 02:05:37,840] {dagbag.py:496} INFO - Filling up the DagBag from /home/airflow/.local/lib/python3.6/site-packages/airflow/example_dags/example_skip_dag.py
[2022-11-26 02:05:37,868] {processor.py:623} INFO - DAG(s) dict_keys(['example_skip_dag']) retrieved from /home/airflow/.local/lib/python3.6/site-packages/airflow/example_dags/example_skip_dag.py
[2022-11-26 02:05:37,913] {logging_mixin.py:109} INFO - [2022-11-26 02:05:37,912] {dag.py:1833} INFO - Sync 1 DAGs
[2022-11-26 02:05:37,947] {logging_mixin.py:109} INFO - [2022-11-26 02:05:37,946] {dag.py:2306} INFO - Setting next_dagrun for example_skip_dag to 2022-11-24 00:00:00+00:00
[2022-11-26 02:05:37,967] {processor.py:170} INFO - Processing /home/airflow/.local/lib/python3.6/site-packages/airflow/example_dags/example_skip_dag.py took 0.137 seconds
[2022-11-26 02:06:08,429] {processor.py:162} INFO - Started process (PID=5377) to work on /home/airflow/.local/lib/python3.6/site-packages/airflow/example_dags/example_skip_dag.py
[2022-11-26 02:06:08,439] {processor.py:613} INFO - Processing file /home/airflow/.local/lib/python3.6/site-packages/airflow/example_dags/example_skip_dag.py for tasks to queue
[2022-11-26 02:06:08,443] {logging_mixin.py:109} INFO - [2022-11-26 02:06:08,442] {dagbag.py:496} INFO - Filling up the DagBag from /home/airflow/.local/lib/python3.6/site-packages/airflow/example_dags/example_skip_dag.py
[2022-11-26 02:06:08,489] {processor.py:623} INFO - DAG(s) dict_keys(['example_skip_dag']) retrieved from /home/airflow/.local/lib/python3.6/site-packages/airflow/example_dags/example_skip_dag.py
[2022-11-26 02:06:08,557] {logging_mixin.py:109} INFO - [2022-11-26 02:06:08,557] {dag.py:1833} INFO - Sync 1 DAGs
[2022-11-26 02:06:08,614] {logging_mixin.py:109} INFO - [2022-11-26 02:06:08,614] {dag.py:2306} INFO - Setting next_dagrun for example_skip_dag to 2022-11-24 00:00:00+00:00
[2022-11-26 02:06:08,647] {processor.py:170} INFO - Processing /home/airflow/.local/lib/python3.6/site-packages/airflow/example_dags/example_skip_dag.py took 0.248 seconds
