[2022-11-26 01:37:30,644] {processor.py:162} INFO - Started process (PID=135) to work on /home/airflow/.local/lib/python3.6/site-packages/airflow/example_dags/example_latest_only.py
[2022-11-26 01:37:30,655] {processor.py:613} INFO - Processing file /home/airflow/.local/lib/python3.6/site-packages/airflow/example_dags/example_latest_only.py for tasks to queue
[2022-11-26 01:37:30,660] {logging_mixin.py:109} INFO - [2022-11-26 01:37:30,659] {dagbag.py:496} INFO - Filling up the DagBag from /home/airflow/.local/lib/python3.6/site-packages/airflow/example_dags/example_latest_only.py
[2022-11-26 01:37:30,785] {processor.py:623} INFO - DAG(s) dict_keys(['latest_only']) retrieved from /home/airflow/.local/lib/python3.6/site-packages/airflow/example_dags/example_latest_only.py
[2022-11-26 01:37:33,336] {logging_mixin.py:109} INFO - [2022-11-26 01:37:33,336] {dag.py:1833} INFO - Sync 1 DAGs
[2022-11-26 01:37:33,475] {logging_mixin.py:109} INFO - [2022-11-26 01:37:33,474] {dag.py:2306} INFO - Setting next_dagrun for latest_only to 2022-11-24 00:00:00+00:00
[2022-11-26 01:37:33,588] {processor.py:170} INFO - Processing /home/airflow/.local/lib/python3.6/site-packages/airflow/example_dags/example_latest_only.py took 2.956 seconds
[2022-11-26 01:38:09,078] {processor.py:162} INFO - Started process (PID=225) to work on /home/airflow/.local/lib/python3.6/site-packages/airflow/example_dags/example_latest_only.py
[2022-11-26 01:38:09,083] {processor.py:613} INFO - Processing file /home/airflow/.local/lib/python3.6/site-packages/airflow/example_dags/example_latest_only.py for tasks to queue
[2022-11-26 01:38:09,088] {logging_mixin.py:109} INFO - [2022-11-26 01:38:09,087] {dagbag.py:496} INFO - Filling up the DagBag from /home/airflow/.local/lib/python3.6/site-packages/airflow/example_dags/example_latest_only.py
[2022-11-26 01:38:09,158] {processor.py:623} INFO - DAG(s) dict_keys(['latest_only']) retrieved from /home/airflow/.local/lib/python3.6/site-packages/airflow/example_dags/example_latest_only.py
[2022-11-26 01:38:09,284] {logging_mixin.py:109} INFO - [2022-11-26 01:38:09,284] {dag.py:1833} INFO - Sync 1 DAGs
[2022-11-26 01:38:09,364] {logging_mixin.py:109} INFO - [2022-11-26 01:38:09,363] {dag.py:2306} INFO - Setting next_dagrun for latest_only to 2022-11-24 00:00:00+00:00
[2022-11-26 01:38:09,410] {processor.py:170} INFO - Processing /home/airflow/.local/lib/python3.6/site-packages/airflow/example_dags/example_latest_only.py took 0.342 seconds
[2022-11-26 01:38:39,615] {processor.py:162} INFO - Started process (PID=323) to work on /home/airflow/.local/lib/python3.6/site-packages/airflow/example_dags/example_latest_only.py
[2022-11-26 01:38:39,619] {processor.py:613} INFO - Processing file /home/airflow/.local/lib/python3.6/site-packages/airflow/example_dags/example_latest_only.py for tasks to queue
[2022-11-26 01:38:39,621] {logging_mixin.py:109} INFO - [2022-11-26 01:38:39,620] {dagbag.py:496} INFO - Filling up the DagBag from /home/airflow/.local/lib/python3.6/site-packages/airflow/example_dags/example_latest_only.py
[2022-11-26 01:38:39,649] {processor.py:623} INFO - DAG(s) dict_keys(['latest_only']) retrieved from /home/airflow/.local/lib/python3.6/site-packages/airflow/example_dags/example_latest_only.py
[2022-11-26 01:38:39,689] {logging_mixin.py:109} INFO - [2022-11-26 01:38:39,688] {dag.py:1833} INFO - Sync 1 DAGs
[2022-11-26 01:38:39,721] {logging_mixin.py:109} INFO - [2022-11-26 01:38:39,721] {dag.py:2306} INFO - Setting next_dagrun for latest_only to 2022-11-24 00:00:00+00:00
[2022-11-26 01:38:39,739] {processor.py:170} INFO - Processing /home/airflow/.local/lib/python3.6/site-packages/airflow/example_dags/example_latest_only.py took 0.132 seconds
[2022-11-26 01:39:09,788] {processor.py:162} INFO - Started process (PID=421) to work on /home/airflow/.local/lib/python3.6/site-packages/airflow/example_dags/example_latest_only.py
[2022-11-26 01:39:09,791] {processor.py:613} INFO - Processing file /home/airflow/.local/lib/python3.6/site-packages/airflow/example_dags/example_latest_only.py for tasks to queue
[2022-11-26 01:39:09,793] {logging_mixin.py:109} INFO - [2022-11-26 01:39:09,792] {dagbag.py:496} INFO - Filling up the DagBag from /home/airflow/.local/lib/python3.6/site-packages/airflow/example_dags/example_latest_only.py
[2022-11-26 01:39:09,819] {processor.py:623} INFO - DAG(s) dict_keys(['latest_only']) retrieved from /home/airflow/.local/lib/python3.6/site-packages/airflow/example_dags/example_latest_only.py
[2022-11-26 01:39:09,861] {logging_mixin.py:109} INFO - [2022-11-26 01:39:09,861] {dag.py:1833} INFO - Sync 1 DAGs
[2022-11-26 01:39:09,898] {logging_mixin.py:109} INFO - [2022-11-26 01:39:09,898] {dag.py:2306} INFO - Setting next_dagrun for latest_only to 2022-11-24 00:00:00+00:00
[2022-11-26 01:39:09,919] {processor.py:170} INFO - Processing /home/airflow/.local/lib/python3.6/site-packages/airflow/example_dags/example_latest_only.py took 0.136 seconds
[2022-11-26 01:39:40,229] {processor.py:162} INFO - Started process (PID=521) to work on /home/airflow/.local/lib/python3.6/site-packages/airflow/example_dags/example_latest_only.py
[2022-11-26 01:39:40,232] {processor.py:613} INFO - Processing file /home/airflow/.local/lib/python3.6/site-packages/airflow/example_dags/example_latest_only.py for tasks to queue
[2022-11-26 01:39:40,234] {logging_mixin.py:109} INFO - [2022-11-26 01:39:40,234] {dagbag.py:496} INFO - Filling up the DagBag from /home/airflow/.local/lib/python3.6/site-packages/airflow/example_dags/example_latest_only.py
[2022-11-26 01:39:40,260] {processor.py:623} INFO - DAG(s) dict_keys(['latest_only']) retrieved from /home/airflow/.local/lib/python3.6/site-packages/airflow/example_dags/example_latest_only.py
[2022-11-26 01:39:40,301] {logging_mixin.py:109} INFO - [2022-11-26 01:39:40,300] {dag.py:1833} INFO - Sync 1 DAGs
[2022-11-26 01:39:40,334] {logging_mixin.py:109} INFO - [2022-11-26 01:39:40,334] {dag.py:2306} INFO - Setting next_dagrun for latest_only to 2022-11-24 00:00:00+00:00
[2022-11-26 01:39:40,353] {processor.py:170} INFO - Processing /home/airflow/.local/lib/python3.6/site-packages/airflow/example_dags/example_latest_only.py took 0.130 seconds
[2022-11-26 01:40:10,865] {processor.py:162} INFO - Started process (PID=611) to work on /home/airflow/.local/lib/python3.6/site-packages/airflow/example_dags/example_latest_only.py
[2022-11-26 01:40:10,868] {processor.py:613} INFO - Processing file /home/airflow/.local/lib/python3.6/site-packages/airflow/example_dags/example_latest_only.py for tasks to queue
[2022-11-26 01:40:10,869] {logging_mixin.py:109} INFO - [2022-11-26 01:40:10,869] {dagbag.py:496} INFO - Filling up the DagBag from /home/airflow/.local/lib/python3.6/site-packages/airflow/example_dags/example_latest_only.py
[2022-11-26 01:40:10,896] {processor.py:623} INFO - DAG(s) dict_keys(['latest_only']) retrieved from /home/airflow/.local/lib/python3.6/site-packages/airflow/example_dags/example_latest_only.py
[2022-11-26 01:40:10,935] {logging_mixin.py:109} INFO - [2022-11-26 01:40:10,935] {dag.py:1833} INFO - Sync 1 DAGs
[2022-11-26 01:40:10,968] {logging_mixin.py:109} INFO - [2022-11-26 01:40:10,968] {dag.py:2306} INFO - Setting next_dagrun for latest_only to 2022-11-24 00:00:00+00:00
[2022-11-26 01:40:10,987] {processor.py:170} INFO - Processing /home/airflow/.local/lib/python3.6/site-packages/airflow/example_dags/example_latest_only.py took 0.128 seconds
[2022-11-26 01:40:41,095] {processor.py:162} INFO - Started process (PID=700) to work on /home/airflow/.local/lib/python3.6/site-packages/airflow/example_dags/example_latest_only.py
[2022-11-26 01:40:41,101] {processor.py:613} INFO - Processing file /home/airflow/.local/lib/python3.6/site-packages/airflow/example_dags/example_latest_only.py for tasks to queue
[2022-11-26 01:40:41,103] {logging_mixin.py:109} INFO - [2022-11-26 01:40:41,103] {dagbag.py:496} INFO - Filling up the DagBag from /home/airflow/.local/lib/python3.6/site-packages/airflow/example_dags/example_latest_only.py
[2022-11-26 01:40:41,137] {processor.py:623} INFO - DAG(s) dict_keys(['latest_only']) retrieved from /home/airflow/.local/lib/python3.6/site-packages/airflow/example_dags/example_latest_only.py
[2022-11-26 01:40:41,184] {logging_mixin.py:109} INFO - [2022-11-26 01:40:41,184] {dag.py:1833} INFO - Sync 1 DAGs
[2022-11-26 01:40:41,221] {logging_mixin.py:109} INFO - [2022-11-26 01:40:41,220] {dag.py:2306} INFO - Setting next_dagrun for latest_only to 2022-11-24 00:00:00+00:00
[2022-11-26 01:40:41,242] {processor.py:170} INFO - Processing /home/airflow/.local/lib/python3.6/site-packages/airflow/example_dags/example_latest_only.py took 0.157 seconds
[2022-11-26 01:41:11,817] {processor.py:162} INFO - Started process (PID=801) to work on /home/airflow/.local/lib/python3.6/site-packages/airflow/example_dags/example_latest_only.py
[2022-11-26 01:41:11,821] {processor.py:613} INFO - Processing file /home/airflow/.local/lib/python3.6/site-packages/airflow/example_dags/example_latest_only.py for tasks to queue
[2022-11-26 01:41:11,823] {logging_mixin.py:109} INFO - [2022-11-26 01:41:11,823] {dagbag.py:496} INFO - Filling up the DagBag from /home/airflow/.local/lib/python3.6/site-packages/airflow/example_dags/example_latest_only.py
[2022-11-26 01:41:11,858] {processor.py:623} INFO - DAG(s) dict_keys(['latest_only']) retrieved from /home/airflow/.local/lib/python3.6/site-packages/airflow/example_dags/example_latest_only.py
[2022-11-26 01:41:11,897] {logging_mixin.py:109} INFO - [2022-11-26 01:41:11,897] {dag.py:1833} INFO - Sync 1 DAGs
[2022-11-26 01:41:11,931] {logging_mixin.py:109} INFO - [2022-11-26 01:41:11,931] {dag.py:2306} INFO - Setting next_dagrun for latest_only to 2022-11-24 00:00:00+00:00
[2022-11-26 01:41:11,949] {processor.py:170} INFO - Processing /home/airflow/.local/lib/python3.6/site-packages/airflow/example_dags/example_latest_only.py took 0.142 seconds
[2022-11-26 01:41:42,353] {processor.py:162} INFO - Started process (PID=901) to work on /home/airflow/.local/lib/python3.6/site-packages/airflow/example_dags/example_latest_only.py
[2022-11-26 01:41:42,355] {processor.py:613} INFO - Processing file /home/airflow/.local/lib/python3.6/site-packages/airflow/example_dags/example_latest_only.py for tasks to queue
[2022-11-26 01:41:42,357] {logging_mixin.py:109} INFO - [2022-11-26 01:41:42,357] {dagbag.py:496} INFO - Filling up the DagBag from /home/airflow/.local/lib/python3.6/site-packages/airflow/example_dags/example_latest_only.py
[2022-11-26 01:41:42,383] {processor.py:623} INFO - DAG(s) dict_keys(['latest_only']) retrieved from /home/airflow/.local/lib/python3.6/site-packages/airflow/example_dags/example_latest_only.py
[2022-11-26 01:41:42,424] {logging_mixin.py:109} INFO - [2022-11-26 01:41:42,423] {dag.py:1833} INFO - Sync 1 DAGs
[2022-11-26 01:41:42,455] {logging_mixin.py:109} INFO - [2022-11-26 01:41:42,455] {dag.py:2306} INFO - Setting next_dagrun for latest_only to 2022-11-24 00:00:00+00:00
[2022-11-26 01:41:42,474] {processor.py:170} INFO - Processing /home/airflow/.local/lib/python3.6/site-packages/airflow/example_dags/example_latest_only.py took 0.126 seconds
[2022-11-26 01:42:13,084] {processor.py:162} INFO - Started process (PID=1001) to work on /home/airflow/.local/lib/python3.6/site-packages/airflow/example_dags/example_latest_only.py
[2022-11-26 01:42:13,087] {processor.py:613} INFO - Processing file /home/airflow/.local/lib/python3.6/site-packages/airflow/example_dags/example_latest_only.py for tasks to queue
[2022-11-26 01:42:13,088] {logging_mixin.py:109} INFO - [2022-11-26 01:42:13,088] {dagbag.py:496} INFO - Filling up the DagBag from /home/airflow/.local/lib/python3.6/site-packages/airflow/example_dags/example_latest_only.py
[2022-11-26 01:42:13,113] {processor.py:623} INFO - DAG(s) dict_keys(['latest_only']) retrieved from /home/airflow/.local/lib/python3.6/site-packages/airflow/example_dags/example_latest_only.py
[2022-11-26 01:42:13,151] {logging_mixin.py:109} INFO - [2022-11-26 01:42:13,151] {dag.py:1833} INFO - Sync 1 DAGs
[2022-11-26 01:42:13,183] {logging_mixin.py:109} INFO - [2022-11-26 01:42:13,182] {dag.py:2306} INFO - Setting next_dagrun for latest_only to 2022-11-24 00:00:00+00:00
[2022-11-26 01:42:13,201] {processor.py:170} INFO - Processing /home/airflow/.local/lib/python3.6/site-packages/airflow/example_dags/example_latest_only.py took 0.122 seconds
[2022-11-26 01:42:43,548] {processor.py:162} INFO - Started process (PID=1098) to work on /home/airflow/.local/lib/python3.6/site-packages/airflow/example_dags/example_latest_only.py
[2022-11-26 01:42:43,551] {processor.py:613} INFO - Processing file /home/airflow/.local/lib/python3.6/site-packages/airflow/example_dags/example_latest_only.py for tasks to queue
[2022-11-26 01:42:43,552] {logging_mixin.py:109} INFO - [2022-11-26 01:42:43,552] {dagbag.py:496} INFO - Filling up the DagBag from /home/airflow/.local/lib/python3.6/site-packages/airflow/example_dags/example_latest_only.py
[2022-11-26 01:42:43,579] {processor.py:623} INFO - DAG(s) dict_keys(['latest_only']) retrieved from /home/airflow/.local/lib/python3.6/site-packages/airflow/example_dags/example_latest_only.py
[2022-11-26 01:42:43,622] {logging_mixin.py:109} INFO - [2022-11-26 01:42:43,621] {dag.py:1833} INFO - Sync 1 DAGs
[2022-11-26 01:42:43,654] {logging_mixin.py:109} INFO - [2022-11-26 01:42:43,654] {dag.py:2306} INFO - Setting next_dagrun for latest_only to 2022-11-24 00:00:00+00:00
[2022-11-26 01:42:43,673] {processor.py:170} INFO - Processing /home/airflow/.local/lib/python3.6/site-packages/airflow/example_dags/example_latest_only.py took 0.130 seconds
[2022-11-26 01:43:14,184] {processor.py:162} INFO - Started process (PID=1193) to work on /home/airflow/.local/lib/python3.6/site-packages/airflow/example_dags/example_latest_only.py
[2022-11-26 01:43:14,188] {processor.py:613} INFO - Processing file /home/airflow/.local/lib/python3.6/site-packages/airflow/example_dags/example_latest_only.py for tasks to queue
[2022-11-26 01:43:14,189] {logging_mixin.py:109} INFO - [2022-11-26 01:43:14,189] {dagbag.py:496} INFO - Filling up the DagBag from /home/airflow/.local/lib/python3.6/site-packages/airflow/example_dags/example_latest_only.py
[2022-11-26 01:43:14,215] {processor.py:623} INFO - DAG(s) dict_keys(['latest_only']) retrieved from /home/airflow/.local/lib/python3.6/site-packages/airflow/example_dags/example_latest_only.py
[2022-11-26 01:43:14,255] {logging_mixin.py:109} INFO - [2022-11-26 01:43:14,254] {dag.py:1833} INFO - Sync 1 DAGs
[2022-11-26 01:43:14,289] {logging_mixin.py:109} INFO - [2022-11-26 01:43:14,289] {dag.py:2306} INFO - Setting next_dagrun for latest_only to 2022-11-24 00:00:00+00:00
[2022-11-26 01:43:14,308] {processor.py:170} INFO - Processing /home/airflow/.local/lib/python3.6/site-packages/airflow/example_dags/example_latest_only.py took 0.128 seconds
[2022-11-26 01:43:44,733] {processor.py:162} INFO - Started process (PID=1283) to work on /home/airflow/.local/lib/python3.6/site-packages/airflow/example_dags/example_latest_only.py
[2022-11-26 01:43:44,736] {processor.py:613} INFO - Processing file /home/airflow/.local/lib/python3.6/site-packages/airflow/example_dags/example_latest_only.py for tasks to queue
[2022-11-26 01:43:44,738] {logging_mixin.py:109} INFO - [2022-11-26 01:43:44,738] {dagbag.py:496} INFO - Filling up the DagBag from /home/airflow/.local/lib/python3.6/site-packages/airflow/example_dags/example_latest_only.py
[2022-11-26 01:43:44,764] {processor.py:623} INFO - DAG(s) dict_keys(['latest_only']) retrieved from /home/airflow/.local/lib/python3.6/site-packages/airflow/example_dags/example_latest_only.py
[2022-11-26 01:43:44,801] {logging_mixin.py:109} INFO - [2022-11-26 01:43:44,801] {dag.py:1833} INFO - Sync 1 DAGs
[2022-11-26 01:43:44,832] {logging_mixin.py:109} INFO - [2022-11-26 01:43:44,832] {dag.py:2306} INFO - Setting next_dagrun for latest_only to 2022-11-24 00:00:00+00:00
[2022-11-26 01:43:44,850] {processor.py:170} INFO - Processing /home/airflow/.local/lib/python3.6/site-packages/airflow/example_dags/example_latest_only.py took 0.123 seconds
[2022-11-26 01:44:15,330] {processor.py:162} INFO - Started process (PID=1383) to work on /home/airflow/.local/lib/python3.6/site-packages/airflow/example_dags/example_latest_only.py
[2022-11-26 01:44:15,332] {processor.py:613} INFO - Processing file /home/airflow/.local/lib/python3.6/site-packages/airflow/example_dags/example_latest_only.py for tasks to queue
[2022-11-26 01:44:15,334] {logging_mixin.py:109} INFO - [2022-11-26 01:44:15,334] {dagbag.py:496} INFO - Filling up the DagBag from /home/airflow/.local/lib/python3.6/site-packages/airflow/example_dags/example_latest_only.py
[2022-11-26 01:44:15,361] {processor.py:623} INFO - DAG(s) dict_keys(['latest_only']) retrieved from /home/airflow/.local/lib/python3.6/site-packages/airflow/example_dags/example_latest_only.py
[2022-11-26 01:44:15,402] {logging_mixin.py:109} INFO - [2022-11-26 01:44:15,401] {dag.py:1833} INFO - Sync 1 DAGs
[2022-11-26 01:44:15,436] {logging_mixin.py:109} INFO - [2022-11-26 01:44:15,435] {dag.py:2306} INFO - Setting next_dagrun for latest_only to 2022-11-24 00:00:00+00:00
[2022-11-26 01:44:15,455] {processor.py:170} INFO - Processing /home/airflow/.local/lib/python3.6/site-packages/airflow/example_dags/example_latest_only.py took 0.130 seconds
[2022-11-26 01:44:45,609] {processor.py:162} INFO - Started process (PID=1477) to work on /home/airflow/.local/lib/python3.6/site-packages/airflow/example_dags/example_latest_only.py
[2022-11-26 01:44:45,612] {processor.py:613} INFO - Processing file /home/airflow/.local/lib/python3.6/site-packages/airflow/example_dags/example_latest_only.py for tasks to queue
[2022-11-26 01:44:45,615] {logging_mixin.py:109} INFO - [2022-11-26 01:44:45,614] {dagbag.py:496} INFO - Filling up the DagBag from /home/airflow/.local/lib/python3.6/site-packages/airflow/example_dags/example_latest_only.py
[2022-11-26 01:44:45,645] {processor.py:623} INFO - DAG(s) dict_keys(['latest_only']) retrieved from /home/airflow/.local/lib/python3.6/site-packages/airflow/example_dags/example_latest_only.py
[2022-11-26 01:44:45,685] {logging_mixin.py:109} INFO - [2022-11-26 01:44:45,685] {dag.py:1833} INFO - Sync 1 DAGs
[2022-11-26 01:44:45,718] {logging_mixin.py:109} INFO - [2022-11-26 01:44:45,717] {dag.py:2306} INFO - Setting next_dagrun for latest_only to 2022-11-24 00:00:00+00:00
[2022-11-26 01:44:45,736] {processor.py:170} INFO - Processing /home/airflow/.local/lib/python3.6/site-packages/airflow/example_dags/example_latest_only.py took 0.136 seconds
[2022-11-26 01:45:15,799] {processor.py:162} INFO - Started process (PID=1579) to work on /home/airflow/.local/lib/python3.6/site-packages/airflow/example_dags/example_latest_only.py
[2022-11-26 01:45:15,801] {processor.py:613} INFO - Processing file /home/airflow/.local/lib/python3.6/site-packages/airflow/example_dags/example_latest_only.py for tasks to queue
[2022-11-26 01:45:15,803] {logging_mixin.py:109} INFO - [2022-11-26 01:45:15,803] {dagbag.py:496} INFO - Filling up the DagBag from /home/airflow/.local/lib/python3.6/site-packages/airflow/example_dags/example_latest_only.py
[2022-11-26 01:45:15,828] {processor.py:623} INFO - DAG(s) dict_keys(['latest_only']) retrieved from /home/airflow/.local/lib/python3.6/site-packages/airflow/example_dags/example_latest_only.py
[2022-11-26 01:45:15,866] {logging_mixin.py:109} INFO - [2022-11-26 01:45:15,866] {dag.py:1833} INFO - Sync 1 DAGs
[2022-11-26 01:45:15,899] {logging_mixin.py:109} INFO - [2022-11-26 01:45:15,898] {dag.py:2306} INFO - Setting next_dagrun for latest_only to 2022-11-24 00:00:00+00:00
[2022-11-26 01:45:15,917] {processor.py:170} INFO - Processing /home/airflow/.local/lib/python3.6/site-packages/airflow/example_dags/example_latest_only.py took 0.123 seconds
[2022-11-26 01:45:46,417] {processor.py:162} INFO - Started process (PID=1677) to work on /home/airflow/.local/lib/python3.6/site-packages/airflow/example_dags/example_latest_only.py
[2022-11-26 01:45:46,420] {processor.py:613} INFO - Processing file /home/airflow/.local/lib/python3.6/site-packages/airflow/example_dags/example_latest_only.py for tasks to queue
[2022-11-26 01:45:46,422] {logging_mixin.py:109} INFO - [2022-11-26 01:45:46,421] {dagbag.py:496} INFO - Filling up the DagBag from /home/airflow/.local/lib/python3.6/site-packages/airflow/example_dags/example_latest_only.py
[2022-11-26 01:45:46,447] {processor.py:623} INFO - DAG(s) dict_keys(['latest_only']) retrieved from /home/airflow/.local/lib/python3.6/site-packages/airflow/example_dags/example_latest_only.py
[2022-11-26 01:45:46,487] {logging_mixin.py:109} INFO - [2022-11-26 01:45:46,487] {dag.py:1833} INFO - Sync 1 DAGs
[2022-11-26 01:45:46,521] {logging_mixin.py:109} INFO - [2022-11-26 01:45:46,520] {dag.py:2306} INFO - Setting next_dagrun for latest_only to 2022-11-24 00:00:00+00:00
[2022-11-26 01:45:46,540] {processor.py:170} INFO - Processing /home/airflow/.local/lib/python3.6/site-packages/airflow/example_dags/example_latest_only.py took 0.128 seconds
[2022-11-26 01:46:17,158] {processor.py:162} INFO - Started process (PID=1761) to work on /home/airflow/.local/lib/python3.6/site-packages/airflow/example_dags/example_latest_only.py
[2022-11-26 01:46:17,162] {processor.py:613} INFO - Processing file /home/airflow/.local/lib/python3.6/site-packages/airflow/example_dags/example_latest_only.py for tasks to queue
[2022-11-26 01:46:17,164] {logging_mixin.py:109} INFO - [2022-11-26 01:46:17,164] {dagbag.py:496} INFO - Filling up the DagBag from /home/airflow/.local/lib/python3.6/site-packages/airflow/example_dags/example_latest_only.py
[2022-11-26 01:46:17,196] {processor.py:623} INFO - DAG(s) dict_keys(['latest_only']) retrieved from /home/airflow/.local/lib/python3.6/site-packages/airflow/example_dags/example_latest_only.py
[2022-11-26 01:46:17,235] {logging_mixin.py:109} INFO - [2022-11-26 01:46:17,235] {dag.py:1833} INFO - Sync 1 DAGs
[2022-11-26 01:46:17,266] {logging_mixin.py:109} INFO - [2022-11-26 01:46:17,266] {dag.py:2306} INFO - Setting next_dagrun for latest_only to 2022-11-24 00:00:00+00:00
[2022-11-26 01:46:17,284] {processor.py:170} INFO - Processing /home/airflow/.local/lib/python3.6/site-packages/airflow/example_dags/example_latest_only.py took 0.135 seconds
[2022-11-26 01:46:47,317] {processor.py:162} INFO - Started process (PID=1861) to work on /home/airflow/.local/lib/python3.6/site-packages/airflow/example_dags/example_latest_only.py
[2022-11-26 01:46:47,320] {processor.py:613} INFO - Processing file /home/airflow/.local/lib/python3.6/site-packages/airflow/example_dags/example_latest_only.py for tasks to queue
[2022-11-26 01:46:47,322] {logging_mixin.py:109} INFO - [2022-11-26 01:46:47,321] {dagbag.py:496} INFO - Filling up the DagBag from /home/airflow/.local/lib/python3.6/site-packages/airflow/example_dags/example_latest_only.py
[2022-11-26 01:46:47,347] {processor.py:623} INFO - DAG(s) dict_keys(['latest_only']) retrieved from /home/airflow/.local/lib/python3.6/site-packages/airflow/example_dags/example_latest_only.py
[2022-11-26 01:46:47,387] {logging_mixin.py:109} INFO - [2022-11-26 01:46:47,387] {dag.py:1833} INFO - Sync 1 DAGs
[2022-11-26 01:46:47,420] {logging_mixin.py:109} INFO - [2022-11-26 01:46:47,420] {dag.py:2306} INFO - Setting next_dagrun for latest_only to 2022-11-24 00:00:00+00:00
[2022-11-26 01:46:47,438] {processor.py:170} INFO - Processing /home/airflow/.local/lib/python3.6/site-packages/airflow/example_dags/example_latest_only.py took 0.126 seconds
[2022-11-26 01:47:17,882] {processor.py:162} INFO - Started process (PID=1961) to work on /home/airflow/.local/lib/python3.6/site-packages/airflow/example_dags/example_latest_only.py
[2022-11-26 01:47:17,885] {processor.py:613} INFO - Processing file /home/airflow/.local/lib/python3.6/site-packages/airflow/example_dags/example_latest_only.py for tasks to queue
[2022-11-26 01:47:17,887] {logging_mixin.py:109} INFO - [2022-11-26 01:47:17,886] {dagbag.py:496} INFO - Filling up the DagBag from /home/airflow/.local/lib/python3.6/site-packages/airflow/example_dags/example_latest_only.py
[2022-11-26 01:47:17,912] {processor.py:623} INFO - DAG(s) dict_keys(['latest_only']) retrieved from /home/airflow/.local/lib/python3.6/site-packages/airflow/example_dags/example_latest_only.py
[2022-11-26 01:47:17,951] {logging_mixin.py:109} INFO - [2022-11-26 01:47:17,951] {dag.py:1833} INFO - Sync 1 DAGs
[2022-11-26 01:47:17,983] {logging_mixin.py:109} INFO - [2022-11-26 01:47:17,982] {dag.py:2306} INFO - Setting next_dagrun for latest_only to 2022-11-24 00:00:00+00:00
[2022-11-26 01:47:18,001] {processor.py:170} INFO - Processing /home/airflow/.local/lib/python3.6/site-packages/airflow/example_dags/example_latest_only.py took 0.125 seconds
[2022-11-26 01:47:48,231] {processor.py:162} INFO - Started process (PID=2060) to work on /home/airflow/.local/lib/python3.6/site-packages/airflow/example_dags/example_latest_only.py
[2022-11-26 01:47:48,234] {processor.py:613} INFO - Processing file /home/airflow/.local/lib/python3.6/site-packages/airflow/example_dags/example_latest_only.py for tasks to queue
[2022-11-26 01:47:48,235] {logging_mixin.py:109} INFO - [2022-11-26 01:47:48,235] {dagbag.py:496} INFO - Filling up the DagBag from /home/airflow/.local/lib/python3.6/site-packages/airflow/example_dags/example_latest_only.py
[2022-11-26 01:47:48,260] {processor.py:623} INFO - DAG(s) dict_keys(['latest_only']) retrieved from /home/airflow/.local/lib/python3.6/site-packages/airflow/example_dags/example_latest_only.py
[2022-11-26 01:47:48,299] {logging_mixin.py:109} INFO - [2022-11-26 01:47:48,298] {dag.py:1833} INFO - Sync 1 DAGs
[2022-11-26 01:47:48,331] {logging_mixin.py:109} INFO - [2022-11-26 01:47:48,330] {dag.py:2306} INFO - Setting next_dagrun for latest_only to 2022-11-24 00:00:00+00:00
[2022-11-26 01:47:48,349] {processor.py:170} INFO - Processing /home/airflow/.local/lib/python3.6/site-packages/airflow/example_dags/example_latest_only.py took 0.122 seconds
[2022-11-26 01:48:19,061] {processor.py:162} INFO - Started process (PID=2160) to work on /home/airflow/.local/lib/python3.6/site-packages/airflow/example_dags/example_latest_only.py
[2022-11-26 01:48:19,065] {processor.py:613} INFO - Processing file /home/airflow/.local/lib/python3.6/site-packages/airflow/example_dags/example_latest_only.py for tasks to queue
[2022-11-26 01:48:19,067] {logging_mixin.py:109} INFO - [2022-11-26 01:48:19,067] {dagbag.py:496} INFO - Filling up the DagBag from /home/airflow/.local/lib/python3.6/site-packages/airflow/example_dags/example_latest_only.py
[2022-11-26 01:48:19,115] {processor.py:623} INFO - DAG(s) dict_keys(['latest_only']) retrieved from /home/airflow/.local/lib/python3.6/site-packages/airflow/example_dags/example_latest_only.py
[2022-11-26 01:48:19,165] {logging_mixin.py:109} INFO - [2022-11-26 01:48:19,165] {dag.py:1833} INFO - Sync 1 DAGs
[2022-11-26 01:48:19,200] {logging_mixin.py:109} INFO - [2022-11-26 01:48:19,200] {dag.py:2306} INFO - Setting next_dagrun for latest_only to 2022-11-24 00:00:00+00:00
[2022-11-26 01:48:19,219] {processor.py:170} INFO - Processing /home/airflow/.local/lib/python3.6/site-packages/airflow/example_dags/example_latest_only.py took 0.163 seconds
[2022-11-26 01:48:49,504] {processor.py:162} INFO - Started process (PID=2251) to work on /home/airflow/.local/lib/python3.6/site-packages/airflow/example_dags/example_latest_only.py
[2022-11-26 01:48:49,506] {processor.py:613} INFO - Processing file /home/airflow/.local/lib/python3.6/site-packages/airflow/example_dags/example_latest_only.py for tasks to queue
[2022-11-26 01:48:49,508] {logging_mixin.py:109} INFO - [2022-11-26 01:48:49,508] {dagbag.py:496} INFO - Filling up the DagBag from /home/airflow/.local/lib/python3.6/site-packages/airflow/example_dags/example_latest_only.py
[2022-11-26 01:48:49,536] {processor.py:623} INFO - DAG(s) dict_keys(['latest_only']) retrieved from /home/airflow/.local/lib/python3.6/site-packages/airflow/example_dags/example_latest_only.py
[2022-11-26 01:48:49,575] {logging_mixin.py:109} INFO - [2022-11-26 01:48:49,575] {dag.py:1833} INFO - Sync 1 DAGs
[2022-11-26 01:48:49,607] {logging_mixin.py:109} INFO - [2022-11-26 01:48:49,607] {dag.py:2306} INFO - Setting next_dagrun for latest_only to 2022-11-24 00:00:00+00:00
[2022-11-26 01:48:49,625] {processor.py:170} INFO - Processing /home/airflow/.local/lib/python3.6/site-packages/airflow/example_dags/example_latest_only.py took 0.127 seconds
[2022-11-26 01:49:19,752] {processor.py:162} INFO - Started process (PID=2341) to work on /home/airflow/.local/lib/python3.6/site-packages/airflow/example_dags/example_latest_only.py
[2022-11-26 01:49:19,755] {processor.py:613} INFO - Processing file /home/airflow/.local/lib/python3.6/site-packages/airflow/example_dags/example_latest_only.py for tasks to queue
[2022-11-26 01:49:19,756] {logging_mixin.py:109} INFO - [2022-11-26 01:49:19,756] {dagbag.py:496} INFO - Filling up the DagBag from /home/airflow/.local/lib/python3.6/site-packages/airflow/example_dags/example_latest_only.py
[2022-11-26 01:49:19,780] {processor.py:623} INFO - DAG(s) dict_keys(['latest_only']) retrieved from /home/airflow/.local/lib/python3.6/site-packages/airflow/example_dags/example_latest_only.py
[2022-11-26 01:49:19,818] {logging_mixin.py:109} INFO - [2022-11-26 01:49:19,818] {dag.py:1833} INFO - Sync 1 DAGs
[2022-11-26 01:49:19,849] {logging_mixin.py:109} INFO - [2022-11-26 01:49:19,848] {dag.py:2306} INFO - Setting next_dagrun for latest_only to 2022-11-24 00:00:00+00:00
[2022-11-26 01:49:19,870] {processor.py:170} INFO - Processing /home/airflow/.local/lib/python3.6/site-packages/airflow/example_dags/example_latest_only.py took 0.124 seconds
[2022-11-26 01:49:50,088] {processor.py:162} INFO - Started process (PID=2441) to work on /home/airflow/.local/lib/python3.6/site-packages/airflow/example_dags/example_latest_only.py
[2022-11-26 01:49:50,091] {processor.py:613} INFO - Processing file /home/airflow/.local/lib/python3.6/site-packages/airflow/example_dags/example_latest_only.py for tasks to queue
[2022-11-26 01:49:50,093] {logging_mixin.py:109} INFO - [2022-11-26 01:49:50,092] {dagbag.py:496} INFO - Filling up the DagBag from /home/airflow/.local/lib/python3.6/site-packages/airflow/example_dags/example_latest_only.py
[2022-11-26 01:49:50,118] {processor.py:623} INFO - DAG(s) dict_keys(['latest_only']) retrieved from /home/airflow/.local/lib/python3.6/site-packages/airflow/example_dags/example_latest_only.py
[2022-11-26 01:49:50,157] {logging_mixin.py:109} INFO - [2022-11-26 01:49:50,157] {dag.py:1833} INFO - Sync 1 DAGs
[2022-11-26 01:49:50,192] {logging_mixin.py:109} INFO - [2022-11-26 01:49:50,191] {dag.py:2306} INFO - Setting next_dagrun for latest_only to 2022-11-24 00:00:00+00:00
[2022-11-26 01:49:50,212] {processor.py:170} INFO - Processing /home/airflow/.local/lib/python3.6/site-packages/airflow/example_dags/example_latest_only.py took 0.129 seconds
[2022-11-26 01:50:20,398] {processor.py:162} INFO - Started process (PID=2541) to work on /home/airflow/.local/lib/python3.6/site-packages/airflow/example_dags/example_latest_only.py
[2022-11-26 01:50:20,403] {processor.py:613} INFO - Processing file /home/airflow/.local/lib/python3.6/site-packages/airflow/example_dags/example_latest_only.py for tasks to queue
[2022-11-26 01:50:20,405] {logging_mixin.py:109} INFO - [2022-11-26 01:50:20,405] {dagbag.py:496} INFO - Filling up the DagBag from /home/airflow/.local/lib/python3.6/site-packages/airflow/example_dags/example_latest_only.py
[2022-11-26 01:50:20,437] {processor.py:623} INFO - DAG(s) dict_keys(['latest_only']) retrieved from /home/airflow/.local/lib/python3.6/site-packages/airflow/example_dags/example_latest_only.py
[2022-11-26 01:50:20,478] {logging_mixin.py:109} INFO - [2022-11-26 01:50:20,478] {dag.py:1833} INFO - Sync 1 DAGs
[2022-11-26 01:50:20,512] {logging_mixin.py:109} INFO - [2022-11-26 01:50:20,512] {dag.py:2306} INFO - Setting next_dagrun for latest_only to 2022-11-24 00:00:00+00:00
[2022-11-26 01:50:20,531] {processor.py:170} INFO - Processing /home/airflow/.local/lib/python3.6/site-packages/airflow/example_dags/example_latest_only.py took 0.143 seconds
[2022-11-26 01:50:50,605] {processor.py:162} INFO - Started process (PID=2641) to work on /home/airflow/.local/lib/python3.6/site-packages/airflow/example_dags/example_latest_only.py
[2022-11-26 01:50:50,608] {processor.py:613} INFO - Processing file /home/airflow/.local/lib/python3.6/site-packages/airflow/example_dags/example_latest_only.py for tasks to queue
[2022-11-26 01:50:50,610] {logging_mixin.py:109} INFO - [2022-11-26 01:50:50,610] {dagbag.py:496} INFO - Filling up the DagBag from /home/airflow/.local/lib/python3.6/site-packages/airflow/example_dags/example_latest_only.py
[2022-11-26 01:50:50,638] {processor.py:623} INFO - DAG(s) dict_keys(['latest_only']) retrieved from /home/airflow/.local/lib/python3.6/site-packages/airflow/example_dags/example_latest_only.py
[2022-11-26 01:50:50,684] {logging_mixin.py:109} INFO - [2022-11-26 01:50:50,683] {dag.py:1833} INFO - Sync 1 DAGs
[2022-11-26 01:50:50,723] {logging_mixin.py:109} INFO - [2022-11-26 01:50:50,721] {dag.py:2306} INFO - Setting next_dagrun for latest_only to 2022-11-24 00:00:00+00:00
[2022-11-26 01:50:50,752] {processor.py:170} INFO - Processing /home/airflow/.local/lib/python3.6/site-packages/airflow/example_dags/example_latest_only.py took 0.152 seconds
[2022-11-26 01:51:20,822] {processor.py:162} INFO - Started process (PID=2732) to work on /home/airflow/.local/lib/python3.6/site-packages/airflow/example_dags/example_latest_only.py
[2022-11-26 01:51:20,826] {processor.py:613} INFO - Processing file /home/airflow/.local/lib/python3.6/site-packages/airflow/example_dags/example_latest_only.py for tasks to queue
[2022-11-26 01:51:20,827] {logging_mixin.py:109} INFO - [2022-11-26 01:51:20,827] {dagbag.py:496} INFO - Filling up the DagBag from /home/airflow/.local/lib/python3.6/site-packages/airflow/example_dags/example_latest_only.py
[2022-11-26 01:51:20,852] {processor.py:623} INFO - DAG(s) dict_keys(['latest_only']) retrieved from /home/airflow/.local/lib/python3.6/site-packages/airflow/example_dags/example_latest_only.py
[2022-11-26 01:51:20,891] {logging_mixin.py:109} INFO - [2022-11-26 01:51:20,890] {dag.py:1833} INFO - Sync 1 DAGs
[2022-11-26 01:51:20,925] {logging_mixin.py:109} INFO - [2022-11-26 01:51:20,924] {dag.py:2306} INFO - Setting next_dagrun for latest_only to 2022-11-24 00:00:00+00:00
[2022-11-26 01:51:20,944] {processor.py:170} INFO - Processing /home/airflow/.local/lib/python3.6/site-packages/airflow/example_dags/example_latest_only.py took 0.127 seconds
[2022-11-26 01:51:51,641] {processor.py:162} INFO - Started process (PID=2819) to work on /home/airflow/.local/lib/python3.6/site-packages/airflow/example_dags/example_latest_only.py
[2022-11-26 01:51:51,645] {processor.py:613} INFO - Processing file /home/airflow/.local/lib/python3.6/site-packages/airflow/example_dags/example_latest_only.py for tasks to queue
[2022-11-26 01:51:51,651] {logging_mixin.py:109} INFO - [2022-11-26 01:51:51,651] {dagbag.py:496} INFO - Filling up the DagBag from /home/airflow/.local/lib/python3.6/site-packages/airflow/example_dags/example_latest_only.py
[2022-11-26 01:51:51,705] {processor.py:623} INFO - DAG(s) dict_keys(['latest_only']) retrieved from /home/airflow/.local/lib/python3.6/site-packages/airflow/example_dags/example_latest_only.py
[2022-11-26 01:51:51,785] {logging_mixin.py:109} INFO - [2022-11-26 01:51:51,785] {dag.py:1833} INFO - Sync 1 DAGs
[2022-11-26 01:51:51,861] {logging_mixin.py:109} INFO - [2022-11-26 01:51:51,861] {dag.py:2306} INFO - Setting next_dagrun for latest_only to 2022-11-24 00:00:00+00:00
[2022-11-26 01:51:51,934] {processor.py:170} INFO - Processing /home/airflow/.local/lib/python3.6/site-packages/airflow/example_dags/example_latest_only.py took 0.301 seconds
[2022-11-26 01:52:22,030] {processor.py:162} INFO - Started process (PID=2918) to work on /home/airflow/.local/lib/python3.6/site-packages/airflow/example_dags/example_latest_only.py
[2022-11-26 01:52:22,034] {processor.py:613} INFO - Processing file /home/airflow/.local/lib/python3.6/site-packages/airflow/example_dags/example_latest_only.py for tasks to queue
[2022-11-26 01:52:22,037] {logging_mixin.py:109} INFO - [2022-11-26 01:52:22,037] {dagbag.py:496} INFO - Filling up the DagBag from /home/airflow/.local/lib/python3.6/site-packages/airflow/example_dags/example_latest_only.py
[2022-11-26 01:52:22,071] {processor.py:623} INFO - DAG(s) dict_keys(['latest_only']) retrieved from /home/airflow/.local/lib/python3.6/site-packages/airflow/example_dags/example_latest_only.py
[2022-11-26 01:52:22,119] {logging_mixin.py:109} INFO - [2022-11-26 01:52:22,119] {dag.py:1833} INFO - Sync 1 DAGs
[2022-11-26 01:52:22,156] {logging_mixin.py:109} INFO - [2022-11-26 01:52:22,155] {dag.py:2306} INFO - Setting next_dagrun for latest_only to 2022-11-24 00:00:00+00:00
[2022-11-26 01:52:22,183] {processor.py:170} INFO - Processing /home/airflow/.local/lib/python3.6/site-packages/airflow/example_dags/example_latest_only.py took 0.165 seconds
[2022-11-26 01:52:52,354] {processor.py:162} INFO - Started process (PID=3018) to work on /home/airflow/.local/lib/python3.6/site-packages/airflow/example_dags/example_latest_only.py
[2022-11-26 01:52:52,357] {processor.py:613} INFO - Processing file /home/airflow/.local/lib/python3.6/site-packages/airflow/example_dags/example_latest_only.py for tasks to queue
[2022-11-26 01:52:52,359] {logging_mixin.py:109} INFO - [2022-11-26 01:52:52,358] {dagbag.py:496} INFO - Filling up the DagBag from /home/airflow/.local/lib/python3.6/site-packages/airflow/example_dags/example_latest_only.py
[2022-11-26 01:52:52,383] {processor.py:623} INFO - DAG(s) dict_keys(['latest_only']) retrieved from /home/airflow/.local/lib/python3.6/site-packages/airflow/example_dags/example_latest_only.py
[2022-11-26 01:52:52,421] {logging_mixin.py:109} INFO - [2022-11-26 01:52:52,421] {dag.py:1833} INFO - Sync 1 DAGs
[2022-11-26 01:52:52,453] {logging_mixin.py:109} INFO - [2022-11-26 01:52:52,453] {dag.py:2306} INFO - Setting next_dagrun for latest_only to 2022-11-24 00:00:00+00:00
[2022-11-26 01:52:52,472] {processor.py:170} INFO - Processing /home/airflow/.local/lib/python3.6/site-packages/airflow/example_dags/example_latest_only.py took 0.123 seconds
[2022-11-26 01:53:22,724] {processor.py:162} INFO - Started process (PID=3115) to work on /home/airflow/.local/lib/python3.6/site-packages/airflow/example_dags/example_latest_only.py
[2022-11-26 01:53:22,728] {processor.py:613} INFO - Processing file /home/airflow/.local/lib/python3.6/site-packages/airflow/example_dags/example_latest_only.py for tasks to queue
[2022-11-26 01:53:22,730] {logging_mixin.py:109} INFO - [2022-11-26 01:53:22,730] {dagbag.py:496} INFO - Filling up the DagBag from /home/airflow/.local/lib/python3.6/site-packages/airflow/example_dags/example_latest_only.py
[2022-11-26 01:53:22,757] {processor.py:623} INFO - DAG(s) dict_keys(['latest_only']) retrieved from /home/airflow/.local/lib/python3.6/site-packages/airflow/example_dags/example_latest_only.py
[2022-11-26 01:53:22,798] {logging_mixin.py:109} INFO - [2022-11-26 01:53:22,798] {dag.py:1833} INFO - Sync 1 DAGs
[2022-11-26 01:53:22,833] {logging_mixin.py:109} INFO - [2022-11-26 01:53:22,833] {dag.py:2306} INFO - Setting next_dagrun for latest_only to 2022-11-24 00:00:00+00:00
[2022-11-26 01:53:22,852] {processor.py:170} INFO - Processing /home/airflow/.local/lib/python3.6/site-packages/airflow/example_dags/example_latest_only.py took 0.133 seconds
[2022-11-26 01:53:53,284] {processor.py:162} INFO - Started process (PID=3199) to work on /home/airflow/.local/lib/python3.6/site-packages/airflow/example_dags/example_latest_only.py
[2022-11-26 01:53:53,287] {processor.py:613} INFO - Processing file /home/airflow/.local/lib/python3.6/site-packages/airflow/example_dags/example_latest_only.py for tasks to queue
[2022-11-26 01:53:53,288] {logging_mixin.py:109} INFO - [2022-11-26 01:53:53,288] {dagbag.py:496} INFO - Filling up the DagBag from /home/airflow/.local/lib/python3.6/site-packages/airflow/example_dags/example_latest_only.py
[2022-11-26 01:53:53,315] {processor.py:623} INFO - DAG(s) dict_keys(['latest_only']) retrieved from /home/airflow/.local/lib/python3.6/site-packages/airflow/example_dags/example_latest_only.py
[2022-11-26 01:53:53,355] {logging_mixin.py:109} INFO - [2022-11-26 01:53:53,355] {dag.py:1833} INFO - Sync 1 DAGs
[2022-11-26 01:53:53,389] {logging_mixin.py:109} INFO - [2022-11-26 01:53:53,389] {dag.py:2306} INFO - Setting next_dagrun for latest_only to 2022-11-24 00:00:00+00:00
[2022-11-26 01:53:53,407] {processor.py:170} INFO - Processing /home/airflow/.local/lib/python3.6/site-packages/airflow/example_dags/example_latest_only.py took 0.128 seconds
[2022-11-26 01:54:24,369] {processor.py:162} INFO - Started process (PID=3298) to work on /home/airflow/.local/lib/python3.6/site-packages/airflow/example_dags/example_latest_only.py
[2022-11-26 01:54:24,373] {processor.py:613} INFO - Processing file /home/airflow/.local/lib/python3.6/site-packages/airflow/example_dags/example_latest_only.py for tasks to queue
[2022-11-26 01:54:24,375] {logging_mixin.py:109} INFO - [2022-11-26 01:54:24,375] {dagbag.py:496} INFO - Filling up the DagBag from /home/airflow/.local/lib/python3.6/site-packages/airflow/example_dags/example_latest_only.py
[2022-11-26 01:54:24,409] {processor.py:623} INFO - DAG(s) dict_keys(['latest_only']) retrieved from /home/airflow/.local/lib/python3.6/site-packages/airflow/example_dags/example_latest_only.py
[2022-11-26 01:54:24,454] {logging_mixin.py:109} INFO - [2022-11-26 01:54:24,453] {dag.py:1833} INFO - Sync 1 DAGs
[2022-11-26 01:54:24,491] {logging_mixin.py:109} INFO - [2022-11-26 01:54:24,491] {dag.py:2306} INFO - Setting next_dagrun for latest_only to 2022-11-24 00:00:00+00:00
[2022-11-26 01:54:24,511] {processor.py:170} INFO - Processing /home/airflow/.local/lib/python3.6/site-packages/airflow/example_dags/example_latest_only.py took 0.150 seconds
[2022-11-26 01:54:54,708] {processor.py:162} INFO - Started process (PID=3398) to work on /home/airflow/.local/lib/python3.6/site-packages/airflow/example_dags/example_latest_only.py
[2022-11-26 01:54:54,711] {processor.py:613} INFO - Processing file /home/airflow/.local/lib/python3.6/site-packages/airflow/example_dags/example_latest_only.py for tasks to queue
[2022-11-26 01:54:54,713] {logging_mixin.py:109} INFO - [2022-11-26 01:54:54,712] {dagbag.py:496} INFO - Filling up the DagBag from /home/airflow/.local/lib/python3.6/site-packages/airflow/example_dags/example_latest_only.py
[2022-11-26 01:54:54,739] {processor.py:623} INFO - DAG(s) dict_keys(['latest_only']) retrieved from /home/airflow/.local/lib/python3.6/site-packages/airflow/example_dags/example_latest_only.py
[2022-11-26 01:54:54,778] {logging_mixin.py:109} INFO - [2022-11-26 01:54:54,777] {dag.py:1833} INFO - Sync 1 DAGs
[2022-11-26 01:54:54,811] {logging_mixin.py:109} INFO - [2022-11-26 01:54:54,811] {dag.py:2306} INFO - Setting next_dagrun for latest_only to 2022-11-24 00:00:00+00:00
[2022-11-26 01:54:54,829] {processor.py:170} INFO - Processing /home/airflow/.local/lib/python3.6/site-packages/airflow/example_dags/example_latest_only.py took 0.126 seconds
[2022-11-26 01:55:25,127] {processor.py:162} INFO - Started process (PID=3497) to work on /home/airflow/.local/lib/python3.6/site-packages/airflow/example_dags/example_latest_only.py
[2022-11-26 01:55:25,131] {processor.py:613} INFO - Processing file /home/airflow/.local/lib/python3.6/site-packages/airflow/example_dags/example_latest_only.py for tasks to queue
[2022-11-26 01:55:25,133] {logging_mixin.py:109} INFO - [2022-11-26 01:55:25,133] {dagbag.py:496} INFO - Filling up the DagBag from /home/airflow/.local/lib/python3.6/site-packages/airflow/example_dags/example_latest_only.py
[2022-11-26 01:55:25,166] {processor.py:623} INFO - DAG(s) dict_keys(['latest_only']) retrieved from /home/airflow/.local/lib/python3.6/site-packages/airflow/example_dags/example_latest_only.py
[2022-11-26 01:55:25,220] {logging_mixin.py:109} INFO - [2022-11-26 01:55:25,220] {dag.py:1833} INFO - Sync 1 DAGs
[2022-11-26 01:55:25,264] {logging_mixin.py:109} INFO - [2022-11-26 01:55:25,263] {dag.py:2306} INFO - Setting next_dagrun for latest_only to 2022-11-24 00:00:00+00:00
[2022-11-26 01:55:25,287] {processor.py:170} INFO - Processing /home/airflow/.local/lib/python3.6/site-packages/airflow/example_dags/example_latest_only.py took 0.167 seconds
[2022-11-26 01:55:56,053] {processor.py:162} INFO - Started process (PID=3594) to work on /home/airflow/.local/lib/python3.6/site-packages/airflow/example_dags/example_latest_only.py
[2022-11-26 01:55:56,056] {processor.py:613} INFO - Processing file /home/airflow/.local/lib/python3.6/site-packages/airflow/example_dags/example_latest_only.py for tasks to queue
[2022-11-26 01:55:56,058] {logging_mixin.py:109} INFO - [2022-11-26 01:55:56,057] {dagbag.py:496} INFO - Filling up the DagBag from /home/airflow/.local/lib/python3.6/site-packages/airflow/example_dags/example_latest_only.py
[2022-11-26 01:55:56,086] {processor.py:623} INFO - DAG(s) dict_keys(['latest_only']) retrieved from /home/airflow/.local/lib/python3.6/site-packages/airflow/example_dags/example_latest_only.py
[2022-11-26 01:55:56,128] {logging_mixin.py:109} INFO - [2022-11-26 01:55:56,128] {dag.py:1833} INFO - Sync 1 DAGs
[2022-11-26 01:55:56,170] {logging_mixin.py:109} INFO - [2022-11-26 01:55:56,169] {dag.py:2306} INFO - Setting next_dagrun for latest_only to 2022-11-24 00:00:00+00:00
[2022-11-26 01:55:56,190] {processor.py:170} INFO - Processing /home/airflow/.local/lib/python3.6/site-packages/airflow/example_dags/example_latest_only.py took 0.144 seconds
[2022-11-26 01:56:26,404] {processor.py:162} INFO - Started process (PID=3678) to work on /home/airflow/.local/lib/python3.6/site-packages/airflow/example_dags/example_latest_only.py
[2022-11-26 01:56:26,410] {processor.py:613} INFO - Processing file /home/airflow/.local/lib/python3.6/site-packages/airflow/example_dags/example_latest_only.py for tasks to queue
[2022-11-26 01:56:26,414] {logging_mixin.py:109} INFO - [2022-11-26 01:56:26,413] {dagbag.py:496} INFO - Filling up the DagBag from /home/airflow/.local/lib/python3.6/site-packages/airflow/example_dags/example_latest_only.py
[2022-11-26 01:56:26,448] {processor.py:623} INFO - DAG(s) dict_keys(['latest_only']) retrieved from /home/airflow/.local/lib/python3.6/site-packages/airflow/example_dags/example_latest_only.py
[2022-11-26 01:56:26,524] {logging_mixin.py:109} INFO - [2022-11-26 01:56:26,523] {dag.py:1833} INFO - Sync 1 DAGs
[2022-11-26 01:56:26,574] {logging_mixin.py:109} INFO - [2022-11-26 01:56:26,573] {dag.py:2306} INFO - Setting next_dagrun for latest_only to 2022-11-24 00:00:00+00:00
[2022-11-26 01:56:26,611] {processor.py:170} INFO - Processing /home/airflow/.local/lib/python3.6/site-packages/airflow/example_dags/example_latest_only.py took 0.215 seconds
[2022-11-26 01:56:57,480] {processor.py:162} INFO - Started process (PID=3776) to work on /home/airflow/.local/lib/python3.6/site-packages/airflow/example_dags/example_latest_only.py
[2022-11-26 01:56:57,506] {processor.py:613} INFO - Processing file /home/airflow/.local/lib/python3.6/site-packages/airflow/example_dags/example_latest_only.py for tasks to queue
[2022-11-26 01:56:57,518] {logging_mixin.py:109} INFO - [2022-11-26 01:56:57,518] {dagbag.py:496} INFO - Filling up the DagBag from /home/airflow/.local/lib/python3.6/site-packages/airflow/example_dags/example_latest_only.py
[2022-11-26 01:56:57,804] {processor.py:623} INFO - DAG(s) dict_keys(['latest_only']) retrieved from /home/airflow/.local/lib/python3.6/site-packages/airflow/example_dags/example_latest_only.py
[2022-11-26 01:56:58,221] {logging_mixin.py:109} INFO - [2022-11-26 01:56:58,220] {dag.py:1833} INFO - Sync 1 DAGs
[2022-11-26 01:56:58,482] {logging_mixin.py:109} INFO - [2022-11-26 01:56:58,472] {dag.py:2306} INFO - Setting next_dagrun for latest_only to 2022-11-24 00:00:00+00:00
[2022-11-26 01:56:58,703] {processor.py:170} INFO - Processing /home/airflow/.local/lib/python3.6/site-packages/airflow/example_dags/example_latest_only.py took 1.267 seconds
[2022-11-26 01:57:52,919] {processor.py:162} INFO - Started process (PID=3864) to work on /home/airflow/.local/lib/python3.6/site-packages/airflow/example_dags/example_latest_only.py
[2022-11-26 01:57:52,969] {processor.py:613} INFO - Processing file /home/airflow/.local/lib/python3.6/site-packages/airflow/example_dags/example_latest_only.py for tasks to queue
[2022-11-26 01:57:53,009] {logging_mixin.py:109} INFO - [2022-11-26 01:57:52,999] {dagbag.py:496} INFO - Filling up the DagBag from /home/airflow/.local/lib/python3.6/site-packages/airflow/example_dags/example_latest_only.py
[2022-11-26 01:57:53,940] {processor.py:623} INFO - DAG(s) dict_keys(['latest_only']) retrieved from /home/airflow/.local/lib/python3.6/site-packages/airflow/example_dags/example_latest_only.py
[2022-11-26 01:57:54,805] {logging_mixin.py:109} INFO - [2022-11-26 01:57:54,786] {dag.py:1833} INFO - Sync 1 DAGs
[2022-11-26 01:57:55,676] {logging_mixin.py:109} INFO - [2022-11-26 01:57:55,675] {dag.py:2306} INFO - Setting next_dagrun for latest_only to 2022-11-24 00:00:00+00:00
[2022-11-26 01:57:56,263] {processor.py:170} INFO - Processing /home/airflow/.local/lib/python3.6/site-packages/airflow/example_dags/example_latest_only.py took 3.437 seconds
[2022-11-26 01:58:32,148] {processor.py:162} INFO - Started process (PID=3969) to work on /home/airflow/.local/lib/python3.6/site-packages/airflow/example_dags/example_latest_only.py
[2022-11-26 01:58:32,168] {processor.py:613} INFO - Processing file /home/airflow/.local/lib/python3.6/site-packages/airflow/example_dags/example_latest_only.py for tasks to queue
[2022-11-26 01:58:32,201] {logging_mixin.py:109} INFO - [2022-11-26 01:58:32,187] {dagbag.py:496} INFO - Filling up the DagBag from /home/airflow/.local/lib/python3.6/site-packages/airflow/example_dags/example_latest_only.py
[2022-11-26 01:58:32,502] {processor.py:623} INFO - DAG(s) dict_keys(['latest_only']) retrieved from /home/airflow/.local/lib/python3.6/site-packages/airflow/example_dags/example_latest_only.py
[2022-11-26 01:58:32,924] {logging_mixin.py:109} INFO - [2022-11-26 01:58:32,923] {dag.py:1833} INFO - Sync 1 DAGs
[2022-11-26 01:58:33,242] {logging_mixin.py:109} INFO - [2022-11-26 01:58:33,242] {dag.py:2306} INFO - Setting next_dagrun for latest_only to 2022-11-24 00:00:00+00:00
[2022-11-26 01:58:33,478] {processor.py:170} INFO - Processing /home/airflow/.local/lib/python3.6/site-packages/airflow/example_dags/example_latest_only.py took 1.391 seconds
[2022-11-26 01:59:04,236] {processor.py:162} INFO - Started process (PID=4062) to work on /home/airflow/.local/lib/python3.6/site-packages/airflow/example_dags/example_latest_only.py
[2022-11-26 01:59:04,250] {processor.py:613} INFO - Processing file /home/airflow/.local/lib/python3.6/site-packages/airflow/example_dags/example_latest_only.py for tasks to queue
[2022-11-26 01:59:04,253] {logging_mixin.py:109} INFO - [2022-11-26 01:59:04,252] {dagbag.py:496} INFO - Filling up the DagBag from /home/airflow/.local/lib/python3.6/site-packages/airflow/example_dags/example_latest_only.py
[2022-11-26 01:59:04,365] {processor.py:623} INFO - DAG(s) dict_keys(['latest_only']) retrieved from /home/airflow/.local/lib/python3.6/site-packages/airflow/example_dags/example_latest_only.py
[2022-11-26 01:59:04,463] {logging_mixin.py:109} INFO - [2022-11-26 01:59:04,462] {dag.py:1833} INFO - Sync 1 DAGs
[2022-11-26 01:59:04,526] {logging_mixin.py:109} INFO - [2022-11-26 01:59:04,526] {dag.py:2306} INFO - Setting next_dagrun for latest_only to 2022-11-24 00:00:00+00:00
[2022-11-26 01:59:04,570] {processor.py:170} INFO - Processing /home/airflow/.local/lib/python3.6/site-packages/airflow/example_dags/example_latest_only.py took 0.342 seconds
[2022-11-26 01:59:35,041] {processor.py:162} INFO - Started process (PID=4163) to work on /home/airflow/.local/lib/python3.6/site-packages/airflow/example_dags/example_latest_only.py
[2022-11-26 01:59:35,045] {processor.py:613} INFO - Processing file /home/airflow/.local/lib/python3.6/site-packages/airflow/example_dags/example_latest_only.py for tasks to queue
[2022-11-26 01:59:35,048] {logging_mixin.py:109} INFO - [2022-11-26 01:59:35,047] {dagbag.py:496} INFO - Filling up the DagBag from /home/airflow/.local/lib/python3.6/site-packages/airflow/example_dags/example_latest_only.py
[2022-11-26 01:59:35,091] {processor.py:623} INFO - DAG(s) dict_keys(['latest_only']) retrieved from /home/airflow/.local/lib/python3.6/site-packages/airflow/example_dags/example_latest_only.py
[2022-11-26 01:59:35,165] {logging_mixin.py:109} INFO - [2022-11-26 01:59:35,164] {dag.py:1833} INFO - Sync 1 DAGs
[2022-11-26 01:59:35,223] {logging_mixin.py:109} INFO - [2022-11-26 01:59:35,222] {dag.py:2306} INFO - Setting next_dagrun for latest_only to 2022-11-24 00:00:00+00:00
[2022-11-26 01:59:35,257] {processor.py:170} INFO - Processing /home/airflow/.local/lib/python3.6/site-packages/airflow/example_dags/example_latest_only.py took 0.224 seconds
[2022-11-26 02:00:05,386] {processor.py:162} INFO - Started process (PID=4245) to work on /home/airflow/.local/lib/python3.6/site-packages/airflow/example_dags/example_latest_only.py
[2022-11-26 02:00:05,390] {processor.py:613} INFO - Processing file /home/airflow/.local/lib/python3.6/site-packages/airflow/example_dags/example_latest_only.py for tasks to queue
[2022-11-26 02:00:05,392] {logging_mixin.py:109} INFO - [2022-11-26 02:00:05,392] {dagbag.py:496} INFO - Filling up the DagBag from /home/airflow/.local/lib/python3.6/site-packages/airflow/example_dags/example_latest_only.py
[2022-11-26 02:00:05,424] {processor.py:623} INFO - DAG(s) dict_keys(['latest_only']) retrieved from /home/airflow/.local/lib/python3.6/site-packages/airflow/example_dags/example_latest_only.py
[2022-11-26 02:00:05,464] {logging_mixin.py:109} INFO - [2022-11-26 02:00:05,463] {dag.py:1833} INFO - Sync 1 DAGs
[2022-11-26 02:00:05,496] {logging_mixin.py:109} INFO - [2022-11-26 02:00:05,495] {dag.py:2306} INFO - Setting next_dagrun for latest_only to 2022-11-24 00:00:00+00:00
[2022-11-26 02:00:05,513] {processor.py:170} INFO - Processing /home/airflow/.local/lib/python3.6/site-packages/airflow/example_dags/example_latest_only.py took 0.137 seconds
[2022-11-26 02:00:35,866] {processor.py:162} INFO - Started process (PID=4345) to work on /home/airflow/.local/lib/python3.6/site-packages/airflow/example_dags/example_latest_only.py
[2022-11-26 02:00:35,873] {processor.py:613} INFO - Processing file /home/airflow/.local/lib/python3.6/site-packages/airflow/example_dags/example_latest_only.py for tasks to queue
[2022-11-26 02:00:35,882] {logging_mixin.py:109} INFO - [2022-11-26 02:00:35,882] {dagbag.py:496} INFO - Filling up the DagBag from /home/airflow/.local/lib/python3.6/site-packages/airflow/example_dags/example_latest_only.py
[2022-11-26 02:00:35,919] {processor.py:623} INFO - DAG(s) dict_keys(['latest_only']) retrieved from /home/airflow/.local/lib/python3.6/site-packages/airflow/example_dags/example_latest_only.py
[2022-11-26 02:00:35,987] {logging_mixin.py:109} INFO - [2022-11-26 02:00:35,986] {dag.py:1833} INFO - Sync 1 DAGs
[2022-11-26 02:00:36,033] {logging_mixin.py:109} INFO - [2022-11-26 02:00:36,032] {dag.py:2306} INFO - Setting next_dagrun for latest_only to 2022-11-24 00:00:00+00:00
[2022-11-26 02:00:36,075] {processor.py:170} INFO - Processing /home/airflow/.local/lib/python3.6/site-packages/airflow/example_dags/example_latest_only.py took 0.219 seconds
[2022-11-26 02:01:06,262] {processor.py:162} INFO - Started process (PID=4445) to work on /home/airflow/.local/lib/python3.6/site-packages/airflow/example_dags/example_latest_only.py
[2022-11-26 02:01:06,266] {processor.py:613} INFO - Processing file /home/airflow/.local/lib/python3.6/site-packages/airflow/example_dags/example_latest_only.py for tasks to queue
[2022-11-26 02:01:06,268] {logging_mixin.py:109} INFO - [2022-11-26 02:01:06,267] {dagbag.py:496} INFO - Filling up the DagBag from /home/airflow/.local/lib/python3.6/site-packages/airflow/example_dags/example_latest_only.py
[2022-11-26 02:01:06,304] {processor.py:623} INFO - DAG(s) dict_keys(['latest_only']) retrieved from /home/airflow/.local/lib/python3.6/site-packages/airflow/example_dags/example_latest_only.py
[2022-11-26 02:01:06,359] {logging_mixin.py:109} INFO - [2022-11-26 02:01:06,358] {dag.py:1833} INFO - Sync 1 DAGs
[2022-11-26 02:01:06,403] {logging_mixin.py:109} INFO - [2022-11-26 02:01:06,402] {dag.py:2306} INFO - Setting next_dagrun for latest_only to 2022-11-24 00:00:00+00:00
[2022-11-26 02:01:06,427] {processor.py:170} INFO - Processing /home/airflow/.local/lib/python3.6/site-packages/airflow/example_dags/example_latest_only.py took 0.172 seconds
[2022-11-26 02:01:36,566] {processor.py:162} INFO - Started process (PID=4524) to work on /home/airflow/.local/lib/python3.6/site-packages/airflow/example_dags/example_latest_only.py
[2022-11-26 02:01:36,570] {processor.py:613} INFO - Processing file /home/airflow/.local/lib/python3.6/site-packages/airflow/example_dags/example_latest_only.py for tasks to queue
[2022-11-26 02:01:36,572] {logging_mixin.py:109} INFO - [2022-11-26 02:01:36,572] {dagbag.py:496} INFO - Filling up the DagBag from /home/airflow/.local/lib/python3.6/site-packages/airflow/example_dags/example_latest_only.py
[2022-11-26 02:01:36,599] {processor.py:623} INFO - DAG(s) dict_keys(['latest_only']) retrieved from /home/airflow/.local/lib/python3.6/site-packages/airflow/example_dags/example_latest_only.py
[2022-11-26 02:01:36,644] {logging_mixin.py:109} INFO - [2022-11-26 02:01:36,644] {dag.py:1833} INFO - Sync 1 DAGs
[2022-11-26 02:01:36,683] {logging_mixin.py:109} INFO - [2022-11-26 02:01:36,682] {dag.py:2306} INFO - Setting next_dagrun for latest_only to 2022-11-24 00:00:00+00:00
[2022-11-26 02:01:36,703] {processor.py:170} INFO - Processing /home/airflow/.local/lib/python3.6/site-packages/airflow/example_dags/example_latest_only.py took 0.142 seconds
[2022-11-26 02:02:07,027] {processor.py:162} INFO - Started process (PID=4623) to work on /home/airflow/.local/lib/python3.6/site-packages/airflow/example_dags/example_latest_only.py
[2022-11-26 02:02:07,030] {processor.py:613} INFO - Processing file /home/airflow/.local/lib/python3.6/site-packages/airflow/example_dags/example_latest_only.py for tasks to queue
[2022-11-26 02:02:07,031] {logging_mixin.py:109} INFO - [2022-11-26 02:02:07,031] {dagbag.py:496} INFO - Filling up the DagBag from /home/airflow/.local/lib/python3.6/site-packages/airflow/example_dags/example_latest_only.py
[2022-11-26 02:02:07,057] {processor.py:623} INFO - DAG(s) dict_keys(['latest_only']) retrieved from /home/airflow/.local/lib/python3.6/site-packages/airflow/example_dags/example_latest_only.py
[2022-11-26 02:02:07,098] {logging_mixin.py:109} INFO - [2022-11-26 02:02:07,097] {dag.py:1833} INFO - Sync 1 DAGs
[2022-11-26 02:02:07,130] {logging_mixin.py:109} INFO - [2022-11-26 02:02:07,129] {dag.py:2306} INFO - Setting next_dagrun for latest_only to 2022-11-24 00:00:00+00:00
[2022-11-26 02:02:07,147] {processor.py:170} INFO - Processing /home/airflow/.local/lib/python3.6/site-packages/airflow/example_dags/example_latest_only.py took 0.125 seconds
[2022-11-26 02:02:37,759] {processor.py:162} INFO - Started process (PID=4724) to work on /home/airflow/.local/lib/python3.6/site-packages/airflow/example_dags/example_latest_only.py
[2022-11-26 02:02:37,762] {processor.py:613} INFO - Processing file /home/airflow/.local/lib/python3.6/site-packages/airflow/example_dags/example_latest_only.py for tasks to queue
[2022-11-26 02:02:37,764] {logging_mixin.py:109} INFO - [2022-11-26 02:02:37,764] {dagbag.py:496} INFO - Filling up the DagBag from /home/airflow/.local/lib/python3.6/site-packages/airflow/example_dags/example_latest_only.py
[2022-11-26 02:02:37,804] {processor.py:623} INFO - DAG(s) dict_keys(['latest_only']) retrieved from /home/airflow/.local/lib/python3.6/site-packages/airflow/example_dags/example_latest_only.py
[2022-11-26 02:02:37,864] {logging_mixin.py:109} INFO - [2022-11-26 02:02:37,864] {dag.py:1833} INFO - Sync 1 DAGs
[2022-11-26 02:02:37,909] {logging_mixin.py:109} INFO - [2022-11-26 02:02:37,909] {dag.py:2306} INFO - Setting next_dagrun for latest_only to 2022-11-24 00:00:00+00:00
[2022-11-26 02:02:37,935] {processor.py:170} INFO - Processing /home/airflow/.local/lib/python3.6/site-packages/airflow/example_dags/example_latest_only.py took 0.182 seconds
[2022-11-26 02:03:08,047] {processor.py:162} INFO - Started process (PID=4819) to work on /home/airflow/.local/lib/python3.6/site-packages/airflow/example_dags/example_latest_only.py
[2022-11-26 02:03:08,049] {processor.py:613} INFO - Processing file /home/airflow/.local/lib/python3.6/site-packages/airflow/example_dags/example_latest_only.py for tasks to queue
[2022-11-26 02:03:08,051] {logging_mixin.py:109} INFO - [2022-11-26 02:03:08,051] {dagbag.py:496} INFO - Filling up the DagBag from /home/airflow/.local/lib/python3.6/site-packages/airflow/example_dags/example_latest_only.py
[2022-11-26 02:03:08,078] {processor.py:623} INFO - DAG(s) dict_keys(['latest_only']) retrieved from /home/airflow/.local/lib/python3.6/site-packages/airflow/example_dags/example_latest_only.py
[2022-11-26 02:03:08,118] {logging_mixin.py:109} INFO - [2022-11-26 02:03:08,118] {dag.py:1833} INFO - Sync 1 DAGs
[2022-11-26 02:03:08,152] {logging_mixin.py:109} INFO - [2022-11-26 02:03:08,152] {dag.py:2306} INFO - Setting next_dagrun for latest_only to 2022-11-24 00:00:00+00:00
[2022-11-26 02:03:08,171] {processor.py:170} INFO - Processing /home/airflow/.local/lib/python3.6/site-packages/airflow/example_dags/example_latest_only.py took 0.130 seconds
[2022-11-26 02:03:38,314] {processor.py:162} INFO - Started process (PID=4903) to work on /home/airflow/.local/lib/python3.6/site-packages/airflow/example_dags/example_latest_only.py
[2022-11-26 02:03:38,319] {processor.py:613} INFO - Processing file /home/airflow/.local/lib/python3.6/site-packages/airflow/example_dags/example_latest_only.py for tasks to queue
[2022-11-26 02:03:38,321] {logging_mixin.py:109} INFO - [2022-11-26 02:03:38,321] {dagbag.py:496} INFO - Filling up the DagBag from /home/airflow/.local/lib/python3.6/site-packages/airflow/example_dags/example_latest_only.py
[2022-11-26 02:03:38,351] {processor.py:623} INFO - DAG(s) dict_keys(['latest_only']) retrieved from /home/airflow/.local/lib/python3.6/site-packages/airflow/example_dags/example_latest_only.py
[2022-11-26 02:03:38,389] {logging_mixin.py:109} INFO - [2022-11-26 02:03:38,389] {dag.py:1833} INFO - Sync 1 DAGs
[2022-11-26 02:03:38,422] {logging_mixin.py:109} INFO - [2022-11-26 02:03:38,421] {dag.py:2306} INFO - Setting next_dagrun for latest_only to 2022-11-24 00:00:00+00:00
[2022-11-26 02:03:38,443] {processor.py:170} INFO - Processing /home/airflow/.local/lib/python3.6/site-packages/airflow/example_dags/example_latest_only.py took 0.139 seconds
[2022-11-26 02:04:08,749] {processor.py:162} INFO - Started process (PID=5003) to work on /home/airflow/.local/lib/python3.6/site-packages/airflow/example_dags/example_latest_only.py
[2022-11-26 02:04:08,752] {processor.py:613} INFO - Processing file /home/airflow/.local/lib/python3.6/site-packages/airflow/example_dags/example_latest_only.py for tasks to queue
[2022-11-26 02:04:08,754] {logging_mixin.py:109} INFO - [2022-11-26 02:04:08,753] {dagbag.py:496} INFO - Filling up the DagBag from /home/airflow/.local/lib/python3.6/site-packages/airflow/example_dags/example_latest_only.py
[2022-11-26 02:04:08,780] {processor.py:623} INFO - DAG(s) dict_keys(['latest_only']) retrieved from /home/airflow/.local/lib/python3.6/site-packages/airflow/example_dags/example_latest_only.py
[2022-11-26 02:04:08,822] {logging_mixin.py:109} INFO - [2022-11-26 02:04:08,822] {dag.py:1833} INFO - Sync 1 DAGs
[2022-11-26 02:04:08,857] {logging_mixin.py:109} INFO - [2022-11-26 02:04:08,857] {dag.py:2306} INFO - Setting next_dagrun for latest_only to 2022-11-24 00:00:00+00:00
[2022-11-26 02:04:08,875] {processor.py:170} INFO - Processing /home/airflow/.local/lib/python3.6/site-packages/airflow/example_dags/example_latest_only.py took 0.132 seconds
[2022-11-26 02:04:39,178] {processor.py:162} INFO - Started process (PID=5102) to work on /home/airflow/.local/lib/python3.6/site-packages/airflow/example_dags/example_latest_only.py
[2022-11-26 02:04:39,182] {processor.py:613} INFO - Processing file /home/airflow/.local/lib/python3.6/site-packages/airflow/example_dags/example_latest_only.py for tasks to queue
[2022-11-26 02:04:39,184] {logging_mixin.py:109} INFO - [2022-11-26 02:04:39,184] {dagbag.py:496} INFO - Filling up the DagBag from /home/airflow/.local/lib/python3.6/site-packages/airflow/example_dags/example_latest_only.py
[2022-11-26 02:04:39,215] {processor.py:623} INFO - DAG(s) dict_keys(['latest_only']) retrieved from /home/airflow/.local/lib/python3.6/site-packages/airflow/example_dags/example_latest_only.py
[2022-11-26 02:04:39,255] {logging_mixin.py:109} INFO - [2022-11-26 02:04:39,255] {dag.py:1833} INFO - Sync 1 DAGs
[2022-11-26 02:04:39,287] {logging_mixin.py:109} INFO - [2022-11-26 02:04:39,287] {dag.py:2306} INFO - Setting next_dagrun for latest_only to 2022-11-24 00:00:00+00:00
[2022-11-26 02:04:39,311] {processor.py:170} INFO - Processing /home/airflow/.local/lib/python3.6/site-packages/airflow/example_dags/example_latest_only.py took 0.141 seconds
[2022-11-26 02:05:09,688] {processor.py:162} INFO - Started process (PID=5202) to work on /home/airflow/.local/lib/python3.6/site-packages/airflow/example_dags/example_latest_only.py
[2022-11-26 02:05:09,692] {processor.py:613} INFO - Processing file /home/airflow/.local/lib/python3.6/site-packages/airflow/example_dags/example_latest_only.py for tasks to queue
[2022-11-26 02:05:09,694] {logging_mixin.py:109} INFO - [2022-11-26 02:05:09,694] {dagbag.py:496} INFO - Filling up the DagBag from /home/airflow/.local/lib/python3.6/site-packages/airflow/example_dags/example_latest_only.py
[2022-11-26 02:05:09,737] {processor.py:623} INFO - DAG(s) dict_keys(['latest_only']) retrieved from /home/airflow/.local/lib/python3.6/site-packages/airflow/example_dags/example_latest_only.py
[2022-11-26 02:05:09,807] {logging_mixin.py:109} INFO - [2022-11-26 02:05:09,807] {dag.py:1833} INFO - Sync 1 DAGs
[2022-11-26 02:05:09,857] {logging_mixin.py:109} INFO - [2022-11-26 02:05:09,857] {dag.py:2306} INFO - Setting next_dagrun for latest_only to 2022-11-24 00:00:00+00:00
[2022-11-26 02:05:09,887] {processor.py:170} INFO - Processing /home/airflow/.local/lib/python3.6/site-packages/airflow/example_dags/example_latest_only.py took 0.207 seconds
[2022-11-26 02:05:40,191] {processor.py:162} INFO - Started process (PID=5284) to work on /home/airflow/.local/lib/python3.6/site-packages/airflow/example_dags/example_latest_only.py
[2022-11-26 02:05:40,196] {processor.py:613} INFO - Processing file /home/airflow/.local/lib/python3.6/site-packages/airflow/example_dags/example_latest_only.py for tasks to queue
[2022-11-26 02:05:40,198] {logging_mixin.py:109} INFO - [2022-11-26 02:05:40,198] {dagbag.py:496} INFO - Filling up the DagBag from /home/airflow/.local/lib/python3.6/site-packages/airflow/example_dags/example_latest_only.py
[2022-11-26 02:05:40,229] {processor.py:623} INFO - DAG(s) dict_keys(['latest_only']) retrieved from /home/airflow/.local/lib/python3.6/site-packages/airflow/example_dags/example_latest_only.py
[2022-11-26 02:05:40,272] {logging_mixin.py:109} INFO - [2022-11-26 02:05:40,272] {dag.py:1833} INFO - Sync 1 DAGs
[2022-11-26 02:05:40,308] {logging_mixin.py:109} INFO - [2022-11-26 02:05:40,307] {dag.py:2306} INFO - Setting next_dagrun for latest_only to 2022-11-24 00:00:00+00:00
[2022-11-26 02:05:40,326] {processor.py:170} INFO - Processing /home/airflow/.local/lib/python3.6/site-packages/airflow/example_dags/example_latest_only.py took 0.144 seconds
