[2022-11-26 01:37:48,963] {processor.py:162} INFO - Started process (PID=168) to work on /home/airflow/.local/lib/python3.6/site-packages/airflow/example_dags/example_task_group_decorator.py
[2022-11-26 01:37:48,973] {processor.py:613} INFO - Processing file /home/airflow/.local/lib/python3.6/site-packages/airflow/example_dags/example_task_group_decorator.py for tasks to queue
[2022-11-26 01:37:48,978] {logging_mixin.py:109} INFO - [2022-11-26 01:37:48,978] {dagbag.py:496} INFO - Filling up the DagBag from /home/airflow/.local/lib/python3.6/site-packages/airflow/example_dags/example_task_group_decorator.py
[2022-11-26 01:37:49,300] {processor.py:623} INFO - DAG(s) dict_keys(['example_task_group_decorator']) retrieved from /home/airflow/.local/lib/python3.6/site-packages/airflow/example_dags/example_task_group_decorator.py
[2022-11-26 01:37:51,803] {logging_mixin.py:109} INFO - [2022-11-26 01:37:51,803] {dag.py:1833} INFO - Sync 1 DAGs
[2022-11-26 01:37:51,976] {logging_mixin.py:109} INFO - [2022-11-26 01:37:51,976] {dag.py:2306} INFO - Setting next_dagrun for example_task_group_decorator to 2022-11-24 00:00:00+00:00
[2022-11-26 01:37:52,071] {processor.py:170} INFO - Processing /home/airflow/.local/lib/python3.6/site-packages/airflow/example_dags/example_task_group_decorator.py took 3.125 seconds
[2022-11-26 01:38:22,864] {processor.py:162} INFO - Started process (PID=268) to work on /home/airflow/.local/lib/python3.6/site-packages/airflow/example_dags/example_task_group_decorator.py
[2022-11-26 01:38:22,869] {processor.py:613} INFO - Processing file /home/airflow/.local/lib/python3.6/site-packages/airflow/example_dags/example_task_group_decorator.py for tasks to queue
[2022-11-26 01:38:22,871] {logging_mixin.py:109} INFO - [2022-11-26 01:38:22,871] {dagbag.py:496} INFO - Filling up the DagBag from /home/airflow/.local/lib/python3.6/site-packages/airflow/example_dags/example_task_group_decorator.py
[2022-11-26 01:38:23,013] {processor.py:623} INFO - DAG(s) dict_keys(['example_task_group_decorator']) retrieved from /home/airflow/.local/lib/python3.6/site-packages/airflow/example_dags/example_task_group_decorator.py
[2022-11-26 01:38:23,763] {logging_mixin.py:109} INFO - [2022-11-26 01:38:23,763] {dag.py:1833} INFO - Sync 1 DAGs
[2022-11-26 01:38:23,810] {logging_mixin.py:109} INFO - [2022-11-26 01:38:23,810] {dag.py:2306} INFO - Setting next_dagrun for example_task_group_decorator to 2022-11-24 00:00:00+00:00
[2022-11-26 01:38:23,835] {processor.py:170} INFO - Processing /home/airflow/.local/lib/python3.6/site-packages/airflow/example_dags/example_task_group_decorator.py took 0.986 seconds
[2022-11-26 01:38:54,328] {processor.py:162} INFO - Started process (PID=370) to work on /home/airflow/.local/lib/python3.6/site-packages/airflow/example_dags/example_task_group_decorator.py
[2022-11-26 01:38:54,331] {processor.py:613} INFO - Processing file /home/airflow/.local/lib/python3.6/site-packages/airflow/example_dags/example_task_group_decorator.py for tasks to queue
[2022-11-26 01:38:54,332] {logging_mixin.py:109} INFO - [2022-11-26 01:38:54,332] {dagbag.py:496} INFO - Filling up the DagBag from /home/airflow/.local/lib/python3.6/site-packages/airflow/example_dags/example_task_group_decorator.py
[2022-11-26 01:38:54,403] {processor.py:623} INFO - DAG(s) dict_keys(['example_task_group_decorator']) retrieved from /home/airflow/.local/lib/python3.6/site-packages/airflow/example_dags/example_task_group_decorator.py
[2022-11-26 01:38:54,989] {logging_mixin.py:109} INFO - [2022-11-26 01:38:54,989] {dag.py:1833} INFO - Sync 1 DAGs
[2022-11-26 01:38:55,020] {logging_mixin.py:109} INFO - [2022-11-26 01:38:55,020] {dag.py:2306} INFO - Setting next_dagrun for example_task_group_decorator to 2022-11-24 00:00:00+00:00
[2022-11-26 01:38:55,041] {processor.py:170} INFO - Processing /home/airflow/.local/lib/python3.6/site-packages/airflow/example_dags/example_task_group_decorator.py took 0.718 seconds
[2022-11-26 01:39:25,341] {processor.py:162} INFO - Started process (PID=470) to work on /home/airflow/.local/lib/python3.6/site-packages/airflow/example_dags/example_task_group_decorator.py
[2022-11-26 01:39:25,344] {processor.py:613} INFO - Processing file /home/airflow/.local/lib/python3.6/site-packages/airflow/example_dags/example_task_group_decorator.py for tasks to queue
[2022-11-26 01:39:25,345] {logging_mixin.py:109} INFO - [2022-11-26 01:39:25,345] {dagbag.py:496} INFO - Filling up the DagBag from /home/airflow/.local/lib/python3.6/site-packages/airflow/example_dags/example_task_group_decorator.py
[2022-11-26 01:39:25,414] {processor.py:623} INFO - DAG(s) dict_keys(['example_task_group_decorator']) retrieved from /home/airflow/.local/lib/python3.6/site-packages/airflow/example_dags/example_task_group_decorator.py
[2022-11-26 01:39:26,000] {logging_mixin.py:109} INFO - [2022-11-26 01:39:25,999] {dag.py:1833} INFO - Sync 1 DAGs
[2022-11-26 01:39:26,032] {logging_mixin.py:109} INFO - [2022-11-26 01:39:26,031] {dag.py:2306} INFO - Setting next_dagrun for example_task_group_decorator to 2022-11-24 00:00:00+00:00
[2022-11-26 01:39:26,053] {processor.py:170} INFO - Processing /home/airflow/.local/lib/python3.6/site-packages/airflow/example_dags/example_task_group_decorator.py took 0.717 seconds
[2022-11-26 01:39:56,786] {processor.py:162} INFO - Started process (PID=566) to work on /home/airflow/.local/lib/python3.6/site-packages/airflow/example_dags/example_task_group_decorator.py
[2022-11-26 01:39:56,789] {processor.py:613} INFO - Processing file /home/airflow/.local/lib/python3.6/site-packages/airflow/example_dags/example_task_group_decorator.py for tasks to queue
[2022-11-26 01:39:56,791] {logging_mixin.py:109} INFO - [2022-11-26 01:39:56,791] {dagbag.py:496} INFO - Filling up the DagBag from /home/airflow/.local/lib/python3.6/site-packages/airflow/example_dags/example_task_group_decorator.py
[2022-11-26 01:39:56,886] {processor.py:623} INFO - DAG(s) dict_keys(['example_task_group_decorator']) retrieved from /home/airflow/.local/lib/python3.6/site-packages/airflow/example_dags/example_task_group_decorator.py
[2022-11-26 01:39:57,635] {logging_mixin.py:109} INFO - [2022-11-26 01:39:57,635] {dag.py:1833} INFO - Sync 1 DAGs
[2022-11-26 01:39:57,668] {logging_mixin.py:109} INFO - [2022-11-26 01:39:57,667] {dag.py:2306} INFO - Setting next_dagrun for example_task_group_decorator to 2022-11-24 00:00:00+00:00
[2022-11-26 01:39:57,691] {processor.py:170} INFO - Processing /home/airflow/.local/lib/python3.6/site-packages/airflow/example_dags/example_task_group_decorator.py took 0.912 seconds
[2022-11-26 01:40:28,418] {processor.py:162} INFO - Started process (PID=663) to work on /home/airflow/.local/lib/python3.6/site-packages/airflow/example_dags/example_task_group_decorator.py
[2022-11-26 01:40:28,422] {processor.py:613} INFO - Processing file /home/airflow/.local/lib/python3.6/site-packages/airflow/example_dags/example_task_group_decorator.py for tasks to queue
[2022-11-26 01:40:28,425] {logging_mixin.py:109} INFO - [2022-11-26 01:40:28,424] {dagbag.py:496} INFO - Filling up the DagBag from /home/airflow/.local/lib/python3.6/site-packages/airflow/example_dags/example_task_group_decorator.py
[2022-11-26 01:40:28,530] {processor.py:623} INFO - DAG(s) dict_keys(['example_task_group_decorator']) retrieved from /home/airflow/.local/lib/python3.6/site-packages/airflow/example_dags/example_task_group_decorator.py
[2022-11-26 01:40:29,263] {logging_mixin.py:109} INFO - [2022-11-26 01:40:29,263] {dag.py:1833} INFO - Sync 1 DAGs
[2022-11-26 01:40:29,299] {logging_mixin.py:109} INFO - [2022-11-26 01:40:29,298] {dag.py:2306} INFO - Setting next_dagrun for example_task_group_decorator to 2022-11-24 00:00:00+00:00
[2022-11-26 01:40:29,321] {processor.py:170} INFO - Processing /home/airflow/.local/lib/python3.6/site-packages/airflow/example_dags/example_task_group_decorator.py took 0.909 seconds
[2022-11-26 01:40:59,831] {processor.py:162} INFO - Started process (PID=753) to work on /home/airflow/.local/lib/python3.6/site-packages/airflow/example_dags/example_task_group_decorator.py
[2022-11-26 01:40:59,836] {processor.py:613} INFO - Processing file /home/airflow/.local/lib/python3.6/site-packages/airflow/example_dags/example_task_group_decorator.py for tasks to queue
[2022-11-26 01:40:59,839] {logging_mixin.py:109} INFO - [2022-11-26 01:40:59,838] {dagbag.py:496} INFO - Filling up the DagBag from /home/airflow/.local/lib/python3.6/site-packages/airflow/example_dags/example_task_group_decorator.py
[2022-11-26 01:40:59,913] {processor.py:623} INFO - DAG(s) dict_keys(['example_task_group_decorator']) retrieved from /home/airflow/.local/lib/python3.6/site-packages/airflow/example_dags/example_task_group_decorator.py
[2022-11-26 01:41:00,469] {logging_mixin.py:109} INFO - [2022-11-26 01:41:00,469] {dag.py:1833} INFO - Sync 1 DAGs
[2022-11-26 01:41:00,499] {logging_mixin.py:109} INFO - [2022-11-26 01:41:00,499] {dag.py:2306} INFO - Setting next_dagrun for example_task_group_decorator to 2022-11-24 00:00:00+00:00
[2022-11-26 01:41:00,520] {processor.py:170} INFO - Processing /home/airflow/.local/lib/python3.6/site-packages/airflow/example_dags/example_task_group_decorator.py took 0.699 seconds
[2022-11-26 01:41:31,373] {processor.py:162} INFO - Started process (PID=854) to work on /home/airflow/.local/lib/python3.6/site-packages/airflow/example_dags/example_task_group_decorator.py
[2022-11-26 01:41:31,379] {processor.py:613} INFO - Processing file /home/airflow/.local/lib/python3.6/site-packages/airflow/example_dags/example_task_group_decorator.py for tasks to queue
[2022-11-26 01:41:31,381] {logging_mixin.py:109} INFO - [2022-11-26 01:41:31,381] {dagbag.py:496} INFO - Filling up the DagBag from /home/airflow/.local/lib/python3.6/site-packages/airflow/example_dags/example_task_group_decorator.py
[2022-11-26 01:41:31,459] {processor.py:623} INFO - DAG(s) dict_keys(['example_task_group_decorator']) retrieved from /home/airflow/.local/lib/python3.6/site-packages/airflow/example_dags/example_task_group_decorator.py
[2022-11-26 01:41:32,026] {logging_mixin.py:109} INFO - [2022-11-26 01:41:32,026] {dag.py:1833} INFO - Sync 1 DAGs
[2022-11-26 01:41:32,056] {logging_mixin.py:109} INFO - [2022-11-26 01:41:32,056] {dag.py:2306} INFO - Setting next_dagrun for example_task_group_decorator to 2022-11-24 00:00:00+00:00
[2022-11-26 01:41:32,077] {processor.py:170} INFO - Processing /home/airflow/.local/lib/python3.6/site-packages/airflow/example_dags/example_task_group_decorator.py took 0.713 seconds
[2022-11-26 01:42:02,571] {processor.py:162} INFO - Started process (PID=954) to work on /home/airflow/.local/lib/python3.6/site-packages/airflow/example_dags/example_task_group_decorator.py
[2022-11-26 01:42:02,575] {processor.py:613} INFO - Processing file /home/airflow/.local/lib/python3.6/site-packages/airflow/example_dags/example_task_group_decorator.py for tasks to queue
[2022-11-26 01:42:02,577] {logging_mixin.py:109} INFO - [2022-11-26 01:42:02,577] {dagbag.py:496} INFO - Filling up the DagBag from /home/airflow/.local/lib/python3.6/site-packages/airflow/example_dags/example_task_group_decorator.py
[2022-11-26 01:42:02,683] {processor.py:623} INFO - DAG(s) dict_keys(['example_task_group_decorator']) retrieved from /home/airflow/.local/lib/python3.6/site-packages/airflow/example_dags/example_task_group_decorator.py
[2022-11-26 01:42:03,349] {logging_mixin.py:109} INFO - [2022-11-26 01:42:03,349] {dag.py:1833} INFO - Sync 1 DAGs
[2022-11-26 01:42:03,404] {logging_mixin.py:109} INFO - [2022-11-26 01:42:03,404] {dag.py:2306} INFO - Setting next_dagrun for example_task_group_decorator to 2022-11-24 00:00:00+00:00
[2022-11-26 01:42:03,492] {processor.py:170} INFO - Processing /home/airflow/.local/lib/python3.6/site-packages/airflow/example_dags/example_task_group_decorator.py took 0.928 seconds
[2022-11-26 01:42:34,292] {processor.py:162} INFO - Started process (PID=1059) to work on /home/airflow/.local/lib/python3.6/site-packages/airflow/example_dags/example_task_group_decorator.py
[2022-11-26 01:42:34,297] {processor.py:613} INFO - Processing file /home/airflow/.local/lib/python3.6/site-packages/airflow/example_dags/example_task_group_decorator.py for tasks to queue
[2022-11-26 01:42:34,299] {logging_mixin.py:109} INFO - [2022-11-26 01:42:34,299] {dagbag.py:496} INFO - Filling up the DagBag from /home/airflow/.local/lib/python3.6/site-packages/airflow/example_dags/example_task_group_decorator.py
[2022-11-26 01:42:34,378] {processor.py:623} INFO - DAG(s) dict_keys(['example_task_group_decorator']) retrieved from /home/airflow/.local/lib/python3.6/site-packages/airflow/example_dags/example_task_group_decorator.py
[2022-11-26 01:42:35,003] {logging_mixin.py:109} INFO - [2022-11-26 01:42:35,003] {dag.py:1833} INFO - Sync 1 DAGs
[2022-11-26 01:42:35,035] {logging_mixin.py:109} INFO - [2022-11-26 01:42:35,034] {dag.py:2306} INFO - Setting next_dagrun for example_task_group_decorator to 2022-11-24 00:00:00+00:00
[2022-11-26 01:42:35,056] {processor.py:170} INFO - Processing /home/airflow/.local/lib/python3.6/site-packages/airflow/example_dags/example_task_group_decorator.py took 0.774 seconds
[2022-11-26 01:43:05,895] {processor.py:162} INFO - Started process (PID=1163) to work on /home/airflow/.local/lib/python3.6/site-packages/airflow/example_dags/example_task_group_decorator.py
[2022-11-26 01:43:05,899] {processor.py:613} INFO - Processing file /home/airflow/.local/lib/python3.6/site-packages/airflow/example_dags/example_task_group_decorator.py for tasks to queue
[2022-11-26 01:43:05,901] {logging_mixin.py:109} INFO - [2022-11-26 01:43:05,901] {dagbag.py:496} INFO - Filling up the DagBag from /home/airflow/.local/lib/python3.6/site-packages/airflow/example_dags/example_task_group_decorator.py
[2022-11-26 01:43:05,977] {processor.py:623} INFO - DAG(s) dict_keys(['example_task_group_decorator']) retrieved from /home/airflow/.local/lib/python3.6/site-packages/airflow/example_dags/example_task_group_decorator.py
[2022-11-26 01:43:06,026] {logging_mixin.py:109} INFO - [2022-11-26 01:43:06,026] {dag.py:1833} INFO - Sync 1 DAGs
[2022-11-26 01:43:06,059] {logging_mixin.py:109} INFO - [2022-11-26 01:43:06,058] {dag.py:2306} INFO - Setting next_dagrun for example_task_group_decorator to 2022-11-24 00:00:00+00:00
[2022-11-26 01:43:06,075] {processor.py:170} INFO - Processing /home/airflow/.local/lib/python3.6/site-packages/airflow/example_dags/example_task_group_decorator.py took 0.189 seconds
[2022-11-26 01:43:36,145] {processor.py:162} INFO - Started process (PID=1263) to work on /home/airflow/.local/lib/python3.6/site-packages/airflow/example_dags/example_task_group_decorator.py
[2022-11-26 01:43:36,149] {processor.py:613} INFO - Processing file /home/airflow/.local/lib/python3.6/site-packages/airflow/example_dags/example_task_group_decorator.py for tasks to queue
[2022-11-26 01:43:36,150] {logging_mixin.py:109} INFO - [2022-11-26 01:43:36,150] {dagbag.py:496} INFO - Filling up the DagBag from /home/airflow/.local/lib/python3.6/site-packages/airflow/example_dags/example_task_group_decorator.py
[2022-11-26 01:43:36,226] {processor.py:623} INFO - DAG(s) dict_keys(['example_task_group_decorator']) retrieved from /home/airflow/.local/lib/python3.6/site-packages/airflow/example_dags/example_task_group_decorator.py
[2022-11-26 01:43:36,869] {logging_mixin.py:109} INFO - [2022-11-26 01:43:36,869] {dag.py:1833} INFO - Sync 1 DAGs
[2022-11-26 01:43:36,905] {logging_mixin.py:109} INFO - [2022-11-26 01:43:36,905] {dag.py:2306} INFO - Setting next_dagrun for example_task_group_decorator to 2022-11-24 00:00:00+00:00
[2022-11-26 01:43:36,929] {processor.py:170} INFO - Processing /home/airflow/.local/lib/python3.6/site-packages/airflow/example_dags/example_task_group_decorator.py took 0.789 seconds
[2022-11-26 01:44:07,491] {processor.py:162} INFO - Started process (PID=1362) to work on /home/airflow/.local/lib/python3.6/site-packages/airflow/example_dags/example_task_group_decorator.py
[2022-11-26 01:44:07,494] {processor.py:613} INFO - Processing file /home/airflow/.local/lib/python3.6/site-packages/airflow/example_dags/example_task_group_decorator.py for tasks to queue
[2022-11-26 01:44:07,496] {logging_mixin.py:109} INFO - [2022-11-26 01:44:07,496] {dagbag.py:496} INFO - Filling up the DagBag from /home/airflow/.local/lib/python3.6/site-packages/airflow/example_dags/example_task_group_decorator.py
[2022-11-26 01:44:07,567] {processor.py:623} INFO - DAG(s) dict_keys(['example_task_group_decorator']) retrieved from /home/airflow/.local/lib/python3.6/site-packages/airflow/example_dags/example_task_group_decorator.py
[2022-11-26 01:44:08,145] {logging_mixin.py:109} INFO - [2022-11-26 01:44:08,145] {dag.py:1833} INFO - Sync 1 DAGs
[2022-11-26 01:44:08,175] {logging_mixin.py:109} INFO - [2022-11-26 01:44:08,175] {dag.py:2306} INFO - Setting next_dagrun for example_task_group_decorator to 2022-11-24 00:00:00+00:00
[2022-11-26 01:44:08,197] {processor.py:170} INFO - Processing /home/airflow/.local/lib/python3.6/site-packages/airflow/example_dags/example_task_group_decorator.py took 0.711 seconds
[2022-11-26 01:44:39,086] {processor.py:162} INFO - Started process (PID=1456) to work on /home/airflow/.local/lib/python3.6/site-packages/airflow/example_dags/example_task_group_decorator.py
[2022-11-26 01:44:39,088] {processor.py:613} INFO - Processing file /home/airflow/.local/lib/python3.6/site-packages/airflow/example_dags/example_task_group_decorator.py for tasks to queue
[2022-11-26 01:44:39,090] {logging_mixin.py:109} INFO - [2022-11-26 01:44:39,090] {dagbag.py:496} INFO - Filling up the DagBag from /home/airflow/.local/lib/python3.6/site-packages/airflow/example_dags/example_task_group_decorator.py
[2022-11-26 01:44:39,169] {processor.py:623} INFO - DAG(s) dict_keys(['example_task_group_decorator']) retrieved from /home/airflow/.local/lib/python3.6/site-packages/airflow/example_dags/example_task_group_decorator.py
[2022-11-26 01:44:39,222] {logging_mixin.py:109} INFO - [2022-11-26 01:44:39,221] {dag.py:1833} INFO - Sync 1 DAGs
[2022-11-26 01:44:39,256] {logging_mixin.py:109} INFO - [2022-11-26 01:44:39,256] {dag.py:2306} INFO - Setting next_dagrun for example_task_group_decorator to 2022-11-24 00:00:00+00:00
[2022-11-26 01:44:39,275] {processor.py:170} INFO - Processing /home/airflow/.local/lib/python3.6/site-packages/airflow/example_dags/example_task_group_decorator.py took 0.194 seconds
[2022-11-26 01:45:09,395] {processor.py:162} INFO - Started process (PID=1547) to work on /home/airflow/.local/lib/python3.6/site-packages/airflow/example_dags/example_task_group_decorator.py
[2022-11-26 01:45:09,398] {processor.py:613} INFO - Processing file /home/airflow/.local/lib/python3.6/site-packages/airflow/example_dags/example_task_group_decorator.py for tasks to queue
[2022-11-26 01:45:09,399] {logging_mixin.py:109} INFO - [2022-11-26 01:45:09,399] {dagbag.py:496} INFO - Filling up the DagBag from /home/airflow/.local/lib/python3.6/site-packages/airflow/example_dags/example_task_group_decorator.py
[2022-11-26 01:45:09,472] {processor.py:623} INFO - DAG(s) dict_keys(['example_task_group_decorator']) retrieved from /home/airflow/.local/lib/python3.6/site-packages/airflow/example_dags/example_task_group_decorator.py
[2022-11-26 01:45:10,066] {logging_mixin.py:109} INFO - [2022-11-26 01:45:10,065] {dag.py:1833} INFO - Sync 1 DAGs
[2022-11-26 01:45:10,099] {logging_mixin.py:109} INFO - [2022-11-26 01:45:10,099] {dag.py:2306} INFO - Setting next_dagrun for example_task_group_decorator to 2022-11-24 00:00:00+00:00
[2022-11-26 01:45:10,121] {processor.py:170} INFO - Processing /home/airflow/.local/lib/python3.6/site-packages/airflow/example_dags/example_task_group_decorator.py took 0.730 seconds
[2022-11-26 01:45:40,910] {processor.py:162} INFO - Started process (PID=1648) to work on /home/airflow/.local/lib/python3.6/site-packages/airflow/example_dags/example_task_group_decorator.py
[2022-11-26 01:45:40,915] {processor.py:613} INFO - Processing file /home/airflow/.local/lib/python3.6/site-packages/airflow/example_dags/example_task_group_decorator.py for tasks to queue
[2022-11-26 01:45:40,917] {logging_mixin.py:109} INFO - [2022-11-26 01:45:40,917] {dagbag.py:496} INFO - Filling up the DagBag from /home/airflow/.local/lib/python3.6/site-packages/airflow/example_dags/example_task_group_decorator.py
[2022-11-26 01:45:40,989] {processor.py:623} INFO - DAG(s) dict_keys(['example_task_group_decorator']) retrieved from /home/airflow/.local/lib/python3.6/site-packages/airflow/example_dags/example_task_group_decorator.py
[2022-11-26 01:45:41,037] {logging_mixin.py:109} INFO - [2022-11-26 01:45:41,037] {dag.py:1833} INFO - Sync 1 DAGs
[2022-11-26 01:45:41,068] {logging_mixin.py:109} INFO - [2022-11-26 01:45:41,068] {dag.py:2306} INFO - Setting next_dagrun for example_task_group_decorator to 2022-11-24 00:00:00+00:00
[2022-11-26 01:45:41,085] {processor.py:170} INFO - Processing /home/airflow/.local/lib/python3.6/site-packages/airflow/example_dags/example_task_group_decorator.py took 0.184 seconds
[2022-11-26 01:46:11,612] {processor.py:162} INFO - Started process (PID=1749) to work on /home/airflow/.local/lib/python3.6/site-packages/airflow/example_dags/example_task_group_decorator.py
[2022-11-26 01:46:11,617] {processor.py:613} INFO - Processing file /home/airflow/.local/lib/python3.6/site-packages/airflow/example_dags/example_task_group_decorator.py for tasks to queue
[2022-11-26 01:46:11,619] {logging_mixin.py:109} INFO - [2022-11-26 01:46:11,619] {dagbag.py:496} INFO - Filling up the DagBag from /home/airflow/.local/lib/python3.6/site-packages/airflow/example_dags/example_task_group_decorator.py
[2022-11-26 01:46:11,692] {processor.py:623} INFO - DAG(s) dict_keys(['example_task_group_decorator']) retrieved from /home/airflow/.local/lib/python3.6/site-packages/airflow/example_dags/example_task_group_decorator.py
[2022-11-26 01:46:11,740] {logging_mixin.py:109} INFO - [2022-11-26 01:46:11,739] {dag.py:1833} INFO - Sync 1 DAGs
[2022-11-26 01:46:11,771] {logging_mixin.py:109} INFO - [2022-11-26 01:46:11,770] {dag.py:2306} INFO - Setting next_dagrun for example_task_group_decorator to 2022-11-24 00:00:00+00:00
[2022-11-26 01:46:11,787] {processor.py:170} INFO - Processing /home/airflow/.local/lib/python3.6/site-packages/airflow/example_dags/example_task_group_decorator.py took 0.186 seconds
[2022-11-26 01:46:41,879] {processor.py:162} INFO - Started process (PID=1849) to work on /home/airflow/.local/lib/python3.6/site-packages/airflow/example_dags/example_task_group_decorator.py
[2022-11-26 01:46:41,884] {processor.py:613} INFO - Processing file /home/airflow/.local/lib/python3.6/site-packages/airflow/example_dags/example_task_group_decorator.py for tasks to queue
[2022-11-26 01:46:41,886] {logging_mixin.py:109} INFO - [2022-11-26 01:46:41,886] {dagbag.py:496} INFO - Filling up the DagBag from /home/airflow/.local/lib/python3.6/site-packages/airflow/example_dags/example_task_group_decorator.py
[2022-11-26 01:46:41,990] {processor.py:623} INFO - DAG(s) dict_keys(['example_task_group_decorator']) retrieved from /home/airflow/.local/lib/python3.6/site-packages/airflow/example_dags/example_task_group_decorator.py
[2022-11-26 01:46:42,633] {logging_mixin.py:109} INFO - [2022-11-26 01:46:42,633] {dag.py:1833} INFO - Sync 1 DAGs
[2022-11-26 01:46:42,664] {logging_mixin.py:109} INFO - [2022-11-26 01:46:42,664] {dag.py:2306} INFO - Setting next_dagrun for example_task_group_decorator to 2022-11-24 00:00:00+00:00
[2022-11-26 01:46:42,686] {processor.py:170} INFO - Processing /home/airflow/.local/lib/python3.6/site-packages/airflow/example_dags/example_task_group_decorator.py took 0.813 seconds
[2022-11-26 01:47:13,312] {processor.py:162} INFO - Started process (PID=1949) to work on /home/airflow/.local/lib/python3.6/site-packages/airflow/example_dags/example_task_group_decorator.py
[2022-11-26 01:47:13,314] {processor.py:613} INFO - Processing file /home/airflow/.local/lib/python3.6/site-packages/airflow/example_dags/example_task_group_decorator.py for tasks to queue
[2022-11-26 01:47:13,316] {logging_mixin.py:109} INFO - [2022-11-26 01:47:13,315] {dagbag.py:496} INFO - Filling up the DagBag from /home/airflow/.local/lib/python3.6/site-packages/airflow/example_dags/example_task_group_decorator.py
[2022-11-26 01:47:13,388] {processor.py:623} INFO - DAG(s) dict_keys(['example_task_group_decorator']) retrieved from /home/airflow/.local/lib/python3.6/site-packages/airflow/example_dags/example_task_group_decorator.py
[2022-11-26 01:47:13,988] {logging_mixin.py:109} INFO - [2022-11-26 01:47:13,988] {dag.py:1833} INFO - Sync 1 DAGs
[2022-11-26 01:47:14,020] {logging_mixin.py:109} INFO - [2022-11-26 01:47:14,019] {dag.py:2306} INFO - Setting next_dagrun for example_task_group_decorator to 2022-11-24 00:00:00+00:00
[2022-11-26 01:47:14,041] {processor.py:170} INFO - Processing /home/airflow/.local/lib/python3.6/site-packages/airflow/example_dags/example_task_group_decorator.py took 0.734 seconds
[2022-11-26 01:47:44,873] {processor.py:162} INFO - Started process (PID=2051) to work on /home/airflow/.local/lib/python3.6/site-packages/airflow/example_dags/example_task_group_decorator.py
[2022-11-26 01:47:44,877] {processor.py:613} INFO - Processing file /home/airflow/.local/lib/python3.6/site-packages/airflow/example_dags/example_task_group_decorator.py for tasks to queue
[2022-11-26 01:47:44,879] {logging_mixin.py:109} INFO - [2022-11-26 01:47:44,879] {dagbag.py:496} INFO - Filling up the DagBag from /home/airflow/.local/lib/python3.6/site-packages/airflow/example_dags/example_task_group_decorator.py
[2022-11-26 01:47:45,002] {processor.py:623} INFO - DAG(s) dict_keys(['example_task_group_decorator']) retrieved from /home/airflow/.local/lib/python3.6/site-packages/airflow/example_dags/example_task_group_decorator.py
[2022-11-26 01:47:45,695] {logging_mixin.py:109} INFO - [2022-11-26 01:47:45,695] {dag.py:1833} INFO - Sync 1 DAGs
[2022-11-26 01:47:45,732] {logging_mixin.py:109} INFO - [2022-11-26 01:47:45,732] {dag.py:2306} INFO - Setting next_dagrun for example_task_group_decorator to 2022-11-24 00:00:00+00:00
[2022-11-26 01:47:45,760] {processor.py:170} INFO - Processing /home/airflow/.local/lib/python3.6/site-packages/airflow/example_dags/example_task_group_decorator.py took 0.894 seconds
[2022-11-26 01:48:15,823] {processor.py:162} INFO - Started process (PID=2145) to work on /home/airflow/.local/lib/python3.6/site-packages/airflow/example_dags/example_task_group_decorator.py
[2022-11-26 01:48:15,827] {processor.py:613} INFO - Processing file /home/airflow/.local/lib/python3.6/site-packages/airflow/example_dags/example_task_group_decorator.py for tasks to queue
[2022-11-26 01:48:15,828] {logging_mixin.py:109} INFO - [2022-11-26 01:48:15,828] {dagbag.py:496} INFO - Filling up the DagBag from /home/airflow/.local/lib/python3.6/site-packages/airflow/example_dags/example_task_group_decorator.py
[2022-11-26 01:48:15,901] {processor.py:623} INFO - DAG(s) dict_keys(['example_task_group_decorator']) retrieved from /home/airflow/.local/lib/python3.6/site-packages/airflow/example_dags/example_task_group_decorator.py
[2022-11-26 01:48:15,956] {logging_mixin.py:109} INFO - [2022-11-26 01:48:15,955] {dag.py:1833} INFO - Sync 1 DAGs
[2022-11-26 01:48:15,989] {logging_mixin.py:109} INFO - [2022-11-26 01:48:15,989] {dag.py:2306} INFO - Setting next_dagrun for example_task_group_decorator to 2022-11-24 00:00:00+00:00
[2022-11-26 01:48:16,008] {processor.py:170} INFO - Processing /home/airflow/.local/lib/python3.6/site-packages/airflow/example_dags/example_task_group_decorator.py took 0.190 seconds
[2022-11-26 01:48:46,209] {processor.py:162} INFO - Started process (PID=2235) to work on /home/airflow/.local/lib/python3.6/site-packages/airflow/example_dags/example_task_group_decorator.py
[2022-11-26 01:48:46,212] {processor.py:613} INFO - Processing file /home/airflow/.local/lib/python3.6/site-packages/airflow/example_dags/example_task_group_decorator.py for tasks to queue
[2022-11-26 01:48:46,213] {logging_mixin.py:109} INFO - [2022-11-26 01:48:46,213] {dagbag.py:496} INFO - Filling up the DagBag from /home/airflow/.local/lib/python3.6/site-packages/airflow/example_dags/example_task_group_decorator.py
[2022-11-26 01:48:46,286] {processor.py:623} INFO - DAG(s) dict_keys(['example_task_group_decorator']) retrieved from /home/airflow/.local/lib/python3.6/site-packages/airflow/example_dags/example_task_group_decorator.py
[2022-11-26 01:48:46,864] {logging_mixin.py:109} INFO - [2022-11-26 01:48:46,864] {dag.py:1833} INFO - Sync 1 DAGs
[2022-11-26 01:48:46,895] {logging_mixin.py:109} INFO - [2022-11-26 01:48:46,895] {dag.py:2306} INFO - Setting next_dagrun for example_task_group_decorator to 2022-11-24 00:00:00+00:00
[2022-11-26 01:48:46,918] {processor.py:170} INFO - Processing /home/airflow/.local/lib/python3.6/site-packages/airflow/example_dags/example_task_group_decorator.py took 0.715 seconds
[2022-11-26 01:49:17,506] {processor.py:162} INFO - Started process (PID=2335) to work on /home/airflow/.local/lib/python3.6/site-packages/airflow/example_dags/example_task_group_decorator.py
[2022-11-26 01:49:17,509] {processor.py:613} INFO - Processing file /home/airflow/.local/lib/python3.6/site-packages/airflow/example_dags/example_task_group_decorator.py for tasks to queue
[2022-11-26 01:49:17,511] {logging_mixin.py:109} INFO - [2022-11-26 01:49:17,510] {dagbag.py:496} INFO - Filling up the DagBag from /home/airflow/.local/lib/python3.6/site-packages/airflow/example_dags/example_task_group_decorator.py
[2022-11-26 01:49:17,586] {processor.py:623} INFO - DAG(s) dict_keys(['example_task_group_decorator']) retrieved from /home/airflow/.local/lib/python3.6/site-packages/airflow/example_dags/example_task_group_decorator.py
[2022-11-26 01:49:17,637] {logging_mixin.py:109} INFO - [2022-11-26 01:49:17,637] {dag.py:1833} INFO - Sync 1 DAGs
[2022-11-26 01:49:17,672] {logging_mixin.py:109} INFO - [2022-11-26 01:49:17,672] {dag.py:2306} INFO - Setting next_dagrun for example_task_group_decorator to 2022-11-24 00:00:00+00:00
[2022-11-26 01:49:17,689] {processor.py:170} INFO - Processing /home/airflow/.local/lib/python3.6/site-packages/airflow/example_dags/example_task_group_decorator.py took 0.189 seconds
[2022-11-26 01:49:47,844] {processor.py:162} INFO - Started process (PID=2435) to work on /home/airflow/.local/lib/python3.6/site-packages/airflow/example_dags/example_task_group_decorator.py
[2022-11-26 01:49:47,848] {processor.py:613} INFO - Processing file /home/airflow/.local/lib/python3.6/site-packages/airflow/example_dags/example_task_group_decorator.py for tasks to queue
[2022-11-26 01:49:47,851] {logging_mixin.py:109} INFO - [2022-11-26 01:49:47,851] {dagbag.py:496} INFO - Filling up the DagBag from /home/airflow/.local/lib/python3.6/site-packages/airflow/example_dags/example_task_group_decorator.py
[2022-11-26 01:49:47,936] {processor.py:623} INFO - DAG(s) dict_keys(['example_task_group_decorator']) retrieved from /home/airflow/.local/lib/python3.6/site-packages/airflow/example_dags/example_task_group_decorator.py
[2022-11-26 01:49:47,989] {logging_mixin.py:109} INFO - [2022-11-26 01:49:47,989] {dag.py:1833} INFO - Sync 1 DAGs
[2022-11-26 01:49:48,026] {logging_mixin.py:109} INFO - [2022-11-26 01:49:48,026] {dag.py:2306} INFO - Setting next_dagrun for example_task_group_decorator to 2022-11-24 00:00:00+00:00
[2022-11-26 01:49:48,045] {processor.py:170} INFO - Processing /home/airflow/.local/lib/python3.6/site-packages/airflow/example_dags/example_task_group_decorator.py took 0.209 seconds
[2022-11-26 01:50:18,177] {processor.py:162} INFO - Started process (PID=2537) to work on /home/airflow/.local/lib/python3.6/site-packages/airflow/example_dags/example_task_group_decorator.py
[2022-11-26 01:50:18,180] {processor.py:613} INFO - Processing file /home/airflow/.local/lib/python3.6/site-packages/airflow/example_dags/example_task_group_decorator.py for tasks to queue
[2022-11-26 01:50:18,181] {logging_mixin.py:109} INFO - [2022-11-26 01:50:18,181] {dagbag.py:496} INFO - Filling up the DagBag from /home/airflow/.local/lib/python3.6/site-packages/airflow/example_dags/example_task_group_decorator.py
[2022-11-26 01:50:18,258] {processor.py:623} INFO - DAG(s) dict_keys(['example_task_group_decorator']) retrieved from /home/airflow/.local/lib/python3.6/site-packages/airflow/example_dags/example_task_group_decorator.py
[2022-11-26 01:50:18,858] {logging_mixin.py:109} INFO - [2022-11-26 01:50:18,858] {dag.py:1833} INFO - Sync 1 DAGs
[2022-11-26 01:50:18,893] {logging_mixin.py:109} INFO - [2022-11-26 01:50:18,893] {dag.py:2306} INFO - Setting next_dagrun for example_task_group_decorator to 2022-11-24 00:00:00+00:00
[2022-11-26 01:50:18,933] {processor.py:170} INFO - Processing /home/airflow/.local/lib/python3.6/site-packages/airflow/example_dags/example_task_group_decorator.py took 0.761 seconds
[2022-11-26 01:50:49,462] {processor.py:162} INFO - Started process (PID=2639) to work on /home/airflow/.local/lib/python3.6/site-packages/airflow/example_dags/example_task_group_decorator.py
[2022-11-26 01:50:49,465] {processor.py:613} INFO - Processing file /home/airflow/.local/lib/python3.6/site-packages/airflow/example_dags/example_task_group_decorator.py for tasks to queue
[2022-11-26 01:50:49,467] {logging_mixin.py:109} INFO - [2022-11-26 01:50:49,467] {dagbag.py:496} INFO - Filling up the DagBag from /home/airflow/.local/lib/python3.6/site-packages/airflow/example_dags/example_task_group_decorator.py
[2022-11-26 01:50:49,540] {processor.py:623} INFO - DAG(s) dict_keys(['example_task_group_decorator']) retrieved from /home/airflow/.local/lib/python3.6/site-packages/airflow/example_dags/example_task_group_decorator.py
[2022-11-26 01:50:50,233] {logging_mixin.py:109} INFO - [2022-11-26 01:50:50,232] {dag.py:1833} INFO - Sync 1 DAGs
[2022-11-26 01:50:50,277] {logging_mixin.py:109} INFO - [2022-11-26 01:50:50,276] {dag.py:2306} INFO - Setting next_dagrun for example_task_group_decorator to 2022-11-24 00:00:00+00:00
[2022-11-26 01:50:50,306] {processor.py:170} INFO - Processing /home/airflow/.local/lib/python3.6/site-packages/airflow/example_dags/example_task_group_decorator.py took 0.849 seconds
[2022-11-26 01:51:20,768] {processor.py:162} INFO - Started process (PID=2730) to work on /home/airflow/.local/lib/python3.6/site-packages/airflow/example_dags/example_task_group_decorator.py
[2022-11-26 01:51:20,771] {processor.py:613} INFO - Processing file /home/airflow/.local/lib/python3.6/site-packages/airflow/example_dags/example_task_group_decorator.py for tasks to queue
[2022-11-26 01:51:20,773] {logging_mixin.py:109} INFO - [2022-11-26 01:51:20,773] {dagbag.py:496} INFO - Filling up the DagBag from /home/airflow/.local/lib/python3.6/site-packages/airflow/example_dags/example_task_group_decorator.py
[2022-11-26 01:51:20,845] {processor.py:623} INFO - DAG(s) dict_keys(['example_task_group_decorator']) retrieved from /home/airflow/.local/lib/python3.6/site-packages/airflow/example_dags/example_task_group_decorator.py
[2022-11-26 01:51:20,896] {logging_mixin.py:109} INFO - [2022-11-26 01:51:20,895] {dag.py:1833} INFO - Sync 1 DAGs
[2022-11-26 01:51:20,929] {logging_mixin.py:109} INFO - [2022-11-26 01:51:20,928] {dag.py:2306} INFO - Setting next_dagrun for example_task_group_decorator to 2022-11-24 00:00:00+00:00
[2022-11-26 01:51:20,946] {processor.py:170} INFO - Processing /home/airflow/.local/lib/python3.6/site-packages/airflow/example_dags/example_task_group_decorator.py took 0.183 seconds
[2022-11-26 01:51:51,654] {processor.py:162} INFO - Started process (PID=2821) to work on /home/airflow/.local/lib/python3.6/site-packages/airflow/example_dags/example_task_group_decorator.py
[2022-11-26 01:51:51,663] {processor.py:613} INFO - Processing file /home/airflow/.local/lib/python3.6/site-packages/airflow/example_dags/example_task_group_decorator.py for tasks to queue
[2022-11-26 01:51:51,674] {logging_mixin.py:109} INFO - [2022-11-26 01:51:51,673] {dagbag.py:496} INFO - Filling up the DagBag from /home/airflow/.local/lib/python3.6/site-packages/airflow/example_dags/example_task_group_decorator.py
[2022-11-26 01:51:51,767] {processor.py:623} INFO - DAG(s) dict_keys(['example_task_group_decorator']) retrieved from /home/airflow/.local/lib/python3.6/site-packages/airflow/example_dags/example_task_group_decorator.py
[2022-11-26 01:51:52,558] {logging_mixin.py:109} INFO - [2022-11-26 01:51:52,558] {dag.py:1833} INFO - Sync 1 DAGs
[2022-11-26 01:51:52,596] {logging_mixin.py:109} INFO - [2022-11-26 01:51:52,595] {dag.py:2306} INFO - Setting next_dagrun for example_task_group_decorator to 2022-11-24 00:00:00+00:00
[2022-11-26 01:51:52,625] {processor.py:170} INFO - Processing /home/airflow/.local/lib/python3.6/site-packages/airflow/example_dags/example_task_group_decorator.py took 0.983 seconds
[2022-11-26 01:52:23,062] {processor.py:162} INFO - Started process (PID=2921) to work on /home/airflow/.local/lib/python3.6/site-packages/airflow/example_dags/example_task_group_decorator.py
[2022-11-26 01:52:23,065] {processor.py:613} INFO - Processing file /home/airflow/.local/lib/python3.6/site-packages/airflow/example_dags/example_task_group_decorator.py for tasks to queue
[2022-11-26 01:52:23,070] {logging_mixin.py:109} INFO - [2022-11-26 01:52:23,069] {dagbag.py:496} INFO - Filling up the DagBag from /home/airflow/.local/lib/python3.6/site-packages/airflow/example_dags/example_task_group_decorator.py
[2022-11-26 01:52:23,167] {processor.py:623} INFO - DAG(s) dict_keys(['example_task_group_decorator']) retrieved from /home/airflow/.local/lib/python3.6/site-packages/airflow/example_dags/example_task_group_decorator.py
[2022-11-26 01:52:23,251] {logging_mixin.py:109} INFO - [2022-11-26 01:52:23,251] {dag.py:1833} INFO - Sync 1 DAGs
[2022-11-26 01:52:23,294] {logging_mixin.py:109} INFO - [2022-11-26 01:52:23,293] {dag.py:2306} INFO - Setting next_dagrun for example_task_group_decorator to 2022-11-24 00:00:00+00:00
[2022-11-26 01:52:23,317] {processor.py:170} INFO - Processing /home/airflow/.local/lib/python3.6/site-packages/airflow/example_dags/example_task_group_decorator.py took 0.262 seconds
[2022-11-26 01:52:53,375] {processor.py:162} INFO - Started process (PID=3022) to work on /home/airflow/.local/lib/python3.6/site-packages/airflow/example_dags/example_task_group_decorator.py
[2022-11-26 01:52:53,377] {processor.py:613} INFO - Processing file /home/airflow/.local/lib/python3.6/site-packages/airflow/example_dags/example_task_group_decorator.py for tasks to queue
[2022-11-26 01:52:53,379] {logging_mixin.py:109} INFO - [2022-11-26 01:52:53,378] {dagbag.py:496} INFO - Filling up the DagBag from /home/airflow/.local/lib/python3.6/site-packages/airflow/example_dags/example_task_group_decorator.py
[2022-11-26 01:52:53,452] {processor.py:623} INFO - DAG(s) dict_keys(['example_task_group_decorator']) retrieved from /home/airflow/.local/lib/python3.6/site-packages/airflow/example_dags/example_task_group_decorator.py
[2022-11-26 01:52:54,036] {logging_mixin.py:109} INFO - [2022-11-26 01:52:54,035] {dag.py:1833} INFO - Sync 1 DAGs
[2022-11-26 01:52:54,065] {logging_mixin.py:109} INFO - [2022-11-26 01:52:54,065] {dag.py:2306} INFO - Setting next_dagrun for example_task_group_decorator to 2022-11-24 00:00:00+00:00
[2022-11-26 01:52:54,086] {processor.py:170} INFO - Processing /home/airflow/.local/lib/python3.6/site-packages/airflow/example_dags/example_task_group_decorator.py took 0.717 seconds
[2022-11-26 01:53:24,953] {processor.py:162} INFO - Started process (PID=3126) to work on /home/airflow/.local/lib/python3.6/site-packages/airflow/example_dags/example_task_group_decorator.py
[2022-11-26 01:53:24,957] {processor.py:613} INFO - Processing file /home/airflow/.local/lib/python3.6/site-packages/airflow/example_dags/example_task_group_decorator.py for tasks to queue
[2022-11-26 01:53:24,959] {logging_mixin.py:109} INFO - [2022-11-26 01:53:24,959] {dagbag.py:496} INFO - Filling up the DagBag from /home/airflow/.local/lib/python3.6/site-packages/airflow/example_dags/example_task_group_decorator.py
[2022-11-26 01:53:25,031] {processor.py:623} INFO - DAG(s) dict_keys(['example_task_group_decorator']) retrieved from /home/airflow/.local/lib/python3.6/site-packages/airflow/example_dags/example_task_group_decorator.py
[2022-11-26 01:53:25,639] {logging_mixin.py:109} INFO - [2022-11-26 01:53:25,638] {dag.py:1833} INFO - Sync 1 DAGs
[2022-11-26 01:53:25,671] {logging_mixin.py:109} INFO - [2022-11-26 01:53:25,670] {dag.py:2306} INFO - Setting next_dagrun for example_task_group_decorator to 2022-11-24 00:00:00+00:00
[2022-11-26 01:53:25,694] {processor.py:170} INFO - Processing /home/airflow/.local/lib/python3.6/site-packages/airflow/example_dags/example_task_group_decorator.py took 0.745 seconds
[2022-11-26 01:53:56,638] {processor.py:162} INFO - Started process (PID=3229) to work on /home/airflow/.local/lib/python3.6/site-packages/airflow/example_dags/example_task_group_decorator.py
[2022-11-26 01:53:56,641] {processor.py:613} INFO - Processing file /home/airflow/.local/lib/python3.6/site-packages/airflow/example_dags/example_task_group_decorator.py for tasks to queue
[2022-11-26 01:53:56,642] {logging_mixin.py:109} INFO - [2022-11-26 01:53:56,642] {dagbag.py:496} INFO - Filling up the DagBag from /home/airflow/.local/lib/python3.6/site-packages/airflow/example_dags/example_task_group_decorator.py
[2022-11-26 01:53:56,715] {processor.py:623} INFO - DAG(s) dict_keys(['example_task_group_decorator']) retrieved from /home/airflow/.local/lib/python3.6/site-packages/airflow/example_dags/example_task_group_decorator.py
[2022-11-26 01:53:57,319] {logging_mixin.py:109} INFO - [2022-11-26 01:53:57,319] {dag.py:1833} INFO - Sync 1 DAGs
[2022-11-26 01:53:57,352] {logging_mixin.py:109} INFO - [2022-11-26 01:53:57,351] {dag.py:2306} INFO - Setting next_dagrun for example_task_group_decorator to 2022-11-24 00:00:00+00:00
[2022-11-26 01:53:57,374] {processor.py:170} INFO - Processing /home/airflow/.local/lib/python3.6/site-packages/airflow/example_dags/example_task_group_decorator.py took 0.741 seconds
[2022-11-26 01:54:28,233] {processor.py:162} INFO - Started process (PID=3332) to work on /home/airflow/.local/lib/python3.6/site-packages/airflow/example_dags/example_task_group_decorator.py
[2022-11-26 01:54:28,235] {processor.py:613} INFO - Processing file /home/airflow/.local/lib/python3.6/site-packages/airflow/example_dags/example_task_group_decorator.py for tasks to queue
[2022-11-26 01:54:28,237] {logging_mixin.py:109} INFO - [2022-11-26 01:54:28,237] {dagbag.py:496} INFO - Filling up the DagBag from /home/airflow/.local/lib/python3.6/site-packages/airflow/example_dags/example_task_group_decorator.py
[2022-11-26 01:54:28,309] {processor.py:623} INFO - DAG(s) dict_keys(['example_task_group_decorator']) retrieved from /home/airflow/.local/lib/python3.6/site-packages/airflow/example_dags/example_task_group_decorator.py
[2022-11-26 01:54:28,941] {logging_mixin.py:109} INFO - [2022-11-26 01:54:28,941] {dag.py:1833} INFO - Sync 1 DAGs
[2022-11-26 01:54:28,974] {logging_mixin.py:109} INFO - [2022-11-26 01:54:28,974] {dag.py:2306} INFO - Setting next_dagrun for example_task_group_decorator to 2022-11-24 00:00:00+00:00
[2022-11-26 01:54:28,997] {processor.py:170} INFO - Processing /home/airflow/.local/lib/python3.6/site-packages/airflow/example_dags/example_task_group_decorator.py took 0.769 seconds
[2022-11-26 01:54:59,393] {processor.py:162} INFO - Started process (PID=3416) to work on /home/airflow/.local/lib/python3.6/site-packages/airflow/example_dags/example_task_group_decorator.py
[2022-11-26 01:54:59,396] {processor.py:613} INFO - Processing file /home/airflow/.local/lib/python3.6/site-packages/airflow/example_dags/example_task_group_decorator.py for tasks to queue
[2022-11-26 01:54:59,397] {logging_mixin.py:109} INFO - [2022-11-26 01:54:59,397] {dagbag.py:496} INFO - Filling up the DagBag from /home/airflow/.local/lib/python3.6/site-packages/airflow/example_dags/example_task_group_decorator.py
[2022-11-26 01:54:59,472] {processor.py:623} INFO - DAG(s) dict_keys(['example_task_group_decorator']) retrieved from /home/airflow/.local/lib/python3.6/site-packages/airflow/example_dags/example_task_group_decorator.py
[2022-11-26 01:55:00,094] {logging_mixin.py:109} INFO - [2022-11-26 01:55:00,093] {dag.py:1833} INFO - Sync 1 DAGs
[2022-11-26 01:55:00,141] {logging_mixin.py:109} INFO - [2022-11-26 01:55:00,140] {dag.py:2306} INFO - Setting next_dagrun for example_task_group_decorator to 2022-11-24 00:00:00+00:00
[2022-11-26 01:55:00,177] {processor.py:170} INFO - Processing /home/airflow/.local/lib/python3.6/site-packages/airflow/example_dags/example_task_group_decorator.py took 0.789 seconds
[2022-11-26 01:55:30,890] {processor.py:162} INFO - Started process (PID=3517) to work on /home/airflow/.local/lib/python3.6/site-packages/airflow/example_dags/example_task_group_decorator.py
[2022-11-26 01:55:30,893] {processor.py:613} INFO - Processing file /home/airflow/.local/lib/python3.6/site-packages/airflow/example_dags/example_task_group_decorator.py for tasks to queue
[2022-11-26 01:55:30,895] {logging_mixin.py:109} INFO - [2022-11-26 01:55:30,895] {dagbag.py:496} INFO - Filling up the DagBag from /home/airflow/.local/lib/python3.6/site-packages/airflow/example_dags/example_task_group_decorator.py
[2022-11-26 01:55:30,967] {processor.py:623} INFO - DAG(s) dict_keys(['example_task_group_decorator']) retrieved from /home/airflow/.local/lib/python3.6/site-packages/airflow/example_dags/example_task_group_decorator.py
[2022-11-26 01:55:31,573] {logging_mixin.py:109} INFO - [2022-11-26 01:55:31,572] {dag.py:1833} INFO - Sync 1 DAGs
[2022-11-26 01:55:31,605] {logging_mixin.py:109} INFO - [2022-11-26 01:55:31,605] {dag.py:2306} INFO - Setting next_dagrun for example_task_group_decorator to 2022-11-24 00:00:00+00:00
[2022-11-26 01:55:31,629] {processor.py:170} INFO - Processing /home/airflow/.local/lib/python3.6/site-packages/airflow/example_dags/example_task_group_decorator.py took 0.744 seconds
[2022-11-26 01:56:01,907] {processor.py:162} INFO - Started process (PID=3617) to work on /home/airflow/.local/lib/python3.6/site-packages/airflow/example_dags/example_task_group_decorator.py
[2022-11-26 01:56:01,910] {processor.py:613} INFO - Processing file /home/airflow/.local/lib/python3.6/site-packages/airflow/example_dags/example_task_group_decorator.py for tasks to queue
[2022-11-26 01:56:01,912] {logging_mixin.py:109} INFO - [2022-11-26 01:56:01,912] {dagbag.py:496} INFO - Filling up the DagBag from /home/airflow/.local/lib/python3.6/site-packages/airflow/example_dags/example_task_group_decorator.py
[2022-11-26 01:56:01,986] {processor.py:623} INFO - DAG(s) dict_keys(['example_task_group_decorator']) retrieved from /home/airflow/.local/lib/python3.6/site-packages/airflow/example_dags/example_task_group_decorator.py
[2022-11-26 01:56:02,544] {logging_mixin.py:109} INFO - [2022-11-26 01:56:02,544] {dag.py:1833} INFO - Sync 1 DAGs
[2022-11-26 01:56:02,575] {logging_mixin.py:109} INFO - [2022-11-26 01:56:02,574] {dag.py:2306} INFO - Setting next_dagrun for example_task_group_decorator to 2022-11-24 00:00:00+00:00
[2022-11-26 01:56:02,604] {processor.py:170} INFO - Processing /home/airflow/.local/lib/python3.6/site-packages/airflow/example_dags/example_task_group_decorator.py took 0.704 seconds
[2022-11-26 01:56:32,818] {processor.py:162} INFO - Started process (PID=3714) to work on /home/airflow/.local/lib/python3.6/site-packages/airflow/example_dags/example_task_group_decorator.py
[2022-11-26 01:56:32,835] {processor.py:613} INFO - Processing file /home/airflow/.local/lib/python3.6/site-packages/airflow/example_dags/example_task_group_decorator.py for tasks to queue
[2022-11-26 01:56:32,841] {logging_mixin.py:109} INFO - [2022-11-26 01:56:32,841] {dagbag.py:496} INFO - Filling up the DagBag from /home/airflow/.local/lib/python3.6/site-packages/airflow/example_dags/example_task_group_decorator.py
[2022-11-26 01:56:33,025] {processor.py:623} INFO - DAG(s) dict_keys(['example_task_group_decorator']) retrieved from /home/airflow/.local/lib/python3.6/site-packages/airflow/example_dags/example_task_group_decorator.py
[2022-11-26 01:56:35,613] {logging_mixin.py:109} INFO - [2022-11-26 01:56:35,612] {dag.py:1833} INFO - Sync 1 DAGs
[2022-11-26 01:56:35,816] {logging_mixin.py:109} INFO - [2022-11-26 01:56:35,815] {dag.py:2306} INFO - Setting next_dagrun for example_task_group_decorator to 2022-11-24 00:00:00+00:00
[2022-11-26 01:56:35,941] {processor.py:170} INFO - Processing /home/airflow/.local/lib/python3.6/site-packages/airflow/example_dags/example_task_group_decorator.py took 3.132 seconds
[2022-11-26 01:57:06,951] {processor.py:162} INFO - Started process (PID=3803) to work on /home/airflow/.local/lib/python3.6/site-packages/airflow/example_dags/example_task_group_decorator.py
[2022-11-26 01:57:06,966] {processor.py:613} INFO - Processing file /home/airflow/.local/lib/python3.6/site-packages/airflow/example_dags/example_task_group_decorator.py for tasks to queue
[2022-11-26 01:57:06,979] {logging_mixin.py:109} INFO - [2022-11-26 01:57:06,975] {dagbag.py:496} INFO - Filling up the DagBag from /home/airflow/.local/lib/python3.6/site-packages/airflow/example_dags/example_task_group_decorator.py
[2022-11-26 01:57:07,586] {processor.py:623} INFO - DAG(s) dict_keys(['example_task_group_decorator']) retrieved from /home/airflow/.local/lib/python3.6/site-packages/airflow/example_dags/example_task_group_decorator.py
[2022-11-26 01:57:17,867] {logging_mixin.py:109} INFO - [2022-11-26 01:57:17,865] {dag.py:1833} INFO - Sync 1 DAGs
[2022-11-26 01:57:19,208] {logging_mixin.py:109} INFO - [2022-11-26 01:57:19,206] {dag.py:2306} INFO - Setting next_dagrun for example_task_group_decorator to 2022-11-24 00:00:00+00:00
[2022-11-26 01:57:19,529] {processor.py:170} INFO - Processing /home/airflow/.local/lib/python3.6/site-packages/airflow/example_dags/example_task_group_decorator.py took 12.621 seconds
[2022-11-26 01:58:18,807] {processor.py:162} INFO - Started process (PID=3929) to work on /home/airflow/.local/lib/python3.6/site-packages/airflow/example_dags/example_task_group_decorator.py
[2022-11-26 01:58:18,843] {processor.py:613} INFO - Processing file /home/airflow/.local/lib/python3.6/site-packages/airflow/example_dags/example_task_group_decorator.py for tasks to queue
[2022-11-26 01:58:18,848] {logging_mixin.py:109} INFO - [2022-11-26 01:58:18,848] {dagbag.py:496} INFO - Filling up the DagBag from /home/airflow/.local/lib/python3.6/site-packages/airflow/example_dags/example_task_group_decorator.py
[2022-11-26 01:58:19,552] {processor.py:623} INFO - DAG(s) dict_keys(['example_task_group_decorator']) retrieved from /home/airflow/.local/lib/python3.6/site-packages/airflow/example_dags/example_task_group_decorator.py
[2022-11-26 01:58:26,523] {logging_mixin.py:109} INFO - [2022-11-26 01:58:26,522] {dag.py:1833} INFO - Sync 1 DAGs
[2022-11-26 01:58:26,857] {logging_mixin.py:109} INFO - [2022-11-26 01:58:26,856] {dag.py:2306} INFO - Setting next_dagrun for example_task_group_decorator to 2022-11-24 00:00:00+00:00
[2022-11-26 01:58:27,080] {processor.py:170} INFO - Processing /home/airflow/.local/lib/python3.6/site-packages/airflow/example_dags/example_task_group_decorator.py took 8.364 seconds
[2022-11-26 01:58:57,772] {processor.py:162} INFO - Started process (PID=4045) to work on /home/airflow/.local/lib/python3.6/site-packages/airflow/example_dags/example_task_group_decorator.py
[2022-11-26 01:58:57,777] {processor.py:613} INFO - Processing file /home/airflow/.local/lib/python3.6/site-packages/airflow/example_dags/example_task_group_decorator.py for tasks to queue
[2022-11-26 01:58:57,791] {logging_mixin.py:109} INFO - [2022-11-26 01:58:57,791] {dagbag.py:496} INFO - Filling up the DagBag from /home/airflow/.local/lib/python3.6/site-packages/airflow/example_dags/example_task_group_decorator.py
[2022-11-26 01:58:58,178] {processor.py:623} INFO - DAG(s) dict_keys(['example_task_group_decorator']) retrieved from /home/airflow/.local/lib/python3.6/site-packages/airflow/example_dags/example_task_group_decorator.py
[2022-11-26 01:59:00,152] {logging_mixin.py:109} INFO - [2022-11-26 01:59:00,151] {dag.py:1833} INFO - Sync 1 DAGs
[2022-11-26 01:59:00,293] {logging_mixin.py:109} INFO - [2022-11-26 01:59:00,293] {dag.py:2306} INFO - Setting next_dagrun for example_task_group_decorator to 2022-11-24 00:00:00+00:00
[2022-11-26 01:59:00,431] {processor.py:170} INFO - Processing /home/airflow/.local/lib/python3.6/site-packages/airflow/example_dags/example_task_group_decorator.py took 2.686 seconds
[2022-11-26 01:59:30,604] {processor.py:162} INFO - Started process (PID=4150) to work on /home/airflow/.local/lib/python3.6/site-packages/airflow/example_dags/example_task_group_decorator.py
[2022-11-26 01:59:30,608] {processor.py:613} INFO - Processing file /home/airflow/.local/lib/python3.6/site-packages/airflow/example_dags/example_task_group_decorator.py for tasks to queue
[2022-11-26 01:59:30,610] {logging_mixin.py:109} INFO - [2022-11-26 01:59:30,609] {dagbag.py:496} INFO - Filling up the DagBag from /home/airflow/.local/lib/python3.6/site-packages/airflow/example_dags/example_task_group_decorator.py
[2022-11-26 01:59:30,707] {processor.py:623} INFO - DAG(s) dict_keys(['example_task_group_decorator']) retrieved from /home/airflow/.local/lib/python3.6/site-packages/airflow/example_dags/example_task_group_decorator.py
[2022-11-26 01:59:31,697] {logging_mixin.py:109} INFO - [2022-11-26 01:59:31,696] {dag.py:1833} INFO - Sync 1 DAGs
[2022-11-26 01:59:31,752] {logging_mixin.py:109} INFO - [2022-11-26 01:59:31,751] {dag.py:2306} INFO - Setting next_dagrun for example_task_group_decorator to 2022-11-24 00:00:00+00:00
[2022-11-26 01:59:31,787] {processor.py:170} INFO - Processing /home/airflow/.local/lib/python3.6/site-packages/airflow/example_dags/example_task_group_decorator.py took 1.190 seconds
[2022-11-26 02:00:01,829] {processor.py:162} INFO - Started process (PID=4235) to work on /home/airflow/.local/lib/python3.6/site-packages/airflow/example_dags/example_task_group_decorator.py
[2022-11-26 02:00:01,831] {processor.py:613} INFO - Processing file /home/airflow/.local/lib/python3.6/site-packages/airflow/example_dags/example_task_group_decorator.py for tasks to queue
[2022-11-26 02:00:01,833] {logging_mixin.py:109} INFO - [2022-11-26 02:00:01,833] {dagbag.py:496} INFO - Filling up the DagBag from /home/airflow/.local/lib/python3.6/site-packages/airflow/example_dags/example_task_group_decorator.py
[2022-11-26 02:00:01,912] {processor.py:623} INFO - DAG(s) dict_keys(['example_task_group_decorator']) retrieved from /home/airflow/.local/lib/python3.6/site-packages/airflow/example_dags/example_task_group_decorator.py
[2022-11-26 02:00:02,551] {logging_mixin.py:109} INFO - [2022-11-26 02:00:02,550] {dag.py:1833} INFO - Sync 1 DAGs
[2022-11-26 02:00:02,585] {logging_mixin.py:109} INFO - [2022-11-26 02:00:02,584] {dag.py:2306} INFO - Setting next_dagrun for example_task_group_decorator to 2022-11-24 00:00:00+00:00
[2022-11-26 02:00:02,607] {processor.py:170} INFO - Processing /home/airflow/.local/lib/python3.6/site-packages/airflow/example_dags/example_task_group_decorator.py took 0.784 seconds
[2022-11-26 02:00:33,425] {processor.py:162} INFO - Started process (PID=4337) to work on /home/airflow/.local/lib/python3.6/site-packages/airflow/example_dags/example_task_group_decorator.py
[2022-11-26 02:00:33,427] {processor.py:613} INFO - Processing file /home/airflow/.local/lib/python3.6/site-packages/airflow/example_dags/example_task_group_decorator.py for tasks to queue
[2022-11-26 02:00:33,429] {logging_mixin.py:109} INFO - [2022-11-26 02:00:33,429] {dagbag.py:496} INFO - Filling up the DagBag from /home/airflow/.local/lib/python3.6/site-packages/airflow/example_dags/example_task_group_decorator.py
[2022-11-26 02:00:33,511] {processor.py:623} INFO - DAG(s) dict_keys(['example_task_group_decorator']) retrieved from /home/airflow/.local/lib/python3.6/site-packages/airflow/example_dags/example_task_group_decorator.py
[2022-11-26 02:00:34,284] {logging_mixin.py:109} INFO - [2022-11-26 02:00:34,283] {dag.py:1833} INFO - Sync 1 DAGs
[2022-11-26 02:00:34,323] {logging_mixin.py:109} INFO - [2022-11-26 02:00:34,322] {dag.py:2306} INFO - Setting next_dagrun for example_task_group_decorator to 2022-11-24 00:00:00+00:00
[2022-11-26 02:00:34,351] {processor.py:170} INFO - Processing /home/airflow/.local/lib/python3.6/site-packages/airflow/example_dags/example_task_group_decorator.py took 0.932 seconds
[2022-11-26 02:01:05,262] {processor.py:162} INFO - Started process (PID=4441) to work on /home/airflow/.local/lib/python3.6/site-packages/airflow/example_dags/example_task_group_decorator.py
[2022-11-26 02:01:05,265] {processor.py:613} INFO - Processing file /home/airflow/.local/lib/python3.6/site-packages/airflow/example_dags/example_task_group_decorator.py for tasks to queue
[2022-11-26 02:01:05,267] {logging_mixin.py:109} INFO - [2022-11-26 02:01:05,267] {dagbag.py:496} INFO - Filling up the DagBag from /home/airflow/.local/lib/python3.6/site-packages/airflow/example_dags/example_task_group_decorator.py
[2022-11-26 02:01:05,359] {processor.py:623} INFO - DAG(s) dict_keys(['example_task_group_decorator']) retrieved from /home/airflow/.local/lib/python3.6/site-packages/airflow/example_dags/example_task_group_decorator.py
[2022-11-26 02:01:06,152] {logging_mixin.py:109} INFO - [2022-11-26 02:01:06,151] {dag.py:1833} INFO - Sync 1 DAGs
[2022-11-26 02:01:06,194] {logging_mixin.py:109} INFO - [2022-11-26 02:01:06,193] {dag.py:2306} INFO - Setting next_dagrun for example_task_group_decorator to 2022-11-24 00:00:00+00:00
[2022-11-26 02:01:06,225] {processor.py:170} INFO - Processing /home/airflow/.local/lib/python3.6/site-packages/airflow/example_dags/example_task_group_decorator.py took 0.969 seconds
[2022-11-26 02:01:36,732] {processor.py:162} INFO - Started process (PID=4528) to work on /home/airflow/.local/lib/python3.6/site-packages/airflow/example_dags/example_task_group_decorator.py
[2022-11-26 02:01:36,736] {processor.py:613} INFO - Processing file /home/airflow/.local/lib/python3.6/site-packages/airflow/example_dags/example_task_group_decorator.py for tasks to queue
[2022-11-26 02:01:36,738] {logging_mixin.py:109} INFO - [2022-11-26 02:01:36,737] {dagbag.py:496} INFO - Filling up the DagBag from /home/airflow/.local/lib/python3.6/site-packages/airflow/example_dags/example_task_group_decorator.py
[2022-11-26 02:01:36,822] {processor.py:623} INFO - DAG(s) dict_keys(['example_task_group_decorator']) retrieved from /home/airflow/.local/lib/python3.6/site-packages/airflow/example_dags/example_task_group_decorator.py
[2022-11-26 02:01:37,582] {logging_mixin.py:109} INFO - [2022-11-26 02:01:37,581] {dag.py:1833} INFO - Sync 1 DAGs
[2022-11-26 02:01:37,650] {logging_mixin.py:109} INFO - [2022-11-26 02:01:37,650] {dag.py:2306} INFO - Setting next_dagrun for example_task_group_decorator to 2022-11-24 00:00:00+00:00
[2022-11-26 02:01:37,688] {processor.py:170} INFO - Processing /home/airflow/.local/lib/python3.6/site-packages/airflow/example_dags/example_task_group_decorator.py took 0.962 seconds
[2022-11-26 02:02:08,184] {processor.py:162} INFO - Started process (PID=4631) to work on /home/airflow/.local/lib/python3.6/site-packages/airflow/example_dags/example_task_group_decorator.py
[2022-11-26 02:02:08,186] {processor.py:613} INFO - Processing file /home/airflow/.local/lib/python3.6/site-packages/airflow/example_dags/example_task_group_decorator.py for tasks to queue
[2022-11-26 02:02:08,188] {logging_mixin.py:109} INFO - [2022-11-26 02:02:08,188] {dagbag.py:496} INFO - Filling up the DagBag from /home/airflow/.local/lib/python3.6/site-packages/airflow/example_dags/example_task_group_decorator.py
[2022-11-26 02:02:08,255] {processor.py:623} INFO - DAG(s) dict_keys(['example_task_group_decorator']) retrieved from /home/airflow/.local/lib/python3.6/site-packages/airflow/example_dags/example_task_group_decorator.py
[2022-11-26 02:02:08,832] {logging_mixin.py:109} INFO - [2022-11-26 02:02:08,832] {dag.py:1833} INFO - Sync 1 DAGs
[2022-11-26 02:02:08,866] {logging_mixin.py:109} INFO - [2022-11-26 02:02:08,866] {dag.py:2306} INFO - Setting next_dagrun for example_task_group_decorator to 2022-11-24 00:00:00+00:00
[2022-11-26 02:02:08,888] {processor.py:170} INFO - Processing /home/airflow/.local/lib/python3.6/site-packages/airflow/example_dags/example_task_group_decorator.py took 0.709 seconds
[2022-11-26 02:02:38,967] {processor.py:162} INFO - Started process (PID=4732) to work on /home/airflow/.local/lib/python3.6/site-packages/airflow/example_dags/example_task_group_decorator.py
[2022-11-26 02:02:38,971] {processor.py:613} INFO - Processing file /home/airflow/.local/lib/python3.6/site-packages/airflow/example_dags/example_task_group_decorator.py for tasks to queue
[2022-11-26 02:02:38,973] {logging_mixin.py:109} INFO - [2022-11-26 02:02:38,973] {dagbag.py:496} INFO - Filling up the DagBag from /home/airflow/.local/lib/python3.6/site-packages/airflow/example_dags/example_task_group_decorator.py
[2022-11-26 02:02:39,057] {processor.py:623} INFO - DAG(s) dict_keys(['example_task_group_decorator']) retrieved from /home/airflow/.local/lib/python3.6/site-packages/airflow/example_dags/example_task_group_decorator.py
[2022-11-26 02:02:39,660] {logging_mixin.py:109} INFO - [2022-11-26 02:02:39,660] {dag.py:1833} INFO - Sync 1 DAGs
[2022-11-26 02:02:39,693] {logging_mixin.py:109} INFO - [2022-11-26 02:02:39,692] {dag.py:2306} INFO - Setting next_dagrun for example_task_group_decorator to 2022-11-24 00:00:00+00:00
[2022-11-26 02:02:39,713] {processor.py:170} INFO - Processing /home/airflow/.local/lib/python3.6/site-packages/airflow/example_dags/example_task_group_decorator.py took 0.754 seconds
[2022-11-26 02:03:10,387] {processor.py:162} INFO - Started process (PID=4832) to work on /home/airflow/.local/lib/python3.6/site-packages/airflow/example_dags/example_task_group_decorator.py
[2022-11-26 02:03:10,390] {processor.py:613} INFO - Processing file /home/airflow/.local/lib/python3.6/site-packages/airflow/example_dags/example_task_group_decorator.py for tasks to queue
[2022-11-26 02:03:10,391] {logging_mixin.py:109} INFO - [2022-11-26 02:03:10,391] {dagbag.py:496} INFO - Filling up the DagBag from /home/airflow/.local/lib/python3.6/site-packages/airflow/example_dags/example_task_group_decorator.py
[2022-11-26 02:03:10,463] {processor.py:623} INFO - DAG(s) dict_keys(['example_task_group_decorator']) retrieved from /home/airflow/.local/lib/python3.6/site-packages/airflow/example_dags/example_task_group_decorator.py
[2022-11-26 02:03:11,083] {logging_mixin.py:109} INFO - [2022-11-26 02:03:11,083] {dag.py:1833} INFO - Sync 1 DAGs
[2022-11-26 02:03:11,118] {logging_mixin.py:109} INFO - [2022-11-26 02:03:11,117] {dag.py:2306} INFO - Setting next_dagrun for example_task_group_decorator to 2022-11-24 00:00:00+00:00
[2022-11-26 02:03:11,140] {processor.py:170} INFO - Processing /home/airflow/.local/lib/python3.6/site-packages/airflow/example_dags/example_task_group_decorator.py took 0.759 seconds
[2022-11-26 02:03:41,199] {processor.py:162} INFO - Started process (PID=4929) to work on /home/airflow/.local/lib/python3.6/site-packages/airflow/example_dags/example_task_group_decorator.py
[2022-11-26 02:03:41,201] {processor.py:613} INFO - Processing file /home/airflow/.local/lib/python3.6/site-packages/airflow/example_dags/example_task_group_decorator.py for tasks to queue
[2022-11-26 02:03:41,203] {logging_mixin.py:109} INFO - [2022-11-26 02:03:41,203] {dagbag.py:496} INFO - Filling up the DagBag from /home/airflow/.local/lib/python3.6/site-packages/airflow/example_dags/example_task_group_decorator.py
[2022-11-26 02:03:41,272] {processor.py:623} INFO - DAG(s) dict_keys(['example_task_group_decorator']) retrieved from /home/airflow/.local/lib/python3.6/site-packages/airflow/example_dags/example_task_group_decorator.py
[2022-11-26 02:03:41,853] {logging_mixin.py:109} INFO - [2022-11-26 02:03:41,852] {dag.py:1833} INFO - Sync 1 DAGs
[2022-11-26 02:03:41,886] {logging_mixin.py:109} INFO - [2022-11-26 02:03:41,886] {dag.py:2306} INFO - Setting next_dagrun for example_task_group_decorator to 2022-11-24 00:00:00+00:00
[2022-11-26 02:03:41,908] {processor.py:170} INFO - Processing /home/airflow/.local/lib/python3.6/site-packages/airflow/example_dags/example_task_group_decorator.py took 0.715 seconds
[2022-11-26 02:04:11,997] {processor.py:162} INFO - Started process (PID=5025) to work on /home/airflow/.local/lib/python3.6/site-packages/airflow/example_dags/example_task_group_decorator.py
[2022-11-26 02:04:11,999] {processor.py:613} INFO - Processing file /home/airflow/.local/lib/python3.6/site-packages/airflow/example_dags/example_task_group_decorator.py for tasks to queue
[2022-11-26 02:04:12,001] {logging_mixin.py:109} INFO - [2022-11-26 02:04:12,001] {dagbag.py:496} INFO - Filling up the DagBag from /home/airflow/.local/lib/python3.6/site-packages/airflow/example_dags/example_task_group_decorator.py
[2022-11-26 02:04:12,074] {processor.py:623} INFO - DAG(s) dict_keys(['example_task_group_decorator']) retrieved from /home/airflow/.local/lib/python3.6/site-packages/airflow/example_dags/example_task_group_decorator.py
[2022-11-26 02:04:12,676] {logging_mixin.py:109} INFO - [2022-11-26 02:04:12,675] {dag.py:1833} INFO - Sync 1 DAGs
[2022-11-26 02:04:12,710] {logging_mixin.py:109} INFO - [2022-11-26 02:04:12,709] {dag.py:2306} INFO - Setting next_dagrun for example_task_group_decorator to 2022-11-24 00:00:00+00:00
[2022-11-26 02:04:12,731] {processor.py:170} INFO - Processing /home/airflow/.local/lib/python3.6/site-packages/airflow/example_dags/example_task_group_decorator.py took 0.739 seconds
[2022-11-26 02:04:43,593] {processor.py:162} INFO - Started process (PID=5114) to work on /home/airflow/.local/lib/python3.6/site-packages/airflow/example_dags/example_task_group_decorator.py
[2022-11-26 02:04:43,596] {processor.py:613} INFO - Processing file /home/airflow/.local/lib/python3.6/site-packages/airflow/example_dags/example_task_group_decorator.py for tasks to queue
[2022-11-26 02:04:43,598] {logging_mixin.py:109} INFO - [2022-11-26 02:04:43,598] {dagbag.py:496} INFO - Filling up the DagBag from /home/airflow/.local/lib/python3.6/site-packages/airflow/example_dags/example_task_group_decorator.py
[2022-11-26 02:04:43,668] {processor.py:623} INFO - DAG(s) dict_keys(['example_task_group_decorator']) retrieved from /home/airflow/.local/lib/python3.6/site-packages/airflow/example_dags/example_task_group_decorator.py
[2022-11-26 02:04:44,272] {logging_mixin.py:109} INFO - [2022-11-26 02:04:44,272] {dag.py:1833} INFO - Sync 1 DAGs
[2022-11-26 02:04:44,309] {logging_mixin.py:109} INFO - [2022-11-26 02:04:44,308] {dag.py:2306} INFO - Setting next_dagrun for example_task_group_decorator to 2022-11-24 00:00:00+00:00
[2022-11-26 02:04:44,331] {processor.py:170} INFO - Processing /home/airflow/.local/lib/python3.6/site-packages/airflow/example_dags/example_task_group_decorator.py took 0.743 seconds
[2022-11-26 02:05:14,550] {processor.py:162} INFO - Started process (PID=5214) to work on /home/airflow/.local/lib/python3.6/site-packages/airflow/example_dags/example_task_group_decorator.py
[2022-11-26 02:05:14,554] {processor.py:613} INFO - Processing file /home/airflow/.local/lib/python3.6/site-packages/airflow/example_dags/example_task_group_decorator.py for tasks to queue
[2022-11-26 02:05:14,557] {logging_mixin.py:109} INFO - [2022-11-26 02:05:14,557] {dagbag.py:496} INFO - Filling up the DagBag from /home/airflow/.local/lib/python3.6/site-packages/airflow/example_dags/example_task_group_decorator.py
[2022-11-26 02:05:14,638] {processor.py:623} INFO - DAG(s) dict_keys(['example_task_group_decorator']) retrieved from /home/airflow/.local/lib/python3.6/site-packages/airflow/example_dags/example_task_group_decorator.py
[2022-11-26 02:05:15,301] {logging_mixin.py:109} INFO - [2022-11-26 02:05:15,300] {dag.py:1833} INFO - Sync 1 DAGs
[2022-11-26 02:05:15,336] {logging_mixin.py:109} INFO - [2022-11-26 02:05:15,335] {dag.py:2306} INFO - Setting next_dagrun for example_task_group_decorator to 2022-11-24 00:00:00+00:00
[2022-11-26 02:05:15,359] {processor.py:170} INFO - Processing /home/airflow/.local/lib/python3.6/site-packages/airflow/example_dags/example_task_group_decorator.py took 0.819 seconds
[2022-11-26 02:05:45,781] {processor.py:162} INFO - Started process (PID=5312) to work on /home/airflow/.local/lib/python3.6/site-packages/airflow/example_dags/example_task_group_decorator.py
[2022-11-26 02:05:45,784] {processor.py:613} INFO - Processing file /home/airflow/.local/lib/python3.6/site-packages/airflow/example_dags/example_task_group_decorator.py for tasks to queue
[2022-11-26 02:05:45,786] {logging_mixin.py:109} INFO - [2022-11-26 02:05:45,786] {dagbag.py:496} INFO - Filling up the DagBag from /home/airflow/.local/lib/python3.6/site-packages/airflow/example_dags/example_task_group_decorator.py
[2022-11-26 02:05:45,871] {processor.py:623} INFO - DAG(s) dict_keys(['example_task_group_decorator']) retrieved from /home/airflow/.local/lib/python3.6/site-packages/airflow/example_dags/example_task_group_decorator.py
[2022-11-26 02:05:45,934] {logging_mixin.py:109} INFO - [2022-11-26 02:05:45,933] {dag.py:1833} INFO - Sync 1 DAGs
[2022-11-26 02:05:45,976] {logging_mixin.py:109} INFO - [2022-11-26 02:05:45,976] {dag.py:2306} INFO - Setting next_dagrun for example_task_group_decorator to 2022-11-24 00:00:00+00:00
[2022-11-26 02:05:46,000] {processor.py:170} INFO - Processing /home/airflow/.local/lib/python3.6/site-packages/airflow/example_dags/example_task_group_decorator.py took 0.226 seconds
