[2022-11-26 01:37:52,100] {processor.py:162} INFO - Started process (PID=182) to work on /home/airflow/.local/lib/python3.6/site-packages/airflow/example_dags/example_branch_labels.py
[2022-11-26 01:37:52,103] {processor.py:613} INFO - Processing file /home/airflow/.local/lib/python3.6/site-packages/airflow/example_dags/example_branch_labels.py for tasks to queue
[2022-11-26 01:37:52,116] {logging_mixin.py:109} INFO - [2022-11-26 01:37:52,116] {dagbag.py:496} INFO - Filling up the DagBag from /home/airflow/.local/lib/python3.6/site-packages/airflow/example_dags/example_branch_labels.py
[2022-11-26 01:37:52,231] {processor.py:623} INFO - DAG(s) dict_keys(['example_branch_labels']) retrieved from /home/airflow/.local/lib/python3.6/site-packages/airflow/example_dags/example_branch_labels.py
[2022-11-26 01:37:54,815] {logging_mixin.py:109} INFO - [2022-11-26 01:37:54,815] {dag.py:1833} INFO - Sync 1 DAGs
[2022-11-26 01:37:54,906] {logging_mixin.py:109} INFO - [2022-11-26 01:37:54,904] {dag.py:2306} INFO - Setting next_dagrun for example_branch_labels to 2022-11-24 00:00:00+00:00
[2022-11-26 01:37:54,959] {processor.py:170} INFO - Processing /home/airflow/.local/lib/python3.6/site-packages/airflow/example_dags/example_branch_labels.py took 2.866 seconds
[2022-11-26 01:38:25,214] {processor.py:162} INFO - Started process (PID=272) to work on /home/airflow/.local/lib/python3.6/site-packages/airflow/example_dags/example_branch_labels.py
[2022-11-26 01:38:25,220] {processor.py:613} INFO - Processing file /home/airflow/.local/lib/python3.6/site-packages/airflow/example_dags/example_branch_labels.py for tasks to queue
[2022-11-26 01:38:25,225] {logging_mixin.py:109} INFO - [2022-11-26 01:38:25,225] {dagbag.py:496} INFO - Filling up the DagBag from /home/airflow/.local/lib/python3.6/site-packages/airflow/example_dags/example_branch_labels.py
[2022-11-26 01:38:25,274] {processor.py:623} INFO - DAG(s) dict_keys(['example_branch_labels']) retrieved from /home/airflow/.local/lib/python3.6/site-packages/airflow/example_dags/example_branch_labels.py
[2022-11-26 01:38:25,325] {logging_mixin.py:109} INFO - [2022-11-26 01:38:25,325] {dag.py:1833} INFO - Sync 1 DAGs
[2022-11-26 01:38:25,375] {logging_mixin.py:109} INFO - [2022-11-26 01:38:25,375] {dag.py:2306} INFO - Setting next_dagrun for example_branch_labels to 2022-11-24 00:00:00+00:00
[2022-11-26 01:38:25,400] {processor.py:170} INFO - Processing /home/airflow/.local/lib/python3.6/site-packages/airflow/example_dags/example_branch_labels.py took 0.193 seconds
[2022-11-26 01:38:55,516] {processor.py:162} INFO - Started process (PID=372) to work on /home/airflow/.local/lib/python3.6/site-packages/airflow/example_dags/example_branch_labels.py
[2022-11-26 01:38:55,519] {processor.py:613} INFO - Processing file /home/airflow/.local/lib/python3.6/site-packages/airflow/example_dags/example_branch_labels.py for tasks to queue
[2022-11-26 01:38:55,521] {logging_mixin.py:109} INFO - [2022-11-26 01:38:55,521] {dagbag.py:496} INFO - Filling up the DagBag from /home/airflow/.local/lib/python3.6/site-packages/airflow/example_dags/example_branch_labels.py
[2022-11-26 01:38:55,550] {processor.py:623} INFO - DAG(s) dict_keys(['example_branch_labels']) retrieved from /home/airflow/.local/lib/python3.6/site-packages/airflow/example_dags/example_branch_labels.py
[2022-11-26 01:38:55,591] {logging_mixin.py:109} INFO - [2022-11-26 01:38:55,591] {dag.py:1833} INFO - Sync 1 DAGs
[2022-11-26 01:38:55,635] {logging_mixin.py:109} INFO - [2022-11-26 01:38:55,635] {dag.py:2306} INFO - Setting next_dagrun for example_branch_labels to 2022-11-24 00:00:00+00:00
[2022-11-26 01:38:55,650] {processor.py:170} INFO - Processing /home/airflow/.local/lib/python3.6/site-packages/airflow/example_dags/example_branch_labels.py took 0.139 seconds
[2022-11-26 01:39:26,083] {processor.py:162} INFO - Started process (PID=472) to work on /home/airflow/.local/lib/python3.6/site-packages/airflow/example_dags/example_branch_labels.py
[2022-11-26 01:39:26,086] {processor.py:613} INFO - Processing file /home/airflow/.local/lib/python3.6/site-packages/airflow/example_dags/example_branch_labels.py for tasks to queue
[2022-11-26 01:39:26,088] {logging_mixin.py:109} INFO - [2022-11-26 01:39:26,087] {dagbag.py:496} INFO - Filling up the DagBag from /home/airflow/.local/lib/python3.6/site-packages/airflow/example_dags/example_branch_labels.py
[2022-11-26 01:39:26,116] {processor.py:623} INFO - DAG(s) dict_keys(['example_branch_labels']) retrieved from /home/airflow/.local/lib/python3.6/site-packages/airflow/example_dags/example_branch_labels.py
[2022-11-26 01:39:26,155] {logging_mixin.py:109} INFO - [2022-11-26 01:39:26,155] {dag.py:1833} INFO - Sync 1 DAGs
[2022-11-26 01:39:26,200] {logging_mixin.py:109} INFO - [2022-11-26 01:39:26,199] {dag.py:2306} INFO - Setting next_dagrun for example_branch_labels to 2022-11-24 00:00:00+00:00
[2022-11-26 01:39:26,215] {processor.py:170} INFO - Processing /home/airflow/.local/lib/python3.6/site-packages/airflow/example_dags/example_branch_labels.py took 0.137 seconds
[2022-11-26 01:39:56,787] {processor.py:162} INFO - Started process (PID=568) to work on /home/airflow/.local/lib/python3.6/site-packages/airflow/example_dags/example_branch_labels.py
[2022-11-26 01:39:56,790] {processor.py:613} INFO - Processing file /home/airflow/.local/lib/python3.6/site-packages/airflow/example_dags/example_branch_labels.py for tasks to queue
[2022-11-26 01:39:56,792] {logging_mixin.py:109} INFO - [2022-11-26 01:39:56,791] {dagbag.py:496} INFO - Filling up the DagBag from /home/airflow/.local/lib/python3.6/site-packages/airflow/example_dags/example_branch_labels.py
[2022-11-26 01:39:56,825] {processor.py:623} INFO - DAG(s) dict_keys(['example_branch_labels']) retrieved from /home/airflow/.local/lib/python3.6/site-packages/airflow/example_dags/example_branch_labels.py
[2022-11-26 01:39:56,884] {logging_mixin.py:109} INFO - [2022-11-26 01:39:56,884] {dag.py:1833} INFO - Sync 1 DAGs
[2022-11-26 01:39:56,961] {logging_mixin.py:109} INFO - [2022-11-26 01:39:56,960] {dag.py:2306} INFO - Setting next_dagrun for example_branch_labels to 2022-11-24 00:00:00+00:00
[2022-11-26 01:39:56,994] {processor.py:170} INFO - Processing /home/airflow/.local/lib/python3.6/site-packages/airflow/example_dags/example_branch_labels.py took 0.213 seconds
[2022-11-26 01:40:27,206] {processor.py:162} INFO - Started process (PID=650) to work on /home/airflow/.local/lib/python3.6/site-packages/airflow/example_dags/example_branch_labels.py
[2022-11-26 01:40:27,209] {processor.py:613} INFO - Processing file /home/airflow/.local/lib/python3.6/site-packages/airflow/example_dags/example_branch_labels.py for tasks to queue
[2022-11-26 01:40:27,211] {logging_mixin.py:109} INFO - [2022-11-26 01:40:27,211] {dagbag.py:496} INFO - Filling up the DagBag from /home/airflow/.local/lib/python3.6/site-packages/airflow/example_dags/example_branch_labels.py
[2022-11-26 01:40:27,244] {processor.py:623} INFO - DAG(s) dict_keys(['example_branch_labels']) retrieved from /home/airflow/.local/lib/python3.6/site-packages/airflow/example_dags/example_branch_labels.py
[2022-11-26 01:40:27,289] {logging_mixin.py:109} INFO - [2022-11-26 01:40:27,289] {dag.py:1833} INFO - Sync 1 DAGs
[2022-11-26 01:40:27,345] {logging_mixin.py:109} INFO - [2022-11-26 01:40:27,344] {dag.py:2306} INFO - Setting next_dagrun for example_branch_labels to 2022-11-24 00:00:00+00:00
[2022-11-26 01:40:27,369] {processor.py:170} INFO - Processing /home/airflow/.local/lib/python3.6/site-packages/airflow/example_dags/example_branch_labels.py took 0.169 seconds
[2022-11-26 01:40:57,587] {processor.py:162} INFO - Started process (PID=749) to work on /home/airflow/.local/lib/python3.6/site-packages/airflow/example_dags/example_branch_labels.py
[2022-11-26 01:40:57,592] {processor.py:613} INFO - Processing file /home/airflow/.local/lib/python3.6/site-packages/airflow/example_dags/example_branch_labels.py for tasks to queue
[2022-11-26 01:40:57,594] {logging_mixin.py:109} INFO - [2022-11-26 01:40:57,594] {dagbag.py:496} INFO - Filling up the DagBag from /home/airflow/.local/lib/python3.6/site-packages/airflow/example_dags/example_branch_labels.py
[2022-11-26 01:40:57,627] {processor.py:623} INFO - DAG(s) dict_keys(['example_branch_labels']) retrieved from /home/airflow/.local/lib/python3.6/site-packages/airflow/example_dags/example_branch_labels.py
[2022-11-26 01:40:57,665] {logging_mixin.py:109} INFO - [2022-11-26 01:40:57,665] {dag.py:1833} INFO - Sync 1 DAGs
[2022-11-26 01:40:57,707] {logging_mixin.py:109} INFO - [2022-11-26 01:40:57,707] {dag.py:2306} INFO - Setting next_dagrun for example_branch_labels to 2022-11-24 00:00:00+00:00
[2022-11-26 01:40:57,720] {processor.py:170} INFO - Processing /home/airflow/.local/lib/python3.6/site-packages/airflow/example_dags/example_branch_labels.py took 0.144 seconds
[2022-11-26 01:41:28,108] {processor.py:162} INFO - Started process (PID=850) to work on /home/airflow/.local/lib/python3.6/site-packages/airflow/example_dags/example_branch_labels.py
[2022-11-26 01:41:28,113] {processor.py:613} INFO - Processing file /home/airflow/.local/lib/python3.6/site-packages/airflow/example_dags/example_branch_labels.py for tasks to queue
[2022-11-26 01:41:28,114] {logging_mixin.py:109} INFO - [2022-11-26 01:41:28,114] {dagbag.py:496} INFO - Filling up the DagBag from /home/airflow/.local/lib/python3.6/site-packages/airflow/example_dags/example_branch_labels.py
[2022-11-26 01:41:28,143] {processor.py:623} INFO - DAG(s) dict_keys(['example_branch_labels']) retrieved from /home/airflow/.local/lib/python3.6/site-packages/airflow/example_dags/example_branch_labels.py
[2022-11-26 01:41:28,183] {logging_mixin.py:109} INFO - [2022-11-26 01:41:28,182] {dag.py:1833} INFO - Sync 1 DAGs
[2022-11-26 01:41:28,228] {logging_mixin.py:109} INFO - [2022-11-26 01:41:28,228] {dag.py:2306} INFO - Setting next_dagrun for example_branch_labels to 2022-11-24 00:00:00+00:00
[2022-11-26 01:41:28,243] {processor.py:170} INFO - Processing /home/airflow/.local/lib/python3.6/site-packages/airflow/example_dags/example_branch_labels.py took 0.140 seconds
[2022-11-26 01:41:58,368] {processor.py:162} INFO - Started process (PID=950) to work on /home/airflow/.local/lib/python3.6/site-packages/airflow/example_dags/example_branch_labels.py
[2022-11-26 01:41:58,371] {processor.py:613} INFO - Processing file /home/airflow/.local/lib/python3.6/site-packages/airflow/example_dags/example_branch_labels.py for tasks to queue
[2022-11-26 01:41:58,372] {logging_mixin.py:109} INFO - [2022-11-26 01:41:58,372] {dagbag.py:496} INFO - Filling up the DagBag from /home/airflow/.local/lib/python3.6/site-packages/airflow/example_dags/example_branch_labels.py
[2022-11-26 01:41:58,401] {processor.py:623} INFO - DAG(s) dict_keys(['example_branch_labels']) retrieved from /home/airflow/.local/lib/python3.6/site-packages/airflow/example_dags/example_branch_labels.py
[2022-11-26 01:41:58,442] {logging_mixin.py:109} INFO - [2022-11-26 01:41:58,442] {dag.py:1833} INFO - Sync 1 DAGs
[2022-11-26 01:41:58,494] {logging_mixin.py:109} INFO - [2022-11-26 01:41:58,494] {dag.py:2306} INFO - Setting next_dagrun for example_branch_labels to 2022-11-24 00:00:00+00:00
[2022-11-26 01:41:58,509] {processor.py:170} INFO - Processing /home/airflow/.local/lib/python3.6/site-packages/airflow/example_dags/example_branch_labels.py took 0.146 seconds
[2022-11-26 01:42:28,898] {processor.py:162} INFO - Started process (PID=1051) to work on /home/airflow/.local/lib/python3.6/site-packages/airflow/example_dags/example_branch_labels.py
[2022-11-26 01:42:28,901] {processor.py:613} INFO - Processing file /home/airflow/.local/lib/python3.6/site-packages/airflow/example_dags/example_branch_labels.py for tasks to queue
[2022-11-26 01:42:28,902] {logging_mixin.py:109} INFO - [2022-11-26 01:42:28,902] {dagbag.py:496} INFO - Filling up the DagBag from /home/airflow/.local/lib/python3.6/site-packages/airflow/example_dags/example_branch_labels.py
[2022-11-26 01:42:28,931] {processor.py:623} INFO - DAG(s) dict_keys(['example_branch_labels']) retrieved from /home/airflow/.local/lib/python3.6/site-packages/airflow/example_dags/example_branch_labels.py
[2022-11-26 01:42:28,971] {logging_mixin.py:109} INFO - [2022-11-26 01:42:28,971] {dag.py:1833} INFO - Sync 1 DAGs
[2022-11-26 01:42:29,016] {logging_mixin.py:109} INFO - [2022-11-26 01:42:29,016] {dag.py:2306} INFO - Setting next_dagrun for example_branch_labels to 2022-11-24 00:00:00+00:00
[2022-11-26 01:42:29,033] {processor.py:170} INFO - Processing /home/airflow/.local/lib/python3.6/site-packages/airflow/example_dags/example_branch_labels.py took 0.140 seconds
[2022-11-26 01:42:59,278] {processor.py:162} INFO - Started process (PID=1148) to work on /home/airflow/.local/lib/python3.6/site-packages/airflow/example_dags/example_branch_labels.py
[2022-11-26 01:42:59,281] {processor.py:613} INFO - Processing file /home/airflow/.local/lib/python3.6/site-packages/airflow/example_dags/example_branch_labels.py for tasks to queue
[2022-11-26 01:42:59,282] {logging_mixin.py:109} INFO - [2022-11-26 01:42:59,282] {dagbag.py:496} INFO - Filling up the DagBag from /home/airflow/.local/lib/python3.6/site-packages/airflow/example_dags/example_branch_labels.py
[2022-11-26 01:42:59,311] {processor.py:623} INFO - DAG(s) dict_keys(['example_branch_labels']) retrieved from /home/airflow/.local/lib/python3.6/site-packages/airflow/example_dags/example_branch_labels.py
[2022-11-26 01:42:59,358] {logging_mixin.py:109} INFO - [2022-11-26 01:42:59,357] {dag.py:1833} INFO - Sync 1 DAGs
[2022-11-26 01:42:59,403] {logging_mixin.py:109} INFO - [2022-11-26 01:42:59,403] {dag.py:2306} INFO - Setting next_dagrun for example_branch_labels to 2022-11-24 00:00:00+00:00
[2022-11-26 01:42:59,420] {processor.py:170} INFO - Processing /home/airflow/.local/lib/python3.6/site-packages/airflow/example_dags/example_branch_labels.py took 0.147 seconds
[2022-11-26 01:43:29,637] {processor.py:162} INFO - Started process (PID=1230) to work on /home/airflow/.local/lib/python3.6/site-packages/airflow/example_dags/example_branch_labels.py
[2022-11-26 01:43:29,642] {processor.py:613} INFO - Processing file /home/airflow/.local/lib/python3.6/site-packages/airflow/example_dags/example_branch_labels.py for tasks to queue
[2022-11-26 01:43:29,644] {logging_mixin.py:109} INFO - [2022-11-26 01:43:29,644] {dagbag.py:496} INFO - Filling up the DagBag from /home/airflow/.local/lib/python3.6/site-packages/airflow/example_dags/example_branch_labels.py
[2022-11-26 01:43:29,675] {processor.py:623} INFO - DAG(s) dict_keys(['example_branch_labels']) retrieved from /home/airflow/.local/lib/python3.6/site-packages/airflow/example_dags/example_branch_labels.py
[2022-11-26 01:43:29,714] {logging_mixin.py:109} INFO - [2022-11-26 01:43:29,714] {dag.py:1833} INFO - Sync 1 DAGs
[2022-11-26 01:43:29,757] {logging_mixin.py:109} INFO - [2022-11-26 01:43:29,757] {dag.py:2306} INFO - Setting next_dagrun for example_branch_labels to 2022-11-24 00:00:00+00:00
[2022-11-26 01:43:29,771] {processor.py:170} INFO - Processing /home/airflow/.local/lib/python3.6/site-packages/airflow/example_dags/example_branch_labels.py took 0.142 seconds
[2022-11-26 01:43:59,952] {processor.py:162} INFO - Started process (PID=1330) to work on /home/airflow/.local/lib/python3.6/site-packages/airflow/example_dags/example_branch_labels.py
[2022-11-26 01:43:59,956] {processor.py:613} INFO - Processing file /home/airflow/.local/lib/python3.6/site-packages/airflow/example_dags/example_branch_labels.py for tasks to queue
[2022-11-26 01:43:59,958] {logging_mixin.py:109} INFO - [2022-11-26 01:43:59,958] {dagbag.py:496} INFO - Filling up the DagBag from /home/airflow/.local/lib/python3.6/site-packages/airflow/example_dags/example_branch_labels.py
[2022-11-26 01:43:59,993] {processor.py:623} INFO - DAG(s) dict_keys(['example_branch_labels']) retrieved from /home/airflow/.local/lib/python3.6/site-packages/airflow/example_dags/example_branch_labels.py
[2022-11-26 01:44:00,033] {logging_mixin.py:109} INFO - [2022-11-26 01:44:00,033] {dag.py:1833} INFO - Sync 1 DAGs
[2022-11-26 01:44:00,080] {logging_mixin.py:109} INFO - [2022-11-26 01:44:00,079] {dag.py:2306} INFO - Setting next_dagrun for example_branch_labels to 2022-11-24 00:00:00+00:00
[2022-11-26 01:44:00,093] {processor.py:170} INFO - Processing /home/airflow/.local/lib/python3.6/site-packages/airflow/example_dags/example_branch_labels.py took 0.150 seconds
[2022-11-26 01:44:30,518] {processor.py:162} INFO - Started process (PID=1430) to work on /home/airflow/.local/lib/python3.6/site-packages/airflow/example_dags/example_branch_labels.py
[2022-11-26 01:44:30,521] {processor.py:613} INFO - Processing file /home/airflow/.local/lib/python3.6/site-packages/airflow/example_dags/example_branch_labels.py for tasks to queue
[2022-11-26 01:44:30,522] {logging_mixin.py:109} INFO - [2022-11-26 01:44:30,522] {dagbag.py:496} INFO - Filling up the DagBag from /home/airflow/.local/lib/python3.6/site-packages/airflow/example_dags/example_branch_labels.py
[2022-11-26 01:44:30,551] {processor.py:623} INFO - DAG(s) dict_keys(['example_branch_labels']) retrieved from /home/airflow/.local/lib/python3.6/site-packages/airflow/example_dags/example_branch_labels.py
[2022-11-26 01:44:30,591] {logging_mixin.py:109} INFO - [2022-11-26 01:44:30,591] {dag.py:1833} INFO - Sync 1 DAGs
[2022-11-26 01:44:30,635] {logging_mixin.py:109} INFO - [2022-11-26 01:44:30,635] {dag.py:2306} INFO - Setting next_dagrun for example_branch_labels to 2022-11-24 00:00:00+00:00
[2022-11-26 01:44:30,650] {processor.py:170} INFO - Processing /home/airflow/.local/lib/python3.6/site-packages/airflow/example_dags/example_branch_labels.py took 0.137 seconds
[2022-11-26 01:45:00,955] {processor.py:162} INFO - Started process (PID=1531) to work on /home/airflow/.local/lib/python3.6/site-packages/airflow/example_dags/example_branch_labels.py
[2022-11-26 01:45:00,957] {processor.py:613} INFO - Processing file /home/airflow/.local/lib/python3.6/site-packages/airflow/example_dags/example_branch_labels.py for tasks to queue
[2022-11-26 01:45:00,959] {logging_mixin.py:109} INFO - [2022-11-26 01:45:00,959] {dagbag.py:496} INFO - Filling up the DagBag from /home/airflow/.local/lib/python3.6/site-packages/airflow/example_dags/example_branch_labels.py
[2022-11-26 01:45:00,988] {processor.py:623} INFO - DAG(s) dict_keys(['example_branch_labels']) retrieved from /home/airflow/.local/lib/python3.6/site-packages/airflow/example_dags/example_branch_labels.py
[2022-11-26 01:45:01,029] {logging_mixin.py:109} INFO - [2022-11-26 01:45:01,029] {dag.py:1833} INFO - Sync 1 DAGs
[2022-11-26 01:45:01,073] {logging_mixin.py:109} INFO - [2022-11-26 01:45:01,073] {dag.py:2306} INFO - Setting next_dagrun for example_branch_labels to 2022-11-24 00:00:00+00:00
[2022-11-26 01:45:01,087] {processor.py:170} INFO - Processing /home/airflow/.local/lib/python3.6/site-packages/airflow/example_dags/example_branch_labels.py took 0.138 seconds
[2022-11-26 01:45:31,396] {processor.py:162} INFO - Started process (PID=1632) to work on /home/airflow/.local/lib/python3.6/site-packages/airflow/example_dags/example_branch_labels.py
[2022-11-26 01:45:31,408] {processor.py:613} INFO - Processing file /home/airflow/.local/lib/python3.6/site-packages/airflow/example_dags/example_branch_labels.py for tasks to queue
[2022-11-26 01:45:31,414] {logging_mixin.py:109} INFO - [2022-11-26 01:45:31,413] {dagbag.py:496} INFO - Filling up the DagBag from /home/airflow/.local/lib/python3.6/site-packages/airflow/example_dags/example_branch_labels.py
[2022-11-26 01:45:31,482] {processor.py:623} INFO - DAG(s) dict_keys(['example_branch_labels']) retrieved from /home/airflow/.local/lib/python3.6/site-packages/airflow/example_dags/example_branch_labels.py
[2022-11-26 01:45:31,555] {logging_mixin.py:109} INFO - [2022-11-26 01:45:31,555] {dag.py:1833} INFO - Sync 1 DAGs
[2022-11-26 01:45:31,629] {logging_mixin.py:109} INFO - [2022-11-26 01:45:31,629] {dag.py:2306} INFO - Setting next_dagrun for example_branch_labels to 2022-11-24 00:00:00+00:00
[2022-11-26 01:45:31,650] {processor.py:170} INFO - Processing /home/airflow/.local/lib/python3.6/site-packages/airflow/example_dags/example_branch_labels.py took 0.271 seconds
[2022-11-26 01:46:01,706] {processor.py:162} INFO - Started process (PID=1724) to work on /home/airflow/.local/lib/python3.6/site-packages/airflow/example_dags/example_branch_labels.py
[2022-11-26 01:46:01,709] {processor.py:613} INFO - Processing file /home/airflow/.local/lib/python3.6/site-packages/airflow/example_dags/example_branch_labels.py for tasks to queue
[2022-11-26 01:46:01,710] {logging_mixin.py:109} INFO - [2022-11-26 01:46:01,710] {dagbag.py:496} INFO - Filling up the DagBag from /home/airflow/.local/lib/python3.6/site-packages/airflow/example_dags/example_branch_labels.py
[2022-11-26 01:46:01,740] {processor.py:623} INFO - DAG(s) dict_keys(['example_branch_labels']) retrieved from /home/airflow/.local/lib/python3.6/site-packages/airflow/example_dags/example_branch_labels.py
[2022-11-26 01:46:01,794] {logging_mixin.py:109} INFO - [2022-11-26 01:46:01,794] {dag.py:1833} INFO - Sync 1 DAGs
[2022-11-26 01:46:01,919] {logging_mixin.py:109} INFO - [2022-11-26 01:46:01,917] {dag.py:2306} INFO - Setting next_dagrun for example_branch_labels to 2022-11-24 00:00:00+00:00
[2022-11-26 01:46:01,980] {processor.py:170} INFO - Processing /home/airflow/.local/lib/python3.6/site-packages/airflow/example_dags/example_branch_labels.py took 0.280 seconds
[2022-11-26 01:46:32,385] {processor.py:162} INFO - Started process (PID=1814) to work on /home/airflow/.local/lib/python3.6/site-packages/airflow/example_dags/example_branch_labels.py
[2022-11-26 01:46:32,389] {processor.py:613} INFO - Processing file /home/airflow/.local/lib/python3.6/site-packages/airflow/example_dags/example_branch_labels.py for tasks to queue
[2022-11-26 01:46:32,391] {logging_mixin.py:109} INFO - [2022-11-26 01:46:32,391] {dagbag.py:496} INFO - Filling up the DagBag from /home/airflow/.local/lib/python3.6/site-packages/airflow/example_dags/example_branch_labels.py
[2022-11-26 01:46:32,425] {processor.py:623} INFO - DAG(s) dict_keys(['example_branch_labels']) retrieved from /home/airflow/.local/lib/python3.6/site-packages/airflow/example_dags/example_branch_labels.py
[2022-11-26 01:46:32,468] {logging_mixin.py:109} INFO - [2022-11-26 01:46:32,467] {dag.py:1833} INFO - Sync 1 DAGs
[2022-11-26 01:46:32,520] {logging_mixin.py:109} INFO - [2022-11-26 01:46:32,519] {dag.py:2306} INFO - Setting next_dagrun for example_branch_labels to 2022-11-24 00:00:00+00:00
[2022-11-26 01:46:32,536] {processor.py:170} INFO - Processing /home/airflow/.local/lib/python3.6/site-packages/airflow/example_dags/example_branch_labels.py took 0.160 seconds
[2022-11-26 01:47:02,841] {processor.py:162} INFO - Started process (PID=1914) to work on /home/airflow/.local/lib/python3.6/site-packages/airflow/example_dags/example_branch_labels.py
[2022-11-26 01:47:02,843] {processor.py:613} INFO - Processing file /home/airflow/.local/lib/python3.6/site-packages/airflow/example_dags/example_branch_labels.py for tasks to queue
[2022-11-26 01:47:02,845] {logging_mixin.py:109} INFO - [2022-11-26 01:47:02,845] {dagbag.py:496} INFO - Filling up the DagBag from /home/airflow/.local/lib/python3.6/site-packages/airflow/example_dags/example_branch_labels.py
[2022-11-26 01:47:02,875] {processor.py:623} INFO - DAG(s) dict_keys(['example_branch_labels']) retrieved from /home/airflow/.local/lib/python3.6/site-packages/airflow/example_dags/example_branch_labels.py
[2022-11-26 01:47:02,917] {logging_mixin.py:109} INFO - [2022-11-26 01:47:02,917] {dag.py:1833} INFO - Sync 1 DAGs
[2022-11-26 01:47:02,962] {logging_mixin.py:109} INFO - [2022-11-26 01:47:02,962] {dag.py:2306} INFO - Setting next_dagrun for example_branch_labels to 2022-11-24 00:00:00+00:00
[2022-11-26 01:47:02,986] {processor.py:170} INFO - Processing /home/airflow/.local/lib/python3.6/site-packages/airflow/example_dags/example_branch_labels.py took 0.151 seconds
[2022-11-26 01:47:33,446] {processor.py:162} INFO - Started process (PID=2013) to work on /home/airflow/.local/lib/python3.6/site-packages/airflow/example_dags/example_branch_labels.py
[2022-11-26 01:47:33,449] {processor.py:613} INFO - Processing file /home/airflow/.local/lib/python3.6/site-packages/airflow/example_dags/example_branch_labels.py for tasks to queue
[2022-11-26 01:47:33,451] {logging_mixin.py:109} INFO - [2022-11-26 01:47:33,451] {dagbag.py:496} INFO - Filling up the DagBag from /home/airflow/.local/lib/python3.6/site-packages/airflow/example_dags/example_branch_labels.py
[2022-11-26 01:47:33,484] {processor.py:623} INFO - DAG(s) dict_keys(['example_branch_labels']) retrieved from /home/airflow/.local/lib/python3.6/site-packages/airflow/example_dags/example_branch_labels.py
[2022-11-26 01:47:33,525] {logging_mixin.py:109} INFO - [2022-11-26 01:47:33,524] {dag.py:1833} INFO - Sync 1 DAGs
[2022-11-26 01:47:33,568] {logging_mixin.py:109} INFO - [2022-11-26 01:47:33,568] {dag.py:2306} INFO - Setting next_dagrun for example_branch_labels to 2022-11-24 00:00:00+00:00
[2022-11-26 01:47:33,582] {processor.py:170} INFO - Processing /home/airflow/.local/lib/python3.6/site-packages/airflow/example_dags/example_branch_labels.py took 0.144 seconds
[2022-11-26 01:48:03,687] {processor.py:162} INFO - Started process (PID=2114) to work on /home/airflow/.local/lib/python3.6/site-packages/airflow/example_dags/example_branch_labels.py
[2022-11-26 01:48:03,692] {processor.py:613} INFO - Processing file /home/airflow/.local/lib/python3.6/site-packages/airflow/example_dags/example_branch_labels.py for tasks to queue
[2022-11-26 01:48:03,696] {logging_mixin.py:109} INFO - [2022-11-26 01:48:03,695] {dagbag.py:496} INFO - Filling up the DagBag from /home/airflow/.local/lib/python3.6/site-packages/airflow/example_dags/example_branch_labels.py
[2022-11-26 01:48:03,736] {processor.py:623} INFO - DAG(s) dict_keys(['example_branch_labels']) retrieved from /home/airflow/.local/lib/python3.6/site-packages/airflow/example_dags/example_branch_labels.py
[2022-11-26 01:48:03,777] {logging_mixin.py:109} INFO - [2022-11-26 01:48:03,777] {dag.py:1833} INFO - Sync 1 DAGs
[2022-11-26 01:48:03,850] {logging_mixin.py:109} INFO - [2022-11-26 01:48:03,850] {dag.py:2306} INFO - Setting next_dagrun for example_branch_labels to 2022-11-24 00:00:00+00:00
[2022-11-26 01:48:03,865] {processor.py:170} INFO - Processing /home/airflow/.local/lib/python3.6/site-packages/airflow/example_dags/example_branch_labels.py took 0.184 seconds
[2022-11-26 01:48:34,249] {processor.py:162} INFO - Started process (PID=2210) to work on /home/airflow/.local/lib/python3.6/site-packages/airflow/example_dags/example_branch_labels.py
[2022-11-26 01:48:34,254] {processor.py:613} INFO - Processing file /home/airflow/.local/lib/python3.6/site-packages/airflow/example_dags/example_branch_labels.py for tasks to queue
[2022-11-26 01:48:34,260] {logging_mixin.py:109} INFO - [2022-11-26 01:48:34,259] {dagbag.py:496} INFO - Filling up the DagBag from /home/airflow/.local/lib/python3.6/site-packages/airflow/example_dags/example_branch_labels.py
[2022-11-26 01:48:34,330] {processor.py:623} INFO - DAG(s) dict_keys(['example_branch_labels']) retrieved from /home/airflow/.local/lib/python3.6/site-packages/airflow/example_dags/example_branch_labels.py
[2022-11-26 01:48:34,373] {logging_mixin.py:109} INFO - [2022-11-26 01:48:34,372] {dag.py:1833} INFO - Sync 1 DAGs
[2022-11-26 01:48:34,427] {logging_mixin.py:109} INFO - [2022-11-26 01:48:34,427] {dag.py:2306} INFO - Setting next_dagrun for example_branch_labels to 2022-11-24 00:00:00+00:00
[2022-11-26 01:48:34,443] {processor.py:170} INFO - Processing /home/airflow/.local/lib/python3.6/site-packages/airflow/example_dags/example_branch_labels.py took 0.199 seconds
[2022-11-26 01:49:04,679] {processor.py:162} INFO - Started process (PID=2294) to work on /home/airflow/.local/lib/python3.6/site-packages/airflow/example_dags/example_branch_labels.py
[2022-11-26 01:49:04,683] {processor.py:613} INFO - Processing file /home/airflow/.local/lib/python3.6/site-packages/airflow/example_dags/example_branch_labels.py for tasks to queue
[2022-11-26 01:49:04,685] {logging_mixin.py:109} INFO - [2022-11-26 01:49:04,685] {dagbag.py:496} INFO - Filling up the DagBag from /home/airflow/.local/lib/python3.6/site-packages/airflow/example_dags/example_branch_labels.py
[2022-11-26 01:49:04,723] {processor.py:623} INFO - DAG(s) dict_keys(['example_branch_labels']) retrieved from /home/airflow/.local/lib/python3.6/site-packages/airflow/example_dags/example_branch_labels.py
[2022-11-26 01:49:04,762] {logging_mixin.py:109} INFO - [2022-11-26 01:49:04,762] {dag.py:1833} INFO - Sync 1 DAGs
[2022-11-26 01:49:04,806] {logging_mixin.py:109} INFO - [2022-11-26 01:49:04,805] {dag.py:2306} INFO - Setting next_dagrun for example_branch_labels to 2022-11-24 00:00:00+00:00
[2022-11-26 01:49:04,819] {processor.py:170} INFO - Processing /home/airflow/.local/lib/python3.6/site-packages/airflow/example_dags/example_branch_labels.py took 0.149 seconds
[2022-11-26 01:49:34,861] {processor.py:162} INFO - Started process (PID=2394) to work on /home/airflow/.local/lib/python3.6/site-packages/airflow/example_dags/example_branch_labels.py
[2022-11-26 01:49:34,864] {processor.py:613} INFO - Processing file /home/airflow/.local/lib/python3.6/site-packages/airflow/example_dags/example_branch_labels.py for tasks to queue
[2022-11-26 01:49:34,866] {logging_mixin.py:109} INFO - [2022-11-26 01:49:34,865] {dagbag.py:496} INFO - Filling up the DagBag from /home/airflow/.local/lib/python3.6/site-packages/airflow/example_dags/example_branch_labels.py
[2022-11-26 01:49:34,894] {processor.py:623} INFO - DAG(s) dict_keys(['example_branch_labels']) retrieved from /home/airflow/.local/lib/python3.6/site-packages/airflow/example_dags/example_branch_labels.py
[2022-11-26 01:49:34,935] {logging_mixin.py:109} INFO - [2022-11-26 01:49:34,935] {dag.py:1833} INFO - Sync 1 DAGs
[2022-11-26 01:49:34,984] {logging_mixin.py:109} INFO - [2022-11-26 01:49:34,984] {dag.py:2306} INFO - Setting next_dagrun for example_branch_labels to 2022-11-24 00:00:00+00:00
[2022-11-26 01:49:34,999] {processor.py:170} INFO - Processing /home/airflow/.local/lib/python3.6/site-packages/airflow/example_dags/example_branch_labels.py took 0.143 seconds
[2022-11-26 01:50:05,204] {processor.py:162} INFO - Started process (PID=2494) to work on /home/airflow/.local/lib/python3.6/site-packages/airflow/example_dags/example_branch_labels.py
[2022-11-26 01:50:05,209] {processor.py:613} INFO - Processing file /home/airflow/.local/lib/python3.6/site-packages/airflow/example_dags/example_branch_labels.py for tasks to queue
[2022-11-26 01:50:05,211] {logging_mixin.py:109} INFO - [2022-11-26 01:50:05,211] {dagbag.py:496} INFO - Filling up the DagBag from /home/airflow/.local/lib/python3.6/site-packages/airflow/example_dags/example_branch_labels.py
[2022-11-26 01:50:05,254] {processor.py:623} INFO - DAG(s) dict_keys(['example_branch_labels']) retrieved from /home/airflow/.local/lib/python3.6/site-packages/airflow/example_dags/example_branch_labels.py
[2022-11-26 01:50:05,306] {logging_mixin.py:109} INFO - [2022-11-26 01:50:05,305] {dag.py:1833} INFO - Sync 1 DAGs
[2022-11-26 01:50:05,371] {logging_mixin.py:109} INFO - [2022-11-26 01:50:05,370] {dag.py:2306} INFO - Setting next_dagrun for example_branch_labels to 2022-11-24 00:00:00+00:00
[2022-11-26 01:50:05,390] {processor.py:170} INFO - Processing /home/airflow/.local/lib/python3.6/site-packages/airflow/example_dags/example_branch_labels.py took 0.195 seconds
[2022-11-26 01:50:36,171] {processor.py:162} INFO - Started process (PID=2594) to work on /home/airflow/.local/lib/python3.6/site-packages/airflow/example_dags/example_branch_labels.py
[2022-11-26 01:50:36,175] {processor.py:613} INFO - Processing file /home/airflow/.local/lib/python3.6/site-packages/airflow/example_dags/example_branch_labels.py for tasks to queue
[2022-11-26 01:50:36,178] {logging_mixin.py:109} INFO - [2022-11-26 01:50:36,177] {dagbag.py:496} INFO - Filling up the DagBag from /home/airflow/.local/lib/python3.6/site-packages/airflow/example_dags/example_branch_labels.py
[2022-11-26 01:50:36,211] {processor.py:623} INFO - DAG(s) dict_keys(['example_branch_labels']) retrieved from /home/airflow/.local/lib/python3.6/site-packages/airflow/example_dags/example_branch_labels.py
[2022-11-26 01:50:36,250] {logging_mixin.py:109} INFO - [2022-11-26 01:50:36,250] {dag.py:1833} INFO - Sync 1 DAGs
[2022-11-26 01:50:36,294] {logging_mixin.py:109} INFO - [2022-11-26 01:50:36,293] {dag.py:2306} INFO - Setting next_dagrun for example_branch_labels to 2022-11-24 00:00:00+00:00
[2022-11-26 01:50:36,307] {processor.py:170} INFO - Processing /home/airflow/.local/lib/python3.6/site-packages/airflow/example_dags/example_branch_labels.py took 0.145 seconds
[2022-11-26 01:51:06,728] {processor.py:162} INFO - Started process (PID=2694) to work on /home/airflow/.local/lib/python3.6/site-packages/airflow/example_dags/example_branch_labels.py
[2022-11-26 01:51:06,731] {processor.py:613} INFO - Processing file /home/airflow/.local/lib/python3.6/site-packages/airflow/example_dags/example_branch_labels.py for tasks to queue
[2022-11-26 01:51:06,732] {logging_mixin.py:109} INFO - [2022-11-26 01:51:06,732] {dagbag.py:496} INFO - Filling up the DagBag from /home/airflow/.local/lib/python3.6/site-packages/airflow/example_dags/example_branch_labels.py
[2022-11-26 01:51:06,762] {processor.py:623} INFO - DAG(s) dict_keys(['example_branch_labels']) retrieved from /home/airflow/.local/lib/python3.6/site-packages/airflow/example_dags/example_branch_labels.py
[2022-11-26 01:51:06,808] {logging_mixin.py:109} INFO - [2022-11-26 01:51:06,808] {dag.py:1833} INFO - Sync 1 DAGs
[2022-11-26 01:51:06,853] {logging_mixin.py:109} INFO - [2022-11-26 01:51:06,853] {dag.py:2306} INFO - Setting next_dagrun for example_branch_labels to 2022-11-24 00:00:00+00:00
[2022-11-26 01:51:06,868] {processor.py:170} INFO - Processing /home/airflow/.local/lib/python3.6/site-packages/airflow/example_dags/example_branch_labels.py took 0.146 seconds
[2022-11-26 01:51:37,272] {processor.py:162} INFO - Started process (PID=2784) to work on /home/airflow/.local/lib/python3.6/site-packages/airflow/example_dags/example_branch_labels.py
[2022-11-26 01:51:37,276] {processor.py:613} INFO - Processing file /home/airflow/.local/lib/python3.6/site-packages/airflow/example_dags/example_branch_labels.py for tasks to queue
[2022-11-26 01:51:37,278] {logging_mixin.py:109} INFO - [2022-11-26 01:51:37,277] {dagbag.py:496} INFO - Filling up the DagBag from /home/airflow/.local/lib/python3.6/site-packages/airflow/example_dags/example_branch_labels.py
[2022-11-26 01:51:37,309] {processor.py:623} INFO - DAG(s) dict_keys(['example_branch_labels']) retrieved from /home/airflow/.local/lib/python3.6/site-packages/airflow/example_dags/example_branch_labels.py
[2022-11-26 01:51:37,380] {logging_mixin.py:109} INFO - [2022-11-26 01:51:37,379] {dag.py:1833} INFO - Sync 1 DAGs
[2022-11-26 01:51:37,432] {logging_mixin.py:109} INFO - [2022-11-26 01:51:37,431] {dag.py:2306} INFO - Setting next_dagrun for example_branch_labels to 2022-11-24 00:00:00+00:00
[2022-11-26 01:51:37,448] {processor.py:170} INFO - Processing /home/airflow/.local/lib/python3.6/site-packages/airflow/example_dags/example_branch_labels.py took 0.181 seconds
[2022-11-26 01:52:07,561] {processor.py:162} INFO - Started process (PID=2874) to work on /home/airflow/.local/lib/python3.6/site-packages/airflow/example_dags/example_branch_labels.py
[2022-11-26 01:52:07,564] {processor.py:613} INFO - Processing file /home/airflow/.local/lib/python3.6/site-packages/airflow/example_dags/example_branch_labels.py for tasks to queue
[2022-11-26 01:52:07,566] {logging_mixin.py:109} INFO - [2022-11-26 01:52:07,566] {dagbag.py:496} INFO - Filling up the DagBag from /home/airflow/.local/lib/python3.6/site-packages/airflow/example_dags/example_branch_labels.py
[2022-11-26 01:52:07,621] {processor.py:623} INFO - DAG(s) dict_keys(['example_branch_labels']) retrieved from /home/airflow/.local/lib/python3.6/site-packages/airflow/example_dags/example_branch_labels.py
[2022-11-26 01:52:07,720] {logging_mixin.py:109} INFO - [2022-11-26 01:52:07,720] {dag.py:1833} INFO - Sync 1 DAGs
[2022-11-26 01:52:07,805] {logging_mixin.py:109} INFO - [2022-11-26 01:52:07,805] {dag.py:2306} INFO - Setting next_dagrun for example_branch_labels to 2022-11-24 00:00:00+00:00
[2022-11-26 01:52:07,828] {processor.py:170} INFO - Processing /home/airflow/.local/lib/python3.6/site-packages/airflow/example_dags/example_branch_labels.py took 0.279 seconds
[2022-11-26 01:52:38,276] {processor.py:162} INFO - Started process (PID=2973) to work on /home/airflow/.local/lib/python3.6/site-packages/airflow/example_dags/example_branch_labels.py
[2022-11-26 01:52:38,278] {processor.py:613} INFO - Processing file /home/airflow/.local/lib/python3.6/site-packages/airflow/example_dags/example_branch_labels.py for tasks to queue
[2022-11-26 01:52:38,280] {logging_mixin.py:109} INFO - [2022-11-26 01:52:38,280] {dagbag.py:496} INFO - Filling up the DagBag from /home/airflow/.local/lib/python3.6/site-packages/airflow/example_dags/example_branch_labels.py
[2022-11-26 01:52:38,309] {processor.py:623} INFO - DAG(s) dict_keys(['example_branch_labels']) retrieved from /home/airflow/.local/lib/python3.6/site-packages/airflow/example_dags/example_branch_labels.py
[2022-11-26 01:52:38,349] {logging_mixin.py:109} INFO - [2022-11-26 01:52:38,348] {dag.py:1833} INFO - Sync 1 DAGs
[2022-11-26 01:52:38,393] {logging_mixin.py:109} INFO - [2022-11-26 01:52:38,393] {dag.py:2306} INFO - Setting next_dagrun for example_branch_labels to 2022-11-24 00:00:00+00:00
[2022-11-26 01:52:38,409] {processor.py:170} INFO - Processing /home/airflow/.local/lib/python3.6/site-packages/airflow/example_dags/example_branch_labels.py took 0.138 seconds
[2022-11-26 01:53:08,469] {processor.py:162} INFO - Started process (PID=3073) to work on /home/airflow/.local/lib/python3.6/site-packages/airflow/example_dags/example_branch_labels.py
[2022-11-26 01:53:08,474] {processor.py:613} INFO - Processing file /home/airflow/.local/lib/python3.6/site-packages/airflow/example_dags/example_branch_labels.py for tasks to queue
[2022-11-26 01:53:08,481] {logging_mixin.py:109} INFO - [2022-11-26 01:53:08,481] {dagbag.py:496} INFO - Filling up the DagBag from /home/airflow/.local/lib/python3.6/site-packages/airflow/example_dags/example_branch_labels.py
[2022-11-26 01:53:08,532] {processor.py:623} INFO - DAG(s) dict_keys(['example_branch_labels']) retrieved from /home/airflow/.local/lib/python3.6/site-packages/airflow/example_dags/example_branch_labels.py
[2022-11-26 01:53:08,587] {logging_mixin.py:109} INFO - [2022-11-26 01:53:08,587] {dag.py:1833} INFO - Sync 1 DAGs
[2022-11-26 01:53:08,631] {logging_mixin.py:109} INFO - [2022-11-26 01:53:08,631] {dag.py:2306} INFO - Setting next_dagrun for example_branch_labels to 2022-11-24 00:00:00+00:00
[2022-11-26 01:53:08,647] {processor.py:170} INFO - Processing /home/airflow/.local/lib/python3.6/site-packages/airflow/example_dags/example_branch_labels.py took 0.185 seconds
[2022-11-26 01:53:39,261] {processor.py:162} INFO - Started process (PID=3170) to work on /home/airflow/.local/lib/python3.6/site-packages/airflow/example_dags/example_branch_labels.py
[2022-11-26 01:53:39,265] {processor.py:613} INFO - Processing file /home/airflow/.local/lib/python3.6/site-packages/airflow/example_dags/example_branch_labels.py for tasks to queue
[2022-11-26 01:53:39,267] {logging_mixin.py:109} INFO - [2022-11-26 01:53:39,267] {dagbag.py:496} INFO - Filling up the DagBag from /home/airflow/.local/lib/python3.6/site-packages/airflow/example_dags/example_branch_labels.py
[2022-11-26 01:53:39,296] {processor.py:623} INFO - DAG(s) dict_keys(['example_branch_labels']) retrieved from /home/airflow/.local/lib/python3.6/site-packages/airflow/example_dags/example_branch_labels.py
[2022-11-26 01:53:39,337] {logging_mixin.py:109} INFO - [2022-11-26 01:53:39,336] {dag.py:1833} INFO - Sync 1 DAGs
[2022-11-26 01:53:39,385] {logging_mixin.py:109} INFO - [2022-11-26 01:53:39,385] {dag.py:2306} INFO - Setting next_dagrun for example_branch_labels to 2022-11-24 00:00:00+00:00
[2022-11-26 01:53:39,400] {processor.py:170} INFO - Processing /home/airflow/.local/lib/python3.6/site-packages/airflow/example_dags/example_branch_labels.py took 0.145 seconds
[2022-11-26 01:54:09,929] {processor.py:162} INFO - Started process (PID=3253) to work on /home/airflow/.local/lib/python3.6/site-packages/airflow/example_dags/example_branch_labels.py
[2022-11-26 01:54:09,934] {processor.py:613} INFO - Processing file /home/airflow/.local/lib/python3.6/site-packages/airflow/example_dags/example_branch_labels.py for tasks to queue
[2022-11-26 01:54:09,937] {logging_mixin.py:109} INFO - [2022-11-26 01:54:09,936] {dagbag.py:496} INFO - Filling up the DagBag from /home/airflow/.local/lib/python3.6/site-packages/airflow/example_dags/example_branch_labels.py
[2022-11-26 01:54:09,970] {processor.py:623} INFO - DAG(s) dict_keys(['example_branch_labels']) retrieved from /home/airflow/.local/lib/python3.6/site-packages/airflow/example_dags/example_branch_labels.py
[2022-11-26 01:54:10,011] {logging_mixin.py:109} INFO - [2022-11-26 01:54:10,010] {dag.py:1833} INFO - Sync 1 DAGs
[2022-11-26 01:54:10,056] {logging_mixin.py:109} INFO - [2022-11-26 01:54:10,056] {dag.py:2306} INFO - Setting next_dagrun for example_branch_labels to 2022-11-24 00:00:00+00:00
[2022-11-26 01:54:10,071] {processor.py:170} INFO - Processing /home/airflow/.local/lib/python3.6/site-packages/airflow/example_dags/example_branch_labels.py took 0.150 seconds
[2022-11-26 01:54:40,460] {processor.py:162} INFO - Started process (PID=3353) to work on /home/airflow/.local/lib/python3.6/site-packages/airflow/example_dags/example_branch_labels.py
[2022-11-26 01:54:40,465] {processor.py:613} INFO - Processing file /home/airflow/.local/lib/python3.6/site-packages/airflow/example_dags/example_branch_labels.py for tasks to queue
[2022-11-26 01:54:40,467] {logging_mixin.py:109} INFO - [2022-11-26 01:54:40,466] {dagbag.py:496} INFO - Filling up the DagBag from /home/airflow/.local/lib/python3.6/site-packages/airflow/example_dags/example_branch_labels.py
[2022-11-26 01:54:40,498] {processor.py:623} INFO - DAG(s) dict_keys(['example_branch_labels']) retrieved from /home/airflow/.local/lib/python3.6/site-packages/airflow/example_dags/example_branch_labels.py
[2022-11-26 01:54:40,540] {logging_mixin.py:109} INFO - [2022-11-26 01:54:40,539] {dag.py:1833} INFO - Sync 1 DAGs
[2022-11-26 01:54:40,587] {logging_mixin.py:109} INFO - [2022-11-26 01:54:40,587] {dag.py:2306} INFO - Setting next_dagrun for example_branch_labels to 2022-11-24 00:00:00+00:00
[2022-11-26 01:54:40,604] {processor.py:170} INFO - Processing /home/airflow/.local/lib/python3.6/site-packages/airflow/example_dags/example_branch_labels.py took 0.150 seconds
[2022-11-26 01:55:11,082] {processor.py:162} INFO - Started process (PID=3452) to work on /home/airflow/.local/lib/python3.6/site-packages/airflow/example_dags/example_branch_labels.py
[2022-11-26 01:55:11,085] {processor.py:613} INFO - Processing file /home/airflow/.local/lib/python3.6/site-packages/airflow/example_dags/example_branch_labels.py for tasks to queue
[2022-11-26 01:55:11,086] {logging_mixin.py:109} INFO - [2022-11-26 01:55:11,086] {dagbag.py:496} INFO - Filling up the DagBag from /home/airflow/.local/lib/python3.6/site-packages/airflow/example_dags/example_branch_labels.py
[2022-11-26 01:55:11,115] {processor.py:623} INFO - DAG(s) dict_keys(['example_branch_labels']) retrieved from /home/airflow/.local/lib/python3.6/site-packages/airflow/example_dags/example_branch_labels.py
[2022-11-26 01:55:11,160] {logging_mixin.py:109} INFO - [2022-11-26 01:55:11,159] {dag.py:1833} INFO - Sync 1 DAGs
[2022-11-26 01:55:11,215] {logging_mixin.py:109} INFO - [2022-11-26 01:55:11,215] {dag.py:2306} INFO - Setting next_dagrun for example_branch_labels to 2022-11-24 00:00:00+00:00
[2022-11-26 01:55:11,243] {processor.py:170} INFO - Processing /home/airflow/.local/lib/python3.6/site-packages/airflow/example_dags/example_branch_labels.py took 0.166 seconds
[2022-11-26 01:55:41,833] {processor.py:162} INFO - Started process (PID=3552) to work on /home/airflow/.local/lib/python3.6/site-packages/airflow/example_dags/example_branch_labels.py
[2022-11-26 01:55:41,837] {processor.py:613} INFO - Processing file /home/airflow/.local/lib/python3.6/site-packages/airflow/example_dags/example_branch_labels.py for tasks to queue
[2022-11-26 01:55:41,839] {logging_mixin.py:109} INFO - [2022-11-26 01:55:41,839] {dagbag.py:496} INFO - Filling up the DagBag from /home/airflow/.local/lib/python3.6/site-packages/airflow/example_dags/example_branch_labels.py
[2022-11-26 01:55:41,876] {processor.py:623} INFO - DAG(s) dict_keys(['example_branch_labels']) retrieved from /home/airflow/.local/lib/python3.6/site-packages/airflow/example_dags/example_branch_labels.py
[2022-11-26 01:55:41,937] {logging_mixin.py:109} INFO - [2022-11-26 01:55:41,937] {dag.py:1833} INFO - Sync 1 DAGs
[2022-11-26 01:55:41,996] {logging_mixin.py:109} INFO - [2022-11-26 01:55:41,996] {dag.py:2306} INFO - Setting next_dagrun for example_branch_labels to 2022-11-24 00:00:00+00:00
[2022-11-26 01:55:42,014] {processor.py:170} INFO - Processing /home/airflow/.local/lib/python3.6/site-packages/airflow/example_dags/example_branch_labels.py took 0.187 seconds
[2022-11-26 01:56:12,354] {processor.py:162} INFO - Started process (PID=3649) to work on /home/airflow/.local/lib/python3.6/site-packages/airflow/example_dags/example_branch_labels.py
[2022-11-26 01:56:12,358] {processor.py:613} INFO - Processing file /home/airflow/.local/lib/python3.6/site-packages/airflow/example_dags/example_branch_labels.py for tasks to queue
[2022-11-26 01:56:12,359] {logging_mixin.py:109} INFO - [2022-11-26 01:56:12,359] {dagbag.py:496} INFO - Filling up the DagBag from /home/airflow/.local/lib/python3.6/site-packages/airflow/example_dags/example_branch_labels.py
[2022-11-26 01:56:12,391] {processor.py:623} INFO - DAG(s) dict_keys(['example_branch_labels']) retrieved from /home/airflow/.local/lib/python3.6/site-packages/airflow/example_dags/example_branch_labels.py
[2022-11-26 01:56:12,436] {logging_mixin.py:109} INFO - [2022-11-26 01:56:12,436] {dag.py:1833} INFO - Sync 1 DAGs
[2022-11-26 01:56:12,489] {logging_mixin.py:109} INFO - [2022-11-26 01:56:12,488] {dag.py:2306} INFO - Setting next_dagrun for example_branch_labels to 2022-11-24 00:00:00+00:00
[2022-11-26 01:56:12,506] {processor.py:170} INFO - Processing /home/airflow/.local/lib/python3.6/site-packages/airflow/example_dags/example_branch_labels.py took 0.158 seconds
[2022-11-26 01:56:43,313] {processor.py:162} INFO - Started process (PID=3733) to work on /home/airflow/.local/lib/python3.6/site-packages/airflow/example_dags/example_branch_labels.py
[2022-11-26 01:56:43,320] {processor.py:613} INFO - Processing file /home/airflow/.local/lib/python3.6/site-packages/airflow/example_dags/example_branch_labels.py for tasks to queue
[2022-11-26 01:56:43,324] {logging_mixin.py:109} INFO - [2022-11-26 01:56:43,324] {dagbag.py:496} INFO - Filling up the DagBag from /home/airflow/.local/lib/python3.6/site-packages/airflow/example_dags/example_branch_labels.py
[2022-11-26 01:56:43,394] {processor.py:623} INFO - DAG(s) dict_keys(['example_branch_labels']) retrieved from /home/airflow/.local/lib/python3.6/site-packages/airflow/example_dags/example_branch_labels.py
[2022-11-26 01:56:43,481] {logging_mixin.py:109} INFO - [2022-11-26 01:56:43,481] {dag.py:1833} INFO - Sync 1 DAGs
[2022-11-26 01:56:43,627] {logging_mixin.py:109} INFO - [2022-11-26 01:56:43,626] {dag.py:2306} INFO - Setting next_dagrun for example_branch_labels to 2022-11-24 00:00:00+00:00
[2022-11-26 01:56:43,668] {processor.py:170} INFO - Processing /home/airflow/.local/lib/python3.6/site-packages/airflow/example_dags/example_branch_labels.py took 0.368 seconds
[2022-11-26 01:57:23,663] {processor.py:162} INFO - Started process (PID=3820) to work on /home/airflow/.local/lib/python3.6/site-packages/airflow/example_dags/example_branch_labels.py
[2022-11-26 01:57:23,696] {processor.py:613} INFO - Processing file /home/airflow/.local/lib/python3.6/site-packages/airflow/example_dags/example_branch_labels.py for tasks to queue
[2022-11-26 01:57:23,727] {logging_mixin.py:109} INFO - [2022-11-26 01:57:23,726] {dagbag.py:496} INFO - Filling up the DagBag from /home/airflow/.local/lib/python3.6/site-packages/airflow/example_dags/example_branch_labels.py
[2022-11-26 01:57:24,122] {processor.py:623} INFO - DAG(s) dict_keys(['example_branch_labels']) retrieved from /home/airflow/.local/lib/python3.6/site-packages/airflow/example_dags/example_branch_labels.py
[2022-11-26 01:57:25,182] {logging_mixin.py:109} INFO - [2022-11-26 01:57:25,168] {dag.py:1833} INFO - Sync 1 DAGs
[2022-11-26 01:57:27,570] {logging_mixin.py:109} INFO - [2022-11-26 01:57:27,568] {dag.py:2306} INFO - Setting next_dagrun for example_branch_labels to 2022-11-24 00:00:00+00:00
[2022-11-26 01:57:27,772] {processor.py:170} INFO - Processing /home/airflow/.local/lib/python3.6/site-packages/airflow/example_dags/example_branch_labels.py took 4.193 seconds
[2022-11-26 01:58:25,315] {processor.py:162} INFO - Started process (PID=3942) to work on /home/airflow/.local/lib/python3.6/site-packages/airflow/example_dags/example_branch_labels.py
[2022-11-26 01:58:25,332] {processor.py:613} INFO - Processing file /home/airflow/.local/lib/python3.6/site-packages/airflow/example_dags/example_branch_labels.py for tasks to queue
[2022-11-26 01:58:25,336] {logging_mixin.py:109} INFO - [2022-11-26 01:58:25,335] {dagbag.py:496} INFO - Filling up the DagBag from /home/airflow/.local/lib/python3.6/site-packages/airflow/example_dags/example_branch_labels.py
[2022-11-26 01:58:25,515] {processor.py:623} INFO - DAG(s) dict_keys(['example_branch_labels']) retrieved from /home/airflow/.local/lib/python3.6/site-packages/airflow/example_dags/example_branch_labels.py
[2022-11-26 01:58:25,915] {logging_mixin.py:109} INFO - [2022-11-26 01:58:25,914] {dag.py:1833} INFO - Sync 1 DAGs
[2022-11-26 01:58:26,316] {logging_mixin.py:109} INFO - [2022-11-26 01:58:26,316] {dag.py:2306} INFO - Setting next_dagrun for example_branch_labels to 2022-11-24 00:00:00+00:00
[2022-11-26 01:58:26,442] {processor.py:170} INFO - Processing /home/airflow/.local/lib/python3.6/site-packages/airflow/example_dags/example_branch_labels.py took 1.148 seconds
[2022-11-26 01:58:56,961] {processor.py:162} INFO - Started process (PID=4043) to work on /home/airflow/.local/lib/python3.6/site-packages/airflow/example_dags/example_branch_labels.py
[2022-11-26 01:58:56,974] {processor.py:613} INFO - Processing file /home/airflow/.local/lib/python3.6/site-packages/airflow/example_dags/example_branch_labels.py for tasks to queue
[2022-11-26 01:58:56,984] {logging_mixin.py:109} INFO - [2022-11-26 01:58:56,982] {dagbag.py:496} INFO - Filling up the DagBag from /home/airflow/.local/lib/python3.6/site-packages/airflow/example_dags/example_branch_labels.py
[2022-11-26 01:58:57,165] {processor.py:623} INFO - DAG(s) dict_keys(['example_branch_labels']) retrieved from /home/airflow/.local/lib/python3.6/site-packages/airflow/example_dags/example_branch_labels.py
[2022-11-26 01:58:57,394] {logging_mixin.py:109} INFO - [2022-11-26 01:58:57,393] {dag.py:1833} INFO - Sync 1 DAGs
[2022-11-26 01:58:57,588] {logging_mixin.py:109} INFO - [2022-11-26 01:58:57,588] {dag.py:2306} INFO - Setting next_dagrun for example_branch_labels to 2022-11-24 00:00:00+00:00
[2022-11-26 01:58:57,642] {processor.py:170} INFO - Processing /home/airflow/.local/lib/python3.6/site-packages/airflow/example_dags/example_branch_labels.py took 0.708 seconds
[2022-11-26 01:59:28,566] {processor.py:162} INFO - Started process (PID=4138) to work on /home/airflow/.local/lib/python3.6/site-packages/airflow/example_dags/example_branch_labels.py
[2022-11-26 01:59:28,568] {processor.py:613} INFO - Processing file /home/airflow/.local/lib/python3.6/site-packages/airflow/example_dags/example_branch_labels.py for tasks to queue
[2022-11-26 01:59:28,570] {logging_mixin.py:109} INFO - [2022-11-26 01:59:28,570] {dagbag.py:496} INFO - Filling up the DagBag from /home/airflow/.local/lib/python3.6/site-packages/airflow/example_dags/example_branch_labels.py
[2022-11-26 01:59:28,601] {processor.py:623} INFO - DAG(s) dict_keys(['example_branch_labels']) retrieved from /home/airflow/.local/lib/python3.6/site-packages/airflow/example_dags/example_branch_labels.py
[2022-11-26 01:59:28,644] {logging_mixin.py:109} INFO - [2022-11-26 01:59:28,643] {dag.py:1833} INFO - Sync 1 DAGs
[2022-11-26 01:59:28,690] {logging_mixin.py:109} INFO - [2022-11-26 01:59:28,690] {dag.py:2306} INFO - Setting next_dagrun for example_branch_labels to 2022-11-24 00:00:00+00:00
[2022-11-26 01:59:28,706] {processor.py:170} INFO - Processing /home/airflow/.local/lib/python3.6/site-packages/airflow/example_dags/example_branch_labels.py took 0.145 seconds
[2022-11-26 01:59:58,818] {processor.py:162} INFO - Started process (PID=4227) to work on /home/airflow/.local/lib/python3.6/site-packages/airflow/example_dags/example_branch_labels.py
[2022-11-26 01:59:58,821] {processor.py:613} INFO - Processing file /home/airflow/.local/lib/python3.6/site-packages/airflow/example_dags/example_branch_labels.py for tasks to queue
[2022-11-26 01:59:58,823] {logging_mixin.py:109} INFO - [2022-11-26 01:59:58,823] {dagbag.py:496} INFO - Filling up the DagBag from /home/airflow/.local/lib/python3.6/site-packages/airflow/example_dags/example_branch_labels.py
[2022-11-26 01:59:58,855] {processor.py:623} INFO - DAG(s) dict_keys(['example_branch_labels']) retrieved from /home/airflow/.local/lib/python3.6/site-packages/airflow/example_dags/example_branch_labels.py
[2022-11-26 01:59:58,898] {logging_mixin.py:109} INFO - [2022-11-26 01:59:58,897] {dag.py:1833} INFO - Sync 1 DAGs
[2022-11-26 01:59:58,947] {logging_mixin.py:109} INFO - [2022-11-26 01:59:58,946] {dag.py:2306} INFO - Setting next_dagrun for example_branch_labels to 2022-11-24 00:00:00+00:00
[2022-11-26 01:59:58,962] {processor.py:170} INFO - Processing /home/airflow/.local/lib/python3.6/site-packages/airflow/example_dags/example_branch_labels.py took 0.149 seconds
[2022-11-26 02:00:29,293] {processor.py:162} INFO - Started process (PID=4327) to work on /home/airflow/.local/lib/python3.6/site-packages/airflow/example_dags/example_branch_labels.py
[2022-11-26 02:00:29,296] {processor.py:613} INFO - Processing file /home/airflow/.local/lib/python3.6/site-packages/airflow/example_dags/example_branch_labels.py for tasks to queue
[2022-11-26 02:00:29,297] {logging_mixin.py:109} INFO - [2022-11-26 02:00:29,297] {dagbag.py:496} INFO - Filling up the DagBag from /home/airflow/.local/lib/python3.6/site-packages/airflow/example_dags/example_branch_labels.py
[2022-11-26 02:00:29,327] {processor.py:623} INFO - DAG(s) dict_keys(['example_branch_labels']) retrieved from /home/airflow/.local/lib/python3.6/site-packages/airflow/example_dags/example_branch_labels.py
[2022-11-26 02:00:29,369] {logging_mixin.py:109} INFO - [2022-11-26 02:00:29,368] {dag.py:1833} INFO - Sync 1 DAGs
[2022-11-26 02:00:29,414] {logging_mixin.py:109} INFO - [2022-11-26 02:00:29,414] {dag.py:2306} INFO - Setting next_dagrun for example_branch_labels to 2022-11-24 00:00:00+00:00
[2022-11-26 02:00:29,429] {processor.py:170} INFO - Processing /home/airflow/.local/lib/python3.6/site-packages/airflow/example_dags/example_branch_labels.py took 0.141 seconds
[2022-11-26 02:00:59,584] {processor.py:162} INFO - Started process (PID=4418) to work on /home/airflow/.local/lib/python3.6/site-packages/airflow/example_dags/example_branch_labels.py
[2022-11-26 02:00:59,587] {processor.py:613} INFO - Processing file /home/airflow/.local/lib/python3.6/site-packages/airflow/example_dags/example_branch_labels.py for tasks to queue
[2022-11-26 02:00:59,590] {logging_mixin.py:109} INFO - [2022-11-26 02:00:59,589] {dagbag.py:496} INFO - Filling up the DagBag from /home/airflow/.local/lib/python3.6/site-packages/airflow/example_dags/example_branch_labels.py
[2022-11-26 02:00:59,641] {processor.py:623} INFO - DAG(s) dict_keys(['example_branch_labels']) retrieved from /home/airflow/.local/lib/python3.6/site-packages/airflow/example_dags/example_branch_labels.py
[2022-11-26 02:00:59,708] {logging_mixin.py:109} INFO - [2022-11-26 02:00:59,708] {dag.py:1833} INFO - Sync 1 DAGs
[2022-11-26 02:00:59,777] {logging_mixin.py:109} INFO - [2022-11-26 02:00:59,776] {dag.py:2306} INFO - Setting next_dagrun for example_branch_labels to 2022-11-24 00:00:00+00:00
[2022-11-26 02:00:59,799] {processor.py:170} INFO - Processing /home/airflow/.local/lib/python3.6/site-packages/airflow/example_dags/example_branch_labels.py took 0.223 seconds
[2022-11-26 02:01:30,462] {processor.py:162} INFO - Started process (PID=4508) to work on /home/airflow/.local/lib/python3.6/site-packages/airflow/example_dags/example_branch_labels.py
[2022-11-26 02:01:30,466] {processor.py:613} INFO - Processing file /home/airflow/.local/lib/python3.6/site-packages/airflow/example_dags/example_branch_labels.py for tasks to queue
[2022-11-26 02:01:30,468] {logging_mixin.py:109} INFO - [2022-11-26 02:01:30,468] {dagbag.py:496} INFO - Filling up the DagBag from /home/airflow/.local/lib/python3.6/site-packages/airflow/example_dags/example_branch_labels.py
[2022-11-26 02:01:30,498] {processor.py:623} INFO - DAG(s) dict_keys(['example_branch_labels']) retrieved from /home/airflow/.local/lib/python3.6/site-packages/airflow/example_dags/example_branch_labels.py
[2022-11-26 02:01:30,540] {logging_mixin.py:109} INFO - [2022-11-26 02:01:30,540] {dag.py:1833} INFO - Sync 1 DAGs
[2022-11-26 02:01:30,586] {logging_mixin.py:109} INFO - [2022-11-26 02:01:30,586] {dag.py:2306} INFO - Setting next_dagrun for example_branch_labels to 2022-11-24 00:00:00+00:00
[2022-11-26 02:01:30,626] {processor.py:170} INFO - Processing /home/airflow/.local/lib/python3.6/site-packages/airflow/example_dags/example_branch_labels.py took 0.168 seconds
[2022-11-26 02:02:00,712] {processor.py:162} INFO - Started process (PID=4607) to work on /home/airflow/.local/lib/python3.6/site-packages/airflow/example_dags/example_branch_labels.py
[2022-11-26 02:02:00,715] {processor.py:613} INFO - Processing file /home/airflow/.local/lib/python3.6/site-packages/airflow/example_dags/example_branch_labels.py for tasks to queue
[2022-11-26 02:02:00,716] {logging_mixin.py:109} INFO - [2022-11-26 02:02:00,716] {dagbag.py:496} INFO - Filling up the DagBag from /home/airflow/.local/lib/python3.6/site-packages/airflow/example_dags/example_branch_labels.py
[2022-11-26 02:02:00,749] {processor.py:623} INFO - DAG(s) dict_keys(['example_branch_labels']) retrieved from /home/airflow/.local/lib/python3.6/site-packages/airflow/example_dags/example_branch_labels.py
[2022-11-26 02:02:00,792] {logging_mixin.py:109} INFO - [2022-11-26 02:02:00,792] {dag.py:1833} INFO - Sync 1 DAGs
[2022-11-26 02:02:00,840] {logging_mixin.py:109} INFO - [2022-11-26 02:02:00,840] {dag.py:2306} INFO - Setting next_dagrun for example_branch_labels to 2022-11-24 00:00:00+00:00
[2022-11-26 02:02:00,856] {processor.py:170} INFO - Processing /home/airflow/.local/lib/python3.6/site-packages/airflow/example_dags/example_branch_labels.py took 0.149 seconds
[2022-11-26 02:02:31,038] {processor.py:162} INFO - Started process (PID=4688) to work on /home/airflow/.local/lib/python3.6/site-packages/airflow/example_dags/example_branch_labels.py
[2022-11-26 02:02:31,040] {processor.py:613} INFO - Processing file /home/airflow/.local/lib/python3.6/site-packages/airflow/example_dags/example_branch_labels.py for tasks to queue
[2022-11-26 02:02:31,042] {logging_mixin.py:109} INFO - [2022-11-26 02:02:31,041] {dagbag.py:496} INFO - Filling up the DagBag from /home/airflow/.local/lib/python3.6/site-packages/airflow/example_dags/example_branch_labels.py
[2022-11-26 02:02:31,072] {processor.py:623} INFO - DAG(s) dict_keys(['example_branch_labels']) retrieved from /home/airflow/.local/lib/python3.6/site-packages/airflow/example_dags/example_branch_labels.py
[2022-11-26 02:02:31,116] {logging_mixin.py:109} INFO - [2022-11-26 02:02:31,116] {dag.py:1833} INFO - Sync 1 DAGs
[2022-11-26 02:02:31,163] {logging_mixin.py:109} INFO - [2022-11-26 02:02:31,163] {dag.py:2306} INFO - Setting next_dagrun for example_branch_labels to 2022-11-24 00:00:00+00:00
[2022-11-26 02:02:31,177] {processor.py:170} INFO - Processing /home/airflow/.local/lib/python3.6/site-packages/airflow/example_dags/example_branch_labels.py took 0.145 seconds
[2022-11-26 02:03:01,373] {processor.py:162} INFO - Started process (PID=4789) to work on /home/airflow/.local/lib/python3.6/site-packages/airflow/example_dags/example_branch_labels.py
[2022-11-26 02:03:01,376] {processor.py:613} INFO - Processing file /home/airflow/.local/lib/python3.6/site-packages/airflow/example_dags/example_branch_labels.py for tasks to queue
[2022-11-26 02:03:01,379] {logging_mixin.py:109} INFO - [2022-11-26 02:03:01,378] {dagbag.py:496} INFO - Filling up the DagBag from /home/airflow/.local/lib/python3.6/site-packages/airflow/example_dags/example_branch_labels.py
[2022-11-26 02:03:01,412] {processor.py:623} INFO - DAG(s) dict_keys(['example_branch_labels']) retrieved from /home/airflow/.local/lib/python3.6/site-packages/airflow/example_dags/example_branch_labels.py
[2022-11-26 02:03:01,454] {logging_mixin.py:109} INFO - [2022-11-26 02:03:01,454] {dag.py:1833} INFO - Sync 1 DAGs
[2022-11-26 02:03:01,498] {logging_mixin.py:109} INFO - [2022-11-26 02:03:01,497] {dag.py:2306} INFO - Setting next_dagrun for example_branch_labels to 2022-11-24 00:00:00+00:00
[2022-11-26 02:03:01,512] {processor.py:170} INFO - Processing /home/airflow/.local/lib/python3.6/site-packages/airflow/example_dags/example_branch_labels.py took 0.147 seconds
[2022-11-26 02:03:31,581] {processor.py:162} INFO - Started process (PID=4889) to work on /home/airflow/.local/lib/python3.6/site-packages/airflow/example_dags/example_branch_labels.py
[2022-11-26 02:03:31,584] {processor.py:613} INFO - Processing file /home/airflow/.local/lib/python3.6/site-packages/airflow/example_dags/example_branch_labels.py for tasks to queue
[2022-11-26 02:03:31,586] {logging_mixin.py:109} INFO - [2022-11-26 02:03:31,585] {dagbag.py:496} INFO - Filling up the DagBag from /home/airflow/.local/lib/python3.6/site-packages/airflow/example_dags/example_branch_labels.py
[2022-11-26 02:03:31,613] {processor.py:623} INFO - DAG(s) dict_keys(['example_branch_labels']) retrieved from /home/airflow/.local/lib/python3.6/site-packages/airflow/example_dags/example_branch_labels.py
[2022-11-26 02:03:31,653] {logging_mixin.py:109} INFO - [2022-11-26 02:03:31,653] {dag.py:1833} INFO - Sync 1 DAGs
[2022-11-26 02:03:31,698] {logging_mixin.py:109} INFO - [2022-11-26 02:03:31,697] {dag.py:2306} INFO - Setting next_dagrun for example_branch_labels to 2022-11-24 00:00:00+00:00
[2022-11-26 02:03:31,712] {processor.py:170} INFO - Processing /home/airflow/.local/lib/python3.6/site-packages/airflow/example_dags/example_branch_labels.py took 0.136 seconds
[2022-11-26 02:04:02,020] {processor.py:162} INFO - Started process (PID=4989) to work on /home/airflow/.local/lib/python3.6/site-packages/airflow/example_dags/example_branch_labels.py
[2022-11-26 02:04:02,023] {processor.py:613} INFO - Processing file /home/airflow/.local/lib/python3.6/site-packages/airflow/example_dags/example_branch_labels.py for tasks to queue
[2022-11-26 02:04:02,024] {logging_mixin.py:109} INFO - [2022-11-26 02:04:02,024] {dagbag.py:496} INFO - Filling up the DagBag from /home/airflow/.local/lib/python3.6/site-packages/airflow/example_dags/example_branch_labels.py
[2022-11-26 02:04:02,053] {processor.py:623} INFO - DAG(s) dict_keys(['example_branch_labels']) retrieved from /home/airflow/.local/lib/python3.6/site-packages/airflow/example_dags/example_branch_labels.py
[2022-11-26 02:04:02,096] {logging_mixin.py:109} INFO - [2022-11-26 02:04:02,096] {dag.py:1833} INFO - Sync 1 DAGs
[2022-11-26 02:04:02,146] {logging_mixin.py:109} INFO - [2022-11-26 02:04:02,146] {dag.py:2306} INFO - Setting next_dagrun for example_branch_labels to 2022-11-24 00:00:00+00:00
[2022-11-26 02:04:02,161] {processor.py:170} INFO - Processing /home/airflow/.local/lib/python3.6/site-packages/airflow/example_dags/example_branch_labels.py took 0.147 seconds
[2022-11-26 02:04:32,601] {processor.py:162} INFO - Started process (PID=5088) to work on /home/airflow/.local/lib/python3.6/site-packages/airflow/example_dags/example_branch_labels.py
[2022-11-26 02:04:32,604] {processor.py:613} INFO - Processing file /home/airflow/.local/lib/python3.6/site-packages/airflow/example_dags/example_branch_labels.py for tasks to queue
[2022-11-26 02:04:32,606] {logging_mixin.py:109} INFO - [2022-11-26 02:04:32,606] {dagbag.py:496} INFO - Filling up the DagBag from /home/airflow/.local/lib/python3.6/site-packages/airflow/example_dags/example_branch_labels.py
[2022-11-26 02:04:32,641] {processor.py:623} INFO - DAG(s) dict_keys(['example_branch_labels']) retrieved from /home/airflow/.local/lib/python3.6/site-packages/airflow/example_dags/example_branch_labels.py
[2022-11-26 02:04:32,693] {logging_mixin.py:109} INFO - [2022-11-26 02:04:32,693] {dag.py:1833} INFO - Sync 1 DAGs
[2022-11-26 02:04:32,749] {logging_mixin.py:109} INFO - [2022-11-26 02:04:32,749] {dag.py:2306} INFO - Setting next_dagrun for example_branch_labels to 2022-11-24 00:00:00+00:00
[2022-11-26 02:04:32,769] {processor.py:170} INFO - Processing /home/airflow/.local/lib/python3.6/site-packages/airflow/example_dags/example_branch_labels.py took 0.174 seconds
[2022-11-26 02:05:02,808] {processor.py:162} INFO - Started process (PID=5167) to work on /home/airflow/.local/lib/python3.6/site-packages/airflow/example_dags/example_branch_labels.py
[2022-11-26 02:05:02,811] {processor.py:613} INFO - Processing file /home/airflow/.local/lib/python3.6/site-packages/airflow/example_dags/example_branch_labels.py for tasks to queue
[2022-11-26 02:05:02,812] {logging_mixin.py:109} INFO - [2022-11-26 02:05:02,812] {dagbag.py:496} INFO - Filling up the DagBag from /home/airflow/.local/lib/python3.6/site-packages/airflow/example_dags/example_branch_labels.py
[2022-11-26 02:05:02,843] {processor.py:623} INFO - DAG(s) dict_keys(['example_branch_labels']) retrieved from /home/airflow/.local/lib/python3.6/site-packages/airflow/example_dags/example_branch_labels.py
[2022-11-26 02:05:02,887] {logging_mixin.py:109} INFO - [2022-11-26 02:05:02,887] {dag.py:1833} INFO - Sync 1 DAGs
[2022-11-26 02:05:02,935] {logging_mixin.py:109} INFO - [2022-11-26 02:05:02,935] {dag.py:2306} INFO - Setting next_dagrun for example_branch_labels to 2022-11-24 00:00:00+00:00
[2022-11-26 02:05:02,950] {processor.py:170} INFO - Processing /home/airflow/.local/lib/python3.6/site-packages/airflow/example_dags/example_branch_labels.py took 0.148 seconds
[2022-11-26 02:05:33,711] {processor.py:162} INFO - Started process (PID=5270) to work on /home/airflow/.local/lib/python3.6/site-packages/airflow/example_dags/example_branch_labels.py
[2022-11-26 02:05:33,716] {processor.py:613} INFO - Processing file /home/airflow/.local/lib/python3.6/site-packages/airflow/example_dags/example_branch_labels.py for tasks to queue
[2022-11-26 02:05:33,719] {logging_mixin.py:109} INFO - [2022-11-26 02:05:33,719] {dagbag.py:496} INFO - Filling up the DagBag from /home/airflow/.local/lib/python3.6/site-packages/airflow/example_dags/example_branch_labels.py
[2022-11-26 02:05:33,776] {processor.py:623} INFO - DAG(s) dict_keys(['example_branch_labels']) retrieved from /home/airflow/.local/lib/python3.6/site-packages/airflow/example_dags/example_branch_labels.py
[2022-11-26 02:05:33,844] {logging_mixin.py:109} INFO - [2022-11-26 02:05:33,844] {dag.py:1833} INFO - Sync 1 DAGs
[2022-11-26 02:05:33,917] {logging_mixin.py:109} INFO - [2022-11-26 02:05:33,916] {dag.py:2306} INFO - Setting next_dagrun for example_branch_labels to 2022-11-24 00:00:00+00:00
[2022-11-26 02:05:33,940] {processor.py:170} INFO - Processing /home/airflow/.local/lib/python3.6/site-packages/airflow/example_dags/example_branch_labels.py took 0.237 seconds
[2022-11-26 02:06:04,030] {processor.py:162} INFO - Started process (PID=5368) to work on /home/airflow/.local/lib/python3.6/site-packages/airflow/example_dags/example_branch_labels.py
[2022-11-26 02:06:04,038] {processor.py:613} INFO - Processing file /home/airflow/.local/lib/python3.6/site-packages/airflow/example_dags/example_branch_labels.py for tasks to queue
[2022-11-26 02:06:04,039] {logging_mixin.py:109} INFO - [2022-11-26 02:06:04,039] {dagbag.py:496} INFO - Filling up the DagBag from /home/airflow/.local/lib/python3.6/site-packages/airflow/example_dags/example_branch_labels.py
[2022-11-26 02:06:04,073] {processor.py:623} INFO - DAG(s) dict_keys(['example_branch_labels']) retrieved from /home/airflow/.local/lib/python3.6/site-packages/airflow/example_dags/example_branch_labels.py
[2022-11-26 02:06:04,120] {logging_mixin.py:109} INFO - [2022-11-26 02:06:04,120] {dag.py:1833} INFO - Sync 1 DAGs
[2022-11-26 02:06:04,177] {logging_mixin.py:109} INFO - [2022-11-26 02:06:04,176] {dag.py:2306} INFO - Setting next_dagrun for example_branch_labels to 2022-11-24 00:00:00+00:00
[2022-11-26 02:06:04,198] {processor.py:170} INFO - Processing /home/airflow/.local/lib/python3.6/site-packages/airflow/example_dags/example_branch_labels.py took 0.178 seconds
