[2022-11-26 01:37:59,966] {processor.py:162} INFO - Started process (PID=202) to work on /home/airflow/.local/lib/python3.6/site-packages/airflow/example_dags/example_dag_decorator.py
[2022-11-26 01:37:59,970] {processor.py:613} INFO - Processing file /home/airflow/.local/lib/python3.6/site-packages/airflow/example_dags/example_dag_decorator.py for tasks to queue
[2022-11-26 01:37:59,974] {logging_mixin.py:109} INFO - [2022-11-26 01:37:59,973] {dagbag.py:496} INFO - Filling up the DagBag from /home/airflow/.local/lib/python3.6/site-packages/airflow/example_dags/example_dag_decorator.py
[2022-11-26 01:38:00,159] {processor.py:623} INFO - DAG(s) dict_keys(['example_dag_decorator']) retrieved from /home/airflow/.local/lib/python3.6/site-packages/airflow/example_dags/example_dag_decorator.py
[2022-11-26 01:38:01,686] {logging_mixin.py:109} INFO - [2022-11-26 01:38:01,685] {dag.py:1833} INFO - Sync 1 DAGs
[2022-11-26 01:38:01,742] {logging_mixin.py:109} INFO - [2022-11-26 01:38:01,742] {dag.py:2306} INFO - Setting next_dagrun for example_dag_decorator to None
[2022-11-26 01:38:01,784] {processor.py:170} INFO - Processing /home/airflow/.local/lib/python3.6/site-packages/airflow/example_dags/example_dag_decorator.py took 1.827 seconds
[2022-11-26 01:38:32,270] {processor.py:162} INFO - Started process (PID=302) to work on /home/airflow/.local/lib/python3.6/site-packages/airflow/example_dags/example_dag_decorator.py
[2022-11-26 01:38:32,274] {processor.py:613} INFO - Processing file /home/airflow/.local/lib/python3.6/site-packages/airflow/example_dags/example_dag_decorator.py for tasks to queue
[2022-11-26 01:38:32,275] {logging_mixin.py:109} INFO - [2022-11-26 01:38:32,275] {dagbag.py:496} INFO - Filling up the DagBag from /home/airflow/.local/lib/python3.6/site-packages/airflow/example_dags/example_dag_decorator.py
[2022-11-26 01:38:32,321] {processor.py:623} INFO - DAG(s) dict_keys(['example_dag_decorator']) retrieved from /home/airflow/.local/lib/python3.6/site-packages/airflow/example_dags/example_dag_decorator.py
[2022-11-26 01:38:32,964] {logging_mixin.py:109} INFO - [2022-11-26 01:38:32,963] {dag.py:1833} INFO - Sync 1 DAGs
[2022-11-26 01:38:32,996] {logging_mixin.py:109} INFO - [2022-11-26 01:38:32,996] {dag.py:2306} INFO - Setting next_dagrun for example_dag_decorator to None
[2022-11-26 01:38:33,018] {processor.py:170} INFO - Processing /home/airflow/.local/lib/python3.6/site-packages/airflow/example_dags/example_dag_decorator.py took 0.753 seconds
[2022-11-26 01:39:03,166] {processor.py:162} INFO - Started process (PID=386) to work on /home/airflow/.local/lib/python3.6/site-packages/airflow/example_dags/example_dag_decorator.py
[2022-11-26 01:39:03,169] {processor.py:613} INFO - Processing file /home/airflow/.local/lib/python3.6/site-packages/airflow/example_dags/example_dag_decorator.py for tasks to queue
[2022-11-26 01:39:03,171] {logging_mixin.py:109} INFO - [2022-11-26 01:39:03,171] {dagbag.py:496} INFO - Filling up the DagBag from /home/airflow/.local/lib/python3.6/site-packages/airflow/example_dags/example_dag_decorator.py
[2022-11-26 01:39:03,216] {processor.py:623} INFO - DAG(s) dict_keys(['example_dag_decorator']) retrieved from /home/airflow/.local/lib/python3.6/site-packages/airflow/example_dags/example_dag_decorator.py
[2022-11-26 01:39:03,783] {logging_mixin.py:109} INFO - [2022-11-26 01:39:03,783] {dag.py:1833} INFO - Sync 1 DAGs
[2022-11-26 01:39:03,814] {logging_mixin.py:109} INFO - [2022-11-26 01:39:03,814] {dag.py:2306} INFO - Setting next_dagrun for example_dag_decorator to None
[2022-11-26 01:39:03,835] {processor.py:170} INFO - Processing /home/airflow/.local/lib/python3.6/site-packages/airflow/example_dags/example_dag_decorator.py took 0.675 seconds
[2022-11-26 01:39:34,497] {processor.py:162} INFO - Started process (PID=486) to work on /home/airflow/.local/lib/python3.6/site-packages/airflow/example_dags/example_dag_decorator.py
[2022-11-26 01:39:34,501] {processor.py:613} INFO - Processing file /home/airflow/.local/lib/python3.6/site-packages/airflow/example_dags/example_dag_decorator.py for tasks to queue
[2022-11-26 01:39:34,503] {logging_mixin.py:109} INFO - [2022-11-26 01:39:34,502] {dagbag.py:496} INFO - Filling up the DagBag from /home/airflow/.local/lib/python3.6/site-packages/airflow/example_dags/example_dag_decorator.py
[2022-11-26 01:39:34,553] {processor.py:623} INFO - DAG(s) dict_keys(['example_dag_decorator']) retrieved from /home/airflow/.local/lib/python3.6/site-packages/airflow/example_dags/example_dag_decorator.py
[2022-11-26 01:39:34,600] {logging_mixin.py:109} INFO - [2022-11-26 01:39:34,599] {dag.py:1833} INFO - Sync 1 DAGs
[2022-11-26 01:39:34,636] {logging_mixin.py:109} INFO - [2022-11-26 01:39:34,636] {dag.py:2306} INFO - Setting next_dagrun for example_dag_decorator to None
[2022-11-26 01:39:34,657] {processor.py:170} INFO - Processing /home/airflow/.local/lib/python3.6/site-packages/airflow/example_dags/example_dag_decorator.py took 0.166 seconds
[2022-11-26 01:40:04,971] {processor.py:162} INFO - Started process (PID=585) to work on /home/airflow/.local/lib/python3.6/site-packages/airflow/example_dags/example_dag_decorator.py
[2022-11-26 01:40:04,974] {processor.py:613} INFO - Processing file /home/airflow/.local/lib/python3.6/site-packages/airflow/example_dags/example_dag_decorator.py for tasks to queue
[2022-11-26 01:40:04,975] {logging_mixin.py:109} INFO - [2022-11-26 01:40:04,975] {dagbag.py:496} INFO - Filling up the DagBag from /home/airflow/.local/lib/python3.6/site-packages/airflow/example_dags/example_dag_decorator.py
[2022-11-26 01:40:05,020] {processor.py:623} INFO - DAG(s) dict_keys(['example_dag_decorator']) retrieved from /home/airflow/.local/lib/python3.6/site-packages/airflow/example_dags/example_dag_decorator.py
[2022-11-26 01:40:05,603] {logging_mixin.py:109} INFO - [2022-11-26 01:40:05,602] {dag.py:1833} INFO - Sync 1 DAGs
[2022-11-26 01:40:05,632] {logging_mixin.py:109} INFO - [2022-11-26 01:40:05,632] {dag.py:2306} INFO - Setting next_dagrun for example_dag_decorator to None
[2022-11-26 01:40:05,653] {processor.py:170} INFO - Processing /home/airflow/.local/lib/python3.6/site-packages/airflow/example_dags/example_dag_decorator.py took 0.687 seconds
[2022-11-26 01:40:35,708] {processor.py:162} INFO - Started process (PID=684) to work on /home/airflow/.local/lib/python3.6/site-packages/airflow/example_dags/example_dag_decorator.py
[2022-11-26 01:40:35,710] {processor.py:613} INFO - Processing file /home/airflow/.local/lib/python3.6/site-packages/airflow/example_dags/example_dag_decorator.py for tasks to queue
[2022-11-26 01:40:35,711] {logging_mixin.py:109} INFO - [2022-11-26 01:40:35,711] {dagbag.py:496} INFO - Filling up the DagBag from /home/airflow/.local/lib/python3.6/site-packages/airflow/example_dags/example_dag_decorator.py
[2022-11-26 01:40:35,754] {processor.py:623} INFO - DAG(s) dict_keys(['example_dag_decorator']) retrieved from /home/airflow/.local/lib/python3.6/site-packages/airflow/example_dags/example_dag_decorator.py
[2022-11-26 01:40:36,302] {logging_mixin.py:109} INFO - [2022-11-26 01:40:36,302] {dag.py:1833} INFO - Sync 1 DAGs
[2022-11-26 01:40:36,331] {logging_mixin.py:109} INFO - [2022-11-26 01:40:36,331] {dag.py:2306} INFO - Setting next_dagrun for example_dag_decorator to None
[2022-11-26 01:40:36,351] {processor.py:170} INFO - Processing /home/airflow/.local/lib/python3.6/site-packages/airflow/example_dags/example_dag_decorator.py took 0.649 seconds
[2022-11-26 01:41:06,776] {processor.py:162} INFO - Started process (PID=785) to work on /home/airflow/.local/lib/python3.6/site-packages/airflow/example_dags/example_dag_decorator.py
[2022-11-26 01:41:06,779] {processor.py:613} INFO - Processing file /home/airflow/.local/lib/python3.6/site-packages/airflow/example_dags/example_dag_decorator.py for tasks to queue
[2022-11-26 01:41:06,781] {logging_mixin.py:109} INFO - [2022-11-26 01:41:06,781] {dagbag.py:496} INFO - Filling up the DagBag from /home/airflow/.local/lib/python3.6/site-packages/airflow/example_dags/example_dag_decorator.py
[2022-11-26 01:41:06,829] {processor.py:623} INFO - DAG(s) dict_keys(['example_dag_decorator']) retrieved from /home/airflow/.local/lib/python3.6/site-packages/airflow/example_dags/example_dag_decorator.py
[2022-11-26 01:41:07,491] {logging_mixin.py:109} INFO - [2022-11-26 01:41:07,490] {dag.py:1833} INFO - Sync 1 DAGs
[2022-11-26 01:41:07,522] {logging_mixin.py:109} INFO - [2022-11-26 01:41:07,521] {dag.py:2306} INFO - Setting next_dagrun for example_dag_decorator to None
[2022-11-26 01:41:07,543] {processor.py:170} INFO - Processing /home/airflow/.local/lib/python3.6/site-packages/airflow/example_dags/example_dag_decorator.py took 0.773 seconds
[2022-11-26 01:41:37,684] {processor.py:162} INFO - Started process (PID=888) to work on /home/airflow/.local/lib/python3.6/site-packages/airflow/example_dags/example_dag_decorator.py
[2022-11-26 01:41:37,687] {processor.py:613} INFO - Processing file /home/airflow/.local/lib/python3.6/site-packages/airflow/example_dags/example_dag_decorator.py for tasks to queue
[2022-11-26 01:41:37,689] {logging_mixin.py:109} INFO - [2022-11-26 01:41:37,688] {dagbag.py:496} INFO - Filling up the DagBag from /home/airflow/.local/lib/python3.6/site-packages/airflow/example_dags/example_dag_decorator.py
[2022-11-26 01:41:37,733] {processor.py:623} INFO - DAG(s) dict_keys(['example_dag_decorator']) retrieved from /home/airflow/.local/lib/python3.6/site-packages/airflow/example_dags/example_dag_decorator.py
[2022-11-26 01:41:38,298] {logging_mixin.py:109} INFO - [2022-11-26 01:41:38,298] {dag.py:1833} INFO - Sync 1 DAGs
[2022-11-26 01:41:38,331] {logging_mixin.py:109} INFO - [2022-11-26 01:41:38,331] {dag.py:2306} INFO - Setting next_dagrun for example_dag_decorator to None
[2022-11-26 01:41:38,352] {processor.py:170} INFO - Processing /home/airflow/.local/lib/python3.6/site-packages/airflow/example_dags/example_dag_decorator.py took 0.673 seconds
[2022-11-26 01:42:09,187] {processor.py:162} INFO - Started process (PID=988) to work on /home/airflow/.local/lib/python3.6/site-packages/airflow/example_dags/example_dag_decorator.py
[2022-11-26 01:42:09,190] {processor.py:613} INFO - Processing file /home/airflow/.local/lib/python3.6/site-packages/airflow/example_dags/example_dag_decorator.py for tasks to queue
[2022-11-26 01:42:09,191] {logging_mixin.py:109} INFO - [2022-11-26 01:42:09,191] {dagbag.py:496} INFO - Filling up the DagBag from /home/airflow/.local/lib/python3.6/site-packages/airflow/example_dags/example_dag_decorator.py
[2022-11-26 01:42:09,235] {processor.py:623} INFO - DAG(s) dict_keys(['example_dag_decorator']) retrieved from /home/airflow/.local/lib/python3.6/site-packages/airflow/example_dags/example_dag_decorator.py
[2022-11-26 01:42:09,816] {logging_mixin.py:109} INFO - [2022-11-26 01:42:09,816] {dag.py:1833} INFO - Sync 1 DAGs
[2022-11-26 01:42:09,847] {logging_mixin.py:109} INFO - [2022-11-26 01:42:09,847] {dag.py:2306} INFO - Setting next_dagrun for example_dag_decorator to None
[2022-11-26 01:42:09,867] {processor.py:170} INFO - Processing /home/airflow/.local/lib/python3.6/site-packages/airflow/example_dags/example_dag_decorator.py took 0.686 seconds
[2022-11-26 01:42:40,473] {processor.py:162} INFO - Started process (PID=1073) to work on /home/airflow/.local/lib/python3.6/site-packages/airflow/example_dags/example_dag_decorator.py
[2022-11-26 01:42:40,476] {processor.py:613} INFO - Processing file /home/airflow/.local/lib/python3.6/site-packages/airflow/example_dags/example_dag_decorator.py for tasks to queue
[2022-11-26 01:42:40,478] {logging_mixin.py:109} INFO - [2022-11-26 01:42:40,477] {dagbag.py:496} INFO - Filling up the DagBag from /home/airflow/.local/lib/python3.6/site-packages/airflow/example_dags/example_dag_decorator.py
[2022-11-26 01:42:40,521] {processor.py:623} INFO - DAG(s) dict_keys(['example_dag_decorator']) retrieved from /home/airflow/.local/lib/python3.6/site-packages/airflow/example_dags/example_dag_decorator.py
[2022-11-26 01:42:41,101] {logging_mixin.py:109} INFO - [2022-11-26 01:42:41,101] {dag.py:1833} INFO - Sync 1 DAGs
[2022-11-26 01:42:41,133] {logging_mixin.py:109} INFO - [2022-11-26 01:42:41,132] {dag.py:2306} INFO - Setting next_dagrun for example_dag_decorator to None
[2022-11-26 01:42:41,154] {processor.py:170} INFO - Processing /home/airflow/.local/lib/python3.6/site-packages/airflow/example_dags/example_dag_decorator.py took 0.686 seconds
[2022-11-26 01:43:11,429] {processor.py:162} INFO - Started process (PID=1173) to work on /home/airflow/.local/lib/python3.6/site-packages/airflow/example_dags/example_dag_decorator.py
[2022-11-26 01:43:11,433] {processor.py:613} INFO - Processing file /home/airflow/.local/lib/python3.6/site-packages/airflow/example_dags/example_dag_decorator.py for tasks to queue
[2022-11-26 01:43:11,436] {logging_mixin.py:109} INFO - [2022-11-26 01:43:11,435] {dagbag.py:496} INFO - Filling up the DagBag from /home/airflow/.local/lib/python3.6/site-packages/airflow/example_dags/example_dag_decorator.py
[2022-11-26 01:43:11,489] {processor.py:623} INFO - DAG(s) dict_keys(['example_dag_decorator']) retrieved from /home/airflow/.local/lib/python3.6/site-packages/airflow/example_dags/example_dag_decorator.py
[2022-11-26 01:43:12,073] {logging_mixin.py:109} INFO - [2022-11-26 01:43:12,072] {dag.py:1833} INFO - Sync 1 DAGs
[2022-11-26 01:43:12,102] {logging_mixin.py:109} INFO - [2022-11-26 01:43:12,102] {dag.py:2306} INFO - Setting next_dagrun for example_dag_decorator to None
[2022-11-26 01:43:12,123] {processor.py:170} INFO - Processing /home/airflow/.local/lib/python3.6/site-packages/airflow/example_dags/example_dag_decorator.py took 0.704 seconds
[2022-11-26 01:43:42,883] {processor.py:162} INFO - Started process (PID=1277) to work on /home/airflow/.local/lib/python3.6/site-packages/airflow/example_dags/example_dag_decorator.py
[2022-11-26 01:43:42,886] {processor.py:613} INFO - Processing file /home/airflow/.local/lib/python3.6/site-packages/airflow/example_dags/example_dag_decorator.py for tasks to queue
[2022-11-26 01:43:42,887] {logging_mixin.py:109} INFO - [2022-11-26 01:43:42,887] {dagbag.py:496} INFO - Filling up the DagBag from /home/airflow/.local/lib/python3.6/site-packages/airflow/example_dags/example_dag_decorator.py
[2022-11-26 01:43:42,934] {processor.py:623} INFO - DAG(s) dict_keys(['example_dag_decorator']) retrieved from /home/airflow/.local/lib/python3.6/site-packages/airflow/example_dags/example_dag_decorator.py
[2022-11-26 01:43:43,573] {logging_mixin.py:109} INFO - [2022-11-26 01:43:43,572] {dag.py:1833} INFO - Sync 1 DAGs
[2022-11-26 01:43:43,603] {logging_mixin.py:109} INFO - [2022-11-26 01:43:43,603] {dag.py:2306} INFO - Setting next_dagrun for example_dag_decorator to None
[2022-11-26 01:43:43,624] {processor.py:170} INFO - Processing /home/airflow/.local/lib/python3.6/site-packages/airflow/example_dags/example_dag_decorator.py took 0.747 seconds
[2022-11-26 01:44:14,600] {processor.py:162} INFO - Started process (PID=1377) to work on /home/airflow/.local/lib/python3.6/site-packages/airflow/example_dags/example_dag_decorator.py
[2022-11-26 01:44:14,603] {processor.py:613} INFO - Processing file /home/airflow/.local/lib/python3.6/site-packages/airflow/example_dags/example_dag_decorator.py for tasks to queue
[2022-11-26 01:44:14,605] {logging_mixin.py:109} INFO - [2022-11-26 01:44:14,605] {dagbag.py:496} INFO - Filling up the DagBag from /home/airflow/.local/lib/python3.6/site-packages/airflow/example_dags/example_dag_decorator.py
[2022-11-26 01:44:14,650] {processor.py:623} INFO - DAG(s) dict_keys(['example_dag_decorator']) retrieved from /home/airflow/.local/lib/python3.6/site-packages/airflow/example_dags/example_dag_decorator.py
[2022-11-26 01:44:15,236] {logging_mixin.py:109} INFO - [2022-11-26 01:44:15,235] {dag.py:1833} INFO - Sync 1 DAGs
[2022-11-26 01:44:15,267] {logging_mixin.py:109} INFO - [2022-11-26 01:44:15,267] {dag.py:2306} INFO - Setting next_dagrun for example_dag_decorator to None
[2022-11-26 01:44:15,288] {processor.py:170} INFO - Processing /home/airflow/.local/lib/python3.6/site-packages/airflow/example_dags/example_dag_decorator.py took 0.693 seconds
[2022-11-26 01:44:45,611] {processor.py:162} INFO - Started process (PID=1479) to work on /home/airflow/.local/lib/python3.6/site-packages/airflow/example_dags/example_dag_decorator.py
[2022-11-26 01:44:45,615] {processor.py:613} INFO - Processing file /home/airflow/.local/lib/python3.6/site-packages/airflow/example_dags/example_dag_decorator.py for tasks to queue
[2022-11-26 01:44:45,617] {logging_mixin.py:109} INFO - [2022-11-26 01:44:45,617] {dagbag.py:496} INFO - Filling up the DagBag from /home/airflow/.local/lib/python3.6/site-packages/airflow/example_dags/example_dag_decorator.py
[2022-11-26 01:44:45,666] {processor.py:623} INFO - DAG(s) dict_keys(['example_dag_decorator']) retrieved from /home/airflow/.local/lib/python3.6/site-packages/airflow/example_dags/example_dag_decorator.py
[2022-11-26 01:44:46,261] {logging_mixin.py:109} INFO - [2022-11-26 01:44:46,261] {dag.py:1833} INFO - Sync 1 DAGs
[2022-11-26 01:44:46,292] {logging_mixin.py:109} INFO - [2022-11-26 01:44:46,292] {dag.py:2306} INFO - Setting next_dagrun for example_dag_decorator to None
[2022-11-26 01:44:46,312] {processor.py:170} INFO - Processing /home/airflow/.local/lib/python3.6/site-packages/airflow/example_dags/example_dag_decorator.py took 0.709 seconds
[2022-11-26 01:45:16,815] {processor.py:162} INFO - Started process (PID=1581) to work on /home/airflow/.local/lib/python3.6/site-packages/airflow/example_dags/example_dag_decorator.py
[2022-11-26 01:45:16,817] {processor.py:613} INFO - Processing file /home/airflow/.local/lib/python3.6/site-packages/airflow/example_dags/example_dag_decorator.py for tasks to queue
[2022-11-26 01:45:16,819] {logging_mixin.py:109} INFO - [2022-11-26 01:45:16,819] {dagbag.py:496} INFO - Filling up the DagBag from /home/airflow/.local/lib/python3.6/site-packages/airflow/example_dags/example_dag_decorator.py
[2022-11-26 01:45:16,865] {processor.py:623} INFO - DAG(s) dict_keys(['example_dag_decorator']) retrieved from /home/airflow/.local/lib/python3.6/site-packages/airflow/example_dags/example_dag_decorator.py
[2022-11-26 01:45:17,468] {logging_mixin.py:109} INFO - [2022-11-26 01:45:17,467] {dag.py:1833} INFO - Sync 1 DAGs
[2022-11-26 01:45:17,499] {logging_mixin.py:109} INFO - [2022-11-26 01:45:17,498] {dag.py:2306} INFO - Setting next_dagrun for example_dag_decorator to None
[2022-11-26 01:45:17,520] {processor.py:170} INFO - Processing /home/airflow/.local/lib/python3.6/site-packages/airflow/example_dags/example_dag_decorator.py took 0.710 seconds
[2022-11-26 01:45:47,574] {processor.py:162} INFO - Started process (PID=1682) to work on /home/airflow/.local/lib/python3.6/site-packages/airflow/example_dags/example_dag_decorator.py
[2022-11-26 01:45:47,577] {processor.py:613} INFO - Processing file /home/airflow/.local/lib/python3.6/site-packages/airflow/example_dags/example_dag_decorator.py for tasks to queue
[2022-11-26 01:45:47,579] {logging_mixin.py:109} INFO - [2022-11-26 01:45:47,579] {dagbag.py:496} INFO - Filling up the DagBag from /home/airflow/.local/lib/python3.6/site-packages/airflow/example_dags/example_dag_decorator.py
[2022-11-26 01:45:47,625] {processor.py:623} INFO - DAG(s) dict_keys(['example_dag_decorator']) retrieved from /home/airflow/.local/lib/python3.6/site-packages/airflow/example_dags/example_dag_decorator.py
[2022-11-26 01:45:47,679] {logging_mixin.py:109} INFO - [2022-11-26 01:45:47,679] {dag.py:1833} INFO - Sync 1 DAGs
[2022-11-26 01:45:47,712] {logging_mixin.py:109} INFO - [2022-11-26 01:45:47,712] {dag.py:2306} INFO - Setting next_dagrun for example_dag_decorator to None
[2022-11-26 01:45:47,742] {processor.py:170} INFO - Processing /home/airflow/.local/lib/python3.6/site-packages/airflow/example_dags/example_dag_decorator.py took 0.174 seconds
[2022-11-26 01:46:18,316] {processor.py:162} INFO - Started process (PID=1777) to work on /home/airflow/.local/lib/python3.6/site-packages/airflow/example_dags/example_dag_decorator.py
[2022-11-26 01:46:18,319] {processor.py:613} INFO - Processing file /home/airflow/.local/lib/python3.6/site-packages/airflow/example_dags/example_dag_decorator.py for tasks to queue
[2022-11-26 01:46:18,321] {logging_mixin.py:109} INFO - [2022-11-26 01:46:18,321] {dagbag.py:496} INFO - Filling up the DagBag from /home/airflow/.local/lib/python3.6/site-packages/airflow/example_dags/example_dag_decorator.py
[2022-11-26 01:46:18,369] {processor.py:623} INFO - DAG(s) dict_keys(['example_dag_decorator']) retrieved from /home/airflow/.local/lib/python3.6/site-packages/airflow/example_dags/example_dag_decorator.py
[2022-11-26 01:46:18,962] {logging_mixin.py:109} INFO - [2022-11-26 01:46:18,962] {dag.py:1833} INFO - Sync 1 DAGs
[2022-11-26 01:46:18,993] {logging_mixin.py:109} INFO - [2022-11-26 01:46:18,993] {dag.py:2306} INFO - Setting next_dagrun for example_dag_decorator to None
[2022-11-26 01:46:19,014] {processor.py:170} INFO - Processing /home/airflow/.local/lib/python3.6/site-packages/airflow/example_dags/example_dag_decorator.py took 0.703 seconds
[2022-11-26 01:46:49,606] {processor.py:162} INFO - Started process (PID=1869) to work on /home/airflow/.local/lib/python3.6/site-packages/airflow/example_dags/example_dag_decorator.py
[2022-11-26 01:46:49,610] {processor.py:613} INFO - Processing file /home/airflow/.local/lib/python3.6/site-packages/airflow/example_dags/example_dag_decorator.py for tasks to queue
[2022-11-26 01:46:49,612] {logging_mixin.py:109} INFO - [2022-11-26 01:46:49,612] {dagbag.py:496} INFO - Filling up the DagBag from /home/airflow/.local/lib/python3.6/site-packages/airflow/example_dags/example_dag_decorator.py
[2022-11-26 01:46:49,661] {processor.py:623} INFO - DAG(s) dict_keys(['example_dag_decorator']) retrieved from /home/airflow/.local/lib/python3.6/site-packages/airflow/example_dags/example_dag_decorator.py
[2022-11-26 01:46:50,229] {logging_mixin.py:109} INFO - [2022-11-26 01:46:50,228] {dag.py:1833} INFO - Sync 1 DAGs
[2022-11-26 01:46:50,260] {logging_mixin.py:109} INFO - [2022-11-26 01:46:50,259] {dag.py:2306} INFO - Setting next_dagrun for example_dag_decorator to None
[2022-11-26 01:46:50,280] {processor.py:170} INFO - Processing /home/airflow/.local/lib/python3.6/site-packages/airflow/example_dags/example_dag_decorator.py took 0.683 seconds
[2022-11-26 01:47:21,370] {processor.py:162} INFO - Started process (PID=1973) to work on /home/airflow/.local/lib/python3.6/site-packages/airflow/example_dags/example_dag_decorator.py
[2022-11-26 01:47:21,372] {processor.py:613} INFO - Processing file /home/airflow/.local/lib/python3.6/site-packages/airflow/example_dags/example_dag_decorator.py for tasks to queue
[2022-11-26 01:47:21,373] {logging_mixin.py:109} INFO - [2022-11-26 01:47:21,373] {dagbag.py:496} INFO - Filling up the DagBag from /home/airflow/.local/lib/python3.6/site-packages/airflow/example_dags/example_dag_decorator.py
[2022-11-26 01:47:21,420] {processor.py:623} INFO - DAG(s) dict_keys(['example_dag_decorator']) retrieved from /home/airflow/.local/lib/python3.6/site-packages/airflow/example_dags/example_dag_decorator.py
[2022-11-26 01:47:22,029] {logging_mixin.py:109} INFO - [2022-11-26 01:47:22,028] {dag.py:1833} INFO - Sync 1 DAGs
[2022-11-26 01:47:22,059] {logging_mixin.py:109} INFO - [2022-11-26 01:47:22,059] {dag.py:2306} INFO - Setting next_dagrun for example_dag_decorator to None
[2022-11-26 01:47:22,080] {processor.py:170} INFO - Processing /home/airflow/.local/lib/python3.6/site-packages/airflow/example_dags/example_dag_decorator.py took 0.716 seconds
[2022-11-26 01:47:52,313] {processor.py:162} INFO - Started process (PID=2074) to work on /home/airflow/.local/lib/python3.6/site-packages/airflow/example_dags/example_dag_decorator.py
[2022-11-26 01:47:52,315] {processor.py:613} INFO - Processing file /home/airflow/.local/lib/python3.6/site-packages/airflow/example_dags/example_dag_decorator.py for tasks to queue
[2022-11-26 01:47:52,316] {logging_mixin.py:109} INFO - [2022-11-26 01:47:52,316] {dagbag.py:496} INFO - Filling up the DagBag from /home/airflow/.local/lib/python3.6/site-packages/airflow/example_dags/example_dag_decorator.py
[2022-11-26 01:47:52,359] {processor.py:623} INFO - DAG(s) dict_keys(['example_dag_decorator']) retrieved from /home/airflow/.local/lib/python3.6/site-packages/airflow/example_dags/example_dag_decorator.py
[2022-11-26 01:47:52,936] {logging_mixin.py:109} INFO - [2022-11-26 01:47:52,935] {dag.py:1833} INFO - Sync 1 DAGs
[2022-11-26 01:47:52,966] {logging_mixin.py:109} INFO - [2022-11-26 01:47:52,966] {dag.py:2306} INFO - Setting next_dagrun for example_dag_decorator to None
[2022-11-26 01:47:52,987] {processor.py:170} INFO - Processing /home/airflow/.local/lib/python3.6/site-packages/airflow/example_dags/example_dag_decorator.py took 0.680 seconds
[2022-11-26 01:48:23,609] {processor.py:162} INFO - Started process (PID=2180) to work on /home/airflow/.local/lib/python3.6/site-packages/airflow/example_dags/example_dag_decorator.py
[2022-11-26 01:48:23,612] {processor.py:613} INFO - Processing file /home/airflow/.local/lib/python3.6/site-packages/airflow/example_dags/example_dag_decorator.py for tasks to queue
[2022-11-26 01:48:23,614] {logging_mixin.py:109} INFO - [2022-11-26 01:48:23,614] {dagbag.py:496} INFO - Filling up the DagBag from /home/airflow/.local/lib/python3.6/site-packages/airflow/example_dags/example_dag_decorator.py
[2022-11-26 01:48:23,660] {processor.py:623} INFO - DAG(s) dict_keys(['example_dag_decorator']) retrieved from /home/airflow/.local/lib/python3.6/site-packages/airflow/example_dags/example_dag_decorator.py
[2022-11-26 01:48:24,322] {logging_mixin.py:109} INFO - [2022-11-26 01:48:24,322] {dag.py:1833} INFO - Sync 1 DAGs
[2022-11-26 01:48:24,354] {logging_mixin.py:109} INFO - [2022-11-26 01:48:24,354] {dag.py:2306} INFO - Setting next_dagrun for example_dag_decorator to None
[2022-11-26 01:48:24,375] {processor.py:170} INFO - Processing /home/airflow/.local/lib/python3.6/site-packages/airflow/example_dags/example_dag_decorator.py took 0.771 seconds
[2022-11-26 01:48:54,421] {processor.py:162} INFO - Started process (PID=2282) to work on /home/airflow/.local/lib/python3.6/site-packages/airflow/example_dags/example_dag_decorator.py
[2022-11-26 01:48:54,424] {processor.py:613} INFO - Processing file /home/airflow/.local/lib/python3.6/site-packages/airflow/example_dags/example_dag_decorator.py for tasks to queue
[2022-11-26 01:48:54,425] {logging_mixin.py:109} INFO - [2022-11-26 01:48:54,425] {dagbag.py:496} INFO - Filling up the DagBag from /home/airflow/.local/lib/python3.6/site-packages/airflow/example_dags/example_dag_decorator.py
[2022-11-26 01:48:54,471] {processor.py:623} INFO - DAG(s) dict_keys(['example_dag_decorator']) retrieved from /home/airflow/.local/lib/python3.6/site-packages/airflow/example_dags/example_dag_decorator.py
[2022-11-26 01:48:55,081] {logging_mixin.py:109} INFO - [2022-11-26 01:48:55,081] {dag.py:1833} INFO - Sync 1 DAGs
[2022-11-26 01:48:55,113] {logging_mixin.py:109} INFO - [2022-11-26 01:48:55,112] {dag.py:2306} INFO - Setting next_dagrun for example_dag_decorator to None
[2022-11-26 01:48:55,133] {processor.py:170} INFO - Processing /home/airflow/.local/lib/python3.6/site-packages/airflow/example_dags/example_dag_decorator.py took 0.718 seconds
[2022-11-26 01:49:25,544] {processor.py:162} INFO - Started process (PID=2377) to work on /home/airflow/.local/lib/python3.6/site-packages/airflow/example_dags/example_dag_decorator.py
[2022-11-26 01:49:25,547] {processor.py:613} INFO - Processing file /home/airflow/.local/lib/python3.6/site-packages/airflow/example_dags/example_dag_decorator.py for tasks to queue
[2022-11-26 01:49:25,548] {logging_mixin.py:109} INFO - [2022-11-26 01:49:25,548] {dagbag.py:496} INFO - Filling up the DagBag from /home/airflow/.local/lib/python3.6/site-packages/airflow/example_dags/example_dag_decorator.py
[2022-11-26 01:49:25,594] {processor.py:623} INFO - DAG(s) dict_keys(['example_dag_decorator']) retrieved from /home/airflow/.local/lib/python3.6/site-packages/airflow/example_dags/example_dag_decorator.py
[2022-11-26 01:49:26,174] {logging_mixin.py:109} INFO - [2022-11-26 01:49:26,174] {dag.py:1833} INFO - Sync 1 DAGs
[2022-11-26 01:49:26,205] {logging_mixin.py:109} INFO - [2022-11-26 01:49:26,205] {dag.py:2306} INFO - Setting next_dagrun for example_dag_decorator to None
[2022-11-26 01:49:26,225] {processor.py:170} INFO - Processing /home/airflow/.local/lib/python3.6/site-packages/airflow/example_dags/example_dag_decorator.py took 0.686 seconds
[2022-11-26 01:49:56,978] {processor.py:162} INFO - Started process (PID=2475) to work on /home/airflow/.local/lib/python3.6/site-packages/airflow/example_dags/example_dag_decorator.py
[2022-11-26 01:49:56,981] {processor.py:613} INFO - Processing file /home/airflow/.local/lib/python3.6/site-packages/airflow/example_dags/example_dag_decorator.py for tasks to queue
[2022-11-26 01:49:56,983] {logging_mixin.py:109} INFO - [2022-11-26 01:49:56,983] {dagbag.py:496} INFO - Filling up the DagBag from /home/airflow/.local/lib/python3.6/site-packages/airflow/example_dags/example_dag_decorator.py
[2022-11-26 01:49:57,042] {processor.py:623} INFO - DAG(s) dict_keys(['example_dag_decorator']) retrieved from /home/airflow/.local/lib/python3.6/site-packages/airflow/example_dags/example_dag_decorator.py
[2022-11-26 01:49:57,681] {logging_mixin.py:109} INFO - [2022-11-26 01:49:57,680] {dag.py:1833} INFO - Sync 1 DAGs
[2022-11-26 01:49:57,714] {logging_mixin.py:109} INFO - [2022-11-26 01:49:57,714] {dag.py:2306} INFO - Setting next_dagrun for example_dag_decorator to None
[2022-11-26 01:49:57,734] {processor.py:170} INFO - Processing /home/airflow/.local/lib/python3.6/site-packages/airflow/example_dags/example_dag_decorator.py took 0.763 seconds
[2022-11-26 01:50:27,891] {processor.py:162} INFO - Started process (PID=2565) to work on /home/airflow/.local/lib/python3.6/site-packages/airflow/example_dags/example_dag_decorator.py
[2022-11-26 01:50:27,894] {processor.py:613} INFO - Processing file /home/airflow/.local/lib/python3.6/site-packages/airflow/example_dags/example_dag_decorator.py for tasks to queue
[2022-11-26 01:50:27,896] {logging_mixin.py:109} INFO - [2022-11-26 01:50:27,896] {dagbag.py:496} INFO - Filling up the DagBag from /home/airflow/.local/lib/python3.6/site-packages/airflow/example_dags/example_dag_decorator.py
[2022-11-26 01:50:27,941] {processor.py:623} INFO - DAG(s) dict_keys(['example_dag_decorator']) retrieved from /home/airflow/.local/lib/python3.6/site-packages/airflow/example_dags/example_dag_decorator.py
[2022-11-26 01:50:28,564] {logging_mixin.py:109} INFO - [2022-11-26 01:50:28,563] {dag.py:1833} INFO - Sync 1 DAGs
[2022-11-26 01:50:28,596] {logging_mixin.py:109} INFO - [2022-11-26 01:50:28,596] {dag.py:2306} INFO - Setting next_dagrun for example_dag_decorator to None
[2022-11-26 01:50:28,617] {processor.py:170} INFO - Processing /home/airflow/.local/lib/python3.6/site-packages/airflow/example_dags/example_dag_decorator.py took 0.730 seconds
[2022-11-26 01:50:59,345] {processor.py:162} INFO - Started process (PID=2669) to work on /home/airflow/.local/lib/python3.6/site-packages/airflow/example_dags/example_dag_decorator.py
[2022-11-26 01:50:59,348] {processor.py:613} INFO - Processing file /home/airflow/.local/lib/python3.6/site-packages/airflow/example_dags/example_dag_decorator.py for tasks to queue
[2022-11-26 01:50:59,349] {logging_mixin.py:109} INFO - [2022-11-26 01:50:59,349] {dagbag.py:496} INFO - Filling up the DagBag from /home/airflow/.local/lib/python3.6/site-packages/airflow/example_dags/example_dag_decorator.py
[2022-11-26 01:50:59,395] {processor.py:623} INFO - DAG(s) dict_keys(['example_dag_decorator']) retrieved from /home/airflow/.local/lib/python3.6/site-packages/airflow/example_dags/example_dag_decorator.py
[2022-11-26 01:50:59,435] {logging_mixin.py:109} INFO - [2022-11-26 01:50:59,435] {dag.py:1833} INFO - Sync 1 DAGs
[2022-11-26 01:50:59,468] {logging_mixin.py:109} INFO - [2022-11-26 01:50:59,467] {dag.py:2306} INFO - Setting next_dagrun for example_dag_decorator to None
[2022-11-26 01:50:59,484] {processor.py:170} INFO - Processing /home/airflow/.local/lib/python3.6/site-packages/airflow/example_dags/example_dag_decorator.py took 0.144 seconds
[2022-11-26 01:51:29,835] {processor.py:162} INFO - Started process (PID=2767) to work on /home/airflow/.local/lib/python3.6/site-packages/airflow/example_dags/example_dag_decorator.py
[2022-11-26 01:51:29,839] {processor.py:613} INFO - Processing file /home/airflow/.local/lib/python3.6/site-packages/airflow/example_dags/example_dag_decorator.py for tasks to queue
[2022-11-26 01:51:29,841] {logging_mixin.py:109} INFO - [2022-11-26 01:51:29,841] {dagbag.py:496} INFO - Filling up the DagBag from /home/airflow/.local/lib/python3.6/site-packages/airflow/example_dags/example_dag_decorator.py
[2022-11-26 01:51:29,888] {processor.py:623} INFO - DAG(s) dict_keys(['example_dag_decorator']) retrieved from /home/airflow/.local/lib/python3.6/site-packages/airflow/example_dags/example_dag_decorator.py
[2022-11-26 01:51:30,519] {logging_mixin.py:109} INFO - [2022-11-26 01:51:30,519] {dag.py:1833} INFO - Sync 1 DAGs
[2022-11-26 01:51:30,566] {logging_mixin.py:109} INFO - [2022-11-26 01:51:30,565] {dag.py:2306} INFO - Setting next_dagrun for example_dag_decorator to None
[2022-11-26 01:51:30,597] {processor.py:170} INFO - Processing /home/airflow/.local/lib/python3.6/site-packages/airflow/example_dags/example_dag_decorator.py took 0.766 seconds
[2022-11-26 01:52:00,927] {processor.py:162} INFO - Started process (PID=2866) to work on /home/airflow/.local/lib/python3.6/site-packages/airflow/example_dags/example_dag_decorator.py
[2022-11-26 01:52:00,932] {processor.py:613} INFO - Processing file /home/airflow/.local/lib/python3.6/site-packages/airflow/example_dags/example_dag_decorator.py for tasks to queue
[2022-11-26 01:52:00,934] {logging_mixin.py:109} INFO - [2022-11-26 01:52:00,934] {dagbag.py:496} INFO - Filling up the DagBag from /home/airflow/.local/lib/python3.6/site-packages/airflow/example_dags/example_dag_decorator.py
[2022-11-26 01:52:01,014] {processor.py:623} INFO - DAG(s) dict_keys(['example_dag_decorator']) retrieved from /home/airflow/.local/lib/python3.6/site-packages/airflow/example_dags/example_dag_decorator.py
[2022-11-26 01:52:02,107] {logging_mixin.py:109} INFO - [2022-11-26 01:52:02,107] {dag.py:1833} INFO - Sync 1 DAGs
[2022-11-26 01:52:02,163] {logging_mixin.py:109} INFO - [2022-11-26 01:52:02,162] {dag.py:2306} INFO - Setting next_dagrun for example_dag_decorator to None
[2022-11-26 01:52:02,202] {processor.py:170} INFO - Processing /home/airflow/.local/lib/python3.6/site-packages/airflow/example_dags/example_dag_decorator.py took 1.284 seconds
[2022-11-26 01:52:32,309] {processor.py:162} INFO - Started process (PID=2962) to work on /home/airflow/.local/lib/python3.6/site-packages/airflow/example_dags/example_dag_decorator.py
[2022-11-26 01:52:32,312] {processor.py:613} INFO - Processing file /home/airflow/.local/lib/python3.6/site-packages/airflow/example_dags/example_dag_decorator.py for tasks to queue
[2022-11-26 01:52:32,313] {logging_mixin.py:109} INFO - [2022-11-26 01:52:32,313] {dagbag.py:496} INFO - Filling up the DagBag from /home/airflow/.local/lib/python3.6/site-packages/airflow/example_dags/example_dag_decorator.py
[2022-11-26 01:52:32,357] {processor.py:623} INFO - DAG(s) dict_keys(['example_dag_decorator']) retrieved from /home/airflow/.local/lib/python3.6/site-packages/airflow/example_dags/example_dag_decorator.py
[2022-11-26 01:52:32,928] {logging_mixin.py:109} INFO - [2022-11-26 01:52:32,928] {dag.py:1833} INFO - Sync 1 DAGs
[2022-11-26 01:52:32,959] {logging_mixin.py:109} INFO - [2022-11-26 01:52:32,959] {dag.py:2306} INFO - Setting next_dagrun for example_dag_decorator to None
[2022-11-26 01:52:32,980] {processor.py:170} INFO - Processing /home/airflow/.local/lib/python3.6/site-packages/airflow/example_dags/example_dag_decorator.py took 0.676 seconds
[2022-11-26 01:53:03,041] {processor.py:162} INFO - Started process (PID=3046) to work on /home/airflow/.local/lib/python3.6/site-packages/airflow/example_dags/example_dag_decorator.py
[2022-11-26 01:53:03,044] {processor.py:613} INFO - Processing file /home/airflow/.local/lib/python3.6/site-packages/airflow/example_dags/example_dag_decorator.py for tasks to queue
[2022-11-26 01:53:03,046] {logging_mixin.py:109} INFO - [2022-11-26 01:53:03,045] {dagbag.py:496} INFO - Filling up the DagBag from /home/airflow/.local/lib/python3.6/site-packages/airflow/example_dags/example_dag_decorator.py
[2022-11-26 01:53:03,089] {processor.py:623} INFO - DAG(s) dict_keys(['example_dag_decorator']) retrieved from /home/airflow/.local/lib/python3.6/site-packages/airflow/example_dags/example_dag_decorator.py
[2022-11-26 01:53:03,131] {logging_mixin.py:109} INFO - [2022-11-26 01:53:03,130] {dag.py:1833} INFO - Sync 1 DAGs
[2022-11-26 01:53:03,162] {logging_mixin.py:109} INFO - [2022-11-26 01:53:03,162] {dag.py:2306} INFO - Setting next_dagrun for example_dag_decorator to None
[2022-11-26 01:53:03,179] {processor.py:170} INFO - Processing /home/airflow/.local/lib/python3.6/site-packages/airflow/example_dags/example_dag_decorator.py took 0.143 seconds
[2022-11-26 01:53:34,012] {processor.py:162} INFO - Started process (PID=3146) to work on /home/airflow/.local/lib/python3.6/site-packages/airflow/example_dags/example_dag_decorator.py
[2022-11-26 01:53:34,017] {processor.py:613} INFO - Processing file /home/airflow/.local/lib/python3.6/site-packages/airflow/example_dags/example_dag_decorator.py for tasks to queue
[2022-11-26 01:53:34,019] {logging_mixin.py:109} INFO - [2022-11-26 01:53:34,018] {dagbag.py:496} INFO - Filling up the DagBag from /home/airflow/.local/lib/python3.6/site-packages/airflow/example_dags/example_dag_decorator.py
[2022-11-26 01:53:34,066] {processor.py:623} INFO - DAG(s) dict_keys(['example_dag_decorator']) retrieved from /home/airflow/.local/lib/python3.6/site-packages/airflow/example_dags/example_dag_decorator.py
[2022-11-26 01:53:34,615] {logging_mixin.py:109} INFO - [2022-11-26 01:53:34,614] {dag.py:1833} INFO - Sync 1 DAGs
[2022-11-26 01:53:34,644] {logging_mixin.py:109} INFO - [2022-11-26 01:53:34,644] {dag.py:2306} INFO - Setting next_dagrun for example_dag_decorator to None
[2022-11-26 01:53:34,666] {processor.py:170} INFO - Processing /home/airflow/.local/lib/python3.6/site-packages/airflow/example_dags/example_dag_decorator.py took 0.662 seconds
[2022-11-26 01:54:04,935] {processor.py:162} INFO - Started process (PID=3245) to work on /home/airflow/.local/lib/python3.6/site-packages/airflow/example_dags/example_dag_decorator.py
[2022-11-26 01:54:04,940] {processor.py:613} INFO - Processing file /home/airflow/.local/lib/python3.6/site-packages/airflow/example_dags/example_dag_decorator.py for tasks to queue
[2022-11-26 01:54:04,942] {logging_mixin.py:109} INFO - [2022-11-26 01:54:04,942] {dagbag.py:496} INFO - Filling up the DagBag from /home/airflow/.local/lib/python3.6/site-packages/airflow/example_dags/example_dag_decorator.py
[2022-11-26 01:54:04,990] {processor.py:623} INFO - DAG(s) dict_keys(['example_dag_decorator']) retrieved from /home/airflow/.local/lib/python3.6/site-packages/airflow/example_dags/example_dag_decorator.py
[2022-11-26 01:54:05,553] {logging_mixin.py:109} INFO - [2022-11-26 01:54:05,553] {dag.py:1833} INFO - Sync 1 DAGs
[2022-11-26 01:54:05,584] {logging_mixin.py:109} INFO - [2022-11-26 01:54:05,583] {dag.py:2306} INFO - Setting next_dagrun for example_dag_decorator to None
[2022-11-26 01:54:05,604] {processor.py:170} INFO - Processing /home/airflow/.local/lib/python3.6/site-packages/airflow/example_dags/example_dag_decorator.py took 0.679 seconds
[2022-11-26 01:54:35,679] {processor.py:162} INFO - Started process (PID=3345) to work on /home/airflow/.local/lib/python3.6/site-packages/airflow/example_dags/example_dag_decorator.py
[2022-11-26 01:54:35,682] {processor.py:613} INFO - Processing file /home/airflow/.local/lib/python3.6/site-packages/airflow/example_dags/example_dag_decorator.py for tasks to queue
[2022-11-26 01:54:35,684] {logging_mixin.py:109} INFO - [2022-11-26 01:54:35,684] {dagbag.py:496} INFO - Filling up the DagBag from /home/airflow/.local/lib/python3.6/site-packages/airflow/example_dags/example_dag_decorator.py
[2022-11-26 01:54:35,730] {processor.py:623} INFO - DAG(s) dict_keys(['example_dag_decorator']) retrieved from /home/airflow/.local/lib/python3.6/site-packages/airflow/example_dags/example_dag_decorator.py
[2022-11-26 01:54:35,773] {logging_mixin.py:109} INFO - [2022-11-26 01:54:35,772] {dag.py:1833} INFO - Sync 1 DAGs
[2022-11-26 01:54:35,806] {logging_mixin.py:109} INFO - [2022-11-26 01:54:35,806] {dag.py:2306} INFO - Setting next_dagrun for example_dag_decorator to None
[2022-11-26 01:54:35,825] {processor.py:170} INFO - Processing /home/airflow/.local/lib/python3.6/site-packages/airflow/example_dags/example_dag_decorator.py took 0.151 seconds
[2022-11-26 01:55:06,025] {processor.py:162} INFO - Started process (PID=3444) to work on /home/airflow/.local/lib/python3.6/site-packages/airflow/example_dags/example_dag_decorator.py
[2022-11-26 01:55:06,032] {processor.py:613} INFO - Processing file /home/airflow/.local/lib/python3.6/site-packages/airflow/example_dags/example_dag_decorator.py for tasks to queue
[2022-11-26 01:55:06,035] {logging_mixin.py:109} INFO - [2022-11-26 01:55:06,035] {dagbag.py:496} INFO - Filling up the DagBag from /home/airflow/.local/lib/python3.6/site-packages/airflow/example_dags/example_dag_decorator.py
[2022-11-26 01:55:06,105] {processor.py:623} INFO - DAG(s) dict_keys(['example_dag_decorator']) retrieved from /home/airflow/.local/lib/python3.6/site-packages/airflow/example_dags/example_dag_decorator.py
[2022-11-26 01:55:06,783] {logging_mixin.py:109} INFO - [2022-11-26 01:55:06,782] {dag.py:1833} INFO - Sync 1 DAGs
[2022-11-26 01:55:06,818] {logging_mixin.py:109} INFO - [2022-11-26 01:55:06,817] {dag.py:2306} INFO - Setting next_dagrun for example_dag_decorator to None
[2022-11-26 01:55:06,842] {processor.py:170} INFO - Processing /home/airflow/.local/lib/python3.6/site-packages/airflow/example_dags/example_dag_decorator.py took 0.825 seconds
[2022-11-26 01:55:37,289] {processor.py:162} INFO - Started process (PID=3541) to work on /home/airflow/.local/lib/python3.6/site-packages/airflow/example_dags/example_dag_decorator.py
[2022-11-26 01:55:37,292] {processor.py:613} INFO - Processing file /home/airflow/.local/lib/python3.6/site-packages/airflow/example_dags/example_dag_decorator.py for tasks to queue
[2022-11-26 01:55:37,296] {logging_mixin.py:109} INFO - [2022-11-26 01:55:37,295] {dagbag.py:496} INFO - Filling up the DagBag from /home/airflow/.local/lib/python3.6/site-packages/airflow/example_dags/example_dag_decorator.py
[2022-11-26 01:55:37,359] {processor.py:623} INFO - DAG(s) dict_keys(['example_dag_decorator']) retrieved from /home/airflow/.local/lib/python3.6/site-packages/airflow/example_dags/example_dag_decorator.py
[2022-11-26 01:55:37,430] {logging_mixin.py:109} INFO - [2022-11-26 01:55:37,429] {dag.py:1833} INFO - Sync 1 DAGs
[2022-11-26 01:55:37,496] {logging_mixin.py:109} INFO - [2022-11-26 01:55:37,495] {dag.py:2306} INFO - Setting next_dagrun for example_dag_decorator to None
[2022-11-26 01:55:37,523] {processor.py:170} INFO - Processing /home/airflow/.local/lib/python3.6/site-packages/airflow/example_dags/example_dag_decorator.py took 0.242 seconds
[2022-11-26 01:56:07,938] {processor.py:162} INFO - Started process (PID=3625) to work on /home/airflow/.local/lib/python3.6/site-packages/airflow/example_dags/example_dag_decorator.py
[2022-11-26 01:56:07,942] {processor.py:613} INFO - Processing file /home/airflow/.local/lib/python3.6/site-packages/airflow/example_dags/example_dag_decorator.py for tasks to queue
[2022-11-26 01:56:07,944] {logging_mixin.py:109} INFO - [2022-11-26 01:56:07,943] {dagbag.py:496} INFO - Filling up the DagBag from /home/airflow/.local/lib/python3.6/site-packages/airflow/example_dags/example_dag_decorator.py
[2022-11-26 01:56:08,001] {processor.py:623} INFO - DAG(s) dict_keys(['example_dag_decorator']) retrieved from /home/airflow/.local/lib/python3.6/site-packages/airflow/example_dags/example_dag_decorator.py
[2022-11-26 01:56:08,565] {logging_mixin.py:109} INFO - [2022-11-26 01:56:08,565] {dag.py:1833} INFO - Sync 1 DAGs
[2022-11-26 01:56:08,596] {logging_mixin.py:109} INFO - [2022-11-26 01:56:08,596] {dag.py:2306} INFO - Setting next_dagrun for example_dag_decorator to None
[2022-11-26 01:56:08,616] {processor.py:170} INFO - Processing /home/airflow/.local/lib/python3.6/site-packages/airflow/example_dags/example_dag_decorator.py took 0.685 seconds
[2022-11-26 01:56:39,026] {processor.py:162} INFO - Started process (PID=3725) to work on /home/airflow/.local/lib/python3.6/site-packages/airflow/example_dags/example_dag_decorator.py
[2022-11-26 01:56:39,031] {processor.py:613} INFO - Processing file /home/airflow/.local/lib/python3.6/site-packages/airflow/example_dags/example_dag_decorator.py for tasks to queue
[2022-11-26 01:56:39,037] {logging_mixin.py:109} INFO - [2022-11-26 01:56:39,036] {dagbag.py:496} INFO - Filling up the DagBag from /home/airflow/.local/lib/python3.6/site-packages/airflow/example_dags/example_dag_decorator.py
[2022-11-26 01:56:39,207] {processor.py:623} INFO - DAG(s) dict_keys(['example_dag_decorator']) retrieved from /home/airflow/.local/lib/python3.6/site-packages/airflow/example_dags/example_dag_decorator.py
[2022-11-26 01:56:42,918] {logging_mixin.py:109} INFO - [2022-11-26 01:56:42,917] {dag.py:1833} INFO - Sync 1 DAGs
[2022-11-26 01:56:43,112] {logging_mixin.py:109} INFO - [2022-11-26 01:56:43,111] {dag.py:2306} INFO - Setting next_dagrun for example_dag_decorator to None
[2022-11-26 01:56:43,236] {processor.py:170} INFO - Processing /home/airflow/.local/lib/python3.6/site-packages/airflow/example_dags/example_dag_decorator.py took 4.218 seconds
[2022-11-26 01:57:38,714] {processor.py:162} INFO - Started process (PID=3850) to work on /home/airflow/.local/lib/python3.6/site-packages/airflow/example_dags/example_dag_decorator.py
[2022-11-26 01:57:38,770] {processor.py:613} INFO - Processing file /home/airflow/.local/lib/python3.6/site-packages/airflow/example_dags/example_dag_decorator.py for tasks to queue
[2022-11-26 01:57:38,789] {logging_mixin.py:109} INFO - [2022-11-26 01:57:38,788] {dagbag.py:496} INFO - Filling up the DagBag from /home/airflow/.local/lib/python3.6/site-packages/airflow/example_dags/example_dag_decorator.py
[2022-11-26 01:57:40,638] {processor.py:623} INFO - DAG(s) dict_keys(['example_dag_decorator']) retrieved from /home/airflow/.local/lib/python3.6/site-packages/airflow/example_dags/example_dag_decorator.py
[2022-11-26 01:57:51,452] {logging_mixin.py:109} INFO - [2022-11-26 01:57:51,435] {dag.py:1833} INFO - Sync 1 DAGs
[2022-11-26 01:57:52,025] {logging_mixin.py:109} INFO - [2022-11-26 01:57:52,006] {dag.py:2306} INFO - Setting next_dagrun for example_dag_decorator to None
[2022-11-26 01:57:52,427] {processor.py:170} INFO - Processing /home/airflow/.local/lib/python3.6/site-packages/airflow/example_dags/example_dag_decorator.py took 13.792 seconds
[2022-11-26 01:58:35,649] {processor.py:162} INFO - Started process (PID=3979) to work on /home/airflow/.local/lib/python3.6/site-packages/airflow/example_dags/example_dag_decorator.py
[2022-11-26 01:58:35,690] {processor.py:613} INFO - Processing file /home/airflow/.local/lib/python3.6/site-packages/airflow/example_dags/example_dag_decorator.py for tasks to queue
[2022-11-26 01:58:35,702] {logging_mixin.py:109} INFO - [2022-11-26 01:58:35,701] {dagbag.py:496} INFO - Filling up the DagBag from /home/airflow/.local/lib/python3.6/site-packages/airflow/example_dags/example_dag_decorator.py
[2022-11-26 01:58:36,111] {processor.py:623} INFO - DAG(s) dict_keys(['example_dag_decorator']) retrieved from /home/airflow/.local/lib/python3.6/site-packages/airflow/example_dags/example_dag_decorator.py
[2022-11-26 01:58:41,409] {logging_mixin.py:109} INFO - [2022-11-26 01:58:41,409] {dag.py:1833} INFO - Sync 1 DAGs
[2022-11-26 01:58:41,699] {logging_mixin.py:109} INFO - [2022-11-26 01:58:41,699] {dag.py:2306} INFO - Setting next_dagrun for example_dag_decorator to None
[2022-11-26 01:58:41,897] {processor.py:170} INFO - Processing /home/airflow/.local/lib/python3.6/site-packages/airflow/example_dags/example_dag_decorator.py took 6.297 seconds
[2022-11-26 01:59:12,085] {processor.py:162} INFO - Started process (PID=4089) to work on /home/airflow/.local/lib/python3.6/site-packages/airflow/example_dags/example_dag_decorator.py
[2022-11-26 01:59:12,092] {processor.py:613} INFO - Processing file /home/airflow/.local/lib/python3.6/site-packages/airflow/example_dags/example_dag_decorator.py for tasks to queue
[2022-11-26 01:59:12,097] {logging_mixin.py:109} INFO - [2022-11-26 01:59:12,097] {dagbag.py:496} INFO - Filling up the DagBag from /home/airflow/.local/lib/python3.6/site-packages/airflow/example_dags/example_dag_decorator.py
[2022-11-26 01:59:12,242] {processor.py:623} INFO - DAG(s) dict_keys(['example_dag_decorator']) retrieved from /home/airflow/.local/lib/python3.6/site-packages/airflow/example_dags/example_dag_decorator.py
[2022-11-26 01:59:14,096] {logging_mixin.py:109} INFO - [2022-11-26 01:59:14,095] {dag.py:1833} INFO - Sync 1 DAGs
[2022-11-26 01:59:14,183] {logging_mixin.py:109} INFO - [2022-11-26 01:59:14,183] {dag.py:2306} INFO - Setting next_dagrun for example_dag_decorator to None
[2022-11-26 01:59:14,247] {processor.py:170} INFO - Processing /home/airflow/.local/lib/python3.6/site-packages/airflow/example_dags/example_dag_decorator.py took 2.175 seconds
[2022-11-26 01:59:44,576] {processor.py:162} INFO - Started process (PID=4175) to work on /home/airflow/.local/lib/python3.6/site-packages/airflow/example_dags/example_dag_decorator.py
[2022-11-26 01:59:44,579] {processor.py:613} INFO - Processing file /home/airflow/.local/lib/python3.6/site-packages/airflow/example_dags/example_dag_decorator.py for tasks to queue
[2022-11-26 01:59:44,581] {logging_mixin.py:109} INFO - [2022-11-26 01:59:44,581] {dagbag.py:496} INFO - Filling up the DagBag from /home/airflow/.local/lib/python3.6/site-packages/airflow/example_dags/example_dag_decorator.py
[2022-11-26 01:59:44,630] {processor.py:623} INFO - DAG(s) dict_keys(['example_dag_decorator']) retrieved from /home/airflow/.local/lib/python3.6/site-packages/airflow/example_dags/example_dag_decorator.py
[2022-11-26 01:59:45,203] {logging_mixin.py:109} INFO - [2022-11-26 01:59:45,202] {dag.py:1833} INFO - Sync 1 DAGs
[2022-11-26 01:59:45,233] {logging_mixin.py:109} INFO - [2022-11-26 01:59:45,233] {dag.py:2306} INFO - Setting next_dagrun for example_dag_decorator to None
[2022-11-26 01:59:45,254] {processor.py:170} INFO - Processing /home/airflow/.local/lib/python3.6/site-packages/airflow/example_dags/example_dag_decorator.py took 0.685 seconds
[2022-11-26 02:00:15,813] {processor.py:162} INFO - Started process (PID=4278) to work on /home/airflow/.local/lib/python3.6/site-packages/airflow/example_dags/example_dag_decorator.py
[2022-11-26 02:00:15,816] {processor.py:613} INFO - Processing file /home/airflow/.local/lib/python3.6/site-packages/airflow/example_dags/example_dag_decorator.py for tasks to queue
[2022-11-26 02:00:15,818] {logging_mixin.py:109} INFO - [2022-11-26 02:00:15,817] {dagbag.py:496} INFO - Filling up the DagBag from /home/airflow/.local/lib/python3.6/site-packages/airflow/example_dags/example_dag_decorator.py
[2022-11-26 02:00:15,873] {processor.py:623} INFO - DAG(s) dict_keys(['example_dag_decorator']) retrieved from /home/airflow/.local/lib/python3.6/site-packages/airflow/example_dags/example_dag_decorator.py
[2022-11-26 02:00:16,672] {logging_mixin.py:109} INFO - [2022-11-26 02:00:16,671] {dag.py:1833} INFO - Sync 1 DAGs
[2022-11-26 02:00:16,710] {logging_mixin.py:109} INFO - [2022-11-26 02:00:16,710] {dag.py:2306} INFO - Setting next_dagrun for example_dag_decorator to None
[2022-11-26 02:00:16,736] {processor.py:170} INFO - Processing /home/airflow/.local/lib/python3.6/site-packages/airflow/example_dags/example_dag_decorator.py took 0.929 seconds
[2022-11-26 02:00:47,824] {processor.py:162} INFO - Started process (PID=4384) to work on /home/airflow/.local/lib/python3.6/site-packages/airflow/example_dags/example_dag_decorator.py
[2022-11-26 02:00:47,827] {processor.py:613} INFO - Processing file /home/airflow/.local/lib/python3.6/site-packages/airflow/example_dags/example_dag_decorator.py for tasks to queue
[2022-11-26 02:00:47,829] {logging_mixin.py:109} INFO - [2022-11-26 02:00:47,828] {dagbag.py:496} INFO - Filling up the DagBag from /home/airflow/.local/lib/python3.6/site-packages/airflow/example_dags/example_dag_decorator.py
[2022-11-26 02:00:47,887] {processor.py:623} INFO - DAG(s) dict_keys(['example_dag_decorator']) retrieved from /home/airflow/.local/lib/python3.6/site-packages/airflow/example_dags/example_dag_decorator.py
[2022-11-26 02:00:48,738] {logging_mixin.py:109} INFO - [2022-11-26 02:00:48,738] {dag.py:1833} INFO - Sync 1 DAGs
[2022-11-26 02:00:48,774] {logging_mixin.py:109} INFO - [2022-11-26 02:00:48,774] {dag.py:2306} INFO - Setting next_dagrun for example_dag_decorator to None
[2022-11-26 02:00:48,798] {processor.py:170} INFO - Processing /home/airflow/.local/lib/python3.6/site-packages/airflow/example_dags/example_dag_decorator.py took 0.981 seconds
[2022-11-26 02:01:19,400] {processor.py:162} INFO - Started process (PID=4475) to work on /home/airflow/.local/lib/python3.6/site-packages/airflow/example_dags/example_dag_decorator.py
[2022-11-26 02:01:19,406] {processor.py:613} INFO - Processing file /home/airflow/.local/lib/python3.6/site-packages/airflow/example_dags/example_dag_decorator.py for tasks to queue
[2022-11-26 02:01:19,412] {logging_mixin.py:109} INFO - [2022-11-26 02:01:19,411] {dagbag.py:496} INFO - Filling up the DagBag from /home/airflow/.local/lib/python3.6/site-packages/airflow/example_dags/example_dag_decorator.py
[2022-11-26 02:01:19,509] {processor.py:623} INFO - DAG(s) dict_keys(['example_dag_decorator']) retrieved from /home/airflow/.local/lib/python3.6/site-packages/airflow/example_dags/example_dag_decorator.py
[2022-11-26 02:01:20,471] {logging_mixin.py:109} INFO - [2022-11-26 02:01:20,471] {dag.py:1833} INFO - Sync 1 DAGs
[2022-11-26 02:01:20,515] {logging_mixin.py:109} INFO - [2022-11-26 02:01:20,514] {dag.py:2306} INFO - Setting next_dagrun for example_dag_decorator to None
[2022-11-26 02:01:20,543] {processor.py:170} INFO - Processing /home/airflow/.local/lib/python3.6/site-packages/airflow/example_dags/example_dag_decorator.py took 1.157 seconds
[2022-11-26 02:01:50,803] {processor.py:162} INFO - Started process (PID=4567) to work on /home/airflow/.local/lib/python3.6/site-packages/airflow/example_dags/example_dag_decorator.py
[2022-11-26 02:01:50,806] {processor.py:613} INFO - Processing file /home/airflow/.local/lib/python3.6/site-packages/airflow/example_dags/example_dag_decorator.py for tasks to queue
[2022-11-26 02:01:50,808] {logging_mixin.py:109} INFO - [2022-11-26 02:01:50,807] {dagbag.py:496} INFO - Filling up the DagBag from /home/airflow/.local/lib/python3.6/site-packages/airflow/example_dags/example_dag_decorator.py
[2022-11-26 02:01:50,853] {processor.py:623} INFO - DAG(s) dict_keys(['example_dag_decorator']) retrieved from /home/airflow/.local/lib/python3.6/site-packages/airflow/example_dags/example_dag_decorator.py
[2022-11-26 02:01:51,449] {logging_mixin.py:109} INFO - [2022-11-26 02:01:51,449] {dag.py:1833} INFO - Sync 1 DAGs
[2022-11-26 02:01:51,481] {logging_mixin.py:109} INFO - [2022-11-26 02:01:51,481] {dag.py:2306} INFO - Setting next_dagrun for example_dag_decorator to None
[2022-11-26 02:01:51,505] {processor.py:170} INFO - Processing /home/airflow/.local/lib/python3.6/site-packages/airflow/example_dags/example_dag_decorator.py took 0.707 seconds
[2022-11-26 02:02:22,343] {processor.py:162} INFO - Started process (PID=4668) to work on /home/airflow/.local/lib/python3.6/site-packages/airflow/example_dags/example_dag_decorator.py
[2022-11-26 02:02:22,348] {processor.py:613} INFO - Processing file /home/airflow/.local/lib/python3.6/site-packages/airflow/example_dags/example_dag_decorator.py for tasks to queue
[2022-11-26 02:02:22,350] {logging_mixin.py:109} INFO - [2022-11-26 02:02:22,350] {dagbag.py:496} INFO - Filling up the DagBag from /home/airflow/.local/lib/python3.6/site-packages/airflow/example_dags/example_dag_decorator.py
[2022-11-26 02:02:22,403] {processor.py:623} INFO - DAG(s) dict_keys(['example_dag_decorator']) retrieved from /home/airflow/.local/lib/python3.6/site-packages/airflow/example_dags/example_dag_decorator.py
[2022-11-26 02:02:23,032] {logging_mixin.py:109} INFO - [2022-11-26 02:02:23,031] {dag.py:1833} INFO - Sync 1 DAGs
[2022-11-26 02:02:23,065] {logging_mixin.py:109} INFO - [2022-11-26 02:02:23,065] {dag.py:2306} INFO - Setting next_dagrun for example_dag_decorator to None
[2022-11-26 02:02:23,087] {processor.py:170} INFO - Processing /home/airflow/.local/lib/python3.6/site-packages/airflow/example_dags/example_dag_decorator.py took 0.750 seconds
[2022-11-26 02:02:53,681] {processor.py:162} INFO - Started process (PID=4771) to work on /home/airflow/.local/lib/python3.6/site-packages/airflow/example_dags/example_dag_decorator.py
[2022-11-26 02:02:53,684] {processor.py:613} INFO - Processing file /home/airflow/.local/lib/python3.6/site-packages/airflow/example_dags/example_dag_decorator.py for tasks to queue
[2022-11-26 02:02:53,686] {logging_mixin.py:109} INFO - [2022-11-26 02:02:53,686] {dagbag.py:496} INFO - Filling up the DagBag from /home/airflow/.local/lib/python3.6/site-packages/airflow/example_dags/example_dag_decorator.py
[2022-11-26 02:02:53,734] {processor.py:623} INFO - DAG(s) dict_keys(['example_dag_decorator']) retrieved from /home/airflow/.local/lib/python3.6/site-packages/airflow/example_dags/example_dag_decorator.py
[2022-11-26 02:02:54,454] {logging_mixin.py:109} INFO - [2022-11-26 02:02:54,454] {dag.py:1833} INFO - Sync 1 DAGs
[2022-11-26 02:02:54,493] {logging_mixin.py:109} INFO - [2022-11-26 02:02:54,492] {dag.py:2306} INFO - Setting next_dagrun for example_dag_decorator to None
[2022-11-26 02:02:54,542] {processor.py:170} INFO - Processing /home/airflow/.local/lib/python3.6/site-packages/airflow/example_dags/example_dag_decorator.py took 0.866 seconds
[2022-11-26 02:03:24,990] {processor.py:162} INFO - Started process (PID=4868) to work on /home/airflow/.local/lib/python3.6/site-packages/airflow/example_dags/example_dag_decorator.py
[2022-11-26 02:03:24,994] {processor.py:613} INFO - Processing file /home/airflow/.local/lib/python3.6/site-packages/airflow/example_dags/example_dag_decorator.py for tasks to queue
[2022-11-26 02:03:24,996] {logging_mixin.py:109} INFO - [2022-11-26 02:03:24,995] {dagbag.py:496} INFO - Filling up the DagBag from /home/airflow/.local/lib/python3.6/site-packages/airflow/example_dags/example_dag_decorator.py
[2022-11-26 02:03:25,041] {processor.py:623} INFO - DAG(s) dict_keys(['example_dag_decorator']) retrieved from /home/airflow/.local/lib/python3.6/site-packages/airflow/example_dags/example_dag_decorator.py
[2022-11-26 02:03:25,646] {logging_mixin.py:109} INFO - [2022-11-26 02:03:25,646] {dag.py:1833} INFO - Sync 1 DAGs
[2022-11-26 02:03:25,676] {logging_mixin.py:109} INFO - [2022-11-26 02:03:25,676] {dag.py:2306} INFO - Setting next_dagrun for example_dag_decorator to None
[2022-11-26 02:03:25,699] {processor.py:170} INFO - Processing /home/airflow/.local/lib/python3.6/site-packages/airflow/example_dags/example_dag_decorator.py took 0.714 seconds
[2022-11-26 02:03:55,919] {processor.py:162} INFO - Started process (PID=4966) to work on /home/airflow/.local/lib/python3.6/site-packages/airflow/example_dags/example_dag_decorator.py
[2022-11-26 02:03:55,922] {processor.py:613} INFO - Processing file /home/airflow/.local/lib/python3.6/site-packages/airflow/example_dags/example_dag_decorator.py for tasks to queue
[2022-11-26 02:03:55,924] {logging_mixin.py:109} INFO - [2022-11-26 02:03:55,923] {dagbag.py:496} INFO - Filling up the DagBag from /home/airflow/.local/lib/python3.6/site-packages/airflow/example_dags/example_dag_decorator.py
[2022-11-26 02:03:55,971] {processor.py:623} INFO - DAG(s) dict_keys(['example_dag_decorator']) retrieved from /home/airflow/.local/lib/python3.6/site-packages/airflow/example_dags/example_dag_decorator.py
[2022-11-26 02:03:56,586] {logging_mixin.py:109} INFO - [2022-11-26 02:03:56,586] {dag.py:1833} INFO - Sync 1 DAGs
[2022-11-26 02:03:56,622] {logging_mixin.py:109} INFO - [2022-11-26 02:03:56,622] {dag.py:2306} INFO - Setting next_dagrun for example_dag_decorator to None
[2022-11-26 02:03:56,644] {processor.py:170} INFO - Processing /home/airflow/.local/lib/python3.6/site-packages/airflow/example_dags/example_dag_decorator.py took 0.731 seconds
[2022-11-26 02:04:27,204] {processor.py:162} INFO - Started process (PID=5056) to work on /home/airflow/.local/lib/python3.6/site-packages/airflow/example_dags/example_dag_decorator.py
[2022-11-26 02:04:27,206] {processor.py:613} INFO - Processing file /home/airflow/.local/lib/python3.6/site-packages/airflow/example_dags/example_dag_decorator.py for tasks to queue
[2022-11-26 02:04:27,208] {logging_mixin.py:109} INFO - [2022-11-26 02:04:27,208] {dagbag.py:496} INFO - Filling up the DagBag from /home/airflow/.local/lib/python3.6/site-packages/airflow/example_dags/example_dag_decorator.py
[2022-11-26 02:04:27,257] {processor.py:623} INFO - DAG(s) dict_keys(['example_dag_decorator']) retrieved from /home/airflow/.local/lib/python3.6/site-packages/airflow/example_dags/example_dag_decorator.py
[2022-11-26 02:04:27,315] {logging_mixin.py:109} INFO - [2022-11-26 02:04:27,315] {dag.py:1833} INFO - Sync 1 DAGs
[2022-11-26 02:04:27,350] {logging_mixin.py:109} INFO - [2022-11-26 02:04:27,350] {dag.py:2306} INFO - Setting next_dagrun for example_dag_decorator to None
[2022-11-26 02:04:27,372] {processor.py:170} INFO - Processing /home/airflow/.local/lib/python3.6/site-packages/airflow/example_dags/example_dag_decorator.py took 0.173 seconds
[2022-11-26 02:04:57,534] {processor.py:162} INFO - Started process (PID=5155) to work on /home/airflow/.local/lib/python3.6/site-packages/airflow/example_dags/example_dag_decorator.py
[2022-11-26 02:04:57,541] {processor.py:613} INFO - Processing file /home/airflow/.local/lib/python3.6/site-packages/airflow/example_dags/example_dag_decorator.py for tasks to queue
[2022-11-26 02:04:57,543] {logging_mixin.py:109} INFO - [2022-11-26 02:04:57,542] {dagbag.py:496} INFO - Filling up the DagBag from /home/airflow/.local/lib/python3.6/site-packages/airflow/example_dags/example_dag_decorator.py
[2022-11-26 02:04:57,594] {processor.py:623} INFO - DAG(s) dict_keys(['example_dag_decorator']) retrieved from /home/airflow/.local/lib/python3.6/site-packages/airflow/example_dags/example_dag_decorator.py
[2022-11-26 02:04:57,634] {logging_mixin.py:109} INFO - [2022-11-26 02:04:57,634] {dag.py:1833} INFO - Sync 1 DAGs
[2022-11-26 02:04:57,667] {logging_mixin.py:109} INFO - [2022-11-26 02:04:57,666] {dag.py:2306} INFO - Setting next_dagrun for example_dag_decorator to None
[2022-11-26 02:04:57,684] {processor.py:170} INFO - Processing /home/airflow/.local/lib/python3.6/site-packages/airflow/example_dags/example_dag_decorator.py took 0.158 seconds
[2022-11-26 02:05:28,003] {processor.py:162} INFO - Started process (PID=5255) to work on /home/airflow/.local/lib/python3.6/site-packages/airflow/example_dags/example_dag_decorator.py
[2022-11-26 02:05:28,007] {processor.py:613} INFO - Processing file /home/airflow/.local/lib/python3.6/site-packages/airflow/example_dags/example_dag_decorator.py for tasks to queue
[2022-11-26 02:05:28,009] {logging_mixin.py:109} INFO - [2022-11-26 02:05:28,009] {dagbag.py:496} INFO - Filling up the DagBag from /home/airflow/.local/lib/python3.6/site-packages/airflow/example_dags/example_dag_decorator.py
[2022-11-26 02:05:28,099] {processor.py:623} INFO - DAG(s) dict_keys(['example_dag_decorator']) retrieved from /home/airflow/.local/lib/python3.6/site-packages/airflow/example_dags/example_dag_decorator.py
[2022-11-26 02:05:29,142] {logging_mixin.py:109} INFO - [2022-11-26 02:05:29,141] {dag.py:1833} INFO - Sync 1 DAGs
[2022-11-26 02:05:29,192] {logging_mixin.py:109} INFO - [2022-11-26 02:05:29,192] {dag.py:2306} INFO - Setting next_dagrun for example_dag_decorator to None
[2022-11-26 02:05:29,225] {processor.py:170} INFO - Processing /home/airflow/.local/lib/python3.6/site-packages/airflow/example_dags/example_dag_decorator.py took 1.228 seconds
[2022-11-26 02:06:00,070] {processor.py:162} INFO - Started process (PID=5341) to work on /home/airflow/.local/lib/python3.6/site-packages/airflow/example_dags/example_dag_decorator.py
[2022-11-26 02:06:00,074] {processor.py:613} INFO - Processing file /home/airflow/.local/lib/python3.6/site-packages/airflow/example_dags/example_dag_decorator.py for tasks to queue
[2022-11-26 02:06:00,076] {logging_mixin.py:109} INFO - [2022-11-26 02:06:00,076] {dagbag.py:496} INFO - Filling up the DagBag from /home/airflow/.local/lib/python3.6/site-packages/airflow/example_dags/example_dag_decorator.py
[2022-11-26 02:06:00,126] {processor.py:623} INFO - DAG(s) dict_keys(['example_dag_decorator']) retrieved from /home/airflow/.local/lib/python3.6/site-packages/airflow/example_dags/example_dag_decorator.py
[2022-11-26 02:06:00,708] {logging_mixin.py:109} INFO - [2022-11-26 02:06:00,707] {dag.py:1833} INFO - Sync 1 DAGs
[2022-11-26 02:06:00,745] {logging_mixin.py:109} INFO - [2022-11-26 02:06:00,744] {dag.py:2306} INFO - Setting next_dagrun for example_dag_decorator to None
[2022-11-26 02:06:00,766] {processor.py:170} INFO - Processing /home/airflow/.local/lib/python3.6/site-packages/airflow/example_dags/example_dag_decorator.py took 0.705 seconds
