[2022-11-26 01:37:52,170] {processor.py:162} INFO - Started process (PID=184) to work on /home/airflow/.local/lib/python3.6/site-packages/airflow/example_dags/tutorial_etl_dag.py
[2022-11-26 01:37:52,177] {processor.py:613} INFO - Processing file /home/airflow/.local/lib/python3.6/site-packages/airflow/example_dags/tutorial_etl_dag.py for tasks to queue
[2022-11-26 01:37:52,182] {logging_mixin.py:109} INFO - [2022-11-26 01:37:52,181] {dagbag.py:496} INFO - Filling up the DagBag from /home/airflow/.local/lib/python3.6/site-packages/airflow/example_dags/tutorial_etl_dag.py
[2022-11-26 01:37:52,307] {processor.py:623} INFO - DAG(s) dict_keys(['tutorial_etl_dag']) retrieved from /home/airflow/.local/lib/python3.6/site-packages/airflow/example_dags/tutorial_etl_dag.py
[2022-11-26 01:37:54,827] {logging_mixin.py:109} INFO - [2022-11-26 01:37:54,827] {dag.py:1833} INFO - Sync 1 DAGs
[2022-11-26 01:37:54,962] {logging_mixin.py:109} INFO - [2022-11-26 01:37:54,961] {dag.py:2306} INFO - Setting next_dagrun for tutorial_etl_dag to None
[2022-11-26 01:37:55,060] {processor.py:170} INFO - Processing /home/airflow/.local/lib/python3.6/site-packages/airflow/example_dags/tutorial_etl_dag.py took 2.908 seconds
[2022-11-26 01:38:25,229] {processor.py:162} INFO - Started process (PID=274) to work on /home/airflow/.local/lib/python3.6/site-packages/airflow/example_dags/tutorial_etl_dag.py
[2022-11-26 01:38:25,238] {processor.py:613} INFO - Processing file /home/airflow/.local/lib/python3.6/site-packages/airflow/example_dags/tutorial_etl_dag.py for tasks to queue
[2022-11-26 01:38:25,243] {logging_mixin.py:109} INFO - [2022-11-26 01:38:25,243] {dagbag.py:496} INFO - Filling up the DagBag from /home/airflow/.local/lib/python3.6/site-packages/airflow/example_dags/tutorial_etl_dag.py
[2022-11-26 01:38:25,309] {processor.py:623} INFO - DAG(s) dict_keys(['tutorial_etl_dag']) retrieved from /home/airflow/.local/lib/python3.6/site-packages/airflow/example_dags/tutorial_etl_dag.py
[2022-11-26 01:38:25,383] {logging_mixin.py:109} INFO - [2022-11-26 01:38:25,382] {dag.py:1833} INFO - Sync 1 DAGs
[2022-11-26 01:38:25,421] {logging_mixin.py:109} INFO - [2022-11-26 01:38:25,421] {dag.py:2306} INFO - Setting next_dagrun for tutorial_etl_dag to None
[2022-11-26 01:38:25,452] {processor.py:170} INFO - Processing /home/airflow/.local/lib/python3.6/site-packages/airflow/example_dags/tutorial_etl_dag.py took 0.231 seconds
[2022-11-26 01:38:55,518] {processor.py:162} INFO - Started process (PID=374) to work on /home/airflow/.local/lib/python3.6/site-packages/airflow/example_dags/tutorial_etl_dag.py
[2022-11-26 01:38:55,520] {processor.py:613} INFO - Processing file /home/airflow/.local/lib/python3.6/site-packages/airflow/example_dags/tutorial_etl_dag.py for tasks to queue
[2022-11-26 01:38:55,522] {logging_mixin.py:109} INFO - [2022-11-26 01:38:55,522] {dagbag.py:496} INFO - Filling up the DagBag from /home/airflow/.local/lib/python3.6/site-packages/airflow/example_dags/tutorial_etl_dag.py
[2022-11-26 01:38:55,550] {processor.py:623} INFO - DAG(s) dict_keys(['tutorial_etl_dag']) retrieved from /home/airflow/.local/lib/python3.6/site-packages/airflow/example_dags/tutorial_etl_dag.py
[2022-11-26 01:38:55,590] {logging_mixin.py:109} INFO - [2022-11-26 01:38:55,590] {dag.py:1833} INFO - Sync 1 DAGs
[2022-11-26 01:38:55,622] {logging_mixin.py:109} INFO - [2022-11-26 01:38:55,622] {dag.py:2306} INFO - Setting next_dagrun for tutorial_etl_dag to None
[2022-11-26 01:38:55,640] {processor.py:170} INFO - Processing /home/airflow/.local/lib/python3.6/site-packages/airflow/example_dags/tutorial_etl_dag.py took 0.127 seconds
[2022-11-26 01:39:26,084] {processor.py:162} INFO - Started process (PID=474) to work on /home/airflow/.local/lib/python3.6/site-packages/airflow/example_dags/tutorial_etl_dag.py
[2022-11-26 01:39:26,087] {processor.py:613} INFO - Processing file /home/airflow/.local/lib/python3.6/site-packages/airflow/example_dags/tutorial_etl_dag.py for tasks to queue
[2022-11-26 01:39:26,088] {logging_mixin.py:109} INFO - [2022-11-26 01:39:26,088] {dagbag.py:496} INFO - Filling up the DagBag from /home/airflow/.local/lib/python3.6/site-packages/airflow/example_dags/tutorial_etl_dag.py
[2022-11-26 01:39:26,115] {processor.py:623} INFO - DAG(s) dict_keys(['tutorial_etl_dag']) retrieved from /home/airflow/.local/lib/python3.6/site-packages/airflow/example_dags/tutorial_etl_dag.py
[2022-11-26 01:39:26,154] {logging_mixin.py:109} INFO - [2022-11-26 01:39:26,154] {dag.py:1833} INFO - Sync 1 DAGs
[2022-11-26 01:39:26,187] {logging_mixin.py:109} INFO - [2022-11-26 01:39:26,187] {dag.py:2306} INFO - Setting next_dagrun for tutorial_etl_dag to None
[2022-11-26 01:39:26,205] {processor.py:170} INFO - Processing /home/airflow/.local/lib/python3.6/site-packages/airflow/example_dags/tutorial_etl_dag.py took 0.125 seconds
[2022-11-26 01:39:57,033] {processor.py:162} INFO - Started process (PID=573) to work on /home/airflow/.local/lib/python3.6/site-packages/airflow/example_dags/tutorial_etl_dag.py
[2022-11-26 01:39:57,037] {processor.py:613} INFO - Processing file /home/airflow/.local/lib/python3.6/site-packages/airflow/example_dags/tutorial_etl_dag.py for tasks to queue
[2022-11-26 01:39:57,041] {logging_mixin.py:109} INFO - [2022-11-26 01:39:57,041] {dagbag.py:496} INFO - Filling up the DagBag from /home/airflow/.local/lib/python3.6/site-packages/airflow/example_dags/tutorial_etl_dag.py
[2022-11-26 01:39:57,077] {processor.py:623} INFO - DAG(s) dict_keys(['tutorial_etl_dag']) retrieved from /home/airflow/.local/lib/python3.6/site-packages/airflow/example_dags/tutorial_etl_dag.py
[2022-11-26 01:39:57,126] {logging_mixin.py:109} INFO - [2022-11-26 01:39:57,126] {dag.py:1833} INFO - Sync 1 DAGs
[2022-11-26 01:39:57,168] {logging_mixin.py:109} INFO - [2022-11-26 01:39:57,167] {dag.py:2306} INFO - Setting next_dagrun for tutorial_etl_dag to None
[2022-11-26 01:39:57,194] {processor.py:170} INFO - Processing /home/airflow/.local/lib/python3.6/site-packages/airflow/example_dags/tutorial_etl_dag.py took 0.167 seconds
[2022-11-26 01:40:27,399] {processor.py:162} INFO - Started process (PID=652) to work on /home/airflow/.local/lib/python3.6/site-packages/airflow/example_dags/tutorial_etl_dag.py
[2022-11-26 01:40:27,402] {processor.py:613} INFO - Processing file /home/airflow/.local/lib/python3.6/site-packages/airflow/example_dags/tutorial_etl_dag.py for tasks to queue
[2022-11-26 01:40:27,404] {logging_mixin.py:109} INFO - [2022-11-26 01:40:27,403] {dagbag.py:496} INFO - Filling up the DagBag from /home/airflow/.local/lib/python3.6/site-packages/airflow/example_dags/tutorial_etl_dag.py
[2022-11-26 01:40:27,438] {processor.py:623} INFO - DAG(s) dict_keys(['tutorial_etl_dag']) retrieved from /home/airflow/.local/lib/python3.6/site-packages/airflow/example_dags/tutorial_etl_dag.py
[2022-11-26 01:40:27,478] {logging_mixin.py:109} INFO - [2022-11-26 01:40:27,478] {dag.py:1833} INFO - Sync 1 DAGs
[2022-11-26 01:40:27,514] {logging_mixin.py:109} INFO - [2022-11-26 01:40:27,514] {dag.py:2306} INFO - Setting next_dagrun for tutorial_etl_dag to None
[2022-11-26 01:40:27,533] {processor.py:170} INFO - Processing /home/airflow/.local/lib/python3.6/site-packages/airflow/example_dags/tutorial_etl_dag.py took 0.139 seconds
[2022-11-26 01:40:57,747] {processor.py:162} INFO - Started process (PID=751) to work on /home/airflow/.local/lib/python3.6/site-packages/airflow/example_dags/tutorial_etl_dag.py
[2022-11-26 01:40:57,749] {processor.py:613} INFO - Processing file /home/airflow/.local/lib/python3.6/site-packages/airflow/example_dags/tutorial_etl_dag.py for tasks to queue
[2022-11-26 01:40:57,751] {logging_mixin.py:109} INFO - [2022-11-26 01:40:57,750] {dagbag.py:496} INFO - Filling up the DagBag from /home/airflow/.local/lib/python3.6/site-packages/airflow/example_dags/tutorial_etl_dag.py
[2022-11-26 01:40:57,777] {processor.py:623} INFO - DAG(s) dict_keys(['tutorial_etl_dag']) retrieved from /home/airflow/.local/lib/python3.6/site-packages/airflow/example_dags/tutorial_etl_dag.py
[2022-11-26 01:40:57,815] {logging_mixin.py:109} INFO - [2022-11-26 01:40:57,815] {dag.py:1833} INFO - Sync 1 DAGs
[2022-11-26 01:40:57,846] {logging_mixin.py:109} INFO - [2022-11-26 01:40:57,845] {dag.py:2306} INFO - Setting next_dagrun for tutorial_etl_dag to None
[2022-11-26 01:40:57,862] {processor.py:170} INFO - Processing /home/airflow/.local/lib/python3.6/site-packages/airflow/example_dags/tutorial_etl_dag.py took 0.121 seconds
[2022-11-26 01:41:28,110] {processor.py:162} INFO - Started process (PID=852) to work on /home/airflow/.local/lib/python3.6/site-packages/airflow/example_dags/tutorial_etl_dag.py
[2022-11-26 01:41:28,113] {processor.py:613} INFO - Processing file /home/airflow/.local/lib/python3.6/site-packages/airflow/example_dags/tutorial_etl_dag.py for tasks to queue
[2022-11-26 01:41:28,114] {logging_mixin.py:109} INFO - [2022-11-26 01:41:28,114] {dagbag.py:496} INFO - Filling up the DagBag from /home/airflow/.local/lib/python3.6/site-packages/airflow/example_dags/tutorial_etl_dag.py
[2022-11-26 01:41:28,142] {processor.py:623} INFO - DAG(s) dict_keys(['tutorial_etl_dag']) retrieved from /home/airflow/.local/lib/python3.6/site-packages/airflow/example_dags/tutorial_etl_dag.py
[2022-11-26 01:41:28,182] {logging_mixin.py:109} INFO - [2022-11-26 01:41:28,182] {dag.py:1833} INFO - Sync 1 DAGs
[2022-11-26 01:41:28,216] {logging_mixin.py:109} INFO - [2022-11-26 01:41:28,215] {dag.py:2306} INFO - Setting next_dagrun for tutorial_etl_dag to None
[2022-11-26 01:41:28,233] {processor.py:170} INFO - Processing /home/airflow/.local/lib/python3.6/site-packages/airflow/example_dags/tutorial_etl_dag.py took 0.129 seconds
[2022-11-26 01:41:58,370] {processor.py:162} INFO - Started process (PID=952) to work on /home/airflow/.local/lib/python3.6/site-packages/airflow/example_dags/tutorial_etl_dag.py
[2022-11-26 01:41:58,372] {processor.py:613} INFO - Processing file /home/airflow/.local/lib/python3.6/site-packages/airflow/example_dags/tutorial_etl_dag.py for tasks to queue
[2022-11-26 01:41:58,373] {logging_mixin.py:109} INFO - [2022-11-26 01:41:58,373] {dagbag.py:496} INFO - Filling up the DagBag from /home/airflow/.local/lib/python3.6/site-packages/airflow/example_dags/tutorial_etl_dag.py
[2022-11-26 01:41:58,401] {processor.py:623} INFO - DAG(s) dict_keys(['tutorial_etl_dag']) retrieved from /home/airflow/.local/lib/python3.6/site-packages/airflow/example_dags/tutorial_etl_dag.py
[2022-11-26 01:41:58,441] {logging_mixin.py:109} INFO - [2022-11-26 01:41:58,440] {dag.py:1833} INFO - Sync 1 DAGs
[2022-11-26 01:41:58,480] {logging_mixin.py:109} INFO - [2022-11-26 01:41:58,479] {dag.py:2306} INFO - Setting next_dagrun for tutorial_etl_dag to None
[2022-11-26 01:41:58,500] {processor.py:170} INFO - Processing /home/airflow/.local/lib/python3.6/site-packages/airflow/example_dags/tutorial_etl_dag.py took 0.135 seconds
[2022-11-26 01:42:28,900] {processor.py:162} INFO - Started process (PID=1053) to work on /home/airflow/.local/lib/python3.6/site-packages/airflow/example_dags/tutorial_etl_dag.py
[2022-11-26 01:42:28,902] {processor.py:613} INFO - Processing file /home/airflow/.local/lib/python3.6/site-packages/airflow/example_dags/tutorial_etl_dag.py for tasks to queue
[2022-11-26 01:42:28,903] {logging_mixin.py:109} INFO - [2022-11-26 01:42:28,903] {dagbag.py:496} INFO - Filling up the DagBag from /home/airflow/.local/lib/python3.6/site-packages/airflow/example_dags/tutorial_etl_dag.py
[2022-11-26 01:42:28,930] {processor.py:623} INFO - DAG(s) dict_keys(['tutorial_etl_dag']) retrieved from /home/airflow/.local/lib/python3.6/site-packages/airflow/example_dags/tutorial_etl_dag.py
[2022-11-26 01:42:28,970] {logging_mixin.py:109} INFO - [2022-11-26 01:42:28,969] {dag.py:1833} INFO - Sync 1 DAGs
[2022-11-26 01:42:29,003] {logging_mixin.py:109} INFO - [2022-11-26 01:42:29,003] {dag.py:2306} INFO - Setting next_dagrun for tutorial_etl_dag to None
[2022-11-26 01:42:29,022] {processor.py:170} INFO - Processing /home/airflow/.local/lib/python3.6/site-packages/airflow/example_dags/tutorial_etl_dag.py took 0.127 seconds
[2022-11-26 01:42:59,457] {processor.py:162} INFO - Started process (PID=1150) to work on /home/airflow/.local/lib/python3.6/site-packages/airflow/example_dags/tutorial_etl_dag.py
[2022-11-26 01:42:59,460] {processor.py:613} INFO - Processing file /home/airflow/.local/lib/python3.6/site-packages/airflow/example_dags/tutorial_etl_dag.py for tasks to queue
[2022-11-26 01:42:59,462] {logging_mixin.py:109} INFO - [2022-11-26 01:42:59,462] {dagbag.py:496} INFO - Filling up the DagBag from /home/airflow/.local/lib/python3.6/site-packages/airflow/example_dags/tutorial_etl_dag.py
[2022-11-26 01:42:59,491] {processor.py:623} INFO - DAG(s) dict_keys(['tutorial_etl_dag']) retrieved from /home/airflow/.local/lib/python3.6/site-packages/airflow/example_dags/tutorial_etl_dag.py
[2022-11-26 01:42:59,531] {logging_mixin.py:109} INFO - [2022-11-26 01:42:59,531] {dag.py:1833} INFO - Sync 1 DAGs
[2022-11-26 01:42:59,564] {logging_mixin.py:109} INFO - [2022-11-26 01:42:59,564] {dag.py:2306} INFO - Setting next_dagrun for tutorial_etl_dag to None
[2022-11-26 01:42:59,583] {processor.py:170} INFO - Processing /home/airflow/.local/lib/python3.6/site-packages/airflow/example_dags/tutorial_etl_dag.py took 0.138 seconds
[2022-11-26 01:43:29,639] {processor.py:162} INFO - Started process (PID=1232) to work on /home/airflow/.local/lib/python3.6/site-packages/airflow/example_dags/tutorial_etl_dag.py
[2022-11-26 01:43:29,644] {processor.py:613} INFO - Processing file /home/airflow/.local/lib/python3.6/site-packages/airflow/example_dags/tutorial_etl_dag.py for tasks to queue
[2022-11-26 01:43:29,646] {logging_mixin.py:109} INFO - [2022-11-26 01:43:29,645] {dagbag.py:496} INFO - Filling up the DagBag from /home/airflow/.local/lib/python3.6/site-packages/airflow/example_dags/tutorial_etl_dag.py
[2022-11-26 01:43:29,675] {processor.py:623} INFO - DAG(s) dict_keys(['tutorial_etl_dag']) retrieved from /home/airflow/.local/lib/python3.6/site-packages/airflow/example_dags/tutorial_etl_dag.py
[2022-11-26 01:43:29,713] {logging_mixin.py:109} INFO - [2022-11-26 01:43:29,713] {dag.py:1833} INFO - Sync 1 DAGs
[2022-11-26 01:43:29,745] {logging_mixin.py:109} INFO - [2022-11-26 01:43:29,744] {dag.py:2306} INFO - Setting next_dagrun for tutorial_etl_dag to None
[2022-11-26 01:43:29,762] {processor.py:170} INFO - Processing /home/airflow/.local/lib/python3.6/site-packages/airflow/example_dags/tutorial_etl_dag.py took 0.129 seconds
[2022-11-26 01:43:59,955] {processor.py:162} INFO - Started process (PID=1332) to work on /home/airflow/.local/lib/python3.6/site-packages/airflow/example_dags/tutorial_etl_dag.py
[2022-11-26 01:43:59,959] {processor.py:613} INFO - Processing file /home/airflow/.local/lib/python3.6/site-packages/airflow/example_dags/tutorial_etl_dag.py for tasks to queue
[2022-11-26 01:43:59,961] {logging_mixin.py:109} INFO - [2022-11-26 01:43:59,961] {dagbag.py:496} INFO - Filling up the DagBag from /home/airflow/.local/lib/python3.6/site-packages/airflow/example_dags/tutorial_etl_dag.py
[2022-11-26 01:43:59,993] {processor.py:623} INFO - DAG(s) dict_keys(['tutorial_etl_dag']) retrieved from /home/airflow/.local/lib/python3.6/site-packages/airflow/example_dags/tutorial_etl_dag.py
[2022-11-26 01:44:00,032] {logging_mixin.py:109} INFO - [2022-11-26 01:44:00,031] {dag.py:1833} INFO - Sync 1 DAGs
[2022-11-26 01:44:00,066] {logging_mixin.py:109} INFO - [2022-11-26 01:44:00,066] {dag.py:2306} INFO - Setting next_dagrun for tutorial_etl_dag to None
[2022-11-26 01:44:00,083] {processor.py:170} INFO - Processing /home/airflow/.local/lib/python3.6/site-packages/airflow/example_dags/tutorial_etl_dag.py took 0.136 seconds
[2022-11-26 01:44:30,520] {processor.py:162} INFO - Started process (PID=1432) to work on /home/airflow/.local/lib/python3.6/site-packages/airflow/example_dags/tutorial_etl_dag.py
[2022-11-26 01:44:30,523] {processor.py:613} INFO - Processing file /home/airflow/.local/lib/python3.6/site-packages/airflow/example_dags/tutorial_etl_dag.py for tasks to queue
[2022-11-26 01:44:30,524] {logging_mixin.py:109} INFO - [2022-11-26 01:44:30,524] {dagbag.py:496} INFO - Filling up the DagBag from /home/airflow/.local/lib/python3.6/site-packages/airflow/example_dags/tutorial_etl_dag.py
[2022-11-26 01:44:30,551] {processor.py:623} INFO - DAG(s) dict_keys(['tutorial_etl_dag']) retrieved from /home/airflow/.local/lib/python3.6/site-packages/airflow/example_dags/tutorial_etl_dag.py
[2022-11-26 01:44:30,590] {logging_mixin.py:109} INFO - [2022-11-26 01:44:30,589] {dag.py:1833} INFO - Sync 1 DAGs
[2022-11-26 01:44:30,622] {logging_mixin.py:109} INFO - [2022-11-26 01:44:30,622] {dag.py:2306} INFO - Setting next_dagrun for tutorial_etl_dag to None
[2022-11-26 01:44:30,641] {processor.py:170} INFO - Processing /home/airflow/.local/lib/python3.6/site-packages/airflow/example_dags/tutorial_etl_dag.py took 0.125 seconds
[2022-11-26 01:45:00,957] {processor.py:162} INFO - Started process (PID=1533) to work on /home/airflow/.local/lib/python3.6/site-packages/airflow/example_dags/tutorial_etl_dag.py
[2022-11-26 01:45:00,959] {processor.py:613} INFO - Processing file /home/airflow/.local/lib/python3.6/site-packages/airflow/example_dags/tutorial_etl_dag.py for tasks to queue
[2022-11-26 01:45:00,961] {logging_mixin.py:109} INFO - [2022-11-26 01:45:00,961] {dagbag.py:496} INFO - Filling up the DagBag from /home/airflow/.local/lib/python3.6/site-packages/airflow/example_dags/tutorial_etl_dag.py
[2022-11-26 01:45:00,988] {processor.py:623} INFO - DAG(s) dict_keys(['tutorial_etl_dag']) retrieved from /home/airflow/.local/lib/python3.6/site-packages/airflow/example_dags/tutorial_etl_dag.py
[2022-11-26 01:45:01,028] {logging_mixin.py:109} INFO - [2022-11-26 01:45:01,028] {dag.py:1833} INFO - Sync 1 DAGs
[2022-11-26 01:45:01,061] {logging_mixin.py:109} INFO - [2022-11-26 01:45:01,060] {dag.py:2306} INFO - Setting next_dagrun for tutorial_etl_dag to None
[2022-11-26 01:45:01,078] {processor.py:170} INFO - Processing /home/airflow/.local/lib/python3.6/site-packages/airflow/example_dags/tutorial_etl_dag.py took 0.127 seconds
[2022-11-26 01:45:31,412] {processor.py:162} INFO - Started process (PID=1634) to work on /home/airflow/.local/lib/python3.6/site-packages/airflow/example_dags/tutorial_etl_dag.py
[2022-11-26 01:45:31,418] {processor.py:613} INFO - Processing file /home/airflow/.local/lib/python3.6/site-packages/airflow/example_dags/tutorial_etl_dag.py for tasks to queue
[2022-11-26 01:45:31,426] {logging_mixin.py:109} INFO - [2022-11-26 01:45:31,426] {dagbag.py:496} INFO - Filling up the DagBag from /home/airflow/.local/lib/python3.6/site-packages/airflow/example_dags/tutorial_etl_dag.py
[2022-11-26 01:45:31,488] {processor.py:623} INFO - DAG(s) dict_keys(['tutorial_etl_dag']) retrieved from /home/airflow/.local/lib/python3.6/site-packages/airflow/example_dags/tutorial_etl_dag.py
[2022-11-26 01:45:31,575] {logging_mixin.py:109} INFO - [2022-11-26 01:45:31,575] {dag.py:1833} INFO - Sync 1 DAGs
[2022-11-26 01:45:31,630] {logging_mixin.py:109} INFO - [2022-11-26 01:45:31,629] {dag.py:2306} INFO - Setting next_dagrun for tutorial_etl_dag to None
[2022-11-26 01:45:31,654] {processor.py:170} INFO - Processing /home/airflow/.local/lib/python3.6/site-packages/airflow/example_dags/tutorial_etl_dag.py took 0.259 seconds
[2022-11-26 01:46:01,706] {processor.py:162} INFO - Started process (PID=1726) to work on /home/airflow/.local/lib/python3.6/site-packages/airflow/example_dags/tutorial_etl_dag.py
[2022-11-26 01:46:01,708] {processor.py:613} INFO - Processing file /home/airflow/.local/lib/python3.6/site-packages/airflow/example_dags/tutorial_etl_dag.py for tasks to queue
[2022-11-26 01:46:01,710] {logging_mixin.py:109} INFO - [2022-11-26 01:46:01,710] {dagbag.py:496} INFO - Filling up the DagBag from /home/airflow/.local/lib/python3.6/site-packages/airflow/example_dags/tutorial_etl_dag.py
[2022-11-26 01:46:01,739] {processor.py:623} INFO - DAG(s) dict_keys(['tutorial_etl_dag']) retrieved from /home/airflow/.local/lib/python3.6/site-packages/airflow/example_dags/tutorial_etl_dag.py
[2022-11-26 01:46:01,791] {logging_mixin.py:109} INFO - [2022-11-26 01:46:01,790] {dag.py:1833} INFO - Sync 1 DAGs
[2022-11-26 01:46:01,877] {logging_mixin.py:109} INFO - [2022-11-26 01:46:01,876] {dag.py:2306} INFO - Setting next_dagrun for tutorial_etl_dag to None
[2022-11-26 01:46:01,932] {processor.py:170} INFO - Processing /home/airflow/.local/lib/python3.6/site-packages/airflow/example_dags/tutorial_etl_dag.py took 0.231 seconds
[2022-11-26 01:46:32,387] {processor.py:162} INFO - Started process (PID=1816) to work on /home/airflow/.local/lib/python3.6/site-packages/airflow/example_dags/tutorial_etl_dag.py
[2022-11-26 01:46:32,391] {processor.py:613} INFO - Processing file /home/airflow/.local/lib/python3.6/site-packages/airflow/example_dags/tutorial_etl_dag.py for tasks to queue
[2022-11-26 01:46:32,393] {logging_mixin.py:109} INFO - [2022-11-26 01:46:32,393] {dagbag.py:496} INFO - Filling up the DagBag from /home/airflow/.local/lib/python3.6/site-packages/airflow/example_dags/tutorial_etl_dag.py
[2022-11-26 01:46:32,423] {processor.py:623} INFO - DAG(s) dict_keys(['tutorial_etl_dag']) retrieved from /home/airflow/.local/lib/python3.6/site-packages/airflow/example_dags/tutorial_etl_dag.py
[2022-11-26 01:46:32,469] {logging_mixin.py:109} INFO - [2022-11-26 01:46:32,469] {dag.py:1833} INFO - Sync 1 DAGs
[2022-11-26 01:46:32,506] {logging_mixin.py:109} INFO - [2022-11-26 01:46:32,506] {dag.py:2306} INFO - Setting next_dagrun for tutorial_etl_dag to None
[2022-11-26 01:46:32,527] {processor.py:170} INFO - Processing /home/airflow/.local/lib/python3.6/site-packages/airflow/example_dags/tutorial_etl_dag.py took 0.147 seconds
[2022-11-26 01:47:02,842] {processor.py:162} INFO - Started process (PID=1916) to work on /home/airflow/.local/lib/python3.6/site-packages/airflow/example_dags/tutorial_etl_dag.py
[2022-11-26 01:47:02,844] {processor.py:613} INFO - Processing file /home/airflow/.local/lib/python3.6/site-packages/airflow/example_dags/tutorial_etl_dag.py for tasks to queue
[2022-11-26 01:47:02,846] {logging_mixin.py:109} INFO - [2022-11-26 01:47:02,845] {dagbag.py:496} INFO - Filling up the DagBag from /home/airflow/.local/lib/python3.6/site-packages/airflow/example_dags/tutorial_etl_dag.py
[2022-11-26 01:47:02,874] {processor.py:623} INFO - DAG(s) dict_keys(['tutorial_etl_dag']) retrieved from /home/airflow/.local/lib/python3.6/site-packages/airflow/example_dags/tutorial_etl_dag.py
[2022-11-26 01:47:02,916] {logging_mixin.py:109} INFO - [2022-11-26 01:47:02,915] {dag.py:1833} INFO - Sync 1 DAGs
[2022-11-26 01:47:02,950] {logging_mixin.py:109} INFO - [2022-11-26 01:47:02,949] {dag.py:2306} INFO - Setting next_dagrun for tutorial_etl_dag to None
[2022-11-26 01:47:02,969] {processor.py:170} INFO - Processing /home/airflow/.local/lib/python3.6/site-packages/airflow/example_dags/tutorial_etl_dag.py took 0.132 seconds
[2022-11-26 01:47:33,449] {processor.py:162} INFO - Started process (PID=2015) to work on /home/airflow/.local/lib/python3.6/site-packages/airflow/example_dags/tutorial_etl_dag.py
[2022-11-26 01:47:33,452] {processor.py:613} INFO - Processing file /home/airflow/.local/lib/python3.6/site-packages/airflow/example_dags/tutorial_etl_dag.py for tasks to queue
[2022-11-26 01:47:33,454] {logging_mixin.py:109} INFO - [2022-11-26 01:47:33,454] {dagbag.py:496} INFO - Filling up the DagBag from /home/airflow/.local/lib/python3.6/site-packages/airflow/example_dags/tutorial_etl_dag.py
[2022-11-26 01:47:33,485] {processor.py:623} INFO - DAG(s) dict_keys(['tutorial_etl_dag']) retrieved from /home/airflow/.local/lib/python3.6/site-packages/airflow/example_dags/tutorial_etl_dag.py
[2022-11-26 01:47:33,524] {logging_mixin.py:109} INFO - [2022-11-26 01:47:33,524] {dag.py:1833} INFO - Sync 1 DAGs
[2022-11-26 01:47:33,556] {logging_mixin.py:109} INFO - [2022-11-26 01:47:33,556] {dag.py:2306} INFO - Setting next_dagrun for tutorial_etl_dag to None
[2022-11-26 01:47:33,573] {processor.py:170} INFO - Processing /home/airflow/.local/lib/python3.6/site-packages/airflow/example_dags/tutorial_etl_dag.py took 0.131 seconds
[2022-11-26 01:48:03,706] {processor.py:162} INFO - Started process (PID=2116) to work on /home/airflow/.local/lib/python3.6/site-packages/airflow/example_dags/tutorial_etl_dag.py
[2022-11-26 01:48:03,713] {processor.py:613} INFO - Processing file /home/airflow/.local/lib/python3.6/site-packages/airflow/example_dags/tutorial_etl_dag.py for tasks to queue
[2022-11-26 01:48:03,715] {logging_mixin.py:109} INFO - [2022-11-26 01:48:03,715] {dagbag.py:496} INFO - Filling up the DagBag from /home/airflow/.local/lib/python3.6/site-packages/airflow/example_dags/tutorial_etl_dag.py
[2022-11-26 01:48:03,761] {processor.py:623} INFO - DAG(s) dict_keys(['tutorial_etl_dag']) retrieved from /home/airflow/.local/lib/python3.6/site-packages/airflow/example_dags/tutorial_etl_dag.py
[2022-11-26 01:48:03,815] {logging_mixin.py:109} INFO - [2022-11-26 01:48:03,815] {dag.py:1833} INFO - Sync 1 DAGs
[2022-11-26 01:48:03,851] {logging_mixin.py:109} INFO - [2022-11-26 01:48:03,850] {dag.py:2306} INFO - Setting next_dagrun for tutorial_etl_dag to None
[2022-11-26 01:48:03,869] {processor.py:170} INFO - Processing /home/airflow/.local/lib/python3.6/site-packages/airflow/example_dags/tutorial_etl_dag.py took 0.170 seconds
[2022-11-26 01:48:34,253] {processor.py:162} INFO - Started process (PID=2212) to work on /home/airflow/.local/lib/python3.6/site-packages/airflow/example_dags/tutorial_etl_dag.py
[2022-11-26 01:48:34,257] {processor.py:613} INFO - Processing file /home/airflow/.local/lib/python3.6/site-packages/airflow/example_dags/tutorial_etl_dag.py for tasks to queue
[2022-11-26 01:48:34,260] {logging_mixin.py:109} INFO - [2022-11-26 01:48:34,260] {dagbag.py:496} INFO - Filling up the DagBag from /home/airflow/.local/lib/python3.6/site-packages/airflow/example_dags/tutorial_etl_dag.py
[2022-11-26 01:48:34,324] {processor.py:623} INFO - DAG(s) dict_keys(['tutorial_etl_dag']) retrieved from /home/airflow/.local/lib/python3.6/site-packages/airflow/example_dags/tutorial_etl_dag.py
[2022-11-26 01:48:34,369] {logging_mixin.py:109} INFO - [2022-11-26 01:48:34,369] {dag.py:1833} INFO - Sync 1 DAGs
[2022-11-26 01:48:34,411] {logging_mixin.py:109} INFO - [2022-11-26 01:48:34,411] {dag.py:2306} INFO - Setting next_dagrun for tutorial_etl_dag to None
[2022-11-26 01:48:34,432] {processor.py:170} INFO - Processing /home/airflow/.local/lib/python3.6/site-packages/airflow/example_dags/tutorial_etl_dag.py took 0.185 seconds
[2022-11-26 01:49:04,681] {processor.py:162} INFO - Started process (PID=2296) to work on /home/airflow/.local/lib/python3.6/site-packages/airflow/example_dags/tutorial_etl_dag.py
[2022-11-26 01:49:04,685] {processor.py:613} INFO - Processing file /home/airflow/.local/lib/python3.6/site-packages/airflow/example_dags/tutorial_etl_dag.py for tasks to queue
[2022-11-26 01:49:04,687] {logging_mixin.py:109} INFO - [2022-11-26 01:49:04,687] {dagbag.py:496} INFO - Filling up the DagBag from /home/airflow/.local/lib/python3.6/site-packages/airflow/example_dags/tutorial_etl_dag.py
[2022-11-26 01:49:04,721] {processor.py:623} INFO - DAG(s) dict_keys(['tutorial_etl_dag']) retrieved from /home/airflow/.local/lib/python3.6/site-packages/airflow/example_dags/tutorial_etl_dag.py
[2022-11-26 01:49:04,760] {logging_mixin.py:109} INFO - [2022-11-26 01:49:04,760] {dag.py:1833} INFO - Sync 1 DAGs
[2022-11-26 01:49:04,792] {logging_mixin.py:109} INFO - [2022-11-26 01:49:04,792] {dag.py:2306} INFO - Setting next_dagrun for tutorial_etl_dag to None
[2022-11-26 01:49:04,809] {processor.py:170} INFO - Processing /home/airflow/.local/lib/python3.6/site-packages/airflow/example_dags/tutorial_etl_dag.py took 0.136 seconds
[2022-11-26 01:49:34,863] {processor.py:162} INFO - Started process (PID=2396) to work on /home/airflow/.local/lib/python3.6/site-packages/airflow/example_dags/tutorial_etl_dag.py
[2022-11-26 01:49:34,866] {processor.py:613} INFO - Processing file /home/airflow/.local/lib/python3.6/site-packages/airflow/example_dags/tutorial_etl_dag.py for tasks to queue
[2022-11-26 01:49:34,867] {logging_mixin.py:109} INFO - [2022-11-26 01:49:34,867] {dagbag.py:496} INFO - Filling up the DagBag from /home/airflow/.local/lib/python3.6/site-packages/airflow/example_dags/tutorial_etl_dag.py
[2022-11-26 01:49:34,894] {processor.py:623} INFO - DAG(s) dict_keys(['tutorial_etl_dag']) retrieved from /home/airflow/.local/lib/python3.6/site-packages/airflow/example_dags/tutorial_etl_dag.py
[2022-11-26 01:49:34,934] {logging_mixin.py:109} INFO - [2022-11-26 01:49:34,934] {dag.py:1833} INFO - Sync 1 DAGs
[2022-11-26 01:49:34,968] {logging_mixin.py:109} INFO - [2022-11-26 01:49:34,967] {dag.py:2306} INFO - Setting next_dagrun for tutorial_etl_dag to None
[2022-11-26 01:49:34,985] {processor.py:170} INFO - Processing /home/airflow/.local/lib/python3.6/site-packages/airflow/example_dags/tutorial_etl_dag.py took 0.127 seconds
[2022-11-26 01:50:05,207] {processor.py:162} INFO - Started process (PID=2496) to work on /home/airflow/.local/lib/python3.6/site-packages/airflow/example_dags/tutorial_etl_dag.py
[2022-11-26 01:50:05,211] {processor.py:613} INFO - Processing file /home/airflow/.local/lib/python3.6/site-packages/airflow/example_dags/tutorial_etl_dag.py for tasks to queue
[2022-11-26 01:50:05,213] {logging_mixin.py:109} INFO - [2022-11-26 01:50:05,213] {dagbag.py:496} INFO - Filling up the DagBag from /home/airflow/.local/lib/python3.6/site-packages/airflow/example_dags/tutorial_etl_dag.py
[2022-11-26 01:50:05,253] {processor.py:623} INFO - DAG(s) dict_keys(['tutorial_etl_dag']) retrieved from /home/airflow/.local/lib/python3.6/site-packages/airflow/example_dags/tutorial_etl_dag.py
[2022-11-26 01:50:05,304] {logging_mixin.py:109} INFO - [2022-11-26 01:50:05,304] {dag.py:1833} INFO - Sync 1 DAGs
[2022-11-26 01:50:05,351] {logging_mixin.py:109} INFO - [2022-11-26 01:50:05,351] {dag.py:2306} INFO - Setting next_dagrun for tutorial_etl_dag to None
[2022-11-26 01:50:05,379] {processor.py:170} INFO - Processing /home/airflow/.local/lib/python3.6/site-packages/airflow/example_dags/tutorial_etl_dag.py took 0.180 seconds
[2022-11-26 01:50:36,174] {processor.py:162} INFO - Started process (PID=2596) to work on /home/airflow/.local/lib/python3.6/site-packages/airflow/example_dags/tutorial_etl_dag.py
[2022-11-26 01:50:36,178] {processor.py:613} INFO - Processing file /home/airflow/.local/lib/python3.6/site-packages/airflow/example_dags/tutorial_etl_dag.py for tasks to queue
[2022-11-26 01:50:36,180] {logging_mixin.py:109} INFO - [2022-11-26 01:50:36,180] {dagbag.py:496} INFO - Filling up the DagBag from /home/airflow/.local/lib/python3.6/site-packages/airflow/example_dags/tutorial_etl_dag.py
[2022-11-26 01:50:36,211] {processor.py:623} INFO - DAG(s) dict_keys(['tutorial_etl_dag']) retrieved from /home/airflow/.local/lib/python3.6/site-packages/airflow/example_dags/tutorial_etl_dag.py
[2022-11-26 01:50:36,249] {logging_mixin.py:109} INFO - [2022-11-26 01:50:36,249] {dag.py:1833} INFO - Sync 1 DAGs
[2022-11-26 01:50:36,281] {logging_mixin.py:109} INFO - [2022-11-26 01:50:36,281] {dag.py:2306} INFO - Setting next_dagrun for tutorial_etl_dag to None
[2022-11-26 01:50:36,298] {processor.py:170} INFO - Processing /home/airflow/.local/lib/python3.6/site-packages/airflow/example_dags/tutorial_etl_dag.py took 0.131 seconds
[2022-11-26 01:51:06,730] {processor.py:162} INFO - Started process (PID=2696) to work on /home/airflow/.local/lib/python3.6/site-packages/airflow/example_dags/tutorial_etl_dag.py
[2022-11-26 01:51:06,733] {processor.py:613} INFO - Processing file /home/airflow/.local/lib/python3.6/site-packages/airflow/example_dags/tutorial_etl_dag.py for tasks to queue
[2022-11-26 01:51:06,735] {logging_mixin.py:109} INFO - [2022-11-26 01:51:06,734] {dagbag.py:496} INFO - Filling up the DagBag from /home/airflow/.local/lib/python3.6/site-packages/airflow/example_dags/tutorial_etl_dag.py
[2022-11-26 01:51:06,766] {processor.py:623} INFO - DAG(s) dict_keys(['tutorial_etl_dag']) retrieved from /home/airflow/.local/lib/python3.6/site-packages/airflow/example_dags/tutorial_etl_dag.py
[2022-11-26 01:51:06,812] {logging_mixin.py:109} INFO - [2022-11-26 01:51:06,812] {dag.py:1833} INFO - Sync 1 DAGs
[2022-11-26 01:51:06,845] {logging_mixin.py:109} INFO - [2022-11-26 01:51:06,845] {dag.py:2306} INFO - Setting next_dagrun for tutorial_etl_dag to None
[2022-11-26 01:51:06,864] {processor.py:170} INFO - Processing /home/airflow/.local/lib/python3.6/site-packages/airflow/example_dags/tutorial_etl_dag.py took 0.138 seconds
[2022-11-26 01:51:37,274] {processor.py:162} INFO - Started process (PID=2785) to work on /home/airflow/.local/lib/python3.6/site-packages/airflow/example_dags/tutorial_etl_dag.py
[2022-11-26 01:51:37,278] {processor.py:613} INFO - Processing file /home/airflow/.local/lib/python3.6/site-packages/airflow/example_dags/tutorial_etl_dag.py for tasks to queue
[2022-11-26 01:51:37,280] {logging_mixin.py:109} INFO - [2022-11-26 01:51:37,279] {dagbag.py:496} INFO - Filling up the DagBag from /home/airflow/.local/lib/python3.6/site-packages/airflow/example_dags/tutorial_etl_dag.py
[2022-11-26 01:51:37,309] {processor.py:623} INFO - DAG(s) dict_keys(['tutorial_etl_dag']) retrieved from /home/airflow/.local/lib/python3.6/site-packages/airflow/example_dags/tutorial_etl_dag.py
[2022-11-26 01:51:37,390] {logging_mixin.py:109} INFO - [2022-11-26 01:51:37,390] {dag.py:1833} INFO - Sync 1 DAGs
[2022-11-26 01:51:37,445] {logging_mixin.py:109} INFO - [2022-11-26 01:51:37,445] {dag.py:2306} INFO - Setting next_dagrun for tutorial_etl_dag to None
[2022-11-26 01:51:37,474] {processor.py:170} INFO - Processing /home/airflow/.local/lib/python3.6/site-packages/airflow/example_dags/tutorial_etl_dag.py took 0.208 seconds
[2022-11-26 01:52:07,559] {processor.py:162} INFO - Started process (PID=2875) to work on /home/airflow/.local/lib/python3.6/site-packages/airflow/example_dags/tutorial_etl_dag.py
[2022-11-26 01:52:07,563] {processor.py:613} INFO - Processing file /home/airflow/.local/lib/python3.6/site-packages/airflow/example_dags/tutorial_etl_dag.py for tasks to queue
[2022-11-26 01:52:07,566] {logging_mixin.py:109} INFO - [2022-11-26 01:52:07,566] {dagbag.py:496} INFO - Filling up the DagBag from /home/airflow/.local/lib/python3.6/site-packages/airflow/example_dags/tutorial_etl_dag.py
[2022-11-26 01:52:07,614] {processor.py:623} INFO - DAG(s) dict_keys(['tutorial_etl_dag']) retrieved from /home/airflow/.local/lib/python3.6/site-packages/airflow/example_dags/tutorial_etl_dag.py
[2022-11-26 01:52:07,684] {logging_mixin.py:109} INFO - [2022-11-26 01:52:07,684] {dag.py:1833} INFO - Sync 1 DAGs
[2022-11-26 01:52:07,728] {logging_mixin.py:109} INFO - [2022-11-26 01:52:07,728] {dag.py:2306} INFO - Setting next_dagrun for tutorial_etl_dag to None
[2022-11-26 01:52:07,759] {processor.py:170} INFO - Processing /home/airflow/.local/lib/python3.6/site-packages/airflow/example_dags/tutorial_etl_dag.py took 0.209 seconds
[2022-11-26 01:52:38,278] {processor.py:162} INFO - Started process (PID=2975) to work on /home/airflow/.local/lib/python3.6/site-packages/airflow/example_dags/tutorial_etl_dag.py
[2022-11-26 01:52:38,281] {processor.py:613} INFO - Processing file /home/airflow/.local/lib/python3.6/site-packages/airflow/example_dags/tutorial_etl_dag.py for tasks to queue
[2022-11-26 01:52:38,282] {logging_mixin.py:109} INFO - [2022-11-26 01:52:38,282] {dagbag.py:496} INFO - Filling up the DagBag from /home/airflow/.local/lib/python3.6/site-packages/airflow/example_dags/tutorial_etl_dag.py
[2022-11-26 01:52:38,309] {processor.py:623} INFO - DAG(s) dict_keys(['tutorial_etl_dag']) retrieved from /home/airflow/.local/lib/python3.6/site-packages/airflow/example_dags/tutorial_etl_dag.py
[2022-11-26 01:52:38,347] {logging_mixin.py:109} INFO - [2022-11-26 01:52:38,347] {dag.py:1833} INFO - Sync 1 DAGs
[2022-11-26 01:52:38,381] {logging_mixin.py:109} INFO - [2022-11-26 01:52:38,381] {dag.py:2306} INFO - Setting next_dagrun for tutorial_etl_dag to None
[2022-11-26 01:52:38,398] {processor.py:170} INFO - Processing /home/airflow/.local/lib/python3.6/site-packages/airflow/example_dags/tutorial_etl_dag.py took 0.125 seconds
[2022-11-26 01:53:08,466] {processor.py:162} INFO - Started process (PID=3074) to work on /home/airflow/.local/lib/python3.6/site-packages/airflow/example_dags/tutorial_etl_dag.py
[2022-11-26 01:53:08,470] {processor.py:613} INFO - Processing file /home/airflow/.local/lib/python3.6/site-packages/airflow/example_dags/tutorial_etl_dag.py for tasks to queue
[2022-11-26 01:53:08,474] {logging_mixin.py:109} INFO - [2022-11-26 01:53:08,474] {dagbag.py:496} INFO - Filling up the DagBag from /home/airflow/.local/lib/python3.6/site-packages/airflow/example_dags/tutorial_etl_dag.py
[2022-11-26 01:53:08,512] {processor.py:623} INFO - DAG(s) dict_keys(['tutorial_etl_dag']) retrieved from /home/airflow/.local/lib/python3.6/site-packages/airflow/example_dags/tutorial_etl_dag.py
[2022-11-26 01:53:08,580] {logging_mixin.py:109} INFO - [2022-11-26 01:53:08,580] {dag.py:1833} INFO - Sync 1 DAGs
[2022-11-26 01:53:08,614] {logging_mixin.py:109} INFO - [2022-11-26 01:53:08,614] {dag.py:2306} INFO - Setting next_dagrun for tutorial_etl_dag to None
[2022-11-26 01:53:08,631] {processor.py:170} INFO - Processing /home/airflow/.local/lib/python3.6/site-packages/airflow/example_dags/tutorial_etl_dag.py took 0.171 seconds
[2022-11-26 01:53:39,264] {processor.py:162} INFO - Started process (PID=3172) to work on /home/airflow/.local/lib/python3.6/site-packages/airflow/example_dags/tutorial_etl_dag.py
[2022-11-26 01:53:39,267] {processor.py:613} INFO - Processing file /home/airflow/.local/lib/python3.6/site-packages/airflow/example_dags/tutorial_etl_dag.py for tasks to queue
[2022-11-26 01:53:39,268] {logging_mixin.py:109} INFO - [2022-11-26 01:53:39,268] {dagbag.py:496} INFO - Filling up the DagBag from /home/airflow/.local/lib/python3.6/site-packages/airflow/example_dags/tutorial_etl_dag.py
[2022-11-26 01:53:39,296] {processor.py:623} INFO - DAG(s) dict_keys(['tutorial_etl_dag']) retrieved from /home/airflow/.local/lib/python3.6/site-packages/airflow/example_dags/tutorial_etl_dag.py
[2022-11-26 01:53:39,336] {logging_mixin.py:109} INFO - [2022-11-26 01:53:39,336] {dag.py:1833} INFO - Sync 1 DAGs
[2022-11-26 01:53:39,371] {logging_mixin.py:109} INFO - [2022-11-26 01:53:39,370] {dag.py:2306} INFO - Setting next_dagrun for tutorial_etl_dag to None
[2022-11-26 01:53:39,390] {processor.py:170} INFO - Processing /home/airflow/.local/lib/python3.6/site-packages/airflow/example_dags/tutorial_etl_dag.py took 0.131 seconds
[2022-11-26 01:54:09,942] {processor.py:162} INFO - Started process (PID=3256) to work on /home/airflow/.local/lib/python3.6/site-packages/airflow/example_dags/tutorial_etl_dag.py
[2022-11-26 01:54:09,945] {processor.py:613} INFO - Processing file /home/airflow/.local/lib/python3.6/site-packages/airflow/example_dags/tutorial_etl_dag.py for tasks to queue
[2022-11-26 01:54:09,947] {logging_mixin.py:109} INFO - [2022-11-26 01:54:09,946] {dagbag.py:496} INFO - Filling up the DagBag from /home/airflow/.local/lib/python3.6/site-packages/airflow/example_dags/tutorial_etl_dag.py
[2022-11-26 01:54:09,975] {processor.py:623} INFO - DAG(s) dict_keys(['tutorial_etl_dag']) retrieved from /home/airflow/.local/lib/python3.6/site-packages/airflow/example_dags/tutorial_etl_dag.py
[2022-11-26 01:54:10,013] {logging_mixin.py:109} INFO - [2022-11-26 01:54:10,012] {dag.py:1833} INFO - Sync 1 DAGs
[2022-11-26 01:54:10,045] {logging_mixin.py:109} INFO - [2022-11-26 01:54:10,044] {dag.py:2306} INFO - Setting next_dagrun for tutorial_etl_dag to None
[2022-11-26 01:54:10,062] {processor.py:170} INFO - Processing /home/airflow/.local/lib/python3.6/site-packages/airflow/example_dags/tutorial_etl_dag.py took 0.127 seconds
[2022-11-26 01:54:40,462] {processor.py:162} INFO - Started process (PID=3355) to work on /home/airflow/.local/lib/python3.6/site-packages/airflow/example_dags/tutorial_etl_dag.py
[2022-11-26 01:54:40,465] {processor.py:613} INFO - Processing file /home/airflow/.local/lib/python3.6/site-packages/airflow/example_dags/tutorial_etl_dag.py for tasks to queue
[2022-11-26 01:54:40,467] {logging_mixin.py:109} INFO - [2022-11-26 01:54:40,466] {dagbag.py:496} INFO - Filling up the DagBag from /home/airflow/.local/lib/python3.6/site-packages/airflow/example_dags/tutorial_etl_dag.py
[2022-11-26 01:54:40,496] {processor.py:623} INFO - DAG(s) dict_keys(['tutorial_etl_dag']) retrieved from /home/airflow/.local/lib/python3.6/site-packages/airflow/example_dags/tutorial_etl_dag.py
[2022-11-26 01:54:40,539] {logging_mixin.py:109} INFO - [2022-11-26 01:54:40,538] {dag.py:1833} INFO - Sync 1 DAGs
[2022-11-26 01:54:40,574] {logging_mixin.py:109} INFO - [2022-11-26 01:54:40,574] {dag.py:2306} INFO - Setting next_dagrun for tutorial_etl_dag to None
[2022-11-26 01:54:40,594] {processor.py:170} INFO - Processing /home/airflow/.local/lib/python3.6/site-packages/airflow/example_dags/tutorial_etl_dag.py took 0.137 seconds
[2022-11-26 01:55:11,084] {processor.py:162} INFO - Started process (PID=3454) to work on /home/airflow/.local/lib/python3.6/site-packages/airflow/example_dags/tutorial_etl_dag.py
[2022-11-26 01:55:11,086] {processor.py:613} INFO - Processing file /home/airflow/.local/lib/python3.6/site-packages/airflow/example_dags/tutorial_etl_dag.py for tasks to queue
[2022-11-26 01:55:11,088] {logging_mixin.py:109} INFO - [2022-11-26 01:55:11,087] {dagbag.py:496} INFO - Filling up the DagBag from /home/airflow/.local/lib/python3.6/site-packages/airflow/example_dags/tutorial_etl_dag.py
[2022-11-26 01:55:11,115] {processor.py:623} INFO - DAG(s) dict_keys(['tutorial_etl_dag']) retrieved from /home/airflow/.local/lib/python3.6/site-packages/airflow/example_dags/tutorial_etl_dag.py
[2022-11-26 01:55:11,159] {logging_mixin.py:109} INFO - [2022-11-26 01:55:11,158] {dag.py:1833} INFO - Sync 1 DAGs
[2022-11-26 01:55:11,196] {logging_mixin.py:109} INFO - [2022-11-26 01:55:11,196] {dag.py:2306} INFO - Setting next_dagrun for tutorial_etl_dag to None
[2022-11-26 01:55:11,230] {processor.py:170} INFO - Processing /home/airflow/.local/lib/python3.6/site-packages/airflow/example_dags/tutorial_etl_dag.py took 0.151 seconds
[2022-11-26 01:55:41,848] {processor.py:162} INFO - Started process (PID=3554) to work on /home/airflow/.local/lib/python3.6/site-packages/airflow/example_dags/tutorial_etl_dag.py
[2022-11-26 01:55:41,852] {processor.py:613} INFO - Processing file /home/airflow/.local/lib/python3.6/site-packages/airflow/example_dags/tutorial_etl_dag.py for tasks to queue
[2022-11-26 01:55:41,854] {logging_mixin.py:109} INFO - [2022-11-26 01:55:41,854] {dagbag.py:496} INFO - Filling up the DagBag from /home/airflow/.local/lib/python3.6/site-packages/airflow/example_dags/tutorial_etl_dag.py
[2022-11-26 01:55:41,892] {processor.py:623} INFO - DAG(s) dict_keys(['tutorial_etl_dag']) retrieved from /home/airflow/.local/lib/python3.6/site-packages/airflow/example_dags/tutorial_etl_dag.py
[2022-11-26 01:55:41,942] {logging_mixin.py:109} INFO - [2022-11-26 01:55:41,942] {dag.py:1833} INFO - Sync 1 DAGs
[2022-11-26 01:55:41,982] {logging_mixin.py:109} INFO - [2022-11-26 01:55:41,981] {dag.py:2306} INFO - Setting next_dagrun for tutorial_etl_dag to None
[2022-11-26 01:55:42,003] {processor.py:170} INFO - Processing /home/airflow/.local/lib/python3.6/site-packages/airflow/example_dags/tutorial_etl_dag.py took 0.162 seconds
[2022-11-26 01:56:12,356] {processor.py:162} INFO - Started process (PID=3651) to work on /home/airflow/.local/lib/python3.6/site-packages/airflow/example_dags/tutorial_etl_dag.py
[2022-11-26 01:56:12,359] {processor.py:613} INFO - Processing file /home/airflow/.local/lib/python3.6/site-packages/airflow/example_dags/tutorial_etl_dag.py for tasks to queue
[2022-11-26 01:56:12,361] {logging_mixin.py:109} INFO - [2022-11-26 01:56:12,361] {dagbag.py:496} INFO - Filling up the DagBag from /home/airflow/.local/lib/python3.6/site-packages/airflow/example_dags/tutorial_etl_dag.py
[2022-11-26 01:56:12,390] {processor.py:623} INFO - DAG(s) dict_keys(['tutorial_etl_dag']) retrieved from /home/airflow/.local/lib/python3.6/site-packages/airflow/example_dags/tutorial_etl_dag.py
[2022-11-26 01:56:12,436] {logging_mixin.py:109} INFO - [2022-11-26 01:56:12,436] {dag.py:1833} INFO - Sync 1 DAGs
[2022-11-26 01:56:12,472] {logging_mixin.py:109} INFO - [2022-11-26 01:56:12,472] {dag.py:2306} INFO - Setting next_dagrun for tutorial_etl_dag to None
[2022-11-26 01:56:12,492] {processor.py:170} INFO - Processing /home/airflow/.local/lib/python3.6/site-packages/airflow/example_dags/tutorial_etl_dag.py took 0.141 seconds
[2022-11-26 01:56:43,745] {processor.py:162} INFO - Started process (PID=3735) to work on /home/airflow/.local/lib/python3.6/site-packages/airflow/example_dags/tutorial_etl_dag.py
[2022-11-26 01:56:43,755] {processor.py:613} INFO - Processing file /home/airflow/.local/lib/python3.6/site-packages/airflow/example_dags/tutorial_etl_dag.py for tasks to queue
[2022-11-26 01:56:43,762] {logging_mixin.py:109} INFO - [2022-11-26 01:56:43,762] {dagbag.py:496} INFO - Filling up the DagBag from /home/airflow/.local/lib/python3.6/site-packages/airflow/example_dags/tutorial_etl_dag.py
[2022-11-26 01:56:43,879] {processor.py:623} INFO - DAG(s) dict_keys(['tutorial_etl_dag']) retrieved from /home/airflow/.local/lib/python3.6/site-packages/airflow/example_dags/tutorial_etl_dag.py
[2022-11-26 01:56:44,014] {logging_mixin.py:109} INFO - [2022-11-26 01:56:44,014] {dag.py:1833} INFO - Sync 1 DAGs
[2022-11-26 01:56:44,125] {logging_mixin.py:109} INFO - [2022-11-26 01:56:44,124] {dag.py:2306} INFO - Setting next_dagrun for tutorial_etl_dag to None
[2022-11-26 01:56:44,177] {processor.py:170} INFO - Processing /home/airflow/.local/lib/python3.6/site-packages/airflow/example_dags/tutorial_etl_dag.py took 0.446 seconds
[2022-11-26 01:57:24,996] {processor.py:162} INFO - Started process (PID=3822) to work on /home/airflow/.local/lib/python3.6/site-packages/airflow/example_dags/tutorial_etl_dag.py
[2022-11-26 01:57:25,047] {processor.py:613} INFO - Processing file /home/airflow/.local/lib/python3.6/site-packages/airflow/example_dags/tutorial_etl_dag.py for tasks to queue
[2022-11-26 01:57:25,101] {logging_mixin.py:109} INFO - [2022-11-26 01:57:25,093] {dagbag.py:496} INFO - Filling up the DagBag from /home/airflow/.local/lib/python3.6/site-packages/airflow/example_dags/tutorial_etl_dag.py
[2022-11-26 01:57:26,873] {processor.py:623} INFO - DAG(s) dict_keys(['tutorial_etl_dag']) retrieved from /home/airflow/.local/lib/python3.6/site-packages/airflow/example_dags/tutorial_etl_dag.py
[2022-11-26 01:57:27,916] {logging_mixin.py:109} INFO - [2022-11-26 01:57:27,914] {dag.py:1833} INFO - Sync 1 DAGs
[2022-11-26 01:57:28,436] {logging_mixin.py:109} INFO - [2022-11-26 01:57:28,414] {dag.py:2306} INFO - Setting next_dagrun for tutorial_etl_dag to None
[2022-11-26 01:57:28,991] {processor.py:170} INFO - Processing /home/airflow/.local/lib/python3.6/site-packages/airflow/example_dags/tutorial_etl_dag.py took 4.226 seconds
[2022-11-26 01:58:26,615] {processor.py:162} INFO - Started process (PID=3944) to work on /home/airflow/.local/lib/python3.6/site-packages/airflow/example_dags/tutorial_etl_dag.py
[2022-11-26 01:58:26,648] {processor.py:613} INFO - Processing file /home/airflow/.local/lib/python3.6/site-packages/airflow/example_dags/tutorial_etl_dag.py for tasks to queue
[2022-11-26 01:58:26,664] {logging_mixin.py:109} INFO - [2022-11-26 01:58:26,664] {dagbag.py:496} INFO - Filling up the DagBag from /home/airflow/.local/lib/python3.6/site-packages/airflow/example_dags/tutorial_etl_dag.py
[2022-11-26 01:58:27,007] {processor.py:623} INFO - DAG(s) dict_keys(['tutorial_etl_dag']) retrieved from /home/airflow/.local/lib/python3.6/site-packages/airflow/example_dags/tutorial_etl_dag.py
[2022-11-26 01:58:27,409] {logging_mixin.py:109} INFO - [2022-11-26 01:58:27,409] {dag.py:1833} INFO - Sync 1 DAGs
[2022-11-26 01:58:27,712] {logging_mixin.py:109} INFO - [2022-11-26 01:58:27,712] {dag.py:2306} INFO - Setting next_dagrun for tutorial_etl_dag to None
[2022-11-26 01:58:27,926] {processor.py:170} INFO - Processing /home/airflow/.local/lib/python3.6/site-packages/airflow/example_dags/tutorial_etl_dag.py took 1.356 seconds
[2022-11-26 01:58:58,199] {processor.py:162} INFO - Started process (PID=4047) to work on /home/airflow/.local/lib/python3.6/site-packages/airflow/example_dags/tutorial_etl_dag.py
[2022-11-26 01:58:58,211] {processor.py:613} INFO - Processing file /home/airflow/.local/lib/python3.6/site-packages/airflow/example_dags/tutorial_etl_dag.py for tasks to queue
[2022-11-26 01:58:58,223] {logging_mixin.py:109} INFO - [2022-11-26 01:58:58,222] {dagbag.py:496} INFO - Filling up the DagBag from /home/airflow/.local/lib/python3.6/site-packages/airflow/example_dags/tutorial_etl_dag.py
[2022-11-26 01:58:58,384] {processor.py:623} INFO - DAG(s) dict_keys(['tutorial_etl_dag']) retrieved from /home/airflow/.local/lib/python3.6/site-packages/airflow/example_dags/tutorial_etl_dag.py
[2022-11-26 01:58:58,520] {logging_mixin.py:109} INFO - [2022-11-26 01:58:58,519] {dag.py:1833} INFO - Sync 1 DAGs
[2022-11-26 01:58:58,722] {logging_mixin.py:109} INFO - [2022-11-26 01:58:58,722] {dag.py:2306} INFO - Setting next_dagrun for tutorial_etl_dag to None
[2022-11-26 01:58:58,756] {processor.py:170} INFO - Processing /home/airflow/.local/lib/python3.6/site-packages/airflow/example_dags/tutorial_etl_dag.py took 0.576 seconds
[2022-11-26 01:59:29,404] {processor.py:162} INFO - Started process (PID=4146) to work on /home/airflow/.local/lib/python3.6/site-packages/airflow/example_dags/tutorial_etl_dag.py
[2022-11-26 01:59:29,407] {processor.py:613} INFO - Processing file /home/airflow/.local/lib/python3.6/site-packages/airflow/example_dags/tutorial_etl_dag.py for tasks to queue
[2022-11-26 01:59:29,409] {logging_mixin.py:109} INFO - [2022-11-26 01:59:29,409] {dagbag.py:496} INFO - Filling up the DagBag from /home/airflow/.local/lib/python3.6/site-packages/airflow/example_dags/tutorial_etl_dag.py
[2022-11-26 01:59:29,445] {processor.py:623} INFO - DAG(s) dict_keys(['tutorial_etl_dag']) retrieved from /home/airflow/.local/lib/python3.6/site-packages/airflow/example_dags/tutorial_etl_dag.py
[2022-11-26 01:59:29,495] {logging_mixin.py:109} INFO - [2022-11-26 01:59:29,494] {dag.py:1833} INFO - Sync 1 DAGs
[2022-11-26 01:59:29,536] {logging_mixin.py:109} INFO - [2022-11-26 01:59:29,536] {dag.py:2306} INFO - Setting next_dagrun for tutorial_etl_dag to None
[2022-11-26 01:59:29,559] {processor.py:170} INFO - Processing /home/airflow/.local/lib/python3.6/site-packages/airflow/example_dags/tutorial_etl_dag.py took 0.161 seconds
[2022-11-26 01:59:59,831] {processor.py:162} INFO - Started process (PID=4231) to work on /home/airflow/.local/lib/python3.6/site-packages/airflow/example_dags/tutorial_etl_dag.py
[2022-11-26 01:59:59,833] {processor.py:613} INFO - Processing file /home/airflow/.local/lib/python3.6/site-packages/airflow/example_dags/tutorial_etl_dag.py for tasks to queue
[2022-11-26 01:59:59,835] {logging_mixin.py:109} INFO - [2022-11-26 01:59:59,835] {dagbag.py:496} INFO - Filling up the DagBag from /home/airflow/.local/lib/python3.6/site-packages/airflow/example_dags/tutorial_etl_dag.py
[2022-11-26 01:59:59,865] {processor.py:623} INFO - DAG(s) dict_keys(['tutorial_etl_dag']) retrieved from /home/airflow/.local/lib/python3.6/site-packages/airflow/example_dags/tutorial_etl_dag.py
[2022-11-26 01:59:59,910] {logging_mixin.py:109} INFO - [2022-11-26 01:59:59,909] {dag.py:1833} INFO - Sync 1 DAGs
[2022-11-26 01:59:59,948] {logging_mixin.py:109} INFO - [2022-11-26 01:59:59,947] {dag.py:2306} INFO - Setting next_dagrun for tutorial_etl_dag to None
[2022-11-26 01:59:59,970] {processor.py:170} INFO - Processing /home/airflow/.local/lib/python3.6/site-packages/airflow/example_dags/tutorial_etl_dag.py took 0.145 seconds
[2022-11-26 02:00:30,314] {processor.py:162} INFO - Started process (PID=4329) to work on /home/airflow/.local/lib/python3.6/site-packages/airflow/example_dags/tutorial_etl_dag.py
[2022-11-26 02:00:30,317] {processor.py:613} INFO - Processing file /home/airflow/.local/lib/python3.6/site-packages/airflow/example_dags/tutorial_etl_dag.py for tasks to queue
[2022-11-26 02:00:30,319] {logging_mixin.py:109} INFO - [2022-11-26 02:00:30,319] {dagbag.py:496} INFO - Filling up the DagBag from /home/airflow/.local/lib/python3.6/site-packages/airflow/example_dags/tutorial_etl_dag.py
[2022-11-26 02:00:30,355] {processor.py:623} INFO - DAG(s) dict_keys(['tutorial_etl_dag']) retrieved from /home/airflow/.local/lib/python3.6/site-packages/airflow/example_dags/tutorial_etl_dag.py
[2022-11-26 02:00:30,405] {logging_mixin.py:109} INFO - [2022-11-26 02:00:30,405] {dag.py:1833} INFO - Sync 1 DAGs
[2022-11-26 02:00:30,448] {logging_mixin.py:109} INFO - [2022-11-26 02:00:30,447] {dag.py:2306} INFO - Setting next_dagrun for tutorial_etl_dag to None
[2022-11-26 02:00:30,479] {processor.py:170} INFO - Processing /home/airflow/.local/lib/python3.6/site-packages/airflow/example_dags/tutorial_etl_dag.py took 0.171 seconds
[2022-11-26 02:01:00,595] {processor.py:162} INFO - Started process (PID=4426) to work on /home/airflow/.local/lib/python3.6/site-packages/airflow/example_dags/tutorial_etl_dag.py
[2022-11-26 02:01:00,598] {processor.py:613} INFO - Processing file /home/airflow/.local/lib/python3.6/site-packages/airflow/example_dags/tutorial_etl_dag.py for tasks to queue
[2022-11-26 02:01:00,601] {logging_mixin.py:109} INFO - [2022-11-26 02:01:00,601] {dagbag.py:496} INFO - Filling up the DagBag from /home/airflow/.local/lib/python3.6/site-packages/airflow/example_dags/tutorial_etl_dag.py
[2022-11-26 02:01:00,639] {processor.py:623} INFO - DAG(s) dict_keys(['tutorial_etl_dag']) retrieved from /home/airflow/.local/lib/python3.6/site-packages/airflow/example_dags/tutorial_etl_dag.py
[2022-11-26 02:01:00,687] {logging_mixin.py:109} INFO - [2022-11-26 02:01:00,686] {dag.py:1833} INFO - Sync 1 DAGs
[2022-11-26 02:01:00,729] {logging_mixin.py:109} INFO - [2022-11-26 02:01:00,729] {dag.py:2306} INFO - Setting next_dagrun for tutorial_etl_dag to None
[2022-11-26 02:01:00,753] {processor.py:170} INFO - Processing /home/airflow/.local/lib/python3.6/site-packages/airflow/example_dags/tutorial_etl_dag.py took 0.166 seconds
[2022-11-26 02:01:31,506] {processor.py:162} INFO - Started process (PID=4510) to work on /home/airflow/.local/lib/python3.6/site-packages/airflow/example_dags/tutorial_etl_dag.py
[2022-11-26 02:01:31,510] {processor.py:613} INFO - Processing file /home/airflow/.local/lib/python3.6/site-packages/airflow/example_dags/tutorial_etl_dag.py for tasks to queue
[2022-11-26 02:01:31,512] {logging_mixin.py:109} INFO - [2022-11-26 02:01:31,512] {dagbag.py:496} INFO - Filling up the DagBag from /home/airflow/.local/lib/python3.6/site-packages/airflow/example_dags/tutorial_etl_dag.py
[2022-11-26 02:01:31,540] {processor.py:623} INFO - DAG(s) dict_keys(['tutorial_etl_dag']) retrieved from /home/airflow/.local/lib/python3.6/site-packages/airflow/example_dags/tutorial_etl_dag.py
[2022-11-26 02:01:31,581] {logging_mixin.py:109} INFO - [2022-11-26 02:01:31,581] {dag.py:1833} INFO - Sync 1 DAGs
[2022-11-26 02:01:31,615] {logging_mixin.py:109} INFO - [2022-11-26 02:01:31,615] {dag.py:2306} INFO - Setting next_dagrun for tutorial_etl_dag to None
[2022-11-26 02:01:31,634] {processor.py:170} INFO - Processing /home/airflow/.local/lib/python3.6/site-packages/airflow/example_dags/tutorial_etl_dag.py took 0.133 seconds
[2022-11-26 02:02:01,910] {processor.py:162} INFO - Started process (PID=4609) to work on /home/airflow/.local/lib/python3.6/site-packages/airflow/example_dags/tutorial_etl_dag.py
[2022-11-26 02:02:01,913] {processor.py:613} INFO - Processing file /home/airflow/.local/lib/python3.6/site-packages/airflow/example_dags/tutorial_etl_dag.py for tasks to queue
[2022-11-26 02:02:01,915] {logging_mixin.py:109} INFO - [2022-11-26 02:02:01,915] {dagbag.py:496} INFO - Filling up the DagBag from /home/airflow/.local/lib/python3.6/site-packages/airflow/example_dags/tutorial_etl_dag.py
[2022-11-26 02:02:01,945] {processor.py:623} INFO - DAG(s) dict_keys(['tutorial_etl_dag']) retrieved from /home/airflow/.local/lib/python3.6/site-packages/airflow/example_dags/tutorial_etl_dag.py
[2022-11-26 02:02:01,988] {logging_mixin.py:109} INFO - [2022-11-26 02:02:01,988] {dag.py:1833} INFO - Sync 1 DAGs
[2022-11-26 02:02:02,025] {logging_mixin.py:109} INFO - [2022-11-26 02:02:02,024] {dag.py:2306} INFO - Setting next_dagrun for tutorial_etl_dag to None
[2022-11-26 02:02:02,045] {processor.py:170} INFO - Processing /home/airflow/.local/lib/python3.6/site-packages/airflow/example_dags/tutorial_etl_dag.py took 0.141 seconds
[2022-11-26 02:02:32,283] {processor.py:162} INFO - Started process (PID=4701) to work on /home/airflow/.local/lib/python3.6/site-packages/airflow/example_dags/tutorial_etl_dag.py
[2022-11-26 02:02:32,285] {processor.py:613} INFO - Processing file /home/airflow/.local/lib/python3.6/site-packages/airflow/example_dags/tutorial_etl_dag.py for tasks to queue
[2022-11-26 02:02:32,287] {logging_mixin.py:109} INFO - [2022-11-26 02:02:32,287] {dagbag.py:496} INFO - Filling up the DagBag from /home/airflow/.local/lib/python3.6/site-packages/airflow/example_dags/tutorial_etl_dag.py
[2022-11-26 02:02:32,318] {processor.py:623} INFO - DAG(s) dict_keys(['tutorial_etl_dag']) retrieved from /home/airflow/.local/lib/python3.6/site-packages/airflow/example_dags/tutorial_etl_dag.py
[2022-11-26 02:02:32,362] {logging_mixin.py:109} INFO - [2022-11-26 02:02:32,361] {dag.py:1833} INFO - Sync 1 DAGs
[2022-11-26 02:02:32,400] {logging_mixin.py:109} INFO - [2022-11-26 02:02:32,400] {dag.py:2306} INFO - Setting next_dagrun for tutorial_etl_dag to None
[2022-11-26 02:02:32,420] {processor.py:170} INFO - Processing /home/airflow/.local/lib/python3.6/site-packages/airflow/example_dags/tutorial_etl_dag.py took 0.142 seconds
[2022-11-26 02:03:02,581] {processor.py:162} INFO - Started process (PID=4791) to work on /home/airflow/.local/lib/python3.6/site-packages/airflow/example_dags/tutorial_etl_dag.py
[2022-11-26 02:03:02,585] {processor.py:613} INFO - Processing file /home/airflow/.local/lib/python3.6/site-packages/airflow/example_dags/tutorial_etl_dag.py for tasks to queue
[2022-11-26 02:03:02,587] {logging_mixin.py:109} INFO - [2022-11-26 02:03:02,587] {dagbag.py:496} INFO - Filling up the DagBag from /home/airflow/.local/lib/python3.6/site-packages/airflow/example_dags/tutorial_etl_dag.py
[2022-11-26 02:03:02,621] {processor.py:623} INFO - DAG(s) dict_keys(['tutorial_etl_dag']) retrieved from /home/airflow/.local/lib/python3.6/site-packages/airflow/example_dags/tutorial_etl_dag.py
[2022-11-26 02:03:02,659] {logging_mixin.py:109} INFO - [2022-11-26 02:03:02,659] {dag.py:1833} INFO - Sync 1 DAGs
[2022-11-26 02:03:02,691] {logging_mixin.py:109} INFO - [2022-11-26 02:03:02,691] {dag.py:2306} INFO - Setting next_dagrun for tutorial_etl_dag to None
[2022-11-26 02:03:02,710] {processor.py:170} INFO - Processing /home/airflow/.local/lib/python3.6/site-packages/airflow/example_dags/tutorial_etl_dag.py took 0.137 seconds
[2022-11-26 02:03:32,745] {processor.py:162} INFO - Started process (PID=4891) to work on /home/airflow/.local/lib/python3.6/site-packages/airflow/example_dags/tutorial_etl_dag.py
[2022-11-26 02:03:32,749] {processor.py:613} INFO - Processing file /home/airflow/.local/lib/python3.6/site-packages/airflow/example_dags/tutorial_etl_dag.py for tasks to queue
[2022-11-26 02:03:32,750] {logging_mixin.py:109} INFO - [2022-11-26 02:03:32,750] {dagbag.py:496} INFO - Filling up the DagBag from /home/airflow/.local/lib/python3.6/site-packages/airflow/example_dags/tutorial_etl_dag.py
[2022-11-26 02:03:32,778] {processor.py:623} INFO - DAG(s) dict_keys(['tutorial_etl_dag']) retrieved from /home/airflow/.local/lib/python3.6/site-packages/airflow/example_dags/tutorial_etl_dag.py
[2022-11-26 02:03:32,817] {logging_mixin.py:109} INFO - [2022-11-26 02:03:32,817] {dag.py:1833} INFO - Sync 1 DAGs
[2022-11-26 02:03:32,850] {logging_mixin.py:109} INFO - [2022-11-26 02:03:32,849] {dag.py:2306} INFO - Setting next_dagrun for tutorial_etl_dag to None
[2022-11-26 02:03:32,867] {processor.py:170} INFO - Processing /home/airflow/.local/lib/python3.6/site-packages/airflow/example_dags/tutorial_etl_dag.py took 0.127 seconds
[2022-11-26 02:04:03,239] {processor.py:162} INFO - Started process (PID=4991) to work on /home/airflow/.local/lib/python3.6/site-packages/airflow/example_dags/tutorial_etl_dag.py
[2022-11-26 02:04:03,243] {processor.py:613} INFO - Processing file /home/airflow/.local/lib/python3.6/site-packages/airflow/example_dags/tutorial_etl_dag.py for tasks to queue
[2022-11-26 02:04:03,245] {logging_mixin.py:109} INFO - [2022-11-26 02:04:03,245] {dagbag.py:496} INFO - Filling up the DagBag from /home/airflow/.local/lib/python3.6/site-packages/airflow/example_dags/tutorial_etl_dag.py
[2022-11-26 02:04:03,279] {processor.py:623} INFO - DAG(s) dict_keys(['tutorial_etl_dag']) retrieved from /home/airflow/.local/lib/python3.6/site-packages/airflow/example_dags/tutorial_etl_dag.py
[2022-11-26 02:04:03,319] {logging_mixin.py:109} INFO - [2022-11-26 02:04:03,319] {dag.py:1833} INFO - Sync 1 DAGs
[2022-11-26 02:04:03,352] {logging_mixin.py:109} INFO - [2022-11-26 02:04:03,352] {dag.py:2306} INFO - Setting next_dagrun for tutorial_etl_dag to None
[2022-11-26 02:04:03,371] {processor.py:170} INFO - Processing /home/airflow/.local/lib/python3.6/site-packages/airflow/example_dags/tutorial_etl_dag.py took 0.140 seconds
[2022-11-26 02:04:33,810] {processor.py:162} INFO - Started process (PID=5090) to work on /home/airflow/.local/lib/python3.6/site-packages/airflow/example_dags/tutorial_etl_dag.py
[2022-11-26 02:04:33,814] {processor.py:613} INFO - Processing file /home/airflow/.local/lib/python3.6/site-packages/airflow/example_dags/tutorial_etl_dag.py for tasks to queue
[2022-11-26 02:04:33,816] {logging_mixin.py:109} INFO - [2022-11-26 02:04:33,815] {dagbag.py:496} INFO - Filling up the DagBag from /home/airflow/.local/lib/python3.6/site-packages/airflow/example_dags/tutorial_etl_dag.py
[2022-11-26 02:04:33,849] {processor.py:623} INFO - DAG(s) dict_keys(['tutorial_etl_dag']) retrieved from /home/airflow/.local/lib/python3.6/site-packages/airflow/example_dags/tutorial_etl_dag.py
[2022-11-26 02:04:33,900] {logging_mixin.py:109} INFO - [2022-11-26 02:04:33,899] {dag.py:1833} INFO - Sync 1 DAGs
[2022-11-26 02:04:33,941] {logging_mixin.py:109} INFO - [2022-11-26 02:04:33,941] {dag.py:2306} INFO - Setting next_dagrun for tutorial_etl_dag to None
[2022-11-26 02:04:33,966] {processor.py:170} INFO - Processing /home/airflow/.local/lib/python3.6/site-packages/airflow/example_dags/tutorial_etl_dag.py took 0.163 seconds
[2022-11-26 02:05:04,171] {processor.py:162} INFO - Started process (PID=5171) to work on /home/airflow/.local/lib/python3.6/site-packages/airflow/example_dags/tutorial_etl_dag.py
[2022-11-26 02:05:04,175] {processor.py:613} INFO - Processing file /home/airflow/.local/lib/python3.6/site-packages/airflow/example_dags/tutorial_etl_dag.py for tasks to queue
[2022-11-26 02:05:04,176] {logging_mixin.py:109} INFO - [2022-11-26 02:05:04,176] {dagbag.py:496} INFO - Filling up the DagBag from /home/airflow/.local/lib/python3.6/site-packages/airflow/example_dags/tutorial_etl_dag.py
[2022-11-26 02:05:04,205] {processor.py:623} INFO - DAG(s) dict_keys(['tutorial_etl_dag']) retrieved from /home/airflow/.local/lib/python3.6/site-packages/airflow/example_dags/tutorial_etl_dag.py
[2022-11-26 02:05:04,246] {logging_mixin.py:109} INFO - [2022-11-26 02:05:04,245] {dag.py:1833} INFO - Sync 1 DAGs
[2022-11-26 02:05:04,281] {logging_mixin.py:109} INFO - [2022-11-26 02:05:04,280] {dag.py:2306} INFO - Setting next_dagrun for tutorial_etl_dag to None
[2022-11-26 02:05:04,299] {processor.py:170} INFO - Processing /home/airflow/.local/lib/python3.6/site-packages/airflow/example_dags/tutorial_etl_dag.py took 0.133 seconds
[2022-11-26 02:05:34,794] {processor.py:162} INFO - Started process (PID=5272) to work on /home/airflow/.local/lib/python3.6/site-packages/airflow/example_dags/tutorial_etl_dag.py
[2022-11-26 02:05:34,797] {processor.py:613} INFO - Processing file /home/airflow/.local/lib/python3.6/site-packages/airflow/example_dags/tutorial_etl_dag.py for tasks to queue
[2022-11-26 02:05:34,799] {logging_mixin.py:109} INFO - [2022-11-26 02:05:34,799] {dagbag.py:496} INFO - Filling up the DagBag from /home/airflow/.local/lib/python3.6/site-packages/airflow/example_dags/tutorial_etl_dag.py
[2022-11-26 02:05:34,827] {processor.py:623} INFO - DAG(s) dict_keys(['tutorial_etl_dag']) retrieved from /home/airflow/.local/lib/python3.6/site-packages/airflow/example_dags/tutorial_etl_dag.py
[2022-11-26 02:05:34,865] {logging_mixin.py:109} INFO - [2022-11-26 02:05:34,865] {dag.py:1833} INFO - Sync 1 DAGs
[2022-11-26 02:05:34,897] {logging_mixin.py:109} INFO - [2022-11-26 02:05:34,897] {dag.py:2306} INFO - Setting next_dagrun for tutorial_etl_dag to None
[2022-11-26 02:05:34,915] {processor.py:170} INFO - Processing /home/airflow/.local/lib/python3.6/site-packages/airflow/example_dags/tutorial_etl_dag.py took 0.127 seconds
[2022-11-26 02:06:05,077] {processor.py:162} INFO - Started process (PID=5370) to work on /home/airflow/.local/lib/python3.6/site-packages/airflow/example_dags/tutorial_etl_dag.py
[2022-11-26 02:06:05,084] {processor.py:613} INFO - Processing file /home/airflow/.local/lib/python3.6/site-packages/airflow/example_dags/tutorial_etl_dag.py for tasks to queue
[2022-11-26 02:06:05,087] {logging_mixin.py:109} INFO - [2022-11-26 02:06:05,086] {dagbag.py:496} INFO - Filling up the DagBag from /home/airflow/.local/lib/python3.6/site-packages/airflow/example_dags/tutorial_etl_dag.py
[2022-11-26 02:06:05,134] {processor.py:623} INFO - DAG(s) dict_keys(['tutorial_etl_dag']) retrieved from /home/airflow/.local/lib/python3.6/site-packages/airflow/example_dags/tutorial_etl_dag.py
[2022-11-26 02:06:05,244] {logging_mixin.py:109} INFO - [2022-11-26 02:06:05,243] {dag.py:1833} INFO - Sync 1 DAGs
[2022-11-26 02:06:05,293] {logging_mixin.py:109} INFO - [2022-11-26 02:06:05,293] {dag.py:2306} INFO - Setting next_dagrun for tutorial_etl_dag to None
[2022-11-26 02:06:05,319] {processor.py:170} INFO - Processing /home/airflow/.local/lib/python3.6/site-packages/airflow/example_dags/tutorial_etl_dag.py took 0.250 seconds
