[2022-11-25 16:19:08,734] {processor.py:162} INFO - Started process (PID=573) to work on /home/airflow/.local/lib/python3.6/site-packages/airflow/example_dags/subdags/subdag.py
[2022-11-25 16:19:08,742] {processor.py:613} INFO - Processing file /home/airflow/.local/lib/python3.6/site-packages/airflow/example_dags/subdags/subdag.py for tasks to queue
[2022-11-25 16:19:08,746] {logging_mixin.py:109} INFO - [2022-11-25 16:19:08,746] {dagbag.py:496} INFO - Filling up the DagBag from /home/airflow/.local/lib/python3.6/site-packages/airflow/example_dags/subdags/subdag.py
[2022-11-25 16:19:08,766] {processor.py:625} WARNING - No viable dags retrieved from /home/airflow/.local/lib/python3.6/site-packages/airflow/example_dags/subdags/subdag.py
[2022-11-25 16:19:08,814] {processor.py:170} INFO - Processing /home/airflow/.local/lib/python3.6/site-packages/airflow/example_dags/subdags/subdag.py took 0.097 seconds
[2022-11-25 16:19:39,053] {processor.py:162} INFO - Started process (PID=671) to work on /home/airflow/.local/lib/python3.6/site-packages/airflow/example_dags/subdags/subdag.py
[2022-11-25 16:19:39,056] {processor.py:613} INFO - Processing file /home/airflow/.local/lib/python3.6/site-packages/airflow/example_dags/subdags/subdag.py for tasks to queue
[2022-11-25 16:19:39,058] {logging_mixin.py:109} INFO - [2022-11-25 16:19:39,058] {dagbag.py:496} INFO - Filling up the DagBag from /home/airflow/.local/lib/python3.6/site-packages/airflow/example_dags/subdags/subdag.py
[2022-11-25 16:19:39,067] {processor.py:625} WARNING - No viable dags retrieved from /home/airflow/.local/lib/python3.6/site-packages/airflow/example_dags/subdags/subdag.py
[2022-11-25 16:19:39,095] {processor.py:170} INFO - Processing /home/airflow/.local/lib/python3.6/site-packages/airflow/example_dags/subdags/subdag.py took 0.048 seconds
[2022-11-25 16:20:09,230] {processor.py:162} INFO - Started process (PID=752) to work on /home/airflow/.local/lib/python3.6/site-packages/airflow/example_dags/subdags/subdag.py
[2022-11-25 16:20:09,233] {processor.py:613} INFO - Processing file /home/airflow/.local/lib/python3.6/site-packages/airflow/example_dags/subdags/subdag.py for tasks to queue
[2022-11-25 16:20:09,235] {logging_mixin.py:109} INFO - [2022-11-25 16:20:09,235] {dagbag.py:496} INFO - Filling up the DagBag from /home/airflow/.local/lib/python3.6/site-packages/airflow/example_dags/subdags/subdag.py
[2022-11-25 16:20:09,244] {processor.py:625} WARNING - No viable dags retrieved from /home/airflow/.local/lib/python3.6/site-packages/airflow/example_dags/subdags/subdag.py
[2022-11-25 16:20:09,262] {processor.py:170} INFO - Processing /home/airflow/.local/lib/python3.6/site-packages/airflow/example_dags/subdags/subdag.py took 0.041 seconds
[2022-11-25 16:20:39,394] {processor.py:162} INFO - Started process (PID=852) to work on /home/airflow/.local/lib/python3.6/site-packages/airflow/example_dags/subdags/subdag.py
[2022-11-25 16:20:39,398] {processor.py:613} INFO - Processing file /home/airflow/.local/lib/python3.6/site-packages/airflow/example_dags/subdags/subdag.py for tasks to queue
[2022-11-25 16:20:39,399] {logging_mixin.py:109} INFO - [2022-11-25 16:20:39,399] {dagbag.py:496} INFO - Filling up the DagBag from /home/airflow/.local/lib/python3.6/site-packages/airflow/example_dags/subdags/subdag.py
[2022-11-25 16:20:39,405] {processor.py:625} WARNING - No viable dags retrieved from /home/airflow/.local/lib/python3.6/site-packages/airflow/example_dags/subdags/subdag.py
[2022-11-25 16:20:39,424] {processor.py:170} INFO - Processing /home/airflow/.local/lib/python3.6/site-packages/airflow/example_dags/subdags/subdag.py took 0.035 seconds
